Log file open, 06/18/17 11:06:25
LogInit:Display: Running engine for game: UE4_Zero
LogPlatformFile: Not using cached read wrapper
LogInit:Display: RandInit(912856148) SRandInit(912856148).
LogTaskGraph: Started task graph with 5 named threads and 8 total threads with 1 sets of task threads.
LogStats: Stats thread started at 0.090298
LogInit:Warning: Incompatible or missing module: UE4Editor-UE4_Zero.dll
Running C:/Program Files/Epic Games/UE_4.15/Engine/Binaries/DotNET/UnrealBuildTool.exe UE4_Zero Development Win64 -project="C:/Users/Marcus/Desktop/GitHub/UE4-Zero/UE4_Zero/UE4_Zero.uproject" -editorrecompile -progress -NoHotReloadFromIDE
Performing full C++ include scan (building a new target)
Creating makefile for UE4_Zero (no existing makefile)
@progress push 5%
@progress pop
Performing 2 actions (4 in parallel)
[1/2] Link UE4Editor-UE4_Zero.dll
[2/2] Link UE4Editor-UE4_Zero.lib
   Creating library C:\Users\Marcus\Desktop\GitHub\UE4-Zero\UE4_Zero\Intermediate\Build\Win64\UE4Editor\Development\UE4Editor-UE4_Zero.lib and object C:\Users\Marcus\Desktop\GitHub\UE4-Zero\UE4_Zero\Intermediate\Build\Win64\UE4Editor\Development\UE4Editor-UE4_Zero.exp
   Creating library C:\Users\Marcus\Desktop\GitHub\UE4-Zero\UE4_Zero\Intermediate\Build\Win64\UE4Editor\Development\UE4Editor-UE4_Zero.suppressed.lib and object C:\Users\Marcus\Desktop\GitHub\UE4-Zero\UE4_Zero\Intermediate\Build\Win64\UE4Editor\Development\UE4Editor-UE4_Zero.suppressed.exp
Total build time: 8.23 seconds (Local executor: 3.71 seconds)
LogInit: Using libcurl 7.47.1
LogInit:  - built for x86_64-pc-win32
LogInit:  - supports SSL with OpenSSL/1.0.2g
LogInit:  - supports HTTP deflate (compression) using libz 1.2.8
LogInit:  - other features:
LogInit:      CURL_VERSION_SSL
LogInit:      CURL_VERSION_LIBZ
LogInit:      CURL_VERSION_IPV6
LogInit:      CURL_VERSION_ASYNCHDNS
LogInit:      CURL_VERSION_LARGEFILE
LogInit:      CURL_VERSION_IDN
LogInit:  CurlRequestOptions (configurable via config and command line):
LogInit:  - bVerifyPeer = false  - Libcurl will NOT verify peer certificate
LogInit:  - bUseHttpProxy = false  - Libcurl will NOT use HTTP proxy
LogInit:  - bDontReuseConnections = false  - Libcurl will reuse connections
LogInit:  - CertBundlePath = nullptr  - Libcurl will use whatever was configured at build time.
LogInit: Build: ++UE4+Release-4.15-CL-3450819
LogInit: Engine Version: 4.15.3-3450819+++UE4+Release-4.15
LogInit: Compatible Engine Version: 4.15.0-3299760+++UE4+Release-4.15
LogInit: Net CL: 3299760
LogDevObjectVersion: Number of dev versions registered: 14
LogDevObjectVersion:   Dev-Blueprints (B0D832E4-1F89-4F0D-ACCF-7EB736FD4AA2): 8
LogDevObjectVersion:   Dev-Build (E1C64328-A22C-4D53-A36C-8E866417BD8C): 0
LogDevObjectVersion:   Dev-Core (375EC13C-06E4-48FB-B500-84F0262A717E): 2
LogDevObjectVersion:   Dev-Editor (E4B068ED-F494-42E9-A231-DA0B2E46BB41): 14
LogDevObjectVersion:   Dev-Framework (CFFC743F-43B0-4480-9391-14DF171D2073): 22
LogDevObjectVersion:   Dev-Mobile (B02B49B5-BB20-44E9-A304-32B752E40360): 0
LogDevObjectVersion:   Dev-Networking (A4E4105C-59A1-49B5-A7C5-40C4547EDFEE): 0
LogDevObjectVersion:   Dev-Online (39C831C9-5AE6-47DC-9A44-9C173E1C8E7C): 0
LogDevObjectVersion:   Dev-Physics (78F01B33-EBEA-4F98-B9B4-84EACCB95AA2): 0
LogDevObjectVersion:   Dev-Platform (6631380F-2D4D-43E0-8009-CF276956A95A): 0
LogDevObjectVersion:   Dev-Rendering (12F88B9F-8875-4AFC-A67C-D90C383ABD29): 12
LogDevObjectVersion:   Dev-Sequencer (7B5AE74C-D270-4C10-A958-57980B212A5A): 3
LogDevObjectVersion:   Dev-VR (D7296918-1DD6-4BDD-9DE2-64A83CC13884): 0
LogDevObjectVersion:   Dev-LoadTimes (C2A15278-BFE7-4AFE-6C17-90FF531DF755): 1
LogInit: Compiled (64-bit): May 21 2017 11:02:34
LogInit: Compiled with Visual C++: 19.00.23026.00
LogInit: Build Configuration: Development
LogInit: Branch Name: ++UE4+Release-4.15
LogInit: Command line:  
LogInit: Base directory: C:/Program Files/Epic Games/UE_4.15/Engine/Binaries/Win64/
LogInit: Installed Engine Build: 1
LogInit: Presizing for max 8388607 objects, including 0 objects not considered by GC, pre-allocating 0 bytes for permanent pool.
LogInit: Object subsystem initialized
[2017.06.18-10.06.41:548][  0]LogInit: Selected Device Profile: [Windows]
[2017.06.18-10.06.41:548][  0]LogInit: Applying CVar settings loaded from the selected device profile: [Windows]
[2017.06.18-10.06.41:568][  0]LogInit: Computer: DESKTOP-E3PDIQS
[2017.06.18-10.06.41:568][  0]LogInit: User: Marcus
[2017.06.18-10.06.41:568][  0]LogInit: CPU Page size=65536, Cores=4
[2017.06.18-10.06.41:568][  0]LogInit: High frequency timer resolution =2.929686 MHz
[2017.06.18-10.06.41:568][  0]LogMemory: Memory total: Physical=16.0GB (16GB approx)
[2017.06.18-10.06.41:568][  0]LogMemory: Platform Memory Stats for Windows
[2017.06.18-10.06.41:568][  0]LogMemory: Process Physical Memory: 267.54 MB used, 267.54 MB peak
[2017.06.18-10.06.41:568][  0]LogMemory: Process Virtual Memory: 262.87 MB used, 262.87 MB peak
[2017.06.18-10.06.41:568][  0]LogMemory: Physical Memory: 5072.00 MB used,  11264.43 MB free, 16336.43 MB total
[2017.06.18-10.06.41:568][  0]LogMemory: Virtual Memory: 685.96 MB used,  11264.43 MB free, 134217728.00 MB total
[2017.06.18-10.06.41:893][  0]LogTextLocalizationManager: No specific translations for ('en-GB') exist, so ('en') translations will be used.
[2017.06.18-10.06.42:881][  0]LogD3D11RHI: D3D11 adapters:
[2017.06.18-10.06.43:571][  0]LogD3D11RHI:    0. 'NVIDIA GeForce GTX 1050' (Feature Level 11_0)
[2017.06.18-10.06.43:571][  0]LogD3D11RHI:       2006/0/8168 MB DedicatedVideo/DedicatedSystem/SharedSystem, Outputs:2, VendorId:0x10de
[2017.06.18-10.06.43:573][  0]LogD3D11RHI:    1. 'Microsoft Basic Render Driver' (Feature Level 11_0)
[2017.06.18-10.06.43:573][  0]LogD3D11RHI:       0/0/8168 MB DedicatedVideo/DedicatedSystem/SharedSystem, Outputs:0, VendorId:0x1414
[2017.06.18-10.06.43:573][  0]LogD3D11RHI: Chosen D3D11 Adapter: 0
[2017.06.18-10.06.43:579][  0]LogD3D11RHI: Creating new Direct3DDevice
[2017.06.18-10.06.43:579][  0]LogD3D11RHI:     GPU DeviceId: 0x1c81 (for the marketing name, search the web for "GPU Device Id")
[2017.06.18-10.06.43:579][  0]LogWindows: EnumDisplayDevices:
[2017.06.18-10.06.43:579][  0]LogWindows:    0. 'NVIDIA GeForce GTX 1050' (P:1 D:1)
[2017.06.18-10.06.43:579][  0]LogWindows:    1. 'NVIDIA GeForce GTX 1050' (P:0 D:1)
[2017.06.18-10.06.43:579][  0]LogWindows:    2. 'NVIDIA GeForce GTX 1050' (P:0 D:0)
[2017.06.18-10.06.43:580][  0]LogWindows:    3. 'NVIDIA GeForce GTX 1050' (P:0 D:0)
[2017.06.18-10.06.43:580][  0]LogWindows: DebugString: FoundDriverCount:4 
[2017.06.18-10.06.43:580][  0]LogD3D11RHI:     Adapter Name: NVIDIA GeForce GTX 1050
[2017.06.18-10.06.43:580][  0]LogD3D11RHI:   Driver Version: 382.33 (internal:22.21.13.8233, unified:382.33)
[2017.06.18-10.06.43:580][  0]LogD3D11RHI:      Driver Date: 5-17-2017
[2017.06.18-10.06.43:580][  0]LogRHI: Texture pool is 1361 MB (70% of 1945 MB)
[2017.06.18-10.06.44:219][  0]LogD3D11RHI: Async texture creation enabled
[2017.06.18-10.06.44:280][  0]LogD3D11RHI: GPU Timing Frequency: 1000.000000 (Debug: 2 1)
[2017.06.18-10.06.44:282][  0]LogShaderCompilers: Guid format shader working directory is -16 characters bigger than the processId version (../../../../../../Users/Marcus/Desktop/GitHub/UE4-Zero/UE4_Zero/Intermediate/Shaders/WorkingDirectory/1084/).
[2017.06.18-10.06.44:282][  0]LogShaderCompilers: Cleaned the shader compiler working directory 'C:/Users/Marcus/AppData/Local/Temp/UnrealShaderWorkingDir/D5EBA5624F61A500692625A02CD7420E/'.
[2017.06.18-10.06.44:282][  0]LogShaderCompilers:Display: Using Local Shader Compiler.
[2017.06.18-10.06.45:795][  0]LogTemp:Display: Loaded TP AllDesktopTargetPlatform
[2017.06.18-10.06.45:980][  0]LogTemp:Display: Loaded TP MacClientTargetPlatform
[2017.06.18-10.06.46:158][  0]LogTemp:Display: Loaded TP MacNoEditorTargetPlatform
[2017.06.18-10.06.46:333][  0]LogTemp:Display: Loaded TP MacServerTargetPlatform
[2017.06.18-10.06.46:507][  0]LogTemp:Display: Loaded TP MacTargetPlatform
[2017.06.18-10.06.46:677][  0]LogTemp:Display: Loaded TP WindowsClientTargetPlatform
[2017.06.18-10.06.46:846][  0]LogTemp:Display: Loaded TP WindowsNoEditorTargetPlatform
[2017.06.18-10.06.47:013][  0]LogTemp:Display: Loaded TP WindowsServerTargetPlatform
[2017.06.18-10.06.47:176][  0]LogTemp:Display: Loaded TP WindowsTargetPlatform
[2017.06.18-10.06.47:346][  0]LogTemp:Display: Loaded TP AndroidTargetPlatform
[2017.06.18-10.06.47:513][  0]LogTemp:Display: Loaded TP Android_ASTCTargetPlatform
[2017.06.18-10.06.47:686][  0]LogTemp:Display: Loaded TP Android_ATCTargetPlatform
[2017.06.18-10.06.47:869][  0]LogTemp:Display: Loaded TP Android_DXTTargetPlatform
[2017.06.18-10.06.48:047][  0]LogTemp:Display: Loaded TP Android_ETC1TargetPlatform
[2017.06.18-10.06.48:208][  0]LogTemp:Display: Loaded TP Android_ETC2TargetPlatform
[2017.06.18-10.06.48:553][  0]LogTemp:Display: Loaded TP Android_MultiTargetPlatform
[2017.06.18-10.06.48:553][  0]LogTemp:Display: Loaded TP Android_PVRTCTargetPlatform
[2017.06.18-10.06.48:699][  0]LogTemp:Display: Loaded TP HTML5TargetPlatform
[2017.06.18-10.06.48:975][  0]LogTemp:Display: Loaded TP IOSTargetPlatform
[2017.06.18-10.06.49:095][  0]LogTemp:Display: Loaded TP TVOSTargetPlatform
[2017.06.18-10.06.49:271][  0]LogTemp:Display: Loaded TP LinuxClientTargetPlatform
[2017.06.18-10.06.49:430][  0]LogTemp:Display: Loaded TP LinuxNoEditorTargetPlatform
[2017.06.18-10.06.49:610][  0]LogTemp:Display: Loaded TP LinuxServerTargetPlatform
[2017.06.18-10.06.49:795][  0]LogTemp:Display: Loaded TP LinuxTargetPlatform
[2017.06.18-10.06.49:795][  0]LogTargetPlatformManager:Display: Building Assets For Windows
[2017.06.18-10.06.51:641][  0]LogDerivedDataCache:Display: Max Cache Size: 512 MB
[2017.06.18-10.06.51:701][  0]LogDerivedDataCache: Loaded boot cache 0.06s 50MB C:/Users/Marcus/AppData/Local/UnrealEngine/4.15/DerivedDataCache/Boot.ddc.
[2017.06.18-10.06.51:701][  0]LogDerivedDataCache:Display: Loaded Boot cache: C:/Users/Marcus/AppData/Local/UnrealEngine/4.15/DerivedDataCache/Boot.ddc
[2017.06.18-10.06.51:701][  0]LogDerivedDataCache: FDerivedDataBackendGraph:  Pak pak cache file ../../../../../../Users/Marcus/Desktop/GitHub/UE4-Zero/UE4_Zero/DerivedDataCache/DDC.ddp not found, will not use a pak cache.
[2017.06.18-10.06.51:701][  0]LogDerivedDataCache: Unable to find inner node Pak for hierarchical cache Hierarchy.
[2017.06.18-10.06.51:701][  0]LogDerivedDataCache: FDerivedDataBackendGraph:  CompressedPak pak cache file ../../../../../../Users/Marcus/Desktop/GitHub/UE4-Zero/UE4_Zero/DerivedDataCache/Compressed.ddp not found, will not use a pak cache.
[2017.06.18-10.06.51:701][  0]LogDerivedDataCache: Unable to find inner node CompressedPak for hierarchical cache Hierarchy.
[2017.06.18-10.06.51:718][  0]LogDerivedDataCache:Display: Pak cache opened for reading ../../../Engine/DerivedDataCache/Compressed.ddp.
[2017.06.18-10.06.51:731][  0]LogDerivedDataCache: Using Local data cache path C:/Users/Marcus/AppData/Local/UnrealEngine/Common/DerivedDataCache: Writable
[2017.06.18-10.06.51:740][  0]LogSlate: Using Freetype 2.6.0
[2017.06.18-10.06.51:740][  0]LogSlate: SlateFontCache - WITH_FREETYPE: 1, WITH_HARFBUZZ: 1
[2017.06.18-10.06.51:740][  0]LogSlate: SlateFontCache - WITH_FREETYPE: 1, WITH_HARFBUZZ: 1
[2017.06.18-10.06.52:180][  0]LogInit: Selected Device Profile: [Windows]
[2017.06.18-10.06.52:183][  0]LogContentStreaming: Texture pool size is 0.00 MB
[2017.06.18-10.06.52:935][  0]LogMeshUtilities: Using QuadricMeshReduction for automatic static mesh reduction
[2017.06.18-10.06.53:179][  0]LogSimplygon: Simplygon DLL not present - disabling.
[2017.06.18-10.06.53:424][  0]LogMeshUtilities: Using SimplygonSwarm for distributed automatic mesh merging
[2017.06.18-10.06.53:424][  0]LogMeshUtilities: No automatic skeletal mesh reduction module available
[2017.06.18-10.06.53:424][  0]LogMeshUtilities: No automatic mesh merging module available
[2017.06.18-10.06.54:754][  0]LogNetVersion: GetLocalNetworkVersion: CL: 3299760, ProjectName: ue4_zero, ProjectVersion: , EngineNetworkVersion: 2, GameNetworkVersion: 0, NetworkChecksum: 276590260
[2017.06.18-10.06.54:870][  0]LogAssetRegistry: FAssetRegistry took 0.0222 seconds to start up
[2017.06.18-10.06.55:029][  0]LogPackageLocalizationCache: Processed 3 localized package path(s) for 2 prioritized culture(s) in 0.042573 seconds
[2017.06.18-10.06.55:034][  0]LogUObjectArray: 32493 objects as part of root set at end of initial load.
[2017.06.18-10.06.55:034][  0]LogUObjectAllocator: 7077032 out of 0 bytes used by permanent object pool.
[2017.06.18-10.06.55:034][  0]LogUObjectArray: CloseDisregardForGC: 0/0 objects in disregard for GC pool
[2017.06.18-10.06.55:404][  0]LogInit: WinSock: version 1.1 (2.2), MaxSocks=32767, MaxUdp=65467
[2017.06.18-10.07.01:817][  0]LogTcpMessaging: Initializing TcpMessaging bridge
[2017.06.18-10.07.01:954][  0]LogUdpMessaging: Initializing bridge on interface 0.0.0.0:0 to multicast group 230.0.0.1:6666.
[2017.06.18-10.07.03:810][  0]LogMaterial: Uniform references updated for custom material expression Custom.
[2017.06.18-10.07.05:518][  0]SourceControl: Info Source control is disabled
[2017.06.18-10.07.05:519][  0]SourceControl: Info Source control is disabled
[2017.06.18-10.07.05:793][  0]SourceControl: Info Source control is disabled
[2017.06.18-10.07.06:066][  0]SourceControl: Info Source control is disabled
[2017.06.18-10.07.11:860][  0]LogEngine: Initializing Engine...
[2017.06.18-10.07.11:861][  0]LogHMD: Failed to initialize OpenVR with code 110
[2017.06.18-10.07.11:990][  0]LogStats: UGameplayTagsManager::ConstructGameplayTagTree: Construct from data asset -  0.000 s
[2017.06.18-10.07.11:990][  0]LogStats: UGameplayTagsManager::ConstructGameplayTagTree: GameplayTagTreeChangedEvent.Broadcast -  0.000 s
[2017.06.18-10.07.12:547][  0]LogAIModule: Creating AISystem for world Untitled
[2017.06.18-10.07.12:570][  0]LogInit: XAudio2 using 'Digital Audio (S/PDIF) (High Definition Audio Device)' : 2 channels at 44.1 kHz using 16 bits per sample (channel mask 0x3)
[2017.06.18-10.07.12:632][  0]LogInit: FAudioDevice initialized.
[2017.06.18-10.07.12:665][  0]LogDerivedDataCache: Saved boot cache 0.03s 50MB C:/Users/Marcus/AppData/Local/UnrealEngine/4.15/DerivedDataCache/Boot.ddc.
[2017.06.18-10.07.12:673][  0]LogInit: Texture streaming: Enabled
[2017.06.18-10.07.13:187][  0]LogEngineSessionManager: EngineSessionManager initialized
[2017.06.18-10.07.13:561][  0]LogInit: Transaction tracking system initialized
[2017.06.18-10.07.15:218][  0]BlueprintLog: New page: Editor Load
[2017.06.18-10.07.19:453][  0]LocalizationService: Info Localization service is disabled
[2017.06.18-10.07.22:602][  0]LogConsoleResponse:Display: 
[2017.06.18-10.07.22:842][  0]LogCook:Display: Max memory allowance for cook 16384mb min free memory 0mb
[2017.06.18-10.07.22:842][  0]LogCook:Display: Mobile HDR setting 1
[2017.06.18-10.07.23:463][  0]LogFileCache: Scanning file cache for directory 'C:/Users/Marcus/Desktop/GitHub/UE4-Zero/UE4_Zero/Content/' took 0.02s
[2017.06.18-10.07.28:127][  0]SourceControl: Info Source control is disabled
[2017.06.18-10.07.28:127][  0]Cmd: MAP LOAD FILE="../../../../../../Users/Marcus/Desktop/GitHub/UE4-Zero/UE4_Zero/Content/Maps/Start.umap" TEMPLATE=0 SHOWPROGRESS=1 FEATURELEVEL=3
[2017.06.18-10.07.28:128][  0]LightingResults: New page: Lighting Build
[2017.06.18-10.07.28:321][  0]MapCheck: New page: Map Check
[2017.06.18-10.07.28:321][  0]LightingResults: New page: Lighting Build
[2017.06.18-10.07.28:577][  0]LogAIModule: Creating AISystem for world Start
[2017.06.18-10.07.31:186][  0]LogEditorServer: Finished looking for orphan Actors (0.000 secs)
[2017.06.18-10.07.31:186][  0]Cmd: MAP CHECKDEP NOCLEARLOG
[2017.06.18-10.07.31:285][  0]MapCheck: Info Map check complete: 0 Error(s), 0 Warning(s), took 98.868ms to complete.
[2017.06.18-10.07.31:285][  0]LogFileHelpers: Loading map 'Start' took 3.158
[2017.06.18-10.07.31:560][  0]LogCollectionManager: Loaded 0 collections in 0.002024 seconds
[2017.06.18-10.07.31:757][  0]LogFileCache: Scanning file cache for directory 'C:/Users/Marcus/Desktop/GitHub/UE4-Zero/UE4_Zero/Saved/Collections/' took 0.01s
[2017.06.18-10.07.31:757][  0]LogFileCache: Scanning file cache for directory 'C:/Users/Marcus/Desktop/GitHub/UE4-Zero/UE4_Zero/Content/Developers/Marcus/Collections/' took 0.01s
[2017.06.18-10.07.31:757][  0]LogFileCache: Scanning file cache for directory 'C:/Users/Marcus/Desktop/GitHub/UE4-Zero/UE4_Zero/Content/Collections/' took 0.01s
[2017.06.18-10.07.31:757][  0]LogCollectionManager: Rebuilt the GUID cache for 0 collections in 0.000002 seconds
[2017.06.18-10.07.31:767][  0]LogContentBrowser: Native class hierarchy populated in 0.0106 seconds. Added 2249 classes and 455 folders.
[2017.06.18-10.07.32:020][  0]LogContentBrowser: Native class hierarchy updated for 'WidgetCarousel' in 0.0027 seconds. Added 0 classes and 0 folders.
[2017.06.18-10.07.32:096][  0]LogContentBrowser: Native class hierarchy updated for 'AddContentDialog' in 0.0030 seconds. Added 0 classes and 0 folders.
[2017.06.18-10.07.32:259][  0]LogContentBrowser: Native class hierarchy updated for 'SceneOutliner' in 0.0028 seconds. Added 1 classes and 2 folders.
[2017.06.18-10.07.32:426][  0]LogCrashTracker: Crashtracker disabled due to settings.
[2017.06.18-10.07.33:551][  0]LogSlate: Only BGRA pngs, bmps or icos are supported in by External Image Picker
[2017.06.18-10.07.33:582][  0]LogUObjectGlobals:Warning: Failed to find object 'Class None.'
[2017.06.18-10.07.33:766][  0]LogTemp:Display: Executing iPhonePackager certificates Engine -bundlename com.YourCompany.UE4Zero

[2017.06.18-10.07.33:766][  0]LogTemp:Display: CWD: C:\Program Files\Epic Games\UE_4.15\Engine\Binaries\DotNET\IOS

[2017.06.18-10.07.33:766][  0]LogTemp:Display: Initial Dir: C:\Program Files\Epic Games\UE_4.15

[2017.06.18-10.07.33:766][  0]LogTemp:Display: Env CWD: C:\Program Files\Epic Games\UE_4.15\Engine\Binaries\DotNET\IOS

[2017.06.18-10.07.33:766][  0]LogTemp:Display: BranchPath = DESKTOP-E3PDIQS/C/Program Files/Epic Games/UE_4.15/Engine/Binaries --- GameBranchPath = DESKTOP-E3PDIQS/C/Program Files/Epic Games/UE_4.15/Engine/Binaries

[2017.06.18-10.07.33:766][  0]LogTemp:Display: IPP ERROR: Application exception: System.IO.DirectoryNotFoundException: Could not find a part of the path 'C:\Users\Marcus\AppData\Local\Apple Computer\MobileDevice\Provisioning Profiles'.

[2017.06.18-10.07.33:766][  0]LogTemp:Display:    at System.IO.__Error.WinIOError(Int32 errorCode, String maybeFullPath)

[2017.06.18-10.07.33:766][  0]LogTemp:Display:    at System.IO.FileSystemEnumerableIterator`1.CommonInit()

[2017.06.18-10.07.33:766][  0]LogTemp:Display:    at System.IO.Directory.EnumerateFiles(String path, String searchPattern)

[2017.06.18-10.07.33:766][  0]LogTemp:Display:    at iPhonePackager.CodeSignatureBuilder.FindProvisions(String CFBundleIdentifier)

[2017.06.18-10.07.33:766][  0]LogTemp:Display:    at iPhonePackager.Program.Main(String[] args)

[2017.06.18-10.07.33:766][  0]LogContentBrowser: Native class hierarchy updated for 'HierarchicalLODOutliner' in 0.0027 seconds. Added 1 classes and 2 folders.
[2017.06.18-10.07.33:767][  0]LogLoad: (Engine Initialization) Total time: 69.56 seconds
[2017.06.18-10.07.33:767][  0]LogLoad: (Engine Initialization) Total Blueprint compile time: 0.27 seconds
[2017.06.18-10.07.33:767][  0]LogExternalProfiler: Found external profiler: VSPerf
[2017.06.18-10.07.33:767][  0]LogExternalProfiler: Using external profiler: VSPerf
[2017.06.18-10.07.33:777][  0]LogOcInput: OculusInput pre-init called
[2017.06.18-10.07.33:792][  0]LogAssetRegistry: Asset discovery search completed in 38.9445 seconds
[2017.06.18-10.07.33:792][  0]LogCollectionManager: Rebuilt the object cache for 0 collections in 0.000005 seconds (found 0 objects)
[2017.06.18-10.07.33:792][  0]LogCollectionManager: Fixed up redirectors for 0 collections in 0.000023 seconds (updated 0 objects)
[2017.06.18-10.07.33:797][  0]LogContentStreaming: Texture pool size now 1000 MB
[2017.06.18-10.07.33:805][  0]LogSlate: Took 0.000315 seconds to synchronously load lazily loaded font '../../../Engine/Content/Slate/Fonts/Roboto-Regular.ttf' (155K)
[2017.06.18-10.07.33:808][  0]LogSlate: Took 0.000296 seconds to synchronously load lazily loaded font '../../../Engine/Content/Slate/Fonts/Roboto-Bold.ttf' (160K)
[2017.06.18-10.07.33:813][  0]LogSlate: Took 0.000273 seconds to synchronously load lazily loaded font '../../../Engine/Content/Editor/Slate/Fonts/FontAwesome.ttf' (139K)
[2017.06.18-10.07.33:926][  0]LogSlate: Took 0.000301 seconds to synchronously load lazily loaded font '../../../Engine/Content/Slate/Fonts/Roboto-Light.ttf' (159K)
[2017.06.18-10.07.33:977][  0]LogRenderer: Reallocating scene render targets to support 1208x576 NumSamples 1 (Frame:2).
[2017.06.18-10.08.32:787][965]LogSlate: Took 0.000184 seconds to synchronously load lazily loaded font '../../../Engine/Content/Slate/Fonts/Roboto-Light.ttf' (159K)
[2017.06.18-10.08.32:900][965]LogVSAccessor:Warning: Couldn't goto line number '0' in 'C:/Users/Marcus/Desktop/GitHub/UE4-Zero/UE4_Zero/Source/UE4_Zero/PlayerZero.h'
[2017.06.18-10.08.32:938][965]LogVSAccessor:Warning: Couldn't goto line number '0' in 'C:/Users/Marcus/Desktop/GitHub/UE4-Zero/UE4_Zero/Source/UE4_Zero/PlayerZero.cpp'
[2017.06.18-10.08.42:782][ 59]LogContentBrowser: Native class hierarchy updated for 'BlueprintGraph' in 0.0031 seconds. Added 112 classes and 0 folders.
[2017.06.18-10.08.43:343][ 59]LogSlate: Took 0.000185 seconds to synchronously load lazily loaded font '../../../Engine/Content/Slate/Fonts/Roboto-Regular.ttf' (155K)
[2017.06.18-10.08.43:416][ 59]LogSlate: Took 0.000259 seconds to synchronously load lazily loaded font '../../../Engine/Content/Editor/Slate/Fonts/Roboto-BoldCondensed.ttf' (158K)
[2017.06.18-10.08.44:985][187]LogRenderer: Reallocating scene render targets to support 1208x900 NumSamples 1 (Frame:7825).
[2017.06.18-10.09.00:923][864]LogSlate: Took 0.000325 seconds to synchronously load lazily loaded font '../../../Engine/Content/Editor/Slate/Fonts/Roboto-Italic.ttf' (157K)
[2017.06.18-10.09.01:586][934]BlueprintLog: New page: Compile BP_PlayerZero
[2017.06.18-10.09.04:348][216]Cmd: OBJ SAVEPACKAGE PACKAGE="/Game/Blueprints/BP_PlayerZero" FILE="../../../../../../Users/Marcus/Desktop/GitHub/UE4-Zero/UE4_Zero/Content/Blueprints/BP_PlayerZero.uasset" SILENT=true
[2017.06.18-10.09.04:387][216]LogSavePackage: Save=14.41ms
[2017.06.18-10.09.04:387][216]LogSavePackage: Moving '../../../../../../Users/Marcus/Desktop/GitHub/UE4-Zero/UE4_Zero/Saved/BP_PlayerZero353C09664CEF528F6C0E19937CE563C1.tmp' to '../../../../../../Users/Marcus/Desktop/GitHub/UE4-Zero/UE4_Zero/Content/Blueprints/BP_PlayerZero.uasset'
[2017.06.18-10.09.04:393][216]LogSavePackage:Display: Finished SavePackage ../../../../../../Users/Marcus/Desktop/GitHub/UE4-Zero/UE4_Zero/Content/Blueprints/BP_PlayerZero.uasset
[2017.06.18-10.09.06:411][451]LogTemp: Repeting last play command: Selected Viewport
[2017.06.18-10.09.06:426][451]LogPlayLevel: PlayLevel: No blueprints needed recompiling
[2017.06.18-10.09.06:426][451]PIE: New page: PIE session: Start (18 Jun 2017 12:09:06)
[2017.06.18-10.09.06:427][451]LogPlayLevel: Creating play world package: /Game/Maps/UEDPIE_0_Start
[2017.06.18-10.09.06:428][451]LogPlayLevel: PIE: StaticDuplicateObject took: (0.001814s)
[2017.06.18-10.09.06:429][451]LogAIModule: Creating AISystem for world Start
[2017.06.18-10.09.06:429][451]LogPlayLevel: PIE: World Init took: (0.000585s)
[2017.06.18-10.09.06:429][451]LogPlayLevel: PIE: Created PIE world by copying editor world from /Game/Maps/Start.Start to /Game/Maps/UEDPIE_0_Start.Start (0.002627s)
[2017.06.18-10.09.06:443][451]LogInit: XAudio2 using 'Digital Audio (S/PDIF) (High Definition Audio Device)' : 2 channels at 44.1 kHz using 16 bits per sample (channel mask 0x3)
[2017.06.18-10.09.06:449][451]LogInit: FAudioDevice initialized.
[2017.06.18-10.09.06:503][451]LogLoad: Game class is 'My_UE4_ZeroGameModeBase_C'
[2017.06.18-10.09.06:505][451]LogWorld: Bringing World /Game/Maps/UEDPIE_0_Start.Start up for play (max tick rate 0) at 2017.06.18-11.09.06
[2017.06.18-10.09.06:505][451]LogWorld: Bringing up level for play took: 0.000796
[2017.06.18-10.09.06:665][451]LogContentBrowser: Native class hierarchy updated for 'MovieSceneCapture' in 0.0027 seconds. Added 11 classes and 0 folders.
[2017.06.18-10.09.06:667][451]PIE: Info Play in editor start time for /Game/Maps/UEDPIE_0_Start -0.172
[2017.06.18-10.09.16:106][571]BlueprintLog: New page: Compile BP_PlayerZero
[2017.06.18-10.09.16:697][622]Cmd: OBJ SAVEPACKAGE PACKAGE="/Game/Blueprints/BP_PlayerZero" FILE="../../../../../../Users/Marcus/Desktop/GitHub/UE4-Zero/UE4_Zero/Content/Blueprints/BP_PlayerZero.uasset" SILENT=true
[2017.06.18-10.09.16:731][622]LogSavePackage: Save=14.07ms
[2017.06.18-10.09.16:731][622]LogSavePackage: Moving '../../../../../../Users/Marcus/Desktop/GitHub/UE4-Zero/UE4_Zero/Saved/BP_PlayerZero352D9E9F47D4DC257F8ABA9DADC4CF4C.tmp' to '../../../../../../Users/Marcus/Desktop/GitHub/UE4-Zero/UE4_Zero/Content/Blueprints/BP_PlayerZero.uasset'
[2017.06.18-10.09.16:737][622]LogSavePackage:Display: Finished SavePackage ../../../../../../Users/Marcus/Desktop/GitHub/UE4-Zero/UE4_Zero/Content/Blueprints/BP_PlayerZero.uasset
[2017.06.18-10.09.18:485][826]LogTemp: Repeting last play command: Selected Viewport
[2017.06.18-10.09.18:496][826]LogPlayLevel: PlayLevel: No blueprints needed recompiling
[2017.06.18-10.09.18:497][826]PIE: New page: PIE session: Start (18 Jun 2017 12:09:18)
[2017.06.18-10.09.18:497][826]LogPlayLevel: Creating play world package: /Game/Maps/UEDPIE_0_Start
[2017.06.18-10.09.18:498][826]LogPlayLevel: PIE: StaticDuplicateObject took: (0.001815s)
[2017.06.18-10.09.18:499][826]LogAIModule: Creating AISystem for world Start
[2017.06.18-10.09.18:499][826]LogPlayLevel: PIE: World Init took: (0.000799s)
[2017.06.18-10.09.18:499][826]LogPlayLevel: PIE: Created PIE world by copying editor world from /Game/Maps/Start.Start to /Game/Maps/UEDPIE_0_Start.Start (0.002810s)
[2017.06.18-10.09.18:513][826]LogInit: XAudio2 using 'Digital Audio (S/PDIF) (High Definition Audio Device)' : 2 channels at 44.1 kHz using 16 bits per sample (channel mask 0x3)
[2017.06.18-10.09.18:519][826]LogInit: FAudioDevice initialized.
[2017.06.18-10.09.18:550][826]LogLoad: Game class is 'My_UE4_ZeroGameModeBase_C'
[2017.06.18-10.09.18:552][826]LogWorld: Bringing World /Game/Maps/UEDPIE_0_Start.Start up for play (max tick rate 0) at 2017.06.18-11.09.18
[2017.06.18-10.09.18:552][826]LogWorld: Bringing up level for play took: 0.000871
[2017.06.18-10.09.18:553][826]PIE: Info Play in editor start time for /Game/Maps/UEDPIE_0_Start -0.286
[2017.06.18-10.14.54:907][347]LogTemp: Repeting last play command: Selected Viewport
[2017.06.18-10.14.54:922][347]LogPlayLevel: PlayLevel: No blueprints needed recompiling
[2017.06.18-10.14.54:922][347]PIE: New page: PIE session: Start (18 Jun 2017 12:14:54)
[2017.06.18-10.14.54:922][347]LogPlayLevel: Creating play world package: /Game/Maps/UEDPIE_0_Start
[2017.06.18-10.14.54:924][347]LogPlayLevel: PIE: StaticDuplicateObject took: (0.002081s)
[2017.06.18-10.14.54:925][347]LogAIModule: Creating AISystem for world Start
[2017.06.18-10.14.54:925][347]LogPlayLevel: PIE: World Init took: (0.000875s)
[2017.06.18-10.14.54:925][347]LogPlayLevel: PIE: Created PIE world by copying editor world from /Game/Maps/Start.Start to /Game/Maps/UEDPIE_0_Start.Start (0.003198s)
[2017.06.18-10.14.54:939][347]LogInit: XAudio2 using 'Digital Audio (S/PDIF) (High Definition Audio Device)' : 2 channels at 44.1 kHz using 16 bits per sample (channel mask 0x3)
[2017.06.18-10.14.54:946][347]LogInit: FAudioDevice initialized.
[2017.06.18-10.14.54:974][347]LogLoad: Game class is 'My_UE4_ZeroGameModeBase_C'
[2017.06.18-10.14.54:976][347]LogWorld: Bringing World /Game/Maps/UEDPIE_0_Start.Start up for play (max tick rate 0) at 2017.06.18-11.14.54
[2017.06.18-10.14.54:976][347]LogWorld: Bringing up level for play took: 0.001141
[2017.06.18-10.14.54:978][347]PIE: Info Play in editor start time for /Game/Maps/UEDPIE_0_Start 0.138
[2017.06.18-10.37.50:464][804]Cmd: QUIT_EDITOR
[2017.06.18-10.37.51:485][804]LogWindowsTextInputMethodSystem:Display: IME system now deactivated.
[2017.06.18-10.37.51:510][804]LogExit: Preparing to exit.
[2017.06.18-10.37.52:638][804]LogDirectoryWatcher: A directory notification for 'C:/Users/Marcus/Desktop/GitHub/UE4-Zero/UE4_Zero/Content/' was aborted.
[2017.06.18-10.37.52:669][804]LogExit: Editor shut down
[2017.06.18-10.37.52:669][804]LogExit: Transaction tracking system shut down
[2017.06.18-10.37.52:751][804]LogObj: Freed 0b from 0 cluster array pools.
[2017.06.18-10.37.52:751][804]LogExit: Object subsystem successfully closed.
[2017.06.18-10.37.52:771][804]LogD3D11RHI: Shutdown
[2017.06.18-10.37.52:771][804]LogD3D11RHI: CleanupD3DDevice
[2017.06.18-10.37.52:835][804]LogD3D11RHI: ~FD3D11DynamicRHI
[2017.06.18-10.37.52:888][804]LogModuleManager: Shutting down and abandoning module MovieSceneCapture (508)
[2017.06.18-10.37.52:888][804]LogModuleManager: Shutting down and abandoning module BlueprintGraph (506)
[2017.06.18-10.37.52:888][804]LogModuleManager: Shutting down and abandoning module BlueprintProfiler (504)
[2017.06.18-10.37.52:888][804]LogModuleManager: Shutting down and abandoning module HierarchicalLODOutliner (502)
[2017.06.18-10.37.52:888][804]LogModuleManager: Shutting down and abandoning module ExternalImagePicker (500)
[2017.06.18-10.37.52:888][804]LogModuleManager: Shutting down and abandoning module CrashTracker (498)
[2017.06.18-10.37.52:888][804]LogModuleManager: Shutting down and abandoning module SceneOutliner (496)
[2017.06.18-10.37.52:888][804]LogModuleManager: Shutting down and abandoning module AddContentDialog (494)
[2017.06.18-10.37.52:888][804]LogDirectoryWatcher: A directory notification for 'C:/Program Files/Epic Games/UE_4.15/FeaturePacks/' was aborted.
[2017.06.18-10.37.52:888][804]LogModuleManager: Shutting down and abandoning module WidgetCarousel (493)
[2017.06.18-10.37.52:888][804]LogModuleManager: Shutting down and abandoning module EditorWidgets (490)
[2017.06.18-10.37.52:888][804]LogModuleManager: Shutting down and abandoning module CollectionManager (488)
[2017.06.18-10.37.52:888][804]LogDirectoryWatcher: A directory notification for 'C:/Users/Marcus/Desktop/GitHub/UE4-Zero/UE4_Zero/Content/Collections/' was aborted.
[2017.06.18-10.37.52:889][804]LogDirectoryWatcher: A directory notification for 'C:/Users/Marcus/Desktop/GitHub/UE4-Zero/UE4_Zero/Content/Developers/Marcus/Collections/' was aborted.
[2017.06.18-10.37.52:889][804]LogDirectoryWatcher: A directory notification for 'C:/Users/Marcus/Desktop/GitHub/UE4-Zero/UE4_Zero/Saved/Collections/' was aborted.
[2017.06.18-10.37.52:889][804]LogModuleManager: Shutting down and abandoning module StatsViewer (486)
[2017.06.18-10.37.52:889][804]LogModuleManager: Shutting down and abandoning module FoliageEdit (484)
[2017.06.18-10.37.52:889][804]LogModuleManager: Shutting down and abandoning module LandscapeEditor (482)
[2017.06.18-10.37.52:889][804]LogModuleManager: Shutting down and abandoning module SceneDepthPickerMode (480)
[2017.06.18-10.37.52:889][804]LogModuleManager: Shutting down and abandoning module ActorPickerMode (478)
[2017.06.18-10.37.52:889][804]LogModuleManager: Shutting down and abandoning module GeometryMode (476)
[2017.06.18-10.37.52:889][804]LogModuleManager: Shutting down and abandoning module TextureAlignMode (474)
[2017.06.18-10.37.52:889][804]LogModuleManager: Shutting down and abandoning module BspMode (472)
[2017.06.18-10.37.52:889][804]LogModuleManager: Shutting down and abandoning module HardwareSurvey (470)
[2017.06.18-10.37.52:889][804]LogModuleManager: Shutting down and abandoning module SequenceRecorderSections (468)
[2017.06.18-10.37.52:889][804]LogModuleManager: Shutting down and abandoning module AutomationWorker (466)
[2017.06.18-10.37.52:889][804]LogModuleManager: Shutting down and abandoning module MatineeToLevelSequence (464)
[2017.06.18-10.37.52:889][804]LogModuleManager: Shutting down and abandoning module LevelSequenceEditor (462)
[2017.06.18-10.37.52:889][804]LogModuleManager: Shutting down and abandoning module PlacementMode (461)
[2017.06.18-10.37.52:889][804]LogModuleManager: Shutting down and abandoning module WmfMediaFactory (458)
[2017.06.18-10.37.52:889][804]LogModuleManager: Shutting down and abandoning module WmfMediaEditor (456)
[2017.06.18-10.37.52:889][804]LogModuleManager: Shutting down and abandoning module MfMediaFactory (454)
[2017.06.18-10.37.52:889][804]LogModuleManager: Shutting down and abandoning module MfMediaEditor (452)
[2017.06.18-10.37.52:889][804]LogModuleManager: Shutting down and abandoning module AvfMediaFactory (450)
[2017.06.18-10.37.52:889][804]LogModuleManager: Shutting down and abandoning module AvfMediaEditor (448)
[2017.06.18-10.37.52:889][804]LogModuleManager: Shutting down and abandoning module AndroidMediaFactory (446)
[2017.06.18-10.37.52:889][804]LogModuleManager: Shutting down and abandoning module Media (445)
[2017.06.18-10.37.52:889][804]LogModuleManager: Shutting down and abandoning module AndroidMediaEditor (442)
[2017.06.18-10.37.52:889][804]LogModuleManager: Shutting down and abandoning module CharacterAI (440)
[2017.06.18-10.37.52:889][804]LogModuleManager: Shutting down and abandoning module AudioCapture (438)
[2017.06.18-10.37.52:889][804]LogModuleManager: Shutting down and abandoning module SequenceRecorder (437)
[2017.06.18-10.37.52:889][804]LogModuleManager: Shutting down and abandoning module SmartSnapping (434)
[2017.06.18-10.37.52:889][804]LogModuleManager: Shutting down and abandoning module SessionServices (432)
[2017.06.18-10.37.52:889][804]LogModuleManager: Shutting down and abandoning module ViewportSnapping (430)
[2017.06.18-10.37.52:889][804]LogModuleManager: Shutting down and abandoning module ViewportInteraction (428)
[2017.06.18-10.37.52:889][804]LogModuleManager: Shutting down and abandoning module LogVisualizer (426)
[2017.06.18-10.37.52:889][804]LogModuleManager: Shutting down and abandoning module IntroTutorials (424)
[2017.06.18-10.37.52:889][804]LogModuleManager: Shutting down and abandoning module GameProjectGeneration (423)
[2017.06.18-10.37.52:889][804]LogModuleManager: Shutting down and abandoning module EditorLiveStreaming (420)
[2017.06.18-10.37.52:889][804]LogModuleManager: Shutting down and abandoning module IOSPlatformEditor (418)
[2017.06.18-10.37.52:889][804]LogModuleManager: Shutting down and abandoning module HTML5PlatformEditor (416)
[2017.06.18-10.37.52:889][804]LogModuleManager: Shutting down and abandoning module AndroidPlatformEditor (414)
[2017.06.18-10.37.52:889][804]LogModuleManager: Shutting down and abandoning module AndroidDeviceDetection (413)
[2017.06.18-10.37.52:905][804]LogModuleManager: Shutting down and abandoning module IOSRuntimeSettings (410)
[2017.06.18-10.37.52:905][804]LogModuleManager: Shutting down and abandoning module AndroidRuntimeSettings (408)
[2017.06.18-10.37.52:905][804]LogModuleManager: Shutting down and abandoning module InputBindingEditor (406)
[2017.06.18-10.37.52:905][804]LogModuleManager: Shutting down and abandoning module NiagaraEditor (404)
[2017.06.18-10.37.52:905][804]LogModuleManager: Shutting down and abandoning module MergeActors (402)
[2017.06.18-10.37.52:905][804]LogModuleManager: Shutting down and abandoning module SizeMap (400)
[2017.06.18-10.37.52:905][804]LogModuleManager: Shutting down and abandoning module TreeMap (398)
[2017.06.18-10.37.52:905][804]LogModuleManager: Shutting down and abandoning module ReferenceViewer (396)
[2017.06.18-10.37.52:905][804]LogModuleManager: Shutting down and abandoning module LocalizationDashboard (394)
[2017.06.18-10.37.52:905][804]LogModuleManager: Shutting down and abandoning module LocalizationService (393)
[2017.06.18-10.37.52:905][804]LogModuleManager: Shutting down and abandoning module HardwareTargeting (390)
[2017.06.18-10.37.52:905][804]LogModuleManager: Shutting down and abandoning module DeviceProfileEditor (388)
[2017.06.18-10.37.52:905][804]LogModuleManager: Shutting down and abandoning module UndoHistory (386)
[2017.06.18-10.37.52:905][804]LogModuleManager: Shutting down and abandoning module UserFeedback (384)
[2017.06.18-10.37.52:905][804]LogModuleManager: Shutting down and abandoning module XmlParser (382)
[2017.06.18-10.37.52:905][804]LogModuleManager: Shutting down and abandoning module Blutility (380)
[2017.06.18-10.37.52:905][804]LogModuleManager: Shutting down and abandoning module ProjectSettingsViewer (378)
[2017.06.18-10.37.52:905][804]LogModuleManager: Shutting down and abandoning module ProjectTargetPlatformEditor (377)
[2017.06.18-10.37.52:905][804]LogModuleManager: Shutting down and abandoning module EditorSettingsViewer (374)
[2017.06.18-10.37.52:905][804]LogModuleManager: Shutting down and abandoning module SettingsEditor (372)
[2017.06.18-10.37.52:905][804]LogModuleManager: Shutting down and abandoning module ProjectLauncher (370)
[2017.06.18-10.37.52:905][804]LogModuleManager: Shutting down and abandoning module SessionFrontend (368)
[2017.06.18-10.37.52:905][804]LogModuleManager: Shutting down and abandoning module ProfilerClient (366)
[2017.06.18-10.37.52:905][804]LogModuleManager: Shutting down and abandoning module DeviceManager (364)
[2017.06.18-10.37.52:905][804]LogModuleManager: Shutting down and abandoning module TargetDeviceServices (363)
[2017.06.18-10.37.52:949][804]LogModuleManager: Shutting down and abandoning module AutomationController (360)
[2017.06.18-10.37.52:949][804]LogModuleManager: Shutting down and abandoning module AutomationWindow (358)
[2017.06.18-10.37.52:949][804]LogModuleManager: Shutting down and abandoning module Layers (356)
[2017.06.18-10.37.52:949][804]LogModuleManager: Shutting down and abandoning module ComponentVisualizers (354)
[2017.06.18-10.37.52:949][804]LogModuleManager: Shutting down and abandoning module DetailCustomizations (352)
[2017.06.18-10.37.52:949][804]LogModuleManager: Shutting down and abandoning module PackagesDialog (350)
[2017.06.18-10.37.52:949][804]LogModuleManager: Shutting down and abandoning module Persona (348)
[2017.06.18-10.37.52:949][804]LogModuleManager: Shutting down and abandoning module AnimGraph (347)
[2017.06.18-10.37.52:949][804]LogModuleManager: Shutting down and abandoning module Kismet (344)
[2017.06.18-10.37.52:954][804]LogModuleManager: Shutting down and abandoning module GraphEditor (342)
[2017.06.18-10.37.52:954][804]LogModuleManager: Shutting down and abandoning module ClassViewer (340)
[2017.06.18-10.37.52:954][804]LogModuleManager: Shutting down and abandoning module Toolbox (338)
[2017.06.18-10.37.52:954][804]LogModuleManager: Shutting down and abandoning module ModuleUI (336)
[2017.06.18-10.37.52:954][804]LogModuleManager: Shutting down and abandoning module MovieSceneTools (334)
[2017.06.18-10.37.52:954][804]LogModuleManager: Shutting down and abandoning module OutputLog (332)
[2017.06.18-10.37.52:954][804]LogModuleManager: Shutting down and abandoning module GammaUI (330)
[2017.06.18-10.37.52:954][804]LogModuleManager: Shutting down and abandoning module Documentation (328)
[2017.06.18-10.37.52:954][804]LogModuleManager: Shutting down and abandoning module Niagara (326)
[2017.06.18-10.37.52:954][804]LogModuleManager: Shutting down and abandoning module StreamingPauseRendering (324)
[2017.06.18-10.37.52:954][804]LogModuleManager: Shutting down and abandoning module AnalyticsET (322)
[2017.06.18-10.37.52:954][804]LogModuleManager: Shutting down and abandoning module PortalServices (320)
[2017.06.18-10.37.52:954][804]LogModuleManager: Shutting down and abandoning module PortalRpc (318)
[2017.06.18-10.37.52:954][804]LogModuleManager: Shutting down and abandoning module MessagingRpc (316)
[2017.06.18-10.37.52:954][804]LogModuleManager: Shutting down and abandoning module AIModule (314)
[2017.06.18-10.37.52:954][804]LogModuleManager: Shutting down and abandoning module GameplayDebugger (313)
[2017.06.18-10.37.52:954][804]LogModuleManager: Shutting down and abandoning module AITestSuite (311)
[2017.06.18-10.37.52:954][804]LogModuleManager: Shutting down and abandoning module ProfilerService (308)
[2017.06.18-10.37.53:156][804]LogModuleManager: Shutting down and abandoning module TaskGraph (306)
[2017.06.18-10.37.53:156][804]LogModuleManager: Shutting down and abandoning module SteamVRController (304)
[2017.06.18-10.37.53:156][804]LogModuleManager: Shutting down and abandoning module SteamVR (302)
[2017.06.18-10.37.53:157][804]LogModuleManager: Shutting down and abandoning module ProceduralMeshComponentEditor (300)
[2017.06.18-10.37.53:157][804]LogModuleManager: Shutting down and abandoning module ProceduralMeshComponent (298)
[2017.06.18-10.37.53:157][804]LogModuleManager: Shutting down and abandoning module OculusLibrary (296)
[2017.06.18-10.37.53:157][804]LogModuleManager: Shutting down and abandoning module OculusInput (294)
[2017.06.18-10.37.53:157][804]LogModuleManager: Shutting down and abandoning module MobilePatchingUtils (292)
[2017.06.18-10.37.53:157][804]LogModuleManager: Shutting down and abandoning module CustomMeshComponent (290)
[2017.06.18-10.37.53:157][804]LogModuleManager: Shutting down and abandoning module CableComponent (288)
[2017.06.18-10.37.53:157][804]LogModuleManager: Shutting down and abandoning module ArchVisCharacter (286)
[2017.06.18-10.37.53:157][804]LogModuleManager: Shutting down and abandoning module MediaPlayerEditor (282)
[2017.06.18-10.37.53:157][804]LogModuleManager: Shutting down and abandoning module HTML5Networking (280)
[2017.06.18-10.37.53:157][804]LogModuleManager: Shutting down and abandoning module AlembicImporter (278)
[2017.06.18-10.37.53:157][804]LogModuleManager: Shutting down and abandoning module AlembicLibrary (277)
[2017.06.18-10.37.53:157][804]LogModuleManager: Shutting down and abandoning module GeometryCache (276)
[2017.06.18-10.37.53:157][804]LogModuleManager: Shutting down and abandoning module GeometryCacheEd (275)
[2017.06.18-10.37.53:157][804]LogModuleManager: Shutting down and abandoning module SuperSearchEditor (270)
[2017.06.18-10.37.53:157][804]LogModuleManager: Shutting down and abandoning module SuperSearch (269)
[2017.06.18-10.37.53:157][804]LogModuleManager: Shutting down and abandoning module SpeedTreeImporter (266)
[2017.06.18-10.37.53:157][804]LogModuleManager: Shutting down and abandoning module PluginBrowser (264)
[2017.06.18-10.37.53:157][804]LogModuleManager: Shutting down and abandoning module MobileLauncherProfileWizard (262)
[2017.06.18-10.37.53:157][804]LogModuleManager: Shutting down and abandoning module EpicSurvey (260)
[2017.06.18-10.37.53:157][804]LogModuleManager: Shutting down and abandoning module VisualStudioSourceCodeAccess (258)
[2017.06.18-10.37.53:157][804]LogModuleManager: Shutting down and abandoning module UObjectPlugin (256)
[2017.06.18-10.37.53:157][804]LogModuleManager: Shutting down and abandoning module SubversionSourceControl (254)
[2017.06.18-10.37.53:157][804]LogModuleManager: Shutting down and abandoning module PerforceSourceControl (252)
[2017.06.18-10.37.53:157][804]LogModuleManager: Shutting down and abandoning module GitSourceControl (250)
[2017.06.18-10.37.53:157][804]LogModuleManager: Shutting down and abandoning module SourceControl (249)
[2017.06.18-10.37.53:157][804]LogModuleManager: Shutting down and abandoning module LightPropagationVolumeEditor (246)
[2017.06.18-10.37.53:157][804]LogModuleManager: Shutting down and abandoning module PaperTiledImporter (244)
[2017.06.18-10.37.53:157][804]LogModuleManager: Shutting down and abandoning module PaperSpriteSheetImporter (242)
[2017.06.18-10.37.53:157][804]LogModuleManager: Shutting down and abandoning module Paper2DEditor (240)
[2017.06.18-10.37.53:157][804]LogModuleManager: Shutting down and abandoning module MeshPaint (239)
[2017.06.18-10.37.53:157][804]LogModuleManager: Shutting down and abandoning module LevelEditor (237)
[2017.06.18-10.37.53:158][804]LogModuleManager: Shutting down and abandoning module PixelInspectorModule (236)
[2017.06.18-10.37.53:158][804]LogModuleManager: Shutting down and abandoning module MainFrame (234)
[2017.06.18-10.37.53:158][804]LogModuleManager: Shutting down and abandoning module HotReload (233)
[2017.06.18-10.37.53:158][804]LogDirectoryWatcher: A directory notification for 'C:/Users/Marcus/Desktop/GitHub/UE4-Zero/UE4_Zero/Binaries/Win64' was aborted.
[2017.06.18-10.37.53:158][804]LogModuleManager: Shutting down and abandoning module ContentBrowser (229)
[2017.06.18-10.37.53:159][804]LogModuleManager: Shutting down and abandoning module UE4_Zero (226)
[2017.06.18-10.37.53:159][804]LogModuleManager: Shutting down and abandoning module PhysXVehiclesEditor (224)
[2017.06.18-10.37.53:159][804]LogModuleManager: Shutting down and abandoning module PhysXVehicles (222)
[2017.06.18-10.37.53:159][804]LogModuleManager: Shutting down and abandoning module LocationServicesBPLibrary (220)
[2017.06.18-10.37.53:159][804]LogModuleManager: Shutting down and abandoning module UdpMessaging (218)
[2017.06.18-10.37.53:260][804]LogModuleManager: Shutting down and abandoning module TcpMessaging (216)
[2017.06.18-10.37.53:360][804]LogModuleManager: Shutting down and abandoning module GameplayTagsEditor (214)
[2017.06.18-10.37.53:360][804]LogModuleManager: Shutting down and abandoning module FacialAnimationEditor (212)
[2017.06.18-10.37.53:360][804]LogModuleManager: Shutting down and abandoning module FacialAnimation (210)
[2017.06.18-10.37.53:360][804]LogModuleManager: Shutting down and abandoning module LightPropagationVolumeRuntime (208)
[2017.06.18-10.37.53:360][804]LogModuleManager: Shutting down and abandoning module Paper2D (206)
[2017.06.18-10.37.53:360][804]LogModuleManager: Shutting down and abandoning module WindowsMoviePlayer (204)
[2017.06.18-10.37.53:360][804]LogModuleManager: Shutting down and abandoning module WmfMedia (202)
[2017.06.18-10.37.53:360][804]LogModuleManager: Shutting down and abandoning module MfMedia (200)
[2017.06.18-10.37.53:360][804]LogModuleManager: Shutting down and abandoning module MediaAssets (198)
[2017.06.18-10.37.53:360][804]LogModuleManager: Shutting down and abandoning module GameLiveStreaming (196)
[2017.06.18-10.37.53:360][804]LogModuleManager: Shutting down and abandoning module VREditor (194)
[2017.06.18-10.37.53:360][804]LogModuleManager: Shutting down and abandoning module GameplayTasksEditor (192)
[2017.06.18-10.37.53:360][804]LogModuleManager: Shutting down and abandoning module BehaviorTreeEditor (190)
[2017.06.18-10.37.53:360][804]LogModuleManager: Shutting down and abandoning module FunctionalTesting (188)
[2017.06.18-10.37.53:360][804]LogModuleManager: Shutting down and abandoning module CollisionAnalyzer (186)
[2017.06.18-10.37.53:360][804]LogModuleManager: Shutting down and abandoning module UMG (184)
[2017.06.18-10.37.53:360][804]LogModuleManager: Shutting down and abandoning module UMGEditor (183)
[2017.06.18-10.37.53:360][804]LogModuleManager: Shutting down and abandoning module Sequencer (182)
[2017.06.18-10.37.53:360][804]LogModuleManager: Shutting down and abandoning module AssetTools (180)
[2017.06.18-10.37.53:360][804]LogModuleManager: Shutting down and abandoning module MessageLog (179)
[2017.06.18-10.37.53:360][804]LogModuleManager: Shutting down and abandoning module WorkspaceMenuStructure (178)
[2017.06.18-10.37.53:360][804]LogModuleManager: Shutting down and abandoning module SlateReflector (172)
[2017.06.18-10.37.53:360][804]LogModuleManager: Shutting down and abandoning module Slate (170)
[2017.06.18-10.37.53:360][804]LogModuleManager: Shutting down and abandoning module EditorStyle (168)
[2017.06.18-10.37.53:364][804]LogModuleManager: Shutting down and abandoning module SourceCodeAccess (166)
[2017.06.18-10.37.53:364][804]LogModuleManager: Shutting down and abandoning module HeadMountedDisplay (164)
[2017.06.18-10.37.53:364][804]LogModuleManager: Shutting down and abandoning module XAudio2 (162)
[2017.06.18-10.37.53:364][804]LogModuleManager: Shutting down and abandoning module Networking (160)
[2017.06.18-10.37.53:364][804]LogModuleManager: Shutting down and abandoning module Core (156)
[2017.06.18-10.37.53:364][804]LogModuleManager: Shutting down and abandoning module AssetRegistry (154)
[2017.06.18-10.37.53:428][804]LogDirectoryWatcher: A directory notification for '../../../Engine/Content/' was aborted.
[2017.06.18-10.37.53:428][804]LogDirectoryWatcher: A directory notification for '../../../../../../Users/Marcus/Desktop/GitHub/UE4-Zero/UE4_Zero/Content/' was aborted.
[2017.06.18-10.37.53:428][804]LogDirectoryWatcher: A directory notification for '../../../Engine/Plugins/2D/Paper2D/Content/' was aborted.
[2017.06.18-10.37.53:428][804]LogModuleManager: Shutting down and abandoning module DirectoryWatcher (153)
[2017.06.18-10.37.53:429][804]LogModuleManager: Shutting down and abandoning module KismetCompiler (150)
[2017.06.18-10.37.53:429][804]LogModuleManager: Shutting down and abandoning module PhysXFormats (148)
[2017.06.18-10.37.53:429][804]LogModuleManager: Shutting down and abandoning module MeshUtilities (146)
[2017.06.18-10.37.53:429][804]LogModuleManager: Shutting down and abandoning module SimplygonSwarm (145)
[2017.06.18-10.37.53:429][804]LogModuleManager: Shutting down and abandoning module SimplygonMeshReduction (143)
[2017.06.18-10.37.53:429][804]LogModuleManager: Shutting down and abandoning module QuadricMeshReduction (141)
[2017.06.18-10.37.53:429][804]LogModuleManager: Shutting down and abandoning module PropertyEditor (139)
[2017.06.18-10.37.53:429][804]LogModuleManager: Shutting down and abandoning module DerivedDataCache (136)
[2017.06.18-10.37.53:502][804]LogDerivedDataCache: Shutdown
[2017.06.18-10.37.53:502][804]LogModuleManager: Shutting down and abandoning module TargetPlatform (134)
[2017.06.18-10.37.53:502][804]LogModuleManager: Shutting down and abandoning module VulkanShaderFormat (133)
[2017.06.18-10.37.53:502][804]LogModuleManager: Shutting down and abandoning module ShaderFormatOpenGL (131)
[2017.06.18-10.37.53:502][804]LogModuleManager: Shutting down and abandoning module ShaderFormatD3D (129)
[2017.06.18-10.37.53:502][804]LogModuleManager: Shutting down and abandoning module MetalShaderFormat (127)
[2017.06.18-10.37.53:502][804]LogModuleManager: Shutting down and abandoning module TextureFormatUncompressed (125)
[2017.06.18-10.37.53:502][804]LogModuleManager: Shutting down and abandoning module TextureFormatPVR (123)
[2017.06.18-10.37.53:502][804]LogModuleManager: Shutting down and abandoning module TextureFormatDXT (121)
[2017.06.18-10.37.53:502][804]LogModuleManager: Shutting down and abandoning module TextureFormatIntelISPCTexComp (119)
[2017.06.18-10.37.53:502][804]LogModuleManager: Shutting down and abandoning module TextureFormatASTC (117)
[2017.06.18-10.37.53:502][804]LogModuleManager: Shutting down and abandoning module ImageWrapper (116)
[2017.06.18-10.37.53:502][804]LogModuleManager: Shutting down and abandoning module TextureFormatAndroid (113)
[2017.06.18-10.37.53:502][804]LogModuleManager: Shutting down and abandoning module AudioFormatOpus (111)
[2017.06.18-10.37.53:502][804]LogModuleManager: Shutting down and abandoning module AudioFormatOgg (109)
[2017.06.18-10.37.53:502][804]LogModuleManager: Shutting down and abandoning module AudioFormatADPCM (107)
[2017.06.18-10.37.53:502][804]LogModuleManager: Shutting down and abandoning module LinuxTargetPlatform (105)
[2017.06.18-10.37.53:502][804]LogModuleManager: Shutting down and abandoning module LinuxServerTargetPlatform (103)
[2017.06.18-10.37.53:502][804]LogModuleManager: Shutting down and abandoning module LinuxNoEditorTargetPlatform (101)
[2017.06.18-10.37.53:502][804]LogModuleManager: Shutting down and abandoning module LinuxClientTargetPlatform (99)
[2017.06.18-10.37.53:502][804]LogModuleManager: Shutting down and abandoning module TVOSTargetPlatform (97)
[2017.06.18-10.37.53:502][804]LogModuleManager: Shutting down and abandoning module Messaging (95)
[2017.06.18-10.37.53:502][804]LogModuleManager: Shutting down and abandoning module IOSTargetPlatform (93)
[2017.06.18-10.37.53:502][804]LogModuleManager: Shutting down and abandoning module HTML5TargetPlatform (91)
[2017.06.18-10.37.53:502][804]LogModuleManager: Shutting down and abandoning module Android_PVRTCTargetPlatform (89)
[2017.06.18-10.37.53:502][804]LogModuleManager: Shutting down and abandoning module Android_MultiTargetPlatform (87)
[2017.06.18-10.37.53:502][804]LogModuleManager: Shutting down and abandoning module Android_ETC2TargetPlatform (85)
[2017.06.18-10.37.53:502][804]LogModuleManager: Shutting down and abandoning module Android_ETC1TargetPlatform (83)
[2017.06.18-10.37.53:502][804]LogModuleManager: Shutting down and abandoning module Android_DXTTargetPlatform (81)
[2017.06.18-10.37.53:502][804]LogModuleManager: Shutting down and abandoning module Android_ATCTargetPlatform (79)
[2017.06.18-10.37.53:502][804]LogModuleManager: Shutting down and abandoning module Android_ASTCTargetPlatform (77)
[2017.06.18-10.37.53:502][804]LogModuleManager: Shutting down and abandoning module AndroidTargetPlatform (75)
[2017.06.18-10.37.53:502][804]LogModuleManager: Shutting down and abandoning module WindowsTargetPlatform (73)
[2017.06.18-10.37.53:502][804]LogModuleManager: Shutting down and abandoning module WindowsServerTargetPlatform (71)
[2017.06.18-10.37.53:502][804]LogModuleManager: Shutting down and abandoning module WindowsNoEditorTargetPlatform (69)
[2017.06.18-10.37.53:502][804]LogModuleManager: Shutting down and abandoning module WindowsClientTargetPlatform (67)
[2017.06.18-10.37.53:502][804]LogModuleManager: Shutting down and abandoning module MacTargetPlatform (65)
[2017.06.18-10.37.53:503][804]LogModuleManager: Shutting down and abandoning module MacServerTargetPlatform (63)
[2017.06.18-10.37.53:503][804]LogModuleManager: Shutting down and abandoning module MacNoEditorTargetPlatform (61)
[2017.06.18-10.37.53:503][804]LogModuleManager: Shutting down and abandoning module MacClientTargetPlatform (59)
[2017.06.18-10.37.53:503][804]LogModuleManager: Shutting down and abandoning module AllDesktopTargetPlatform (57)
[2017.06.18-10.37.53:503][804]LogModuleManager: Shutting down and abandoning module InputCore (54)
[2017.06.18-10.37.53:503][804]LogModuleManager: Shutting down and abandoning module Settings (52)
[2017.06.18-10.37.53:503][804]LogModuleManager: Shutting down and abandoning module OculusRift (50)
[2017.06.18-10.37.53:503][804]LogModuleManager: Shutting down and abandoning module GearVR (48)
[2017.06.18-10.37.53:503][804]LogModuleManager: Shutting down and abandoning module ExampleDeviceProfileSelector (46)
[2017.06.18-10.37.53:503][804]LogModuleManager: Shutting down and abandoning module OnlineBlueprintSupport (44)
[2017.06.18-10.37.53:503][804]LogModuleManager: Shutting down and abandoning module OnlineSubsystem (40)
[2017.06.18-10.37.53:503][804]LogOnline:Display: Unloading online subsystem: NULL
[2017.06.18-10.37.53:503][804]LogModuleManager: Shutting down and abandoning module XMPP (39)
[2017.06.18-10.37.53:503][804]LogModuleManager: Shutting down and abandoning module HTTP (37)
[2017.06.18-10.37.53:503][804]LogHttp:Display: Http module shutting down, but needs to wait on 1 outstanding Http requests:
[2017.06.18-10.37.53:503][804]LogHttp:Display: 	verb=[POST] url=[https://datarouter.ol.epicgames.com/datarouter/api/v1/public/data?SessionID=%7B815DFA0D-4EFB-DBD3-95CA-39896575EAF7%7D&AppID=UEEditor.Rocket.Release&AppVersion=4.15.3-3450819%2B%2B%2BUE4%2BRelease-4.15&UserID=97d3f40d403ff4a258d6f980a741b4dc%7C969837ba78db4a5a8b4180254925176e%7C81706c51-5e4d-4c53-8181-bc8c50ced6a7&AppEnvironment=datacollector-binary&UploadType=eteventstream] status=Processing
[2017.06.18-10.37.53:531][804]LogModuleManager: Shutting down and abandoning module SSL (36)
[2017.06.18-10.37.53:532][804]LogModuleManager: Shutting down and abandoning module DesktopPlatform (32)
[2017.06.18-10.37.53:532][804]LogModuleManager: Shutting down and abandoning module AudioEditor (30)
[2017.06.18-10.37.53:532][804]LogModuleManager: Shutting down and abandoning module TextureCompressor (28)
[2017.06.18-10.37.53:532][804]LogModuleManager: Shutting down and abandoning module ShaderCore (26)
[2017.06.18-10.37.53:532][804]LogModuleManager: Shutting down and abandoning module Landscape (24)
[2017.06.18-10.37.53:532][804]LogModuleManager: Shutting down and abandoning module SlateRHIRenderer (22)
[2017.06.18-10.37.53:534][804]LogModuleManager: Shutting down and abandoning module OpenGLDrv (20)
[2017.06.18-10.37.53:534][804]LogModuleManager: Shutting down and abandoning module D3D11RHI (18)
[2017.06.18-10.37.53:534][804]LogModuleManager: Shutting down and abandoning module AnimGraphRuntime (16)
[2017.06.18-10.37.53:534][804]LogModuleManager: Shutting down and abandoning module Renderer (14)
[2017.06.18-10.37.53:534][804]LogModuleManager: Shutting down and abandoning module Engine (12)
[2017.06.18-10.37.53:534][804]LogModuleManager: Shutting down and abandoning module CoreUObject (10)
[2017.06.18-10.37.53:534][804]LogModuleManager: Shutting down and abandoning module NetworkFile (8)
[2017.06.18-10.37.53:534][804]LogModuleManager: Shutting down and abandoning module StreamingFile (6)
[2017.06.18-10.37.53:534][804]LogModuleManager: Shutting down and abandoning module SandboxFile (4)
[2017.06.18-10.37.53:534][804]LogModuleManager: Shutting down and abandoning module PakFile (2)
[2017.06.18-10.37.53:536][804]LogExit: Exiting.
[2017.06.18-10.37.53:537][804]Log file closed, 06/18/17 11:37:53
