Log file open, 06/18/17 11:39:13
LogInit:Display: Running engine for game: UE4_Zero
LogPlatformFile: Not using cached read wrapper
LogInit:Display: RandInit(-1914107533) SRandInit(-1914107533).
LogTaskGraph: Started task graph with 5 named threads and 8 total threads with 1 sets of task threads.
LogStats: Stats thread started at 0.092491
LogInit: Using libcurl 7.47.1
LogInit:  - built for x86_64-pc-win32
LogInit:  - supports SSL with OpenSSL/1.0.2g
LogInit:  - supports HTTP deflate (compression) using libz 1.2.8
LogInit:  - other features:
LogInit:      CURL_VERSION_SSL
LogInit:      CURL_VERSION_LIBZ
LogInit:      CURL_VERSION_IPV6
LogInit:      CURL_VERSION_ASYNCHDNS
LogInit:      CURL_VERSION_LARGEFILE
LogInit:      CURL_VERSION_IDN
LogInit:  CurlRequestOptions (configurable via config and command line):
LogInit:  - bVerifyPeer = false  - Libcurl will NOT verify peer certificate
LogInit:  - bUseHttpProxy = false  - Libcurl will NOT use HTTP proxy
LogInit:  - bDontReuseConnections = false  - Libcurl will reuse connections
LogInit:  - CertBundlePath = nullptr  - Libcurl will use whatever was configured at build time.
LogInit: Build: ++UE4+Release-4.15-CL-3450819
LogInit: Engine Version: 4.15.3-3450819+++UE4+Release-4.15
LogInit: Compatible Engine Version: 4.15.0-3299760+++UE4+Release-4.15
LogInit: Net CL: 3299760
LogDevObjectVersion: Number of dev versions registered: 14
LogDevObjectVersion:   Dev-Blueprints (B0D832E4-1F89-4F0D-ACCF-7EB736FD4AA2): 8
LogDevObjectVersion:   Dev-Build (E1C64328-A22C-4D53-A36C-8E866417BD8C): 0
LogDevObjectVersion:   Dev-Core (375EC13C-06E4-48FB-B500-84F0262A717E): 2
LogDevObjectVersion:   Dev-Editor (E4B068ED-F494-42E9-A231-DA0B2E46BB41): 14
LogDevObjectVersion:   Dev-Framework (CFFC743F-43B0-4480-9391-14DF171D2073): 22
LogDevObjectVersion:   Dev-Mobile (B02B49B5-BB20-44E9-A304-32B752E40360): 0
LogDevObjectVersion:   Dev-Networking (A4E4105C-59A1-49B5-A7C5-40C4547EDFEE): 0
LogDevObjectVersion:   Dev-Online (39C831C9-5AE6-47DC-9A44-9C173E1C8E7C): 0
LogDevObjectVersion:   Dev-Physics (78F01B33-EBEA-4F98-B9B4-84EACCB95AA2): 0
LogDevObjectVersion:   Dev-Platform (6631380F-2D4D-43E0-8009-CF276956A95A): 0
LogDevObjectVersion:   Dev-Rendering (12F88B9F-8875-4AFC-A67C-D90C383ABD29): 12
LogDevObjectVersion:   Dev-Sequencer (7B5AE74C-D270-4C10-A958-57980B212A5A): 3
LogDevObjectVersion:   Dev-VR (D7296918-1DD6-4BDD-9DE2-64A83CC13884): 0
LogDevObjectVersion:   Dev-LoadTimes (C2A15278-BFE7-4AFE-6C17-90FF531DF755): 1
LogInit: Compiled (64-bit): May 21 2017 11:02:34
LogInit: Compiled with Visual C++: 19.00.23026.00
LogInit: Build Configuration: Development
LogInit: Branch Name: ++UE4+Release-4.15
LogInit: Command line:  
LogInit: Base directory: C:/Program Files/Epic Games/UE_4.15/Engine/Binaries/Win64/
LogInit: Installed Engine Build: 1
LogInit: Presizing for max 8388607 objects, including 0 objects not considered by GC, pre-allocating 0 bytes for permanent pool.
LogInit: Object subsystem initialized
[2017.06.18-10.39.14:945][  0]LogInit: Selected Device Profile: [Windows]
[2017.06.18-10.39.14:945][  0]LogInit: Applying CVar settings loaded from the selected device profile: [Windows]
[2017.06.18-10.39.14:956][  0]LogInit: Computer: DESKTOP-E3PDIQS
[2017.06.18-10.39.14:956][  0]LogInit: User: Marcus
[2017.06.18-10.39.14:956][  0]LogInit: CPU Page size=65536, Cores=4
[2017.06.18-10.39.14:956][  0]LogInit: High frequency timer resolution =2.929686 MHz
[2017.06.18-10.39.14:956][  0]LogMemory: Memory total: Physical=16.0GB (16GB approx)
[2017.06.18-10.39.14:956][  0]LogMemory: Platform Memory Stats for Windows
[2017.06.18-10.39.14:956][  0]LogMemory: Process Physical Memory: 263.19 MB used, 263.19 MB peak
[2017.06.18-10.39.14:956][  0]LogMemory: Process Virtual Memory: 262.22 MB used, 262.22 MB peak
[2017.06.18-10.39.14:956][  0]LogMemory: Physical Memory: 4090.25 MB used,  12246.18 MB free, 16336.43 MB total
[2017.06.18-10.39.14:956][  0]LogMemory: Virtual Memory: 644.24 MB used,  12246.18 MB free, 134217728.00 MB total
[2017.06.18-10.39.15:272][  0]LogTextLocalizationManager: No specific translations for ('en-GB') exist, so ('en') translations will be used.
[2017.06.18-10.39.16:191][  0]LogD3D11RHI: D3D11 adapters:
[2017.06.18-10.39.16:810][  0]LogD3D11RHI:    0. 'NVIDIA GeForce GTX 1050' (Feature Level 11_0)
[2017.06.18-10.39.16:810][  0]LogD3D11RHI:       2006/0/8168 MB DedicatedVideo/DedicatedSystem/SharedSystem, Outputs:2, VendorId:0x10de
[2017.06.18-10.39.16:812][  0]LogD3D11RHI:    1. 'Microsoft Basic Render Driver' (Feature Level 11_0)
[2017.06.18-10.39.16:812][  0]LogD3D11RHI:       0/0/8168 MB DedicatedVideo/DedicatedSystem/SharedSystem, Outputs:0, VendorId:0x1414
[2017.06.18-10.39.16:812][  0]LogD3D11RHI: Chosen D3D11 Adapter: 0
[2017.06.18-10.39.16:818][  0]LogD3D11RHI: Creating new Direct3DDevice
[2017.06.18-10.39.16:818][  0]LogD3D11RHI:     GPU DeviceId: 0x1c81 (for the marketing name, search the web for "GPU Device Id")
[2017.06.18-10.39.16:818][  0]LogWindows: EnumDisplayDevices:
[2017.06.18-10.39.16:818][  0]LogWindows:    0. 'NVIDIA GeForce GTX 1050' (P:1 D:1)
[2017.06.18-10.39.16:818][  0]LogWindows:    1. 'NVIDIA GeForce GTX 1050' (P:0 D:1)
[2017.06.18-10.39.16:818][  0]LogWindows:    2. 'NVIDIA GeForce GTX 1050' (P:0 D:0)
[2017.06.18-10.39.16:818][  0]LogWindows:    3. 'NVIDIA GeForce GTX 1050' (P:0 D:0)
[2017.06.18-10.39.16:819][  0]LogWindows: DebugString: FoundDriverCount:4 
[2017.06.18-10.39.16:819][  0]LogD3D11RHI:     Adapter Name: NVIDIA GeForce GTX 1050
[2017.06.18-10.39.16:819][  0]LogD3D11RHI:   Driver Version: 382.33 (internal:22.21.13.8233, unified:382.33)
[2017.06.18-10.39.16:819][  0]LogD3D11RHI:      Driver Date: 5-17-2017
[2017.06.18-10.39.16:819][  0]LogRHI: Texture pool is 1361 MB (70% of 1945 MB)
[2017.06.18-10.39.17:394][  0]LogD3D11RHI: Async texture creation enabled
[2017.06.18-10.39.17:428][  0]LogD3D11RHI: GPU Timing Frequency: 1000.000000 (Debug: 2 1)
[2017.06.18-10.39.17:430][  0]LogShaderCompilers: Guid format shader working directory is -13 characters bigger than the processId version (../../../../../../Users/Marcus/Desktop/GitHub/UE4-Zero/UE4_Zero/Intermediate/Shaders/WorkingDirectory/8/).
[2017.06.18-10.39.17:430][  0]LogShaderCompilers: Cleaned the shader compiler working directory 'C:/Users/Marcus/AppData/Local/Temp/UnrealShaderWorkingDir/EFF8CFC8487916084A71139C31CCFB06/'.
[2017.06.18-10.39.17:430][  0]LogShaderCompilers:Display: Using Local Shader Compiler.
[2017.06.18-10.39.18:830][  0]LogTemp:Display: Loaded TP AllDesktopTargetPlatform
[2017.06.18-10.39.19:021][  0]LogTemp:Display: Loaded TP MacClientTargetPlatform
[2017.06.18-10.39.19:201][  0]LogTemp:Display: Loaded TP MacNoEditorTargetPlatform
[2017.06.18-10.39.19:370][  0]LogTemp:Display: Loaded TP MacServerTargetPlatform
[2017.06.18-10.39.19:543][  0]LogTemp:Display: Loaded TP MacTargetPlatform
[2017.06.18-10.39.19:713][  0]LogTemp:Display: Loaded TP WindowsClientTargetPlatform
[2017.06.18-10.39.19:886][  0]LogTemp:Display: Loaded TP WindowsNoEditorTargetPlatform
[2017.06.18-10.39.20:061][  0]LogTemp:Display: Loaded TP WindowsServerTargetPlatform
[2017.06.18-10.39.20:224][  0]LogTemp:Display: Loaded TP WindowsTargetPlatform
[2017.06.18-10.39.20:396][  0]LogTemp:Display: Loaded TP AndroidTargetPlatform
[2017.06.18-10.39.20:596][  0]LogTemp:Display: Loaded TP Android_ASTCTargetPlatform
[2017.06.18-10.39.20:767][  0]LogTemp:Display: Loaded TP Android_ATCTargetPlatform
[2017.06.18-10.39.20:943][  0]LogTemp:Display: Loaded TP Android_DXTTargetPlatform
[2017.06.18-10.39.21:120][  0]LogTemp:Display: Loaded TP Android_ETC1TargetPlatform
[2017.06.18-10.39.21:295][  0]LogTemp:Display: Loaded TP Android_ETC2TargetPlatform
[2017.06.18-10.39.21:635][  0]LogTemp:Display: Loaded TP Android_MultiTargetPlatform
[2017.06.18-10.39.21:635][  0]LogTemp:Display: Loaded TP Android_PVRTCTargetPlatform
[2017.06.18-10.39.21:790][  0]LogTemp:Display: Loaded TP HTML5TargetPlatform
[2017.06.18-10.39.22:082][  0]LogTemp:Display: Loaded TP IOSTargetPlatform
[2017.06.18-10.39.22:189][  0]LogTemp:Display: Loaded TP TVOSTargetPlatform
[2017.06.18-10.39.22:360][  0]LogTemp:Display: Loaded TP LinuxClientTargetPlatform
[2017.06.18-10.39.22:530][  0]LogTemp:Display: Loaded TP LinuxNoEditorTargetPlatform
[2017.06.18-10.39.22:700][  0]LogTemp:Display: Loaded TP LinuxServerTargetPlatform
[2017.06.18-10.39.22:870][  0]LogTemp:Display: Loaded TP LinuxTargetPlatform
[2017.06.18-10.39.22:870][  0]LogTargetPlatformManager:Display: Building Assets For Windows
[2017.06.18-10.39.24:576][  0]LogDerivedDataCache:Display: Max Cache Size: 512 MB
[2017.06.18-10.39.24:625][  0]LogDerivedDataCache: Loaded boot cache 0.05s 50MB C:/Users/Marcus/AppData/Local/UnrealEngine/4.15/DerivedDataCache/Boot.ddc.
[2017.06.18-10.39.24:625][  0]LogDerivedDataCache:Display: Loaded Boot cache: C:/Users/Marcus/AppData/Local/UnrealEngine/4.15/DerivedDataCache/Boot.ddc
[2017.06.18-10.39.24:625][  0]LogDerivedDataCache: FDerivedDataBackendGraph:  Pak pak cache file ../../../../../../Users/Marcus/Desktop/GitHub/UE4-Zero/UE4_Zero/DerivedDataCache/DDC.ddp not found, will not use a pak cache.
[2017.06.18-10.39.24:625][  0]LogDerivedDataCache: Unable to find inner node Pak for hierarchical cache Hierarchy.
[2017.06.18-10.39.24:626][  0]LogDerivedDataCache: FDerivedDataBackendGraph:  CompressedPak pak cache file ../../../../../../Users/Marcus/Desktop/GitHub/UE4-Zero/UE4_Zero/DerivedDataCache/Compressed.ddp not found, will not use a pak cache.
[2017.06.18-10.39.24:626][  0]LogDerivedDataCache: Unable to find inner node CompressedPak for hierarchical cache Hierarchy.
[2017.06.18-10.39.24:642][  0]LogDerivedDataCache:Display: Pak cache opened for reading ../../../Engine/DerivedDataCache/Compressed.ddp.
[2017.06.18-10.39.24:654][  0]LogDerivedDataCache: Using Local data cache path C:/Users/Marcus/AppData/Local/UnrealEngine/Common/DerivedDataCache: Writable
[2017.06.18-10.39.24:663][  0]LogSlate: Using Freetype 2.6.0
[2017.06.18-10.39.24:663][  0]LogSlate: SlateFontCache - WITH_FREETYPE: 1, WITH_HARFBUZZ: 1
[2017.06.18-10.39.24:664][  0]LogSlate: SlateFontCache - WITH_FREETYPE: 1, WITH_HARFBUZZ: 1
[2017.06.18-10.39.24:972][  0]LogInit: Selected Device Profile: [Windows]
[2017.06.18-10.39.24:974][  0]LogContentStreaming: Texture pool size is 0.00 MB
[2017.06.18-10.39.25:483][  0]LogMeshUtilities: Using QuadricMeshReduction for automatic static mesh reduction
[2017.06.18-10.39.25:649][  0]LogSimplygon: Simplygon DLL not present - disabling.
[2017.06.18-10.39.25:819][  0]LogMeshUtilities: Using SimplygonSwarm for distributed automatic mesh merging
[2017.06.18-10.39.25:819][  0]LogMeshUtilities: No automatic skeletal mesh reduction module available
[2017.06.18-10.39.25:819][  0]LogMeshUtilities: No automatic mesh merging module available
[2017.06.18-10.39.26:798][  0]LogNetVersion: GetLocalNetworkVersion: CL: 3299760, ProjectName: ue4_zero, ProjectVersion: , EngineNetworkVersion: 2, GameNetworkVersion: 0, NetworkChecksum: 276590260
[2017.06.18-10.39.26:915][  0]LogAssetRegistry: FAssetRegistry took 0.0222 seconds to start up
[2017.06.18-10.39.27:048][  0]LogPackageLocalizationCache: Processed 3 localized package path(s) for 2 prioritized culture(s) in 0.041999 seconds
[2017.06.18-10.39.27:053][  0]LogUObjectArray: 32493 objects as part of root set at end of initial load.
[2017.06.18-10.39.27:053][  0]LogUObjectAllocator: 7077032 out of 0 bytes used by permanent object pool.
[2017.06.18-10.39.27:053][  0]LogUObjectArray: CloseDisregardForGC: 0/0 objects in disregard for GC pool
[2017.06.18-10.39.27:360][  0]LogInit: WinSock: version 1.1 (2.2), MaxSocks=32767, MaxUdp=65467
[2017.06.18-10.39.32:252][  0]LogTcpMessaging: Initializing TcpMessaging bridge
[2017.06.18-10.39.32:372][  0]LogUdpMessaging: Initializing bridge on interface 0.0.0.0:0 to multicast group 230.0.0.1:6666.
[2017.06.18-10.39.33:971][  0]LogMaterial: Uniform references updated for custom material expression Custom.
[2017.06.18-10.39.35:178][  0]SourceControl: Info Source control is disabled
[2017.06.18-10.39.35:180][  0]SourceControl: Info Source control is disabled
[2017.06.18-10.39.35:348][  0]SourceControl: Info Source control is disabled
[2017.06.18-10.39.35:514][  0]SourceControl: Info Source control is disabled
[2017.06.18-10.39.40:161][  0]LogEngine: Initializing Engine...
[2017.06.18-10.39.40:162][  0]LogHMD: Failed to initialize OpenVR with code 110
[2017.06.18-10.39.40:291][  0]LogStats: UGameplayTagsManager::ConstructGameplayTagTree: Construct from data asset -  0.000 s
[2017.06.18-10.39.40:291][  0]LogStats: UGameplayTagsManager::ConstructGameplayTagTree: GameplayTagTreeChangedEvent.Broadcast -  0.000 s
[2017.06.18-10.39.40:795][  0]LogAIModule: Creating AISystem for world Untitled
[2017.06.18-10.39.40:803][  0]LogInit: XAudio2 using 'Digital Audio (S/PDIF) (High Definition Audio Device)' : 2 channels at 44.1 kHz using 16 bits per sample (channel mask 0x3)
[2017.06.18-10.39.40:826][  0]LogInit: FAudioDevice initialized.
[2017.06.18-10.39.40:849][  0]LogDerivedDataCache: Saved boot cache 0.02s 50MB C:/Users/Marcus/AppData/Local/UnrealEngine/4.15/DerivedDataCache/Boot.ddc.
[2017.06.18-10.39.40:856][  0]LogInit: Texture streaming: Enabled
[2017.06.18-10.39.41:272][  0]LogEngineSessionManager: EngineSessionManager initialized
[2017.06.18-10.39.41:595][  0]LogInit: Transaction tracking system initialized
[2017.06.18-10.39.42:973][  0]BlueprintLog: New page: Editor Load
[2017.06.18-10.39.46:481][  0]LocalizationService: Info Localization service is disabled
[2017.06.18-10.39.49:021][  0]LogConsoleResponse:Display: 
[2017.06.18-10.39.49:232][  0]LogCook:Display: Max memory allowance for cook 16384mb min free memory 0mb
[2017.06.18-10.39.49:232][  0]LogCook:Display: Mobile HDR setting 1
[2017.06.18-10.39.49:781][  0]LogFileCache: Scanning file cache for directory 'C:/Users/Marcus/Desktop/GitHub/UE4-Zero/UE4_Zero/Content/' took 0.02s
[2017.06.18-10.39.53:096][  0]SourceControl: Info Source control is disabled
[2017.06.18-10.39.53:096][  0]Cmd: MAP LOAD FILE="../../../../../../Users/Marcus/Desktop/GitHub/UE4-Zero/UE4_Zero/Content/Maps/Start.umap" TEMPLATE=0 SHOWPROGRESS=1 FEATURELEVEL=3
[2017.06.18-10.39.53:097][  0]LightingResults: New page: Lighting Build
[2017.06.18-10.39.53:250][  0]MapCheck: New page: Map Check
[2017.06.18-10.39.53:250][  0]LightingResults: New page: Lighting Build
[2017.06.18-10.39.53:451][  0]LogAIModule: Creating AISystem for world Start
[2017.06.18-10.39.53:472][  0]LogEditorServer: Finished looking for orphan Actors (0.000 secs)
[2017.06.18-10.39.53:473][  0]Cmd: MAP CHECKDEP NOCLEARLOG
[2017.06.18-10.39.53:569][  0]MapCheck: Info Map check complete: 0 Error(s), 0 Warning(s), took 96.155ms to complete.
[2017.06.18-10.39.53:569][  0]LogFileHelpers: Loading map 'Start' took 0.473
[2017.06.18-10.39.53:853][  0]LogCollectionManager: Loaded 0 collections in 0.002092 seconds
[2017.06.18-10.39.54:075][  0]LogFileCache: Scanning file cache for directory 'C:/Users/Marcus/Desktop/GitHub/UE4-Zero/UE4_Zero/Saved/Collections/' took 0.01s
[2017.06.18-10.39.54:075][  0]LogFileCache: Scanning file cache for directory 'C:/Users/Marcus/Desktop/GitHub/UE4-Zero/UE4_Zero/Content/Developers/Marcus/Collections/' took 0.01s
[2017.06.18-10.39.54:075][  0]LogFileCache: Scanning file cache for directory 'C:/Users/Marcus/Desktop/GitHub/UE4-Zero/UE4_Zero/Content/Collections/' took 0.01s
[2017.06.18-10.39.54:075][  0]LogCollectionManager: Rebuilt the GUID cache for 0 collections in 0.000001 seconds
[2017.06.18-10.39.54:085][  0]LogContentBrowser: Native class hierarchy populated in 0.0106 seconds. Added 2249 classes and 455 folders.
[2017.06.18-10.39.54:339][  0]LogContentBrowser: Native class hierarchy updated for 'WidgetCarousel' in 0.0025 seconds. Added 0 classes and 0 folders.
[2017.06.18-10.39.54:419][  0]LogContentBrowser: Native class hierarchy updated for 'AddContentDialog' in 0.0041 seconds. Added 0 classes and 0 folders.
[2017.06.18-10.39.54:611][  0]LogContentBrowser: Native class hierarchy updated for 'SceneOutliner' in 0.0027 seconds. Added 1 classes and 2 folders.
[2017.06.18-10.39.54:814][  0]LogCrashTracker: Crashtracker disabled due to settings.
[2017.06.18-10.39.55:965][  0]LogSlate: Only BGRA pngs, bmps or icos are supported in by External Image Picker
[2017.06.18-10.39.55:992][  0]LogUObjectGlobals:Warning: Failed to find object 'Class None.'
[2017.06.18-10.39.56:223][  0]LogTemp:Display: Executing iPhonePackager certificates Engine -bundlename com.YourCompany.UE4Zero

[2017.06.18-10.39.56:224][  0]LogTemp:Display: CWD: C:\Program Files\Epic Games\UE_4.15\Engine\Binaries\DotNET\IOS

[2017.06.18-10.39.56:224][  0]LogTemp:Display: Initial Dir: C:\Program Files\Epic Games\UE_4.15

[2017.06.18-10.39.56:224][  0]LogTemp:Display: Env CWD: C:\Program Files\Epic Games\UE_4.15\Engine\Binaries\DotNET\IOS

[2017.06.18-10.39.56:224][  0]LogTemp:Display: BranchPath = DESKTOP-E3PDIQS/C/Program Files/Epic Games/UE_4.15/Engine/Binaries --- GameBranchPath = DESKTOP-E3PDIQS/C/Program Files/Epic Games/UE_4.15/Engine/Binaries

[2017.06.18-10.39.56:224][  0]LogTemp:Display: IPP ERROR: Application exception: System.IO.DirectoryNotFoundException: Could not find a part of the path 'C:\Users\Marcus\AppData\Local\Apple Computer\MobileDevice\Provisioning Profiles'.

[2017.06.18-10.39.56:224][  0]LogTemp:Display:    at System.IO.__Error.WinIOError(Int32 errorCode, String maybeFullPath)

[2017.06.18-10.39.56:224][  0]LogTemp:Display:    at System.IO.FileSystemEnumerableIterator`1.CommonInit()

[2017.06.18-10.39.56:224][  0]LogTemp:Display:    at System.IO.Directory.EnumerateFiles(String path, String searchPattern)

[2017.06.18-10.39.56:224][  0]LogTemp:Display:    at iPhonePackager.CodeSignatureBuilder.FindProvisions(String CFBundleIdentifier)

[2017.06.18-10.39.56:224][  0]LogTemp:Display:    at iPhonePackager.Program.Main(String[] args)

[2017.06.18-10.39.56:224][  0]LogContentBrowser: Native class hierarchy updated for 'HierarchicalLODOutliner' in 0.0029 seconds. Added 1 classes and 2 folders.
[2017.06.18-10.39.56:224][  0]LogLoad: (Engine Initialization) Total time: 44.93 seconds
[2017.06.18-10.39.56:224][  0]LogLoad: (Engine Initialization) Total Blueprint compile time: 0.20 seconds
[2017.06.18-10.39.56:224][  0]LogExternalProfiler: Found external profiler: VSPerf
[2017.06.18-10.39.56:224][  0]LogExternalProfiler: Using external profiler: VSPerf
[2017.06.18-10.39.56:563][  0]LogOcInput: OculusInput pre-init called
[2017.06.18-10.39.56:586][  0]LogContentStreaming: Texture pool size now 1000 MB
[2017.06.18-10.39.56:588][  0]LogSlate: Took 0.000397 seconds to synchronously load lazily loaded font '../../../Engine/Content/Slate/Fonts/Roboto-Regular.ttf' (155K)
[2017.06.18-10.39.56:592][  0]LogSlate: Took 0.000413 seconds to synchronously load lazily loaded font '../../../Engine/Content/Slate/Fonts/Roboto-Bold.ttf' (160K)
[2017.06.18-10.39.56:598][  0]LogSlate: Took 0.000421 seconds to synchronously load lazily loaded font '../../../Engine/Content/Editor/Slate/Fonts/FontAwesome.ttf' (139K)
[2017.06.18-10.39.56:735][  0]LogSlate: Took 0.000204 seconds to synchronously load lazily loaded font '../../../Engine/Content/Slate/Fonts/Roboto-Light.ttf' (159K)
[2017.06.18-10.39.56:783][  0]LogRenderer: Reallocating scene render targets to support 1208x576 NumSamples 1 (Frame:2).
[2017.06.18-10.39.56:903][  1]LogAssetRegistry: Asset discovery search completed in 30.0102 seconds
[2017.06.18-10.39.56:903][  1]LogCollectionManager: Rebuilt the object cache for 0 collections in 0.000005 seconds (found 0 objects)
[2017.06.18-10.39.56:903][  1]LogCollectionManager: Fixed up redirectors for 0 collections in 0.000021 seconds (updated 0 objects)
[2017.06.18-10.39.57:567][  3]LogSlate: Took 0.000631 seconds to synchronously load lazily loaded font '../../../Engine/Content/Slate/Fonts/Roboto-Light.ttf' (159K)
[2017.06.18-10.40.03:706][193]LogTemp: Repeting last play command: Selected Viewport
[2017.06.18-10.40.03:716][193]LogPlayLevel: PlayLevel: No blueprints needed recompiling
[2017.06.18-10.40.03:716][193]PIE: New page: PIE session: Start (18 Jun 2017 12:40:03)
[2017.06.18-10.40.03:717][193]LogPlayLevel: Creating play world package: /Game/Maps/UEDPIE_0_Start
[2017.06.18-10.40.03:718][193]LogPlayLevel: PIE: StaticDuplicateObject took: (0.001910s)
[2017.06.18-10.40.03:719][193]LogAIModule: Creating AISystem for world Start
[2017.06.18-10.40.03:719][193]LogPlayLevel: PIE: World Init took: (0.000595s)
[2017.06.18-10.40.03:719][193]LogPlayLevel: PIE: Created PIE world by copying editor world from /Game/Maps/Start.Start to /Game/Maps/UEDPIE_0_Start.Start (0.002701s)
[2017.06.18-10.40.03:731][193]LogInit: XAudio2 using 'Digital Audio (S/PDIF) (High Definition Audio Device)' : 2 channels at 44.1 kHz using 16 bits per sample (channel mask 0x3)
[2017.06.18-10.40.03:738][193]LogInit: FAudioDevice initialized.
[2017.06.18-10.40.03:799][193]LogLoad: Game class is 'My_UE4_ZeroGameModeBase_C'
[2017.06.18-10.40.03:801][193]LogWorld: Bringing World /Game/Maps/UEDPIE_0_Start.Start up for play (max tick rate 0) at 2017.06.18-11.40.03
[2017.06.18-10.40.03:801][193]LogWorld: Bringing up level for play took: 0.000901
[2017.06.18-10.40.03:959][193]LogContentBrowser: Native class hierarchy updated for 'MovieSceneCapture' in 0.0028 seconds. Added 11 classes and 0 folders.
[2017.06.18-10.40.03:960][193]PIE: Info Play in editor start time for /Game/Maps/UEDPIE_0_Start 1.121
[2017.06.18-10.40.10:770][998]LogSlate: Took 0.000187 seconds to synchronously load lazily loaded font '../../../Engine/Content/Slate/Fonts/Roboto-Light.ttf' (159K)
[2017.06.18-10.40.11:434][998]LogContentBrowser: Native class hierarchy updated for 'BlueprintGraph' in 0.0032 seconds. Added 112 classes and 0 folders.
[2017.06.18-10.40.12:012][998]LogSlate: Took 0.000216 seconds to synchronously load lazily loaded font '../../../Engine/Content/Slate/Fonts/Roboto-Regular.ttf' (155K)
[2017.06.18-10.40.12:092][998]LogSlate: Took 0.000325 seconds to synchronously load lazily loaded font '../../../Engine/Content/Editor/Slate/Fonts/Roboto-BoldCondensed.ttf' (158K)
[2017.06.18-10.40.12:762][ 53]LogSlate: Took 0.000280 seconds to synchronously load lazily loaded font '../../../Engine/Content/Editor/Slate/Fonts/Roboto-Italic.ttf' (157K)
[2017.06.18-10.40.16:018][400]LogRenderer: Reallocating scene render targets to support 1208x900 NumSamples 1 (Frame:1116).
[2017.06.18-10.40.42:179][810]Cmd: TRANSACTION UNDO
[2017.06.18-10.40.42:179][810]LogEditorTransaction: Undo Add Component
[2017.06.18-10.42.01:664][367]LogRenderer: Reallocating scene render targets to support 1528x900 NumSamples 1 (Frame:9167).
[2017.06.18-10.45.58:684][631]Cmd: OBJ SAVEPACKAGE PACKAGE="/Game/Images/Walk" FILE="../../../../../../Users/Marcus/Desktop/GitHub/UE4-Zero/UE4_Zero/Content/Images/Walk.uasset" SILENT=true
[2017.06.18-10.45.58:693][631]LogSavePackage: Save=7.49ms
[2017.06.18-10.45.58:693][631]LogSavePackage: Moving '../../../../../../Users/Marcus/Desktop/GitHub/UE4-Zero/UE4_Zero/Saved/WalkC595E06143368B4856080BAE5F49FB14.tmp' to '../../../../../../Users/Marcus/Desktop/GitHub/UE4-Zero/UE4_Zero/Content/Images/Walk.uasset'
[2017.06.18-10.45.58:699][631]LogSavePackage:Display: Finished SavePackage ../../../../../../Users/Marcus/Desktop/GitHub/UE4-Zero/UE4_Zero/Content/Images/Walk.uasset
[2017.06.18-10.47.55:107][980]LogEditorTransaction: Undo Remove Components
[2017.06.18-10.48.22:673][254]BlueprintLog: New page: Compile BP_PlayerZero
[2017.06.18-10.48.23:632][345]Cmd: OBJ SAVEPACKAGE PACKAGE="/Game/Blueprints/BP_PlayerZero" FILE="../../../../../../Users/Marcus/Desktop/GitHub/UE4-Zero/UE4_Zero/Content/Blueprints/BP_PlayerZero.uasset" SILENT=true
[2017.06.18-10.48.23:671][345]LogSavePackage: Save=14.30ms
[2017.06.18-10.48.23:671][345]LogSavePackage: Moving '../../../../../../Users/Marcus/Desktop/GitHub/UE4-Zero/UE4_Zero/Saved/BP_PlayerZero66373D5A4AFA9605F5A55590F80FE8D0.tmp' to '../../../../../../Users/Marcus/Desktop/GitHub/UE4-Zero/UE4_Zero/Content/Blueprints/BP_PlayerZero.uasset'
[2017.06.18-10.48.23:677][345]LogSavePackage:Display: Finished SavePackage ../../../../../../Users/Marcus/Desktop/GitHub/UE4-Zero/UE4_Zero/Content/Blueprints/BP_PlayerZero.uasset
[2017.06.18-10.48.25:412][546]LogTemp: Repeting last play command: Selected Viewport
[2017.06.18-10.48.25:428][546]LogPlayLevel: PlayLevel: No blueprints needed recompiling
[2017.06.18-10.48.25:429][546]PIE: New page: PIE session: Start (18 Jun 2017 12:48:25)
[2017.06.18-10.48.25:429][546]LogPlayLevel: Creating play world package: /Game/Maps/UEDPIE_0_Start
[2017.06.18-10.48.25:430][546]LogPlayLevel: PIE: StaticDuplicateObject took: (0.001759s)
[2017.06.18-10.48.25:431][546]LogAIModule: Creating AISystem for world Start
[2017.06.18-10.48.25:431][546]LogPlayLevel: PIE: World Init took: (0.000708s)
[2017.06.18-10.48.25:431][546]LogPlayLevel: PIE: Created PIE world by copying editor world from /Game/Maps/Start.Start to /Game/Maps/UEDPIE_0_Start.Start (0.002675s)
[2017.06.18-10.48.25:446][546]LogInit: XAudio2 using 'Digital Audio (S/PDIF) (High Definition Audio Device)' : 2 channels at 44.1 kHz using 16 bits per sample (channel mask 0x3)
[2017.06.18-10.48.25:453][546]LogInit: FAudioDevice initialized.
[2017.06.18-10.48.25:482][546]LogLoad: Game class is 'My_UE4_ZeroGameModeBase_C'
[2017.06.18-10.48.25:484][546]LogWorld: Bringing World /Game/Maps/UEDPIE_0_Start.Start up for play (max tick rate 0) at 2017.06.18-11.48.25
[2017.06.18-10.48.25:484][546]LogWorld: Bringing up level for play took: 0.000812
[2017.06.18-10.48.25:485][546]PIE: Info Play in editor start time for /Game/Maps/UEDPIE_0_Start 0.646
[2017.06.18-10.48.58:820][490]Cmd: OBJ SAVEPACKAGE PACKAGE="/Game/Images/Animations/Walk" FILE="../../../../../../Users/Marcus/Desktop/GitHub/UE4-Zero/UE4_Zero/Content/Images/Animations/Walk.uasset" SILENT=true
[2017.06.18-10.48.58:830][490]LogSavePackage: Save=7.45ms
[2017.06.18-10.48.58:830][490]LogSavePackage: Moving '../../../../../../Users/Marcus/Desktop/GitHub/UE4-Zero/UE4_Zero/Saved/Walk97DE8FF141846A0C61390E93E4937D44.tmp' to '../../../../../../Users/Marcus/Desktop/GitHub/UE4-Zero/UE4_Zero/Content/Images/Animations/Walk.uasset'
[2017.06.18-10.48.58:835][490]LogSavePackage:Display: Finished SavePackage ../../../../../../Users/Marcus/Desktop/GitHub/UE4-Zero/UE4_Zero/Content/Images/Animations/Walk.uasset
[2017.06.18-10.48.58:991][490]Cmd: OBJ SAVEPACKAGE PACKAGE="/Game/Blueprints/BP_PlayerZero" FILE="../../../../../../Users/Marcus/Desktop/GitHub/UE4-Zero/UE4_Zero/Content/Blueprints/BP_PlayerZero.uasset" SILENT=true
[2017.06.18-10.48.59:025][490]LogSavePackage: Save=14.67ms
[2017.06.18-10.48.59:025][490]LogSavePackage: Moving '../../../../../../Users/Marcus/Desktop/GitHub/UE4-Zero/UE4_Zero/Saved/BP_PlayerZero3CB77517414CD8530FE6488EE108C128.tmp' to '../../../../../../Users/Marcus/Desktop/GitHub/UE4-Zero/UE4_Zero/Content/Blueprints/BP_PlayerZero.uasset'
[2017.06.18-10.48.59:028][490]LogSavePackage:Display: Finished SavePackage ../../../../../../Users/Marcus/Desktop/GitHub/UE4-Zero/UE4_Zero/Content/Blueprints/BP_PlayerZero.uasset
[2017.06.18-10.49.00:630][672]LogTemp: Repeting last play command: Selected Viewport
[2017.06.18-10.49.00:642][672]LogPlayLevel: PlayLevel: No blueprints needed recompiling
[2017.06.18-10.49.00:642][672]PIE: New page: PIE session: Start (18 Jun 2017 12:49:00)
[2017.06.18-10.49.00:642][672]LogPlayLevel: Creating play world package: /Game/Maps/UEDPIE_0_Start
[2017.06.18-10.49.00:644][672]LogPlayLevel: PIE: StaticDuplicateObject took: (0.001453s)
[2017.06.18-10.49.00:644][672]LogAIModule: Creating AISystem for world Start
[2017.06.18-10.49.00:645][672]LogPlayLevel: PIE: World Init took: (0.000642s)
[2017.06.18-10.49.00:645][672]LogPlayLevel: PIE: Created PIE world by copying editor world from /Game/Maps/Start.Start to /Game/Maps/UEDPIE_0_Start.Start (0.002303s)
[2017.06.18-10.49.00:659][672]LogInit: XAudio2 using 'Digital Audio (S/PDIF) (High Definition Audio Device)' : 2 channels at 44.1 kHz using 16 bits per sample (channel mask 0x3)
[2017.06.18-10.49.00:665][672]LogInit: FAudioDevice initialized.
[2017.06.18-10.49.00:696][672]LogLoad: Game class is 'My_UE4_ZeroGameModeBase_C'
[2017.06.18-10.49.00:697][672]LogWorld: Bringing World /Game/Maps/UEDPIE_0_Start.Start up for play (max tick rate 0) at 2017.06.18-11.49.00
[2017.06.18-10.49.00:697][672]LogWorld: Bringing up level for play took: 0.000763
[2017.06.18-10.49.00:699][672]PIE: Info Play in editor start time for /Game/Maps/UEDPIE_0_Start -0.14
[2017.06.18-10.49.02:780][914]Cmd: SELECT NONE
[2017.06.18-10.49.03:021][943]Cmd: POLY SELECT ADJACENT WALLS
[2017.06.18-10.59.12:996][948]Cmd: OBJ SAVEPACKAGE PACKAGE="/Game/Images/Animations/Stand" FILE="../../../../../../Users/Marcus/Desktop/GitHub/UE4-Zero/UE4_Zero/Content/Images/Animations/Stand.uasset" SILENT=true
[2017.06.18-10.59.13:007][948]LogSavePackage: Save=8.39ms
[2017.06.18-10.59.13:007][948]LogSavePackage: Moving '../../../../../../Users/Marcus/Desktop/GitHub/UE4-Zero/UE4_Zero/Saved/Stand9ECFBD234553D802279785A7D77AB04F.tmp' to '../../../../../../Users/Marcus/Desktop/GitHub/UE4-Zero/UE4_Zero/Content/Images/Animations/Stand.uasset'
[2017.06.18-10.59.13:015][948]LogSavePackage:Display: Finished SavePackage ../../../../../../Users/Marcus/Desktop/GitHub/UE4-Zero/UE4_Zero/Content/Images/Animations/Stand.uasset
[2017.06.18-10.59.56:694][102]Cmd: OBJ SAVEPACKAGE PACKAGE="/Game/Images/Animations/Sword" FILE="../../../../../../Users/Marcus/Desktop/GitHub/UE4-Zero/UE4_Zero/Content/Images/Animations/Sword.uasset" SILENT=true
[2017.06.18-10.59.56:704][102]LogSavePackage: Save=7.01ms
[2017.06.18-10.59.56:704][102]LogSavePackage: Moving '../../../../../../Users/Marcus/Desktop/GitHub/UE4-Zero/UE4_Zero/Saved/Sword56481B6E451772B625B354BC86D3CE5D.tmp' to '../../../../../../Users/Marcus/Desktop/GitHub/UE4-Zero/UE4_Zero/Content/Images/Animations/Sword.uasset'
[2017.06.18-10.59.56:708][102]LogSavePackage:Display: Finished SavePackage ../../../../../../Users/Marcus/Desktop/GitHub/UE4-Zero/UE4_Zero/Content/Images/Animations/Sword.uasset
[2017.06.18-11.09.48:454][  3]Cmd: OBJ SAVEPACKAGE PACKAGE="/Game/Images/Animations/Sword" FILE="../../../../../../Users/Marcus/Desktop/GitHub/UE4-Zero/UE4_Zero/Content/Images/Animations/Sword.uasset" SILENT=true
[2017.06.18-11.09.48:487][  3]LogSavePackage: Save=7.48ms
[2017.06.18-11.09.48:487][  3]LogSavePackage: Moving '../../../../../../Users/Marcus/Desktop/GitHub/UE4-Zero/UE4_Zero/Saved/SwordD48643274403D666155E228510DF0E70.tmp' to '../../../../../../Users/Marcus/Desktop/GitHub/UE4-Zero/UE4_Zero/Content/Images/Animations/Sword.uasset'
[2017.06.18-11.09.48:492][  3]LogSavePackage:Display: Finished SavePackage ../../../../../../Users/Marcus/Desktop/GitHub/UE4-Zero/UE4_Zero/Content/Images/Animations/Sword.uasset
[2017.06.18-11.10.38:342][ 53]LogFileHelpers: Editor autosave (incl. sublevels) for '/Game/Maps/Start' took 0.022
[2017.06.18-11.10.38:346][ 53]Cmd: OBJ SAVEPACKAGE PACKAGE="/Game/Images/Stand" FILE="../../../../../../Users/Marcus/Desktop/GitHub/UE4-Zero/UE4_Zero/Saved/Autosaves/Game/Images/Stand_Auto1.uasset" SILENT=false AUTOSAVING=true
[2017.06.18-11.10.38:356][ 53]LogSavePackage: Save=5.81ms
[2017.06.18-11.10.38:356][ 53]LogSavePackage: Moving '../../../../../../Users/Marcus/Desktop/GitHub/UE4-Zero/UE4_Zero/Saved/Stand_Auto12DECC493420158827897089B40B3A4F6.tmp' to '../../../../../../Users/Marcus/Desktop/GitHub/UE4-Zero/UE4_Zero/Saved/Autosaves/Game/Images/Stand_Auto1.uasset'
[2017.06.18-11.10.38:360][ 53]LogSavePackage:Display: Finished SavePackage ../../../../../../Users/Marcus/Desktop/GitHub/UE4-Zero/UE4_Zero/Saved/Autosaves/Game/Images/Stand_Auto1.uasset
[2017.06.18-11.10.38:361][ 53]Cmd: OBJ SAVEPACKAGE PACKAGE="/Game/Images/Sword" FILE="../../../../../../Users/Marcus/Desktop/GitHub/UE4-Zero/UE4_Zero/Saved/Autosaves/Game/Images/Sword_Auto1.uasset" SILENT=false AUTOSAVING=true
[2017.06.18-11.10.38:368][ 53]LogSavePackage: Save=4.16ms
[2017.06.18-11.10.38:369][ 53]LogSavePackage: Moving '../../../../../../Users/Marcus/Desktop/GitHub/UE4-Zero/UE4_Zero/Saved/Sword_Auto1F01DCB9048DB32E4494020A4AD64D938.tmp' to '../../../../../../Users/Marcus/Desktop/GitHub/UE4-Zero/UE4_Zero/Saved/Autosaves/Game/Images/Sword_Auto1.uasset'
[2017.06.18-11.10.38:374][ 53]LogSavePackage:Display: Finished SavePackage ../../../../../../Users/Marcus/Desktop/GitHub/UE4-Zero/UE4_Zero/Saved/Autosaves/Game/Images/Sword_Auto1.uasset
[2017.06.18-11.10.38:374][ 53]LogFileHelpers: Auto-saving content packages took 0.030
[2017.06.18-11.20.01:230][655]Recompiling UE4_Zero...
[2017.06.18-11.20.01:230][655]Launching UnrealBuildTool... [C:/Program Files/Epic Games/UE_4.15/Engine/Binaries/DotNET/UnrealBuildTool.exe UE4_Zero -ModuleWithSuffix UE4_Zero 872 Win64 Development -editorrecompile -canskiplink "C:/Users/Marcus/Desktop/GitHub/UE4-Zero/UE4_Zero/UE4_Zero.uproject" ]
[2017.06.18-11.20.01:238][655]Warning: Starting HotReload took  0.0s.
[2017.06.18-11.20.26:387][212]CompilerResultsLog: New page: Compilation - 18 Jun 2017 13:20:26
[2017.06.18-11.20.26:387][212]CompilerResultsLog: Info Compiling game modules for hot reload
[2017.06.18-11.20.26:387][212]CompilerResultsLog: Info Parsing headers for UE4_ZeroEditor
[2017.06.18-11.20.26:387][212]CompilerResultsLog: Info   Running UnrealHeaderTool "C:\Users\Marcus\Desktop\GitHub\UE4-Zero\UE4_Zero\UE4_Zero.uproject" "C:\Users\Marcus\Desktop\GitHub\UE4-Zero\UE4_Zero\Intermediate\Build\Win64\UE4_ZeroEditor\Development\UE4_ZeroEditor.uhtmanifest" -LogCmds="loginit warning, logexit warning, logdatabase error" -Unattended -WarningsAsErrors -installed
[2017.06.18-11.20.26:387][212]CompilerResultsLog: Info Reflection code generated for UE4_ZeroEditor in 4.6912201 seconds
[2017.06.18-11.20.26:387][212]CompilerResultsLog: Info Performing 6 actions (4 in parallel)
[2017.06.18-11.20.26:387][212]CompilerResultsLog: Info PlayerMovement.cpp
[2017.06.18-11.20.26:387][212]CompilerResultsLog: Info PlayerZero.cpp
[2017.06.18-11.20.26:387][212]CompilerResultsLog: Info UE4_Zero.generated.cpp
[2017.06.18-11.20.26:387][212]CompilerResultsLog: Info My_PlayerController.cpp
[2017.06.18-11.20.26:387][212]CompilerResultsLog: Info [5/6] Link UE4Editor-UE4_Zero-872.dll
[2017.06.18-11.20.26:387][212]CompilerResultsLog: Info [6/6] Link UE4Editor-UE4_Zero-872.lib
[2017.06.18-11.20.26:387][212]CompilerResultsLog: Info    Creating library C:\Users\Marcus\Desktop\GitHub\UE4-Zero\UE4_Zero\Intermediate\Build\Win64\UE4Editor\Development\UE4Editor-UE4_Zero-872.lib and object C:\Users\Marcus\Desktop\GitHub\UE4-Zero\UE4_Zero\Intermediate\Build\Win64\UE4Editor\Development\UE4Editor-UE4_Zero-872.exp
[2017.06.18-11.20.26:387][212]CompilerResultsLog: Info    Creating library C:\Users\Marcus\Desktop\GitHub\UE4-Zero\UE4_Zero\Intermediate\Build\Win64\UE4Editor\Development\UE4Editor-UE4_Zero-872.suppressed.lib and object C:\Users\Marcus\Desktop\GitHub\UE4-Zero\UE4_Zero\Intermediate\Build\Win64\UE4Editor\Development\UE4Editor-UE4_Zero-872.suppressed.exp
[2017.06.18-11.20.26:387][212]CompilerResultsLog: Info Total build time: 24.58 seconds (Local executor: 15.01 seconds)
[2017.06.18-11.20.26:387][212]LogMainFrame: MainFrame: Module compiling took 25.164 seconds
[2017.06.18-11.20.26:567][212]LogContentBrowser: Native class hierarchy updated for 'UE4_Zero' in 0.0028 seconds. Added 4 classes and 2 folders.
[2017.06.18-11.20.26:570][212]Display: HotReload successful (0 functions remapped  0 scriptstructs remapped)
[2017.06.18-11.20.26:861][212]LogContentBrowser: Native class hierarchy populated in 0.0119 seconds. Added 2251 classes and 459 folders.
[2017.06.18-11.20.26:861][212]Display: HotReload took 25.7s.
[2017.06.18-11.20.31:028][667]LogTemp: Repeting last play command: Selected Viewport
[2017.06.18-11.20.31:047][667]LogPlayLevel: PlayLevel: No blueprints needed recompiling
[2017.06.18-11.20.31:047][667]PIE: New page: PIE session: Start (18 Jun 2017 13:20:31)
[2017.06.18-11.20.31:047][667]LogPlayLevel: Creating play world package: /Game/Maps/UEDPIE_0_Start
[2017.06.18-11.20.31:049][667]LogPlayLevel: PIE: StaticDuplicateObject took: (0.001778s)
[2017.06.18-11.20.31:050][667]LogAIModule: Creating AISystem for world Start
[2017.06.18-11.20.31:050][667]LogPlayLevel: PIE: World Init took: (0.000800s)
[2017.06.18-11.20.31:050][667]LogPlayLevel: PIE: Created PIE world by copying editor world from /Game/Maps/Start.Start to /Game/Maps/UEDPIE_0_Start.Start (0.002803s)
[2017.06.18-11.20.31:080][667]LogInit: XAudio2 using 'Digital Audio (S/PDIF) (High Definition Audio Device)' : 2 channels at 44.1 kHz using 16 bits per sample (channel mask 0x3)
[2017.06.18-11.20.31:087][667]LogInit: FAudioDevice initialized.
[2017.06.18-11.20.31:114][667]LogLoad: Game class is 'My_UE4_ZeroGameModeBase_C'
[2017.06.18-11.20.31:116][667]LogWorld: Bringing World /Game/Maps/UEDPIE_0_Start.Start up for play (max tick rate 0) at 2017.06.18-12.20.31
[2017.06.18-11.20.31:116][667]LogWorld: Bringing up level for play took: 0.001000
[2017.06.18-11.20.31:118][667]PIE: Info Play in editor start time for /Game/Maps/UEDPIE_0_Start 0.279
[2017.06.18-11.54.21:025][405]Cmd: OBJ SAVEPACKAGE PACKAGE="/Game/Images/Stand" FILE="../../../../../../Users/Marcus/Desktop/GitHub/UE4-Zero/UE4_Zero/Content/Images/Stand.uasset" SILENT=true
[2017.06.18-11.54.21:030][405]LogSavePackage: Save=2.15ms
[2017.06.18-11.54.21:030][405]LogSavePackage: Moving '../../../../../../Users/Marcus/Desktop/GitHub/UE4-Zero/UE4_Zero/Saved/Stand190A484340A28BD648D1399B373F87DC.tmp' to '../../../../../../Users/Marcus/Desktop/GitHub/UE4-Zero/UE4_Zero/Content/Images/Stand.uasset'
[2017.06.18-11.54.21:034][405]LogSavePackage:Display: Finished SavePackage ../../../../../../Users/Marcus/Desktop/GitHub/UE4-Zero/UE4_Zero/Content/Images/Stand.uasset
[2017.06.18-11.54.21:038][405]Cmd: OBJ SAVEPACKAGE PACKAGE="/Game/Images/Sword" FILE="../../../../../../Users/Marcus/Desktop/GitHub/UE4-Zero/UE4_Zero/Content/Images/Sword.uasset" SILENT=true
[2017.06.18-11.54.21:045][405]LogSavePackage: Save=2.53ms
[2017.06.18-11.54.21:045][405]LogSavePackage: Moving '../../../../../../Users/Marcus/Desktop/GitHub/UE4-Zero/UE4_Zero/Saved/SwordDC9A21414E7959D2148E4EA8FDE9053D.tmp' to '../../../../../../Users/Marcus/Desktop/GitHub/UE4-Zero/UE4_Zero/Content/Images/Sword.uasset'
[2017.06.18-11.54.21:051][405]LogSavePackage:Display: Finished SavePackage ../../../../../../Users/Marcus/Desktop/GitHub/UE4-Zero/UE4_Zero/Content/Images/Sword.uasset
[2017.06.18-11.54.21:255][405]LogWindowsTextInputMethodSystem:Display: IME system now deactivated.
[2017.06.18-11.54.21:603][406]Cmd: QUIT_EDITOR
[2017.06.18-11.54.22:058][406]LogExit: Preparing to exit.
[2017.06.18-11.54.22:755][406]LogDirectoryWatcher: A directory notification for 'C:/Users/Marcus/Desktop/GitHub/UE4-Zero/UE4_Zero/Content/' was aborted.
[2017.06.18-11.54.22:883][406]LogExit: Editor shut down
[2017.06.18-11.54.22:885][406]LogExit: Transaction tracking system shut down
[2017.06.18-11.54.23:014][406]LogObj: Freed 0b from 0 cluster array pools.
[2017.06.18-11.54.23:015][406]LogExit: Object subsystem successfully closed.
[2017.06.18-11.54.23:030][406]LogD3D11RHI: Shutdown
[2017.06.18-11.54.23:030][406]LogD3D11RHI: CleanupD3DDevice
[2017.06.18-11.54.23:137][406]LogD3D11RHI: ~FD3D11DynamicRHI
[2017.06.18-11.54.23:182][406]LogModuleManager: Shutting down and abandoning module UE4_Zero (509)
[2017.06.18-11.54.23:182][406]LogModuleManager: Shutting down and abandoning module BlueprintGraph (508)
[2017.06.18-11.54.23:182][406]LogModuleManager: Shutting down and abandoning module BlueprintProfiler (506)
[2017.06.18-11.54.23:182][406]LogModuleManager: Shutting down and abandoning module MovieSceneCapture (504)
[2017.06.18-11.54.23:183][406]LogModuleManager: Shutting down and abandoning module HierarchicalLODOutliner (502)
[2017.06.18-11.54.23:183][406]LogModuleManager: Shutting down and abandoning module ExternalImagePicker (500)
[2017.06.18-11.54.23:183][406]LogModuleManager: Shutting down and abandoning module CrashTracker (498)
[2017.06.18-11.54.23:183][406]LogModuleManager: Shutting down and abandoning module SceneOutliner (496)
[2017.06.18-11.54.23:183][406]LogModuleManager: Shutting down and abandoning module AddContentDialog (494)
[2017.06.18-11.54.23:183][406]LogDirectoryWatcher: A directory notification for 'C:/Program Files/Epic Games/UE_4.15/FeaturePacks/' was aborted.
[2017.06.18-11.54.23:188][406]LogModuleManager: Shutting down and abandoning module WidgetCarousel (493)
[2017.06.18-11.54.23:188][406]LogModuleManager: Shutting down and abandoning module EditorWidgets (490)
[2017.06.18-11.54.23:188][406]LogModuleManager: Shutting down and abandoning module CollectionManager (488)
[2017.06.18-11.54.23:188][406]LogDirectoryWatcher: A directory notification for 'C:/Users/Marcus/Desktop/GitHub/UE4-Zero/UE4_Zero/Content/Collections/' was aborted.
[2017.06.18-11.54.23:188][406]LogDirectoryWatcher: A directory notification for 'C:/Users/Marcus/Desktop/GitHub/UE4-Zero/UE4_Zero/Content/Developers/Marcus/Collections/' was aborted.
[2017.06.18-11.54.23:188][406]LogDirectoryWatcher: A directory notification for 'C:/Users/Marcus/Desktop/GitHub/UE4-Zero/UE4_Zero/Saved/Collections/' was aborted.
[2017.06.18-11.54.23:188][406]LogModuleManager: Shutting down and abandoning module StatsViewer (486)
[2017.06.18-11.54.23:188][406]LogModuleManager: Shutting down and abandoning module FoliageEdit (484)
[2017.06.18-11.54.23:188][406]LogModuleManager: Shutting down and abandoning module LandscapeEditor (482)
[2017.06.18-11.54.23:188][406]LogModuleManager: Shutting down and abandoning module SceneDepthPickerMode (480)
[2017.06.18-11.54.23:188][406]LogModuleManager: Shutting down and abandoning module ActorPickerMode (478)
[2017.06.18-11.54.23:188][406]LogModuleManager: Shutting down and abandoning module GeometryMode (476)
[2017.06.18-11.54.23:188][406]LogModuleManager: Shutting down and abandoning module TextureAlignMode (474)
[2017.06.18-11.54.23:188][406]LogModuleManager: Shutting down and abandoning module BspMode (472)
[2017.06.18-11.54.23:188][406]LogModuleManager: Shutting down and abandoning module HardwareSurvey (470)
[2017.06.18-11.54.23:188][406]LogModuleManager: Shutting down and abandoning module SequenceRecorderSections (468)
[2017.06.18-11.54.23:188][406]LogModuleManager: Shutting down and abandoning module AutomationWorker (466)
[2017.06.18-11.54.23:188][406]LogModuleManager: Shutting down and abandoning module MatineeToLevelSequence (464)
[2017.06.18-11.54.23:188][406]LogModuleManager: Shutting down and abandoning module LevelSequenceEditor (462)
[2017.06.18-11.54.23:188][406]LogModuleManager: Shutting down and abandoning module PlacementMode (461)
[2017.06.18-11.54.23:188][406]LogModuleManager: Shutting down and abandoning module WmfMediaFactory (458)
[2017.06.18-11.54.23:189][406]LogModuleManager: Shutting down and abandoning module WmfMediaEditor (456)
[2017.06.18-11.54.23:189][406]LogModuleManager: Shutting down and abandoning module MfMediaFactory (454)
[2017.06.18-11.54.23:189][406]LogModuleManager: Shutting down and abandoning module MfMediaEditor (452)
[2017.06.18-11.54.23:189][406]LogModuleManager: Shutting down and abandoning module AvfMediaFactory (450)
[2017.06.18-11.54.23:189][406]LogModuleManager: Shutting down and abandoning module AvfMediaEditor (448)
[2017.06.18-11.54.23:189][406]LogModuleManager: Shutting down and abandoning module AndroidMediaFactory (446)
[2017.06.18-11.54.23:189][406]LogModuleManager: Shutting down and abandoning module Media (445)
[2017.06.18-11.54.23:189][406]LogModuleManager: Shutting down and abandoning module AndroidMediaEditor (442)
[2017.06.18-11.54.23:189][406]LogModuleManager: Shutting down and abandoning module CharacterAI (440)
[2017.06.18-11.54.23:189][406]LogModuleManager: Shutting down and abandoning module AudioCapture (438)
[2017.06.18-11.54.23:189][406]LogModuleManager: Shutting down and abandoning module SequenceRecorder (437)
[2017.06.18-11.54.23:189][406]LogModuleManager: Shutting down and abandoning module SmartSnapping (434)
[2017.06.18-11.54.23:189][406]LogModuleManager: Shutting down and abandoning module SessionServices (432)
[2017.06.18-11.54.23:189][406]LogModuleManager: Shutting down and abandoning module ViewportSnapping (430)
[2017.06.18-11.54.23:189][406]LogModuleManager: Shutting down and abandoning module ViewportInteraction (428)
[2017.06.18-11.54.23:189][406]LogModuleManager: Shutting down and abandoning module LogVisualizer (426)
[2017.06.18-11.54.23:189][406]LogModuleManager: Shutting down and abandoning module IntroTutorials (424)
[2017.06.18-11.54.23:189][406]LogModuleManager: Shutting down and abandoning module GameProjectGeneration (423)
[2017.06.18-11.54.23:189][406]LogModuleManager: Shutting down and abandoning module EditorLiveStreaming (420)
[2017.06.18-11.54.23:189][406]LogModuleManager: Shutting down and abandoning module IOSPlatformEditor (418)
[2017.06.18-11.54.23:189][406]LogModuleManager: Shutting down and abandoning module HTML5PlatformEditor (416)
[2017.06.18-11.54.23:189][406]LogModuleManager: Shutting down and abandoning module AndroidPlatformEditor (414)
[2017.06.18-11.54.23:189][406]LogModuleManager: Shutting down and abandoning module AndroidDeviceDetection (413)
[2017.06.18-11.54.23:371][406]LogModuleManager: Shutting down and abandoning module IOSRuntimeSettings (410)
[2017.06.18-11.54.23:371][406]LogModuleManager: Shutting down and abandoning module AndroidRuntimeSettings (408)
[2017.06.18-11.54.23:371][406]LogModuleManager: Shutting down and abandoning module InputBindingEditor (406)
[2017.06.18-11.54.23:371][406]LogModuleManager: Shutting down and abandoning module NiagaraEditor (404)
[2017.06.18-11.54.23:371][406]LogModuleManager: Shutting down and abandoning module MergeActors (402)
[2017.06.18-11.54.23:371][406]LogModuleManager: Shutting down and abandoning module SizeMap (400)
[2017.06.18-11.54.23:371][406]LogModuleManager: Shutting down and abandoning module TreeMap (398)
[2017.06.18-11.54.23:371][406]LogModuleManager: Shutting down and abandoning module ReferenceViewer (396)
[2017.06.18-11.54.23:371][406]LogModuleManager: Shutting down and abandoning module LocalizationDashboard (394)
[2017.06.18-11.54.23:371][406]LogModuleManager: Shutting down and abandoning module LocalizationService (393)
[2017.06.18-11.54.23:371][406]LogModuleManager: Shutting down and abandoning module HardwareTargeting (390)
[2017.06.18-11.54.23:371][406]LogModuleManager: Shutting down and abandoning module DeviceProfileEditor (388)
[2017.06.18-11.54.23:371][406]LogModuleManager: Shutting down and abandoning module UndoHistory (386)
[2017.06.18-11.54.23:371][406]LogModuleManager: Shutting down and abandoning module UserFeedback (384)
[2017.06.18-11.54.23:371][406]LogModuleManager: Shutting down and abandoning module XmlParser (382)
[2017.06.18-11.54.23:371][406]LogModuleManager: Shutting down and abandoning module Blutility (380)
[2017.06.18-11.54.23:371][406]LogModuleManager: Shutting down and abandoning module ProjectSettingsViewer (378)
[2017.06.18-11.54.23:371][406]LogModuleManager: Shutting down and abandoning module ProjectTargetPlatformEditor (377)
[2017.06.18-11.54.23:372][406]LogModuleManager: Shutting down and abandoning module EditorSettingsViewer (374)
[2017.06.18-11.54.23:372][406]LogModuleManager: Shutting down and abandoning module SettingsEditor (372)
[2017.06.18-11.54.23:372][406]LogModuleManager: Shutting down and abandoning module ProjectLauncher (370)
[2017.06.18-11.54.23:372][406]LogModuleManager: Shutting down and abandoning module SessionFrontend (368)
[2017.06.18-11.54.23:372][406]LogModuleManager: Shutting down and abandoning module ProfilerClient (366)
[2017.06.18-11.54.23:372][406]LogModuleManager: Shutting down and abandoning module DeviceManager (364)
[2017.06.18-11.54.23:372][406]LogModuleManager: Shutting down and abandoning module TargetDeviceServices (363)
[2017.06.18-11.54.23:415][406]LogModuleManager: Shutting down and abandoning module AutomationController (360)
[2017.06.18-11.54.23:415][406]LogModuleManager: Shutting down and abandoning module AutomationWindow (358)
[2017.06.18-11.54.23:415][406]LogModuleManager: Shutting down and abandoning module Layers (356)
[2017.06.18-11.54.23:415][406]LogModuleManager: Shutting down and abandoning module ComponentVisualizers (354)
[2017.06.18-11.54.23:415][406]LogModuleManager: Shutting down and abandoning module DetailCustomizations (352)
[2017.06.18-11.54.23:415][406]LogModuleManager: Shutting down and abandoning module PackagesDialog (350)
[2017.06.18-11.54.23:415][406]LogModuleManager: Shutting down and abandoning module Persona (348)
[2017.06.18-11.54.23:415][406]LogModuleManager: Shutting down and abandoning module AnimGraph (347)
[2017.06.18-11.54.23:415][406]LogModuleManager: Shutting down and abandoning module Kismet (344)
[2017.06.18-11.54.23:425][406]LogModuleManager: Shutting down and abandoning module GraphEditor (342)
[2017.06.18-11.54.23:425][406]LogModuleManager: Shutting down and abandoning module ClassViewer (340)
[2017.06.18-11.54.23:425][406]LogModuleManager: Shutting down and abandoning module Toolbox (338)
[2017.06.18-11.54.23:425][406]LogModuleManager: Shutting down and abandoning module ModuleUI (336)
[2017.06.18-11.54.23:425][406]LogModuleManager: Shutting down and abandoning module MovieSceneTools (334)
[2017.06.18-11.54.23:425][406]LogModuleManager: Shutting down and abandoning module OutputLog (332)
[2017.06.18-11.54.23:425][406]LogModuleManager: Shutting down and abandoning module GammaUI (330)
[2017.06.18-11.54.23:425][406]LogModuleManager: Shutting down and abandoning module Documentation (328)
[2017.06.18-11.54.23:425][406]LogModuleManager: Shutting down and abandoning module Niagara (326)
[2017.06.18-11.54.23:425][406]LogModuleManager: Shutting down and abandoning module StreamingPauseRendering (324)
[2017.06.18-11.54.23:425][406]LogModuleManager: Shutting down and abandoning module AnalyticsET (322)
[2017.06.18-11.54.23:425][406]LogModuleManager: Shutting down and abandoning module PortalServices (320)
[2017.06.18-11.54.23:425][406]LogModuleManager: Shutting down and abandoning module PortalRpc (318)
[2017.06.18-11.54.23:425][406]LogModuleManager: Shutting down and abandoning module MessagingRpc (316)
[2017.06.18-11.54.23:425][406]LogModuleManager: Shutting down and abandoning module AIModule (314)
[2017.06.18-11.54.23:425][406]LogModuleManager: Shutting down and abandoning module GameplayDebugger (313)
[2017.06.18-11.54.23:425][406]LogModuleManager: Shutting down and abandoning module AITestSuite (311)
[2017.06.18-11.54.23:425][406]LogModuleManager: Shutting down and abandoning module ProfilerService (308)
[2017.06.18-11.54.23:630][406]LogModuleManager: Shutting down and abandoning module TaskGraph (306)
[2017.06.18-11.54.23:630][406]LogModuleManager: Shutting down and abandoning module SteamVRController (304)
[2017.06.18-11.54.23:630][406]LogModuleManager: Shutting down and abandoning module SteamVR (302)
[2017.06.18-11.54.23:630][406]LogModuleManager: Shutting down and abandoning module ProceduralMeshComponentEditor (300)
[2017.06.18-11.54.23:630][406]LogModuleManager: Shutting down and abandoning module ProceduralMeshComponent (298)
[2017.06.18-11.54.23:630][406]LogModuleManager: Shutting down and abandoning module OculusLibrary (296)
[2017.06.18-11.54.23:630][406]LogModuleManager: Shutting down and abandoning module OculusInput (294)
[2017.06.18-11.54.23:630][406]LogModuleManager: Shutting down and abandoning module MobilePatchingUtils (292)
[2017.06.18-11.54.23:630][406]LogModuleManager: Shutting down and abandoning module CustomMeshComponent (290)
[2017.06.18-11.54.23:630][406]LogModuleManager: Shutting down and abandoning module CableComponent (288)
[2017.06.18-11.54.23:630][406]LogModuleManager: Shutting down and abandoning module ArchVisCharacter (286)
[2017.06.18-11.54.23:630][406]LogModuleManager: Shutting down and abandoning module MediaPlayerEditor (282)
[2017.06.18-11.54.23:630][406]LogModuleManager: Shutting down and abandoning module HTML5Networking (280)
[2017.06.18-11.54.23:630][406]LogModuleManager: Shutting down and abandoning module AlembicImporter (278)
[2017.06.18-11.54.23:630][406]LogModuleManager: Shutting down and abandoning module AlembicLibrary (277)
[2017.06.18-11.54.23:630][406]LogModuleManager: Shutting down and abandoning module GeometryCache (276)
[2017.06.18-11.54.23:630][406]LogModuleManager: Shutting down and abandoning module GeometryCacheEd (275)
[2017.06.18-11.54.23:630][406]LogModuleManager: Shutting down and abandoning module SuperSearchEditor (270)
[2017.06.18-11.54.23:630][406]LogModuleManager: Shutting down and abandoning module SuperSearch (269)
[2017.06.18-11.54.23:630][406]LogModuleManager: Shutting down and abandoning module SpeedTreeImporter (266)
[2017.06.18-11.54.23:630][406]LogModuleManager: Shutting down and abandoning module PluginBrowser (264)
[2017.06.18-11.54.23:630][406]LogModuleManager: Shutting down and abandoning module MobileLauncherProfileWizard (262)
[2017.06.18-11.54.23:630][406]LogModuleManager: Shutting down and abandoning module EpicSurvey (260)
[2017.06.18-11.54.23:630][406]LogModuleManager: Shutting down and abandoning module VisualStudioSourceCodeAccess (258)
[2017.06.18-11.54.23:630][406]LogModuleManager: Shutting down and abandoning module DesktopPlatform (257)
[2017.06.18-11.54.23:630][406]LogModuleManager: Shutting down and abandoning module UObjectPlugin (254)
[2017.06.18-11.54.23:630][406]LogModuleManager: Shutting down and abandoning module SubversionSourceControl (252)
[2017.06.18-11.54.23:630][406]LogModuleManager: Shutting down and abandoning module PerforceSourceControl (250)
[2017.06.18-11.54.23:630][406]LogModuleManager: Shutting down and abandoning module GitSourceControl (248)
[2017.06.18-11.54.23:630][406]LogModuleManager: Shutting down and abandoning module SourceControl (247)
[2017.06.18-11.54.23:631][406]LogModuleManager: Shutting down and abandoning module LightPropagationVolumeEditor (244)
[2017.06.18-11.54.23:631][406]LogModuleManager: Shutting down and abandoning module PaperTiledImporter (242)
[2017.06.18-11.54.23:631][406]LogModuleManager: Shutting down and abandoning module PaperSpriteSheetImporter (240)
[2017.06.18-11.54.23:631][406]LogModuleManager: Shutting down and abandoning module Paper2DEditor (238)
[2017.06.18-11.54.23:631][406]LogModuleManager: Shutting down and abandoning module MeshPaint (237)
[2017.06.18-11.54.23:631][406]LogModuleManager: Shutting down and abandoning module LevelEditor (235)
[2017.06.18-11.54.23:632][406]LogModuleManager: Shutting down and abandoning module PixelInspectorModule (234)
[2017.06.18-11.54.23:632][406]LogModuleManager: Shutting down and abandoning module MainFrame (232)
[2017.06.18-11.54.23:632][406]LogModuleManager: Shutting down and abandoning module HotReload (231)
[2017.06.18-11.54.23:632][406]LogDirectoryWatcher: A directory notification for 'C:/Users/Marcus/Desktop/GitHub/UE4-Zero/UE4_Zero/Binaries/Win64' was aborted.
[2017.06.18-11.54.23:632][406]LogModuleManager: Shutting down and abandoning module ContentBrowser (227)
[2017.06.18-11.54.23:633][406]LogModuleManager: Shutting down and abandoning module PhysXVehiclesEditor (222)
[2017.06.18-11.54.23:633][406]LogModuleManager: Shutting down and abandoning module PhysXVehicles (220)
[2017.06.18-11.54.23:633][406]LogModuleManager: Shutting down and abandoning module LocationServicesBPLibrary (218)
[2017.06.18-11.54.23:633][406]LogModuleManager: Shutting down and abandoning module UdpMessaging (216)
[2017.06.18-11.54.23:734][406]LogModuleManager: Shutting down and abandoning module TcpMessaging (214)
[2017.06.18-11.54.23:834][406]LogModuleManager: Shutting down and abandoning module GameplayTagsEditor (212)
[2017.06.18-11.54.23:834][406]LogModuleManager: Shutting down and abandoning module FacialAnimationEditor (210)
[2017.06.18-11.54.23:834][406]LogModuleManager: Shutting down and abandoning module FacialAnimation (208)
[2017.06.18-11.54.23:834][406]LogModuleManager: Shutting down and abandoning module LightPropagationVolumeRuntime (206)
[2017.06.18-11.54.23:834][406]LogModuleManager: Shutting down and abandoning module Paper2D (204)
[2017.06.18-11.54.23:834][406]LogModuleManager: Shutting down and abandoning module WindowsMoviePlayer (202)
[2017.06.18-11.54.23:834][406]LogModuleManager: Shutting down and abandoning module WmfMedia (200)
[2017.06.18-11.54.23:834][406]LogModuleManager: Shutting down and abandoning module MfMedia (198)
[2017.06.18-11.54.23:834][406]LogModuleManager: Shutting down and abandoning module MediaAssets (196)
[2017.06.18-11.54.23:834][406]LogModuleManager: Shutting down and abandoning module GameLiveStreaming (194)
[2017.06.18-11.54.23:834][406]LogModuleManager: Shutting down and abandoning module VREditor (192)
[2017.06.18-11.54.23:834][406]LogModuleManager: Shutting down and abandoning module GameplayTasksEditor (190)
[2017.06.18-11.54.23:834][406]LogModuleManager: Shutting down and abandoning module BehaviorTreeEditor (188)
[2017.06.18-11.54.23:834][406]LogModuleManager: Shutting down and abandoning module FunctionalTesting (186)
[2017.06.18-11.54.23:834][406]LogModuleManager: Shutting down and abandoning module CollisionAnalyzer (184)
[2017.06.18-11.54.23:834][406]LogModuleManager: Shutting down and abandoning module UMG (182)
[2017.06.18-11.54.23:834][406]LogModuleManager: Shutting down and abandoning module UMGEditor (181)
[2017.06.18-11.54.23:834][406]LogModuleManager: Shutting down and abandoning module Sequencer (180)
[2017.06.18-11.54.23:834][406]LogModuleManager: Shutting down and abandoning module AssetTools (178)
[2017.06.18-11.54.23:834][406]LogModuleManager: Shutting down and abandoning module MessageLog (177)
[2017.06.18-11.54.23:834][406]LogModuleManager: Shutting down and abandoning module WorkspaceMenuStructure (176)
[2017.06.18-11.54.23:834][406]LogModuleManager: Shutting down and abandoning module SlateReflector (170)
[2017.06.18-11.54.23:834][406]LogModuleManager: Shutting down and abandoning module Slate (168)
[2017.06.18-11.54.23:834][406]LogModuleManager: Shutting down and abandoning module EditorStyle (166)
[2017.06.18-11.54.23:839][406]LogModuleManager: Shutting down and abandoning module SourceCodeAccess (164)
[2017.06.18-11.54.23:839][406]LogModuleManager: Shutting down and abandoning module HeadMountedDisplay (162)
[2017.06.18-11.54.23:839][406]LogModuleManager: Shutting down and abandoning module XAudio2 (160)
[2017.06.18-11.54.23:839][406]LogModuleManager: Shutting down and abandoning module Networking (158)
[2017.06.18-11.54.23:839][406]LogModuleManager: Shutting down and abandoning module Core (154)
[2017.06.18-11.54.23:839][406]LogModuleManager: Shutting down and abandoning module AssetRegistry (152)
[2017.06.18-11.54.24:044][406]LogDirectoryWatcher: A directory notification for '../../../Engine/Content/' was aborted.
[2017.06.18-11.54.24:044][406]LogDirectoryWatcher: A directory notification for '../../../../../../Users/Marcus/Desktop/GitHub/UE4-Zero/UE4_Zero/Content/' was aborted.
[2017.06.18-11.54.24:044][406]LogDirectoryWatcher: A directory notification for '../../../Engine/Plugins/2D/Paper2D/Content/' was aborted.
[2017.06.18-11.54.24:044][406]LogModuleManager: Shutting down and abandoning module DirectoryWatcher (151)
[2017.06.18-11.54.24:049][406]LogModuleManager: Shutting down and abandoning module KismetCompiler (148)
[2017.06.18-11.54.24:049][406]LogModuleManager: Shutting down and abandoning module PhysXFormats (146)
[2017.06.18-11.54.24:049][406]LogModuleManager: Shutting down and abandoning module MeshUtilities (144)
[2017.06.18-11.54.24:049][406]LogModuleManager: Shutting down and abandoning module SimplygonSwarm (143)
[2017.06.18-11.54.24:050][406]LogModuleManager: Shutting down and abandoning module SimplygonMeshReduction (141)
[2017.06.18-11.54.24:050][406]LogModuleManager: Shutting down and abandoning module QuadricMeshReduction (139)
[2017.06.18-11.54.24:050][406]LogModuleManager: Shutting down and abandoning module PropertyEditor (137)
[2017.06.18-11.54.24:050][406]LogModuleManager: Shutting down and abandoning module DerivedDataCache (134)
[2017.06.18-11.54.24:090][406]LogDerivedDataCache: Shutdown
[2017.06.18-11.54.24:090][406]LogModuleManager: Shutting down and abandoning module TargetPlatform (132)
[2017.06.18-11.54.24:090][406]LogModuleManager: Shutting down and abandoning module VulkanShaderFormat (131)
[2017.06.18-11.54.24:090][406]LogModuleManager: Shutting down and abandoning module ShaderFormatOpenGL (129)
[2017.06.18-11.54.24:090][406]LogModuleManager: Shutting down and abandoning module ShaderFormatD3D (127)
[2017.06.18-11.54.24:090][406]LogModuleManager: Shutting down and abandoning module MetalShaderFormat (125)
[2017.06.18-11.54.24:090][406]LogModuleManager: Shutting down and abandoning module TextureFormatUncompressed (123)
[2017.06.18-11.54.24:090][406]LogModuleManager: Shutting down and abandoning module TextureFormatPVR (121)
[2017.06.18-11.54.24:090][406]LogModuleManager: Shutting down and abandoning module TextureFormatDXT (119)
[2017.06.18-11.54.24:090][406]LogModuleManager: Shutting down and abandoning module TextureFormatIntelISPCTexComp (117)
[2017.06.18-11.54.24:091][406]LogModuleManager: Shutting down and abandoning module TextureFormatASTC (115)
[2017.06.18-11.54.24:091][406]LogModuleManager: Shutting down and abandoning module ImageWrapper (114)
[2017.06.18-11.54.24:091][406]LogModuleManager: Shutting down and abandoning module TextureFormatAndroid (111)
[2017.06.18-11.54.24:091][406]LogModuleManager: Shutting down and abandoning module AudioFormatOpus (109)
[2017.06.18-11.54.24:091][406]LogModuleManager: Shutting down and abandoning module AudioFormatOgg (107)
[2017.06.18-11.54.24:091][406]LogModuleManager: Shutting down and abandoning module AudioFormatADPCM (105)
[2017.06.18-11.54.24:091][406]LogModuleManager: Shutting down and abandoning module LinuxTargetPlatform (103)
[2017.06.18-11.54.24:091][406]LogModuleManager: Shutting down and abandoning module LinuxServerTargetPlatform (101)
[2017.06.18-11.54.24:091][406]LogModuleManager: Shutting down and abandoning module LinuxNoEditorTargetPlatform (99)
[2017.06.18-11.54.24:091][406]LogModuleManager: Shutting down and abandoning module LinuxClientTargetPlatform (97)
[2017.06.18-11.54.24:091][406]LogModuleManager: Shutting down and abandoning module TVOSTargetPlatform (95)
[2017.06.18-11.54.24:091][406]LogModuleManager: Shutting down and abandoning module Messaging (93)
[2017.06.18-11.54.24:091][406]LogModuleManager: Shutting down and abandoning module IOSTargetPlatform (91)
[2017.06.18-11.54.24:091][406]LogModuleManager: Shutting down and abandoning module HTML5TargetPlatform (89)
[2017.06.18-11.54.24:091][406]LogModuleManager: Shutting down and abandoning module Android_PVRTCTargetPlatform (87)
[2017.06.18-11.54.24:091][406]LogModuleManager: Shutting down and abandoning module Android_MultiTargetPlatform (85)
[2017.06.18-11.54.24:091][406]LogModuleManager: Shutting down and abandoning module Android_ETC2TargetPlatform (83)
[2017.06.18-11.54.24:091][406]LogModuleManager: Shutting down and abandoning module Android_ETC1TargetPlatform (81)
[2017.06.18-11.54.24:091][406]LogModuleManager: Shutting down and abandoning module Android_DXTTargetPlatform (79)
[2017.06.18-11.54.24:091][406]LogModuleManager: Shutting down and abandoning module Android_ATCTargetPlatform (77)
[2017.06.18-11.54.24:091][406]LogModuleManager: Shutting down and abandoning module Android_ASTCTargetPlatform (75)
[2017.06.18-11.54.24:091][406]LogModuleManager: Shutting down and abandoning module AndroidTargetPlatform (73)
[2017.06.18-11.54.24:091][406]LogModuleManager: Shutting down and abandoning module WindowsTargetPlatform (71)
[2017.06.18-11.54.24:091][406]LogModuleManager: Shutting down and abandoning module WindowsServerTargetPlatform (69)
[2017.06.18-11.54.24:091][406]LogModuleManager: Shutting down and abandoning module WindowsNoEditorTargetPlatform (67)
[2017.06.18-11.54.24:091][406]LogModuleManager: Shutting down and abandoning module WindowsClientTargetPlatform (65)
[2017.06.18-11.54.24:091][406]LogModuleManager: Shutting down and abandoning module MacTargetPlatform (63)
[2017.06.18-11.54.24:091][406]LogModuleManager: Shutting down and abandoning module MacServerTargetPlatform (61)
[2017.06.18-11.54.24:091][406]LogModuleManager: Shutting down and abandoning module MacNoEditorTargetPlatform (59)
[2017.06.18-11.54.24:091][406]LogModuleManager: Shutting down and abandoning module MacClientTargetPlatform (57)
[2017.06.18-11.54.24:091][406]LogModuleManager: Shutting down and abandoning module AllDesktopTargetPlatform (55)
[2017.06.18-11.54.24:091][406]LogModuleManager: Shutting down and abandoning module InputCore (52)
[2017.06.18-11.54.24:091][406]LogModuleManager: Shutting down and abandoning module Settings (50)
[2017.06.18-11.54.24:091][406]LogModuleManager: Shutting down and abandoning module OculusRift (48)
[2017.06.18-11.54.24:091][406]LogModuleManager: Shutting down and abandoning module GearVR (46)
[2017.06.18-11.54.24:091][406]LogModuleManager: Shutting down and abandoning module ExampleDeviceProfileSelector (44)
[2017.06.18-11.54.24:091][406]LogModuleManager: Shutting down and abandoning module OnlineBlueprintSupport (42)
[2017.06.18-11.54.24:091][406]LogModuleManager: Shutting down and abandoning module OnlineSubsystem (38)
[2017.06.18-11.54.24:091][406]LogOnline:Display: Unloading online subsystem: NULL
[2017.06.18-11.54.24:091][406]LogModuleManager: Shutting down and abandoning module XMPP (37)
[2017.06.18-11.54.24:091][406]LogModuleManager: Shutting down and abandoning module HTTP (35)
[2017.06.18-11.54.24:091][406]LogHttp:Display: Http module shutting down, but needs to wait on 1 outstanding Http requests:
[2017.06.18-11.54.24:091][406]LogHttp:Display: 	verb=[POST] url=[https://datarouter.ol.epicgames.com/datarouter/api/v1/public/data?SessionID=%7BFE6981E8-4C8B-8FCB-C13E-CAA41107871D%7D&AppID=UEEditor.Rocket.Release&AppVersion=4.15.3-3450819%2B%2B%2BUE4%2BRelease-4.15&UserID=97d3f40d403ff4a258d6f980a741b4dc%7C969837ba78db4a5a8b4180254925176e%7C81706c51-5e4d-4c53-8181-bc8c50ced6a7&AppEnvironment=datacollector-binary&UploadType=eteventstream] status=Processing
[2017.06.18-11.54.24:096][406]LogModuleManager: Shutting down and abandoning module SSL (34)
[2017.06.18-11.54.24:098][406]LogModuleManager: Shutting down and abandoning module AudioEditor (30)
[2017.06.18-11.54.24:098][406]LogModuleManager: Shutting down and abandoning module TextureCompressor (28)
[2017.06.18-11.54.24:098][406]LogModuleManager: Shutting down and abandoning module ShaderCore (26)
[2017.06.18-11.54.24:098][406]LogModuleManager: Shutting down and abandoning module Landscape (24)
[2017.06.18-11.54.24:098][406]LogModuleManager: Shutting down and abandoning module SlateRHIRenderer (22)
[2017.06.18-11.54.24:104][406]LogModuleManager: Shutting down and abandoning module OpenGLDrv (20)
[2017.06.18-11.54.24:104][406]LogModuleManager: Shutting down and abandoning module D3D11RHI (18)
[2017.06.18-11.54.24:104][406]LogModuleManager: Shutting down and abandoning module AnimGraphRuntime (16)
[2017.06.18-11.54.24:104][406]LogModuleManager: Shutting down and abandoning module Renderer (14)
[2017.06.18-11.54.24:104][406]LogModuleManager: Shutting down and abandoning module Engine (12)
[2017.06.18-11.54.24:104][406]LogModuleManager: Shutting down and abandoning module CoreUObject (10)
[2017.06.18-11.54.24:104][406]LogModuleManager: Shutting down and abandoning module NetworkFile (8)
[2017.06.18-11.54.24:104][406]LogModuleManager: Shutting down and abandoning module StreamingFile (6)
[2017.06.18-11.54.24:104][406]LogModuleManager: Shutting down and abandoning module SandboxFile (4)
[2017.06.18-11.54.24:104][406]LogModuleManager: Shutting down and abandoning module PakFile (2)
[2017.06.18-11.54.24:108][406]LogExit: Exiting.
[2017.06.18-11.54.24:114][406]Log file closed, 06/18/17 12:54:24
