Log file open, 06/23/17 15:35:12
LogInit:Display: Running engine for game: UE4_Zero
LogPlatformFile: Not using cached read wrapper
LogInit:Display: RandInit(-1293041412) SRandInit(-1293041412).
LogTaskGraph: Started task graph with 5 named threads and 8 total threads with 1 sets of task threads.
LogStats: Stats thread started at 3.153777
LogInit: Using libcurl 7.47.1
LogInit:  - built for x86_64-pc-win32
LogInit:  - supports SSL with OpenSSL/1.0.2g
LogInit:  - supports HTTP deflate (compression) using libz 1.2.8
LogInit:  - other features:
LogInit:      CURL_VERSION_SSL
LogInit:      CURL_VERSION_LIBZ
LogInit:      CURL_VERSION_IPV6
LogInit:      CURL_VERSION_ASYNCHDNS
LogInit:      CURL_VERSION_LARGEFILE
LogInit:      CURL_VERSION_IDN
LogInit:  CurlRequestOptions (configurable via config and command line):
LogInit:  - bVerifyPeer = false  - Libcurl will NOT verify peer certificate
LogInit:  - bUseHttpProxy = false  - Libcurl will NOT use HTTP proxy
LogInit:  - bDontReuseConnections = false  - Libcurl will reuse connections
LogInit:  - CertBundlePath = nullptr  - Libcurl will use whatever was configured at build time.
LogInit: Build: ++UE4+Release-4.15-CL-3450819
LogInit: Engine Version: 4.15.3-3450819+++UE4+Release-4.15
LogInit: Compatible Engine Version: 4.15.0-3299760+++UE4+Release-4.15
LogInit: Net CL: 3299760
LogDevObjectVersion: Number of dev versions registered: 14
LogDevObjectVersion:   Dev-Blueprints (B0D832E4-1F89-4F0D-ACCF-7EB736FD4AA2): 8
LogDevObjectVersion:   Dev-Build (E1C64328-A22C-4D53-A36C-8E866417BD8C): 0
LogDevObjectVersion:   Dev-Core (375EC13C-06E4-48FB-B500-84F0262A717E): 2
LogDevObjectVersion:   Dev-Editor (E4B068ED-F494-42E9-A231-DA0B2E46BB41): 14
LogDevObjectVersion:   Dev-Framework (CFFC743F-43B0-4480-9391-14DF171D2073): 22
LogDevObjectVersion:   Dev-Mobile (B02B49B5-BB20-44E9-A304-32B752E40360): 0
LogDevObjectVersion:   Dev-Networking (A4E4105C-59A1-49B5-A7C5-40C4547EDFEE): 0
LogDevObjectVersion:   Dev-Online (39C831C9-5AE6-47DC-9A44-9C173E1C8E7C): 0
LogDevObjectVersion:   Dev-Physics (78F01B33-EBEA-4F98-B9B4-84EACCB95AA2): 0
LogDevObjectVersion:   Dev-Platform (6631380F-2D4D-43E0-8009-CF276956A95A): 0
LogDevObjectVersion:   Dev-Rendering (12F88B9F-8875-4AFC-A67C-D90C383ABD29): 12
LogDevObjectVersion:   Dev-Sequencer (7B5AE74C-D270-4C10-A958-57980B212A5A): 3
LogDevObjectVersion:   Dev-VR (D7296918-1DD6-4BDD-9DE2-64A83CC13884): 0
LogDevObjectVersion:   Dev-LoadTimes (C2A15278-BFE7-4AFE-6C17-90FF531DF755): 1
LogInit: Compiled (64-bit): May 21 2017 11:02:34
LogInit: Compiled with Visual C++: 19.00.23026.00
LogInit: Build Configuration: Development
LogInit: Branch Name: ++UE4+Release-4.15
LogInit: Command line:  
LogInit: Base directory: C:/Program Files/Epic Games/UE_4.15/Engine/Binaries/Win64/
LogInit: Installed Engine Build: 1
LogInit: Presizing for max 8388607 objects, including 0 objects not considered by GC, pre-allocating 0 bytes for permanent pool.
LogInit: Object subsystem initialized
[2017.06.23-14.35.23:377][  0]LogInit: Selected Device Profile: [Windows]
[2017.06.23-14.35.23:377][  0]LogInit: Applying CVar settings loaded from the selected device profile: [Windows]
[2017.06.23-14.35.23:823][  0]LogInit: Computer: DESKTOP-E3PDIQS
[2017.06.23-14.35.23:823][  0]LogInit: User: Marcus
[2017.06.23-14.35.23:823][  0]LogInit: CPU Page size=65536, Cores=4
[2017.06.23-14.35.23:823][  0]LogInit: High frequency timer resolution =2.929687 MHz
[2017.06.23-14.35.23:945][  0]LogMemory: Memory total: Physical=16.0GB (16GB approx)
[2017.06.23-14.35.23:945][  0]LogMemory: Platform Memory Stats for Windows
[2017.06.23-14.35.23:945][  0]LogMemory: Process Physical Memory: 263.21 MB used, 263.21 MB peak
[2017.06.23-14.35.23:945][  0]LogMemory: Process Virtual Memory: 262.14 MB used, 262.14 MB peak
[2017.06.23-14.35.23:945][  0]LogMemory: Physical Memory: 3544.76 MB used,  12791.67 MB free, 16336.43 MB total
[2017.06.23-14.35.23:945][  0]LogMemory: Virtual Memory: 644.24 MB used,  12791.67 MB free, 134217728.00 MB total
[2017.06.23-14.35.33:516][  0]LogTextLocalizationManager: No specific translations for ('en-GB') exist, so ('en') translations will be used.
[2017.06.23-14.35.48:205][  0]LogD3D11RHI: D3D11 adapters:
[2017.06.23-14.35.48:821][  0]LogD3D11RHI:    0. 'NVIDIA GeForce GTX 1050' (Feature Level 11_0)
[2017.06.23-14.35.48:821][  0]LogD3D11RHI:       2006/0/8168 MB DedicatedVideo/DedicatedSystem/SharedSystem, Outputs:2, VendorId:0x10de
[2017.06.23-14.35.48:823][  0]LogD3D11RHI:    1. 'Microsoft Basic Render Driver' (Feature Level 11_0)
[2017.06.23-14.35.48:823][  0]LogD3D11RHI:       0/0/8168 MB DedicatedVideo/DedicatedSystem/SharedSystem, Outputs:0, VendorId:0x1414
[2017.06.23-14.35.48:823][  0]LogD3D11RHI: Chosen D3D11 Adapter: 0
[2017.06.23-14.35.48:979][  0]LogD3D11RHI: Creating new Direct3DDevice
[2017.06.23-14.35.48:980][  0]LogD3D11RHI:     GPU DeviceId: 0x1c81 (for the marketing name, search the web for "GPU Device Id")
[2017.06.23-14.35.48:980][  0]LogWindows: EnumDisplayDevices:
[2017.06.23-14.35.48:980][  0]LogWindows:    0. 'NVIDIA GeForce GTX 1050' (P:1 D:1)
[2017.06.23-14.35.48:980][  0]LogWindows:    1. 'NVIDIA GeForce GTX 1050' (P:0 D:1)
[2017.06.23-14.35.48:980][  0]LogWindows:    2. 'NVIDIA GeForce GTX 1050' (P:0 D:0)
[2017.06.23-14.35.48:980][  0]LogWindows:    3. 'NVIDIA GeForce GTX 1050' (P:0 D:0)
[2017.06.23-14.35.48:980][  0]LogWindows: DebugString: FoundDriverCount:4 
[2017.06.23-14.35.48:980][  0]LogD3D11RHI:     Adapter Name: NVIDIA GeForce GTX 1050
[2017.06.23-14.35.48:996][  0]LogD3D11RHI:   Driver Version: 382.33 (internal:22.21.13.8233, unified:382.33)
[2017.06.23-14.35.48:996][  0]LogD3D11RHI:      Driver Date: 5-17-2017
[2017.06.23-14.35.48:996][  0]LogRHI: Texture pool is 1361 MB (70% of 1945 MB)
[2017.06.23-14.35.49:792][  0]LogD3D11RHI: Async texture creation enabled
[2017.06.23-14.35.52:613][  0]LogD3D11RHI: GPU Timing Frequency: 1000.000000 (Debug: 2 1)
[2017.06.23-14.35.53:523][  0]LogShaderCompilers: Guid format shader working directory is -17 characters bigger than the processId version (../../../../../../Users/Marcus/Desktop/GitHub/UE4-Zero/UE4_Zero/Intermediate/Shaders/WorkingDirectory/11632/).
[2017.06.23-14.35.53:523][  0]LogShaderCompilers: Cleaned the shader compiler working directory 'C:/Users/Marcus/AppData/Local/Temp/UnrealShaderWorkingDir/941036C04E467715147833A04C13EC68/'.
[2017.06.23-14.35.53:537][  0]LogShaderCompilers:Display: Using Local Shader Compiler.
[2017.06.23-14.36.22:338][  0]LogTemp:Display: Loaded TP AllDesktopTargetPlatform
[2017.06.23-14.36.22:660][  0]LogTemp:Display: Loaded TP MacClientTargetPlatform
[2017.06.23-14.36.22:859][  0]LogTemp:Display: Loaded TP MacNoEditorTargetPlatform
[2017.06.23-14.36.23:047][  0]LogTemp:Display: Loaded TP MacServerTargetPlatform
[2017.06.23-14.36.23:345][  0]LogTemp:Display: Loaded TP MacTargetPlatform
[2017.06.23-14.36.23:589][  0]LogTemp:Display: Loaded TP WindowsClientTargetPlatform
[2017.06.23-14.36.23:815][  0]LogTemp:Display: Loaded TP WindowsNoEditorTargetPlatform
[2017.06.23-14.36.24:059][  0]LogTemp:Display: Loaded TP WindowsServerTargetPlatform
[2017.06.23-14.36.24:307][  0]LogTemp:Display: Loaded TP WindowsTargetPlatform
[2017.06.23-14.36.24:714][  0]LogTemp:Display: Loaded TP AndroidTargetPlatform
[2017.06.23-14.36.24:945][  0]LogTemp:Display: Loaded TP Android_ASTCTargetPlatform
[2017.06.23-14.36.25:231][  0]LogTemp:Display: Loaded TP Android_ATCTargetPlatform
[2017.06.23-14.36.25:446][  0]LogTemp:Display: Loaded TP Android_DXTTargetPlatform
[2017.06.23-14.36.25:714][  0]LogTemp:Display: Loaded TP Android_ETC1TargetPlatform
[2017.06.23-14.36.25:926][  0]LogTemp:Display: Loaded TP Android_ETC2TargetPlatform
[2017.06.23-14.36.26:651][  0]LogTemp:Display: Loaded TP Android_MultiTargetPlatform
[2017.06.23-14.36.26:651][  0]LogTemp:Display: Loaded TP Android_PVRTCTargetPlatform
[2017.06.23-14.36.26:838][  0]LogTemp:Display: Loaded TP HTML5TargetPlatform
[2017.06.23-14.36.27:550][  0]LogTemp:Display: Loaded TP IOSTargetPlatform
[2017.06.23-14.36.27:660][  0]LogTemp:Display: Loaded TP TVOSTargetPlatform
[2017.06.23-14.36.28:103][  0]LogTemp:Display: Loaded TP LinuxClientTargetPlatform
[2017.06.23-14.36.28:337][  0]LogTemp:Display: Loaded TP LinuxNoEditorTargetPlatform
[2017.06.23-14.36.28:548][  0]LogTemp:Display: Loaded TP LinuxServerTargetPlatform
[2017.06.23-14.36.28:900][  0]LogTemp:Display: Loaded TP LinuxTargetPlatform
[2017.06.23-14.36.28:900][  0]LogTargetPlatformManager:Display: Building Assets For Windows
[2017.06.23-14.36.38:477][  0]LogDerivedDataCache:Display: Max Cache Size: 512 MB
[2017.06.23-14.36.52:722][  0]LogDerivedDataCache: Loaded boot cache 14.15s 50MB C:/Users/Marcus/AppData/Local/UnrealEngine/4.15/DerivedDataCache/Boot.ddc.
[2017.06.23-14.36.52:722][  0]LogDerivedDataCache:Display: Loaded Boot cache: C:/Users/Marcus/AppData/Local/UnrealEngine/4.15/DerivedDataCache/Boot.ddc
[2017.06.23-14.36.52:723][  0]LogDerivedDataCache: FDerivedDataBackendGraph:  Pak pak cache file ../../../../../../Users/Marcus/Desktop/GitHub/UE4-Zero/UE4_Zero/DerivedDataCache/DDC.ddp not found, will not use a pak cache.
[2017.06.23-14.36.52:723][  0]LogDerivedDataCache: Unable to find inner node Pak for hierarchical cache Hierarchy.
[2017.06.23-14.36.52:723][  0]LogDerivedDataCache: FDerivedDataBackendGraph:  CompressedPak pak cache file ../../../../../../Users/Marcus/Desktop/GitHub/UE4-Zero/UE4_Zero/DerivedDataCache/Compressed.ddp not found, will not use a pak cache.
[2017.06.23-14.36.52:723][  0]LogDerivedDataCache: Unable to find inner node CompressedPak for hierarchical cache Hierarchy.
[2017.06.23-14.36.53:196][  0]LogDerivedDataCache:Display: Pak cache opened for reading ../../../Engine/DerivedDataCache/Compressed.ddp.
[2017.06.23-14.36.53:313][  0]LogDerivedDataCache: Using Local data cache path C:/Users/Marcus/AppData/Local/UnrealEngine/Common/DerivedDataCache: Writable
[2017.06.23-14.36.54:961][  0]LogSlate: Using Freetype 2.6.0
[2017.06.23-14.36.55:419][  0]LogSlate: SlateFontCache - WITH_FREETYPE: 1, WITH_HARFBUZZ: 1
[2017.06.23-14.36.55:419][  0]LogSlate: SlateFontCache - WITH_FREETYPE: 1, WITH_HARFBUZZ: 1
[2017.06.23-14.38.06:061][  0]LogInit: Selected Device Profile: [Windows]
[2017.06.23-14.38.06:820][  0]LogContentStreaming: Texture pool size is 0.00 MB
[2017.06.23-14.38.13:467][  0]LogMeshUtilities: Using QuadricMeshReduction for automatic static mesh reduction
[2017.06.23-14.38.13:981][  0]LogSimplygon: Simplygon DLL not present - disabling.
[2017.06.23-14.38.14:363][  0]LogMeshUtilities: Using SimplygonSwarm for distributed automatic mesh merging
[2017.06.23-14.38.14:363][  0]LogMeshUtilities: No automatic skeletal mesh reduction module available
[2017.06.23-14.38.14:363][  0]LogMeshUtilities: No automatic mesh merging module available
[2017.06.23-14.38.56:178][  0]LogNetVersion: GetLocalNetworkVersion: CL: 3299760, ProjectName: ue4_zero, ProjectVersion: , EngineNetworkVersion: 2, GameNetworkVersion: 0, NetworkChecksum: 276590260
[2017.06.23-14.38.57:013][  0]LogAssetRegistry: FAssetRegistry took 0.1453 seconds to start up
[2017.06.23-14.38.57:519][  0]LogPackageLocalizationCache: Processed 3 localized package path(s) for 2 prioritized culture(s) in 0.229001 seconds
[2017.06.23-14.38.57:580][  0]LogUObjectArray: 32493 objects as part of root set at end of initial load.
[2017.06.23-14.38.57:580][  0]LogUObjectAllocator: 7077024 out of 0 bytes used by permanent object pool.
[2017.06.23-14.38.57:580][  0]LogUObjectArray: CloseDisregardForGC: 0/0 objects in disregard for GC pool
[2017.06.23-14.38.57:974][  0]LogInit: WinSock: version 1.1 (2.2), MaxSocks=32767, MaxUdp=65467
[2017.06.23-14.40.35:345][  0]LogTcpMessaging: Initializing TcpMessaging bridge
[2017.06.23-14.40.35:704][  0]LogUdpMessaging: Initializing bridge on interface 0.0.0.0:0 to multicast group 230.0.0.1:6666.
[2017.06.23-14.40.47:938][  0]LogMaterial: Uniform references updated for custom material expression Custom.
[2017.06.23-14.40.53:116][  0]SourceControl: Info Source control is disabled
[2017.06.23-14.40.53:191][  0]SourceControl: Info Source control is disabled
[2017.06.23-14.40.54:048][  0]SourceControl: Info Source control is disabled
[2017.06.23-14.40.54:482][  0]SourceControl: Info Source control is disabled
[2017.06.23-14.41.05:581][  0]LogEngine: Initializing Engine...
[2017.06.23-14.41.05:639][  0]LogHMD: Failed to initialize OpenVR with code 110
[2017.06.23-14.41.06:768][  0]LogStats: UGameplayTagsManager::ConstructGameplayTagTree: Construct from data asset -  0.000 s
[2017.06.23-14.41.06:825][  0]LogStats: UGameplayTagsManager::ConstructGameplayTagTree: GameplayTagTreeChangedEvent.Broadcast -  0.015 s
[2017.06.23-14.41.08:941][  0]LogAIModule: Creating AISystem for world Untitled
[2017.06.23-14.41.09:424][  0]LogInit: XAudio2 using 'Digital Audio (S/PDIF) (High Definition Audio Device)' : 2 channels at 44.1 kHz using 16 bits per sample (channel mask 0x3)
[2017.06.23-14.41.09:438][  0]LogInit: FAudioDevice initialized.
[2017.06.23-14.41.09:715][  0]LogDerivedDataCache: Saved boot cache 0.28s 50MB C:/Users/Marcus/AppData/Local/UnrealEngine/4.15/DerivedDataCache/Boot.ddc.
[2017.06.23-14.41.09:719][  0]LogInit: Texture streaming: Enabled
[2017.06.23-14.41.11:984][  0]LogEngineSessionManager: EngineSessionManager initialized
[2017.06.23-14.41.12:942][  0]LogInit: Transaction tracking system initialized
[2017.06.23-14.41.15:664][  0]BlueprintLog: New page: Editor Load
[2017.06.23-14.41.22:223][  0]LocalizationService: Info Localization service is disabled
[2017.06.23-14.41.26:781][  0]LogConsoleResponse:Display: 
[2017.06.23-14.41.29:120][  0]LogFileCache: Scanning file cache for directory 'C:/Users/Marcus/Desktop/GitHub/UE4-Zero/UE4_Zero/Content/' took 0.02s
[2017.06.23-14.41.29:120][  0]LogCook:Display: Max memory allowance for cook 16384mb min free memory 0mb
[2017.06.23-14.41.29:120][  0]LogCook:Display: Mobile HDR setting 1
[2017.06.23-14.41.36:272][  0]SourceControl: Info Source control is disabled
[2017.06.23-14.41.36:299][  0]Cmd: MAP LOAD FILE="../../../../../../Users/Marcus/Desktop/GitHub/UE4-Zero/UE4_Zero/Content/Maps/Start.umap" TEMPLATE=0 SHOWPROGRESS=1 FEATURELEVEL=3
[2017.06.23-14.41.36:311][  0]LightingResults: New page: Lighting Build
[2017.06.23-14.41.36:710][  0]MapCheck: New page: Map Check
[2017.06.23-14.41.36:710][  0]LightingResults: New page: Lighting Build
[2017.06.23-14.41.39:430][  0]LogAIModule: Creating AISystem for world Start
[2017.06.23-14.41.40:454][  0]LogEditorServer: Finished looking for orphan Actors (0.000 secs)
[2017.06.23-14.41.40:545][  0]Cmd: MAP CHECKDEP NOCLEARLOG
[2017.06.23-14.41.40:695][  0]MapCheck: Info Map check complete: 0 Error(s), 0 Warning(s), took 149.822ms to complete.
[2017.06.23-14.41.40:695][  0]LogFileHelpers: Loading map 'Start' took 4.402
[2017.06.23-14.41.47:813][  0]LogCollectionManager: Loaded 0 collections in 0.003165 seconds
[2017.06.23-14.41.48:574][  0]LogFileCache: Scanning file cache for directory 'C:/Users/Marcus/Desktop/GitHub/UE4-Zero/UE4_Zero/Saved/Collections/' took 0.01s
[2017.06.23-14.41.48:574][  0]LogFileCache: Scanning file cache for directory 'C:/Users/Marcus/Desktop/GitHub/UE4-Zero/UE4_Zero/Content/Developers/Marcus/Collections/' took 0.01s
[2017.06.23-14.41.48:574][  0]LogFileCache: Scanning file cache for directory 'C:/Users/Marcus/Desktop/GitHub/UE4-Zero/UE4_Zero/Content/Collections/' took 0.01s
[2017.06.23-14.41.48:574][  0]LogCollectionManager: Rebuilt the GUID cache for 0 collections in 0.000001 seconds
[2017.06.23-14.41.48:608][  0]LogContentBrowser: Native class hierarchy populated in 0.0294 seconds. Added 2250 classes and 455 folders.
[2017.06.23-14.41.49:076][  0]LogContentBrowser: Native class hierarchy updated for 'WidgetCarousel' in 0.0033 seconds. Added 0 classes and 0 folders.
[2017.06.23-14.41.51:177][  0]LogContentBrowser: Native class hierarchy updated for 'AddContentDialog' in 0.0029 seconds. Added 0 classes and 0 folders.
[2017.06.23-14.41.51:426][  0]LogContentBrowser: Native class hierarchy updated for 'SceneOutliner' in 0.0028 seconds. Added 1 classes and 2 folders.
[2017.06.23-14.41.52:574][  0]LogCrashTracker: Crashtracker disabled due to settings.
[2017.06.23-14.41.53:618][  0]LogUObjectGlobals:Warning: Failed to find object 'Class None.'
[2017.06.23-14.41.54:902][  0]LogContentBrowser: Native class hierarchy updated for 'HierarchicalLODOutliner' in 0.0034 seconds. Added 1 classes and 2 folders.
[2017.06.23-14.41.54:902][  0]LogLoad: (Engine Initialization) Total time: 425.07 seconds
[2017.06.23-14.41.54:902][  0]LogLoad: (Engine Initialization) Total Blueprint compile time: 4.53 seconds
[2017.06.23-14.41.54:902][  0]LogExternalProfiler: Found external profiler: VSPerf
[2017.06.23-14.41.54:902][  0]LogExternalProfiler: Using external profiler: VSPerf
[2017.06.23-14.41.55:331][  0]LogOcInput: OculusInput pre-init called
[2017.06.23-14.41.56:556][  0]LogContentStreaming: Texture pool size now 1000 MB
[2017.06.23-14.41.57:144][  0]LogSlate: Took 0.048971 seconds to synchronously load lazily loaded font '../../../Engine/Content/Slate/Fonts/Roboto-Regular.ttf' (155K)
[2017.06.23-14.41.57:507][  0]LogSlate: Took 0.321020 seconds to synchronously load lazily loaded font '../../../Engine/Content/Slate/Fonts/Roboto-Bold.ttf' (160K)
[2017.06.23-14.42.03:344][  0]LogRenderer: Reallocating scene render targets to support 1208x580 NumSamples 1 (Frame:2).
[2017.06.23-14.42.06:279][  3]LogAssetRegistry: Asset discovery search completed in 189.3130 seconds
[2017.06.23-14.42.06:279][  3]LogCollectionManager: Rebuilt the object cache for 0 collections in 0.000005 seconds (found 0 objects)
[2017.06.23-14.42.06:279][  3]LogCollectionManager: Fixed up redirectors for 0 collections in 0.000023 seconds (updated 0 objects)
[2017.06.23-14.51.06:299][679]Recompiling UE4_Zero...
[2017.06.23-14.51.06:300][679]Launching UnrealBuildTool... [C:/Program Files/Epic Games/UE_4.15/Engine/Binaries/DotNET/UnrealBuildTool.exe UE4_Zero -ModuleWithSuffix UE4_Zero 8379 Win64 Development -editorrecompile -canskiplink "C:/Users/Marcus/Desktop/GitHub/UE4-Zero/UE4_Zero/UE4_Zero.uproject" ]
[2017.06.23-14.51.06:371][679]Warning: Starting HotReload took  2.4s.
[2017.06.23-14.51.08:664][865]CompilerResultsLog: New page: Compilation - 23 Jun 2017 16:51:08
[2017.06.23-14.51.08:664][865]CompilerResultsLog: Info Compiling game modules for hot reload
[2017.06.23-14.51.08:664][865]LogMainFrame: MainFrame: Module compiling took 2.371 seconds
[2017.06.23-14.51.08:664][865]Warning: HotReload failed, recompile failed
[2017.06.23-15.39.50:838][935]Recompiling UE4_Zero...
[2017.06.23-15.39.50:838][935]Launching UnrealBuildTool... [C:/Program Files/Epic Games/UE_4.15/Engine/Binaries/DotNET/UnrealBuildTool.exe UE4_Zero -ModuleWithSuffix UE4_Zero 1653 Win64 Development -editorrecompile -canskiplink "C:/Users/Marcus/Desktop/GitHub/UE4-Zero/UE4_Zero/UE4_Zero.uproject" ]
[2017.06.23-15.39.50:849][935]Warning: Starting HotReload took  0.0s.
[2017.06.23-15.41.46:139][608]CompilerResultsLog: New page: Compilation - 23 Jun 2017 17:41:46
[2017.06.23-15.41.46:140][608]CompilerResultsLog: Info Compiling game modules for hot reload
[2017.06.23-15.41.46:140][608]CompilerResultsLog: Info Performing full C++ include scan (no include cache file)
[2017.06.23-15.41.46:140][608]CompilerResultsLog: Info Parsing headers for UE4_ZeroEditor
[2017.06.23-15.41.46:140][608]CompilerResultsLog: Info   Running UnrealHeaderTool "C:\Users\Marcus\Desktop\GitHub\UE4-Zero\UE4_Zero\UE4_Zero.uproject" "C:\Users\Marcus\Desktop\GitHub\UE4-Zero\UE4_Zero\Intermediate\Build\Win64\UE4_ZeroEditor\Development\UE4_ZeroEditor.uhtmanifest" -LogCmds="loginit warning, logexit warning, logdatabase error" -Unattended -WarningsAsErrors -installed
[2017.06.23-15.41.46:140][608]CompilerResultsLog: Info Reflection code generated for UE4_ZeroEditor in 9.7277886 seconds
[2017.06.23-15.41.46:140][608]CompilerResultsLog: Info Performing 5 actions (4 in parallel)
[2017.06.23-15.41.46:140][608]CompilerResultsLog: Info UE4_Zero.generated.cpp
[2017.06.23-15.41.46:140][608]CompilerResultsLog: Info PlayerZero.cpp
[2017.06.23-15.41.46:140][608]CompilerResultsLog: Info My_PlayerController.cpp
[2017.06.23-15.41.46:140][608]CompilerResultsLog:Error: Error C:\Users\Marcus\Desktop\GitHub\UE4-Zero\UE4_Zero\Source\UE4_Zero\PlayerZero.cpp(166) : error C2664: 'T *UWorld::SpawnActor<ABullet>(UClass *,const FVector &,const FRotator &,const FActorSpawnParameters &)': cannot convert argument 2 from 'FRotator' to 'const FVector &'
[2017.06.23-15.41.46:140][608]CompilerResultsLog: Info         with
[2017.06.23-15.41.46:140][608]CompilerResultsLog: Info         [
[2017.06.23-15.41.46:140][608]CompilerResultsLog: Info             T=ABullet
[2017.06.23-15.41.46:140][608]CompilerResultsLog: Info         ]
[2017.06.23-15.41.46:140][608]CompilerResultsLog:Error: Error C:\Users\Marcus\Desktop\GitHub\UE4-Zero\UE4_Zero\Source\UE4_Zero\PlayerZero.cpp(166) : note: Reason: cannot convert from 'FRotator' to 'const FVector'
[2017.06.23-15.41.46:140][608]CompilerResultsLog:Error: Error C:\Users\Marcus\Desktop\GitHub\UE4-Zero\UE4_Zero\Source\UE4_Zero\PlayerZero.cpp(166) : note: No user-defined-conversion operator available that can perform this conversion, or the operator cannot be called
[2017.06.23-15.41.46:140][608]CompilerResultsLog: Info ERROR: UBT ERROR: Failed to produce item: C:\Users\Marcus\Desktop\GitHub\UE4-Zero\UE4_Zero\Binaries\Win64\UE4Editor-UE4_Zero-1653.dll
[2017.06.23-15.41.46:140][608]CompilerResultsLog: Info Total build time: 114.84 seconds (Local executor: 0.00 seconds)
[2017.06.23-15.41.46:140][608]LogMainFrame: MainFrame: Module compiling took 115.308 seconds
[2017.06.23-15.41.46:140][608]Warning: HotReload failed, recompile failed
[2017.06.23-15.44.00:421][ 80]Recompiling UE4_Zero...
[2017.06.23-15.44.00:421][ 80]Launching UnrealBuildTool... [C:/Program Files/Epic Games/UE_4.15/Engine/Binaries/DotNET/UnrealBuildTool.exe UE4_Zero -ModuleWithSuffix UE4_Zero 6628 Win64 Development -editorrecompile -canskiplink "C:/Users/Marcus/Desktop/GitHub/UE4-Zero/UE4_Zero/UE4_Zero.uproject" ]
[2017.06.23-15.44.00:428][ 80]Warning: Starting HotReload took  0.0s.
[2017.06.23-15.44.24:540][889]CompilerResultsLog: New page: Compilation - 23 Jun 2017 17:44:24
[2017.06.23-15.44.24:541][889]CompilerResultsLog: Info Compiling game modules for hot reload
[2017.06.23-15.44.24:541][889]CompilerResultsLog: Info Parsing headers for UE4_ZeroEditor
[2017.06.23-15.44.24:541][889]CompilerResultsLog: Info   Running UnrealHeaderTool "C:\Users\Marcus\Desktop\GitHub\UE4-Zero\UE4_Zero\UE4_Zero.uproject" "C:\Users\Marcus\Desktop\GitHub\UE4-Zero\UE4_Zero\Intermediate\Build\Win64\UE4_ZeroEditor\Development\UE4_ZeroEditor.uhtmanifest" -LogCmds="loginit warning, logexit warning, logdatabase error" -Unattended -WarningsAsErrors -installed
[2017.06.23-15.44.24:541][889]CompilerResultsLog: Info Reflection code generated for UE4_ZeroEditor in 8.4393674 seconds
[2017.06.23-15.44.24:541][889]CompilerResultsLog: Info Performing 3 actions (4 in parallel)
[2017.06.23-15.44.24:541][889]CompilerResultsLog: Info PlayerZero.cpp
[2017.06.23-15.44.24:541][889]CompilerResultsLog: Info [2/3] Link UE4Editor-UE4_Zero-6628.dll
[2017.06.23-15.44.24:541][889]CompilerResultsLog: Info [3/3] Link UE4Editor-UE4_Zero-6628.lib
[2017.06.23-15.44.24:541][889]CompilerResultsLog: Info    Creating library C:\Users\Marcus\Desktop\GitHub\UE4-Zero\UE4_Zero\Intermediate\Build\Win64\UE4Editor\Development\UE4Editor-UE4_Zero-6628.lib and object C:\Users\Marcus\Desktop\GitHub\UE4-Zero\UE4_Zero\Intermediate\Build\Win64\UE4Editor\Development\UE4Editor-UE4_Zero-6628.exp
[2017.06.23-15.44.24:541][889]CompilerResultsLog: Info    Creating library C:\Users\Marcus\Desktop\GitHub\UE4-Zero\UE4_Zero\Intermediate\Build\Win64\UE4Editor\Development\UE4Editor-UE4_Zero-6628.suppressed.lib and object C:\Users\Marcus\Desktop\GitHub\UE4-Zero\UE4_Zero\Intermediate\Build\Win64\UE4Editor\Development\UE4Editor-UE4_Zero-6628.suppressed.exp
[2017.06.23-15.44.24:541][889]CompilerResultsLog: Info Total build time: 23.72 seconds (Local executor: 7.78 seconds)
[2017.06.23-15.44.24:541][889]LogMainFrame: MainFrame: Module compiling took 24.126 seconds
[2017.06.23-15.44.25:109][889]LogClass: Could not find existing class PlayerZero in package /Script/UE4_Zero for HotReload, assuming new class
[2017.06.23-15.44.25:113][889]LogHotReload: Re-instancing PlayerZero after hot-reload.
[2017.06.23-15.44.25:147][889]LogContentBrowser: Native class hierarchy updated for 'UE4_Zero' in 0.0028 seconds. Added 5 classes and 2 folders.
[2017.06.23-15.44.25:148][889]Display: HotReload successful (0 functions remapped  0 scriptstructs remapped)
[2017.06.23-15.44.25:210][889]LogContentBrowser: Native class hierarchy populated in 0.0106 seconds. Added 2252 classes and 459 folders.
[2017.06.23-15.44.25:210][889]Display: HotReload took 24.8s.
[2017.06.23-15.44.28:305][259]LogTemp: Repeting last play command: Selected Viewport
[2017.06.23-15.44.28:317][259]LogPlayLevel: PlayLevel: No blueprints needed recompiling
[2017.06.23-15.44.28:317][259]PIE: New page: PIE session: Start (23 Jun 2017 17:44:28)
[2017.06.23-15.44.28:317][259]LogPlayLevel: Creating play world package: /Game/Maps/UEDPIE_0_Start
[2017.06.23-15.44.28:320][259]LogPlayLevel: PIE: StaticDuplicateObject took: (0.002430s)
[2017.06.23-15.44.28:320][259]LogAIModule: Creating AISystem for world Start
[2017.06.23-15.44.28:321][259]LogPlayLevel: PIE: World Init took: (0.000770s)
[2017.06.23-15.44.28:321][259]LogPlayLevel: PIE: Created PIE world by copying editor world from /Game/Maps/Start.Start to /Game/Maps/UEDPIE_0_Start.Start (0.003448s)
[2017.06.23-15.44.28:331][259]LogInit: XAudio2 using 'Digital Audio (S/PDIF) (High Definition Audio Device)' : 2 channels at 44.1 kHz using 16 bits per sample (channel mask 0x3)
[2017.06.23-15.44.28:339][259]LogInit: FAudioDevice initialized.
[2017.06.23-15.44.28:593][259]LogLoad: Game class is 'My_UE4_ZeroGameModeBase_C'
[2017.06.23-15.44.28:595][259]LogWorld: Bringing World /Game/Maps/UEDPIE_0_Start.Start up for play (max tick rate 0) at 2017.06.23-16.44.28
[2017.06.23-15.44.28:595][259]LogWorld: Bringing up level for play took: 0.000856
[2017.06.23-15.44.28:778][259]LogContentBrowser: Native class hierarchy updated for 'MovieSceneCapture' in 0.0030 seconds. Added 11 classes and 0 folders.
[2017.06.23-15.44.28:779][259]PIE: Info Play in editor start time for /Game/Maps/UEDPIE_0_Start 0.31
[2017.06.23-15.54.46:947][969]LogSlate: Took 0.012080 seconds to synchronously load lazily loaded font '../../../Engine/Content/Editor/Slate/Fonts/FontAwesome.ttf' (139K)
[2017.06.23-15.54.46:957][969]LogSlate: Took 0.002067 seconds to synchronously load lazily loaded font '../../../Engine/Content/Slate/Fonts/Roboto-Light.ttf' (159K)
[2017.06.23-15.56.51:129][639]LogSlate: Took 0.000198 seconds to synchronously load lazily loaded font '../../../Engine/Content/Slate/Fonts/Roboto-Light.ttf' (159K)
[2017.06.23-15.57.43:834][123]LogSlate: Took 0.000291 seconds to synchronously load lazily loaded font '../../../Engine/Content/Slate/Fonts/Roboto-Light.ttf' (159K)
[2017.06.23-16.04.59:356][ 64]LogSlate: Took 0.023112 seconds to synchronously load lazily loaded font '../../../Engine/Content/Editor/Slate/Fonts/Roboto-BoldCondensed.ttf' (158K)
[2017.06.23-16.05.05:257][677]LogContentBrowser: Native class hierarchy updated for 'BlueprintGraph' in 0.0030 seconds. Added 112 classes and 0 folders.
[2017.06.23-16.05.06:247][677]LogRenderer: Reallocating scene render targets to support 1208x900 NumSamples 1 (Frame:80731).
[2017.06.23-16.05.09:302][948]LogSlate: Took 0.010752 seconds to synchronously load lazily loaded font '../../../Engine/Content/Editor/Slate/Fonts/Roboto-Italic.ttf' (157K)
[2017.06.23-16.07.43:403][269]BlueprintLog: New page: Compile MyBullet
[2017.06.23-16.07.43:990][310]Cmd: OBJ SAVEPACKAGE PACKAGE="/Game/Blueprints/MyBullet" FILE="../../../../../../Users/Marcus/Desktop/GitHub/UE4-Zero/UE4_Zero/Content/Blueprints/MyBullet.uasset" SILENT=true
[2017.06.23-16.07.44:004][310]LogSavePackage: Save=11.93ms
[2017.06.23-16.07.44:004][310]LogSavePackage: Moving '../../../../../../Users/Marcus/Desktop/GitHub/UE4-Zero/UE4_Zero/Saved/MyBullet3E91D3774CDFF6E758E9189E960405CC.tmp' to '../../../../../../Users/Marcus/Desktop/GitHub/UE4-Zero/UE4_Zero/Content/Blueprints/MyBullet.uasset'
[2017.06.23-16.07.44:009][310]LogSavePackage:Display: Finished SavePackage ../../../../../../Users/Marcus/Desktop/GitHub/UE4-Zero/UE4_Zero/Content/Blueprints/MyBullet.uasset
[2017.06.23-16.07.46:095][556]Recompiling UE4_Zero...
[2017.06.23-16.07.46:095][556]Launching UnrealBuildTool... [C:/Program Files/Epic Games/UE_4.15/Engine/Binaries/DotNET/UnrealBuildTool.exe UE4_Zero -ModuleWithSuffix UE4_Zero 9455 Win64 Development -editorrecompile -canskiplink "C:/Users/Marcus/Desktop/GitHub/UE4-Zero/UE4_Zero/UE4_Zero.uproject" ]
[2017.06.23-16.07.46:100][556]Warning: Starting HotReload took  0.0s.
[2017.06.23-16.07.53:396][387]CompilerResultsLog: New page: Compilation - 23 Jun 2017 18:07:53
[2017.06.23-16.07.53:396][387]CompilerResultsLog: Info Compiling game modules for hot reload
[2017.06.23-16.07.53:396][387]CompilerResultsLog: Info Target is up to date
[2017.06.23-16.07.53:396][387]CompilerResultsLog: Info Total build time: 6.90 seconds (NoActionsToExecute executor: 0.00 seconds)
[2017.06.23-16.07.53:396][387]LogMainFrame: MainFrame: Module compiling took 7.308 seconds
[2017.06.23-16.07.53:639][387]LogContentBrowser: Native class hierarchy populated in 0.0107 seconds. Added 2252 classes and 459 folders.
[2017.06.23-16.07.53:639][387]Display: HotReload took  7.6s.
[2017.06.23-16.07.55:453][593]LogTemp: Repeting last play command: Selected Viewport
[2017.06.23-16.07.55:469][593]LogPlayLevel: PlayLevel: No blueprints needed recompiling
[2017.06.23-16.07.55:469][593]PIE: New page: PIE session: Start (23 Jun 2017 18:07:55)
[2017.06.23-16.07.55:469][593]LogPlayLevel: Creating play world package: /Game/Maps/UEDPIE_0_Start
[2017.06.23-16.07.55:471][593]LogPlayLevel: PIE: StaticDuplicateObject took: (0.002093s)
[2017.06.23-16.07.55:473][593]LogAIModule: Creating AISystem for world Start
[2017.06.23-16.07.55:473][593]LogPlayLevel: PIE: World Init took: (0.001514s)
[2017.06.23-16.07.55:473][593]LogPlayLevel: PIE: Created PIE world by copying editor world from /Game/Maps/Start.Start to /Game/Maps/UEDPIE_0_Start.Start (0.003858s)
[2017.06.23-16.07.55:503][593]LogInit: XAudio2 using 'Digital Audio (S/PDIF) (High Definition Audio Device)' : 2 channels at 44.1 kHz using 16 bits per sample (channel mask 0x3)
[2017.06.23-16.07.55:510][593]LogInit: FAudioDevice initialized.
[2017.06.23-16.07.55:542][593]LogLoad: Game class is 'My_UE4_ZeroGameModeBase_C'
[2017.06.23-16.07.55:544][593]LogWorld: Bringing World /Game/Maps/UEDPIE_0_Start.Start up for play (max tick rate 0) at 2017.06.23-17.07.55
[2017.06.23-16.07.55:544][593]LogWorld: Bringing up level for play took: 0.000920
[2017.06.23-16.07.55:545][593]PIE: Info Play in editor start time for /Game/Maps/UEDPIE_0_Start 1.076
[2017.06.23-16.08.00:702][162]Cmd: POLY SELECT ADJACENT WALLS
[2017.06.23-16.14.57:344][850]LogTemp: Repeting last play command: Selected Viewport
[2017.06.23-16.14.57:361][850]LogPlayLevel: PlayLevel: No blueprints needed recompiling
[2017.06.23-16.14.57:361][850]PIE: New page: PIE session: Start (23 Jun 2017 18:14:57)
[2017.06.23-16.14.57:361][850]LogPlayLevel: Creating play world package: /Game/Maps/UEDPIE_0_Start
[2017.06.23-16.14.57:364][850]LogPlayLevel: PIE: StaticDuplicateObject took: (0.002140s)
[2017.06.23-16.14.57:364][850]LogAIModule: Creating AISystem for world Start
[2017.06.23-16.14.57:365][850]LogPlayLevel: PIE: World Init took: (0.001001s)
[2017.06.23-16.14.57:365][850]LogPlayLevel: PIE: Created PIE world by copying editor world from /Game/Maps/Start.Start to /Game/Maps/UEDPIE_0_Start.Start (0.003351s)
[2017.06.23-16.14.57:385][850]LogInit: XAudio2 using 'Digital Audio (S/PDIF) (High Definition Audio Device)' : 2 channels at 44.1 kHz using 16 bits per sample (channel mask 0x3)
[2017.06.23-16.14.57:392][850]LogInit: FAudioDevice initialized.
[2017.06.23-16.14.57:422][850]LogLoad: Game class is 'My_UE4_ZeroGameModeBase_C'
[2017.06.23-16.14.57:424][850]LogWorld: Bringing World /Game/Maps/UEDPIE_0_Start.Start up for play (max tick rate 0) at 2017.06.23-17.14.57
[2017.06.23-16.14.57:424][850]LogWorld: Bringing up level for play took: 0.001006
[2017.06.23-16.14.57:425][850]PIE: Info Play in editor start time for /Game/Maps/UEDPIE_0_Start 0.956
[2017.06.23-16.15.20:143][419]LogVSAccessor:Warning: Couldn't goto line number '0' in 'C:/Users/Marcus/Desktop/GitHub/UE4-Zero/UE4_Zero/Source/UE4_Zero/PlayerZero.h'
[2017.06.23-16.15.20:223][419]LogVSAccessor:Warning: Couldn't goto line number '0' in 'C:/Users/Marcus/Desktop/GitHub/UE4-Zero/UE4_Zero/Source/UE4_Zero/PlayerZero.cpp'
[2017.06.23-16.15.24:012][863]LogVSAccessor:Warning: Couldn't goto line number '0' in 'C:/Users/Marcus/Desktop/GitHub/UE4-Zero/UE4_Zero/Source/UE4_Zero/PlayerZero.h'
[2017.06.23-16.15.24:067][863]LogVSAccessor:Warning: Couldn't goto line number '0' in 'C:/Users/Marcus/Desktop/GitHub/UE4-Zero/UE4_Zero/Source/UE4_Zero/PlayerZero.cpp'
[2017.06.23-16.17.11:555][420]LogSlate:Warning: Prevented a slow task dialog from being summoned while a context menu was open
[2017.06.23-16.17.17:544][133]BlueprintLog: New page: Compile BP_PlayerZero
[2017.06.23-16.17.18:645][214]Cmd: OBJ SAVEPACKAGE PACKAGE="/Game/Blueprints/BP_PlayerZero" FILE="../../../../../../Users/Marcus/Desktop/GitHub/UE4-Zero/UE4_Zero/Content/Blueprints/BP_PlayerZero.uasset" SILENT=true
[2017.06.23-16.17.18:719][214]LogSavePackage: Save=14.74ms
[2017.06.23-16.17.18:719][214]LogSavePackage: Moving '../../../../../../Users/Marcus/Desktop/GitHub/UE4-Zero/UE4_Zero/Saved/BP_PlayerZero980E0C814B4D87EC336AECA3B8AEA340.tmp' to '../../../../../../Users/Marcus/Desktop/GitHub/UE4-Zero/UE4_Zero/Content/Blueprints/BP_PlayerZero.uasset'
[2017.06.23-16.17.18:724][214]LogSavePackage:Display: Finished SavePackage ../../../../../../Users/Marcus/Desktop/GitHub/UE4-Zero/UE4_Zero/Content/Blueprints/BP_PlayerZero.uasset
[2017.06.23-16.17.20:607][435]Cmd: OBJ SAVEPACKAGE PACKAGE="/Game/Blueprints/MyBullet" FILE="../../../../../../Users/Marcus/Desktop/GitHub/UE4-Zero/UE4_Zero/Content/Blueprints/MyBullet.uasset" SILENT=true
[2017.06.23-16.17.20:642][435]LogSavePackage: Save=9.75ms
[2017.06.23-16.17.20:642][435]LogSavePackage: Moving '../../../../../../Users/Marcus/Desktop/GitHub/UE4-Zero/UE4_Zero/Saved/MyBullet28199AAA4C179EB39FAAD2AEC93656A6.tmp' to '../../../../../../Users/Marcus/Desktop/GitHub/UE4-Zero/UE4_Zero/Content/Blueprints/MyBullet.uasset'
[2017.06.23-16.17.20:646][435]LogSavePackage:Display: Finished SavePackage ../../../../../../Users/Marcus/Desktop/GitHub/UE4-Zero/UE4_Zero/Content/Blueprints/MyBullet.uasset
[2017.06.23-16.17.22:486][652]Recompiling UE4_Zero...
[2017.06.23-16.17.22:486][652]Launching UnrealBuildTool... [C:/Program Files/Epic Games/UE_4.15/Engine/Binaries/DotNET/UnrealBuildTool.exe UE4_Zero -ModuleWithSuffix UE4_Zero 725 Win64 Development -editorrecompile -canskiplink "C:/Users/Marcus/Desktop/GitHub/UE4-Zero/UE4_Zero/UE4_Zero.uproject" ]
[2017.06.23-16.17.22:492][652]Warning: Starting HotReload took  0.0s.
[2017.06.23-16.17.29:611][494]CompilerResultsLog: New page: Compilation - 23 Jun 2017 18:17:29
[2017.06.23-16.17.29:611][494]CompilerResultsLog: Info Compiling game modules for hot reload
[2017.06.23-16.17.29:611][494]CompilerResultsLog: Info Target is up to date
[2017.06.23-16.17.29:611][494]CompilerResultsLog: Info Total build time: 6.74 seconds (NoActionsToExecute executor: 0.00 seconds)
[2017.06.23-16.17.29:611][494]LogMainFrame: MainFrame: Module compiling took 7.132 seconds
[2017.06.23-16.17.29:857][494]LogContentBrowser: Native class hierarchy populated in 0.0109 seconds. Added 2252 classes and 459 folders.
[2017.06.23-16.17.29:857][494]Display: HotReload took  7.4s.
[2017.06.23-16.18.01:950][322]LogTemp: Repeting last play command: Selected Viewport
[2017.06.23-16.18.01:967][322]LogPlayLevel: PlayLevel: No blueprints needed recompiling
[2017.06.23-16.18.01:967][322]PIE: New page: PIE session: Start (23 Jun 2017 18:18:01)
[2017.06.23-16.18.01:967][322]LogPlayLevel: Creating play world package: /Game/Maps/UEDPIE_0_Start
[2017.06.23-16.18.01:969][322]LogPlayLevel: PIE: StaticDuplicateObject took: (0.001713s)
[2017.06.23-16.18.01:970][322]LogAIModule: Creating AISystem for world Start
[2017.06.23-16.18.01:970][322]LogPlayLevel: PIE: World Init took: (0.000760s)
[2017.06.23-16.18.01:970][322]LogPlayLevel: PIE: Created PIE world by copying editor world from /Game/Maps/Start.Start to /Game/Maps/UEDPIE_0_Start.Start (0.002679s)
[2017.06.23-16.18.02:005][322]LogInit: XAudio2 using 'Digital Audio (S/PDIF) (High Definition Audio Device)' : 2 channels at 44.1 kHz using 16 bits per sample (channel mask 0x3)
[2017.06.23-16.18.02:012][322]LogInit: FAudioDevice initialized.
[2017.06.23-16.18.02:044][322]LogLoad: Game class is 'My_UE4_ZeroGameModeBase_C'
[2017.06.23-16.18.02:045][322]LogWorld: Bringing World /Game/Maps/UEDPIE_0_Start.Start up for play (max tick rate 0) at 2017.06.23-17.18.02
[2017.06.23-16.18.02:046][322]LogWorld: Bringing up level for play took: 0.000947
[2017.06.23-16.18.02:047][322]PIE: Info Play in editor start time for /Game/Maps/UEDPIE_0_Start -0.422
[2017.06.23-17.03.15:687][299]Recompiling UE4_Zero...
[2017.06.23-17.03.15:687][299]Launching UnrealBuildTool... [C:/Program Files/Epic Games/UE_4.15/Engine/Binaries/DotNET/UnrealBuildTool.exe UE4_Zero -ModuleWithSuffix UE4_Zero 6592 Win64 Development -editorrecompile -canskiplink "C:/Users/Marcus/Desktop/GitHub/UE4-Zero/UE4_Zero/UE4_Zero.uproject" ]
[2017.06.23-17.03.15:694][299]Warning: Starting HotReload took  0.0s.
[2017.06.23-17.03.37:069][831]CompilerResultsLog: New page: Compilation - 23 Jun 2017 19:03:37
[2017.06.23-17.03.37:069][831]CompilerResultsLog: Info Compiling game modules for hot reload
[2017.06.23-17.03.37:069][831]CompilerResultsLog: Info Parsing headers for UE4_ZeroEditor
[2017.06.23-17.03.37:069][831]CompilerResultsLog: Info   Running UnrealHeaderTool "C:\Users\Marcus\Desktop\GitHub\UE4-Zero\UE4_Zero\UE4_Zero.uproject" "C:\Users\Marcus\Desktop\GitHub\UE4-Zero\UE4_Zero\Intermediate\Build\Win64\UE4_ZeroEditor\Development\UE4_ZeroEditor.uhtmanifest" -LogCmds="loginit warning, logexit warning, logdatabase error" -Unattended -WarningsAsErrors -installed
[2017.06.23-17.03.37:069][831]CompilerResultsLog: Info Reflection code generated for UE4_ZeroEditor in 8.1829468 seconds
[2017.06.23-17.03.37:069][831]CompilerResultsLog: Info Performing 5 actions (4 in parallel)
[2017.06.23-17.03.37:069][831]CompilerResultsLog: Info UE4_Zero.generated.cpp
[2017.06.23-17.03.37:069][831]CompilerResultsLog: Info PlayerZero.cpp
[2017.06.23-17.03.37:069][831]CompilerResultsLog: Info My_PlayerController.cpp
[2017.06.23-17.03.37:070][831]CompilerResultsLog: Info [4/5] Link UE4Editor-UE4_Zero-6592.dll
[2017.06.23-17.03.37:070][831]CompilerResultsLog: Info [5/5] Link UE4Editor-UE4_Zero-6592.lib
[2017.06.23-17.03.37:070][831]CompilerResultsLog: Info    Creating library C:\Users\Marcus\Desktop\GitHub\UE4-Zero\UE4_Zero\Intermediate\Build\Win64\UE4Editor\Development\UE4Editor-UE4_Zero-6592.lib and object C:\Users\Marcus\Desktop\GitHub\UE4-Zero\UE4_Zero\Intermediate\Build\Win64\UE4Editor\Development\UE4Editor-UE4_Zero-6592.exp
[2017.06.23-17.03.37:070][831]CompilerResultsLog: Info    Creating library C:\Users\Marcus\Desktop\GitHub\UE4-Zero\UE4_Zero\Intermediate\Build\Win64\UE4Editor\Development\UE4Editor-UE4_Zero-6592.suppressed.lib and object C:\Users\Marcus\Desktop\GitHub\UE4-Zero\UE4_Zero\Intermediate\Build\Win64\UE4Editor\Development\UE4Editor-UE4_Zero-6592.suppressed.exp
[2017.06.23-17.03.37:070][831]CompilerResultsLog: Info Total build time: 20.89 seconds (Local executor: 5.42 seconds)
[2017.06.23-17.03.37:070][831]LogMainFrame: MainFrame: Module compiling took 21.392 seconds
[2017.06.23-17.04.37:603][831]LogCrashTracker: 


[2017.06.23-17.04.37:603][831]LogCrashTracker: 


[2017.06.23-17.04.37:603][831]LogWindows:Error: === Critical error: ===
[2017.06.23-17.04.37:603][831]LogWindows:Error: 
[2017.06.23-17.04.37:603][831]LogWindows:Error: Fatal error!
[2017.06.23-17.04.37:603][831]LogWindows:Error: 
[2017.06.23-17.04.37:603][831]LogWindows:Error: 
[2017.06.23-17.04.37:635][831]LogExit: Executing StaticShutdownAfterError
[2017.06.23-17.04.39:264][831]LogWindows: FPlatformMisc::RequestExit(1)
[2017.06.23-17.04.39:331][831]Log file closed, 06/23/17 18:04:39
