Log file open, 06/23/17 18:13:48
LogInit:Display: Running engine for game: UE4_Zero
LogPlatformFile: Not using cached read wrapper
LogInit:Display: RandInit(867199721) SRandInit(867199721).
LogTaskGraph: Started task graph with 5 named threads and 8 total threads with 1 sets of task threads.
LogStats: Stats thread started at 0.109999
LogInit: Using libcurl 7.47.1
LogInit:  - built for x86_64-pc-win32
LogInit:  - supports SSL with OpenSSL/1.0.2g
LogInit:  - supports HTTP deflate (compression) using libz 1.2.8
LogInit:  - other features:
LogInit:      CURL_VERSION_SSL
LogInit:      CURL_VERSION_LIBZ
LogInit:      CURL_VERSION_IPV6
LogInit:      CURL_VERSION_ASYNCHDNS
LogInit:      CURL_VERSION_LARGEFILE
LogInit:      CURL_VERSION_IDN
LogInit:  CurlRequestOptions (configurable via config and command line):
LogInit:  - bVerifyPeer = false  - Libcurl will NOT verify peer certificate
LogInit:  - bUseHttpProxy = false  - Libcurl will NOT use HTTP proxy
LogInit:  - bDontReuseConnections = false  - Libcurl will reuse connections
LogInit:  - CertBundlePath = nullptr  - Libcurl will use whatever was configured at build time.
LogInit: Build: ++UE4+Release-4.15-CL-3450819
LogInit: Engine Version: 4.15.3-3450819+++UE4+Release-4.15
LogInit: Compatible Engine Version: 4.15.0-3299760+++UE4+Release-4.15
LogInit: Net CL: 3299760
LogDevObjectVersion: Number of dev versions registered: 14
LogDevObjectVersion:   Dev-Blueprints (B0D832E4-1F89-4F0D-ACCF-7EB736FD4AA2): 8
LogDevObjectVersion:   Dev-Build (E1C64328-A22C-4D53-A36C-8E866417BD8C): 0
LogDevObjectVersion:   Dev-Core (375EC13C-06E4-48FB-B500-84F0262A717E): 2
LogDevObjectVersion:   Dev-Editor (E4B068ED-F494-42E9-A231-DA0B2E46BB41): 14
LogDevObjectVersion:   Dev-Framework (CFFC743F-43B0-4480-9391-14DF171D2073): 22
LogDevObjectVersion:   Dev-Mobile (B02B49B5-BB20-44E9-A304-32B752E40360): 0
LogDevObjectVersion:   Dev-Networking (A4E4105C-59A1-49B5-A7C5-40C4547EDFEE): 0
LogDevObjectVersion:   Dev-Online (39C831C9-5AE6-47DC-9A44-9C173E1C8E7C): 0
LogDevObjectVersion:   Dev-Physics (78F01B33-EBEA-4F98-B9B4-84EACCB95AA2): 0
LogDevObjectVersion:   Dev-Platform (6631380F-2D4D-43E0-8009-CF276956A95A): 0
LogDevObjectVersion:   Dev-Rendering (12F88B9F-8875-4AFC-A67C-D90C383ABD29): 12
LogDevObjectVersion:   Dev-Sequencer (7B5AE74C-D270-4C10-A958-57980B212A5A): 3
LogDevObjectVersion:   Dev-VR (D7296918-1DD6-4BDD-9DE2-64A83CC13884): 0
LogDevObjectVersion:   Dev-LoadTimes (C2A15278-BFE7-4AFE-6C17-90FF531DF755): 1
LogInit: Compiled (64-bit): May 21 2017 11:02:34
LogInit: Compiled with Visual C++: 19.00.23026.00
LogInit: Build Configuration: Development
LogInit: Branch Name: ++UE4+Release-4.15
LogInit: Command line:  
LogInit: Base directory: C:/Program Files/Epic Games/UE_4.15/Engine/Binaries/Win64/
LogInit: Installed Engine Build: 1
LogInit: Presizing for max 8388607 objects, including 0 objects not considered by GC, pre-allocating 0 bytes for permanent pool.
LogInit: Object subsystem initialized
[2017.06.23-17.13.50:522][  0]LogInit: Selected Device Profile: [Windows]
[2017.06.23-17.13.50:522][  0]LogInit: Applying CVar settings loaded from the selected device profile: [Windows]
[2017.06.23-17.13.50:570][  0]LogInit: Computer: DESKTOP-E3PDIQS
[2017.06.23-17.13.50:570][  0]LogInit: User: Marcus
[2017.06.23-17.13.50:570][  0]LogInit: CPU Page size=65536, Cores=4
[2017.06.23-17.13.50:570][  0]LogInit: High frequency timer resolution =2.929687 MHz
[2017.06.23-17.13.50:570][  0]LogMemory: Memory total: Physical=16.0GB (16GB approx)
[2017.06.23-17.13.50:570][  0]LogMemory: Platform Memory Stats for Windows
[2017.06.23-17.13.50:570][  0]LogMemory: Process Physical Memory: 263.23 MB used, 263.23 MB peak
[2017.06.23-17.13.50:570][  0]LogMemory: Process Virtual Memory: 262.25 MB used, 262.25 MB peak
[2017.06.23-17.13.50:570][  0]LogMemory: Physical Memory: 5997.66 MB used,  10338.77 MB free, 16336.43 MB total
[2017.06.23-17.13.50:570][  0]LogMemory: Virtual Memory: 644.24 MB used,  10338.77 MB free, 134217728.00 MB total
[2017.06.23-17.13.50:975][  0]LogTextLocalizationManager: No specific translations for ('en-GB') exist, so ('en') translations will be used.
[2017.06.23-17.13.53:262][  0]LogD3D11RHI: D3D11 adapters:
[2017.06.23-17.13.53:833][  0]LogD3D11RHI:    0. 'NVIDIA GeForce GTX 1050' (Feature Level 11_0)
[2017.06.23-17.13.53:833][  0]LogD3D11RHI:       2006/0/8168 MB DedicatedVideo/DedicatedSystem/SharedSystem, Outputs:2, VendorId:0x10de
[2017.06.23-17.13.53:835][  0]LogD3D11RHI:    1. 'Microsoft Basic Render Driver' (Feature Level 11_0)
[2017.06.23-17.13.53:835][  0]LogD3D11RHI:       0/0/8168 MB DedicatedVideo/DedicatedSystem/SharedSystem, Outputs:0, VendorId:0x1414
[2017.06.23-17.13.53:835][  0]LogD3D11RHI: Chosen D3D11 Adapter: 0
[2017.06.23-17.13.53:840][  0]LogD3D11RHI: Creating new Direct3DDevice
[2017.06.23-17.13.53:840][  0]LogD3D11RHI:     GPU DeviceId: 0x1c81 (for the marketing name, search the web for "GPU Device Id")
[2017.06.23-17.13.53:840][  0]LogWindows: EnumDisplayDevices:
[2017.06.23-17.13.53:840][  0]LogWindows:    0. 'NVIDIA GeForce GTX 1050' (P:1 D:1)
[2017.06.23-17.13.53:840][  0]LogWindows:    1. 'NVIDIA GeForce GTX 1050' (P:0 D:1)
[2017.06.23-17.13.53:841][  0]LogWindows:    2. 'NVIDIA GeForce GTX 1050' (P:0 D:0)
[2017.06.23-17.13.53:841][  0]LogWindows:    3. 'NVIDIA GeForce GTX 1050' (P:0 D:0)
[2017.06.23-17.13.53:841][  0]LogWindows: DebugString: FoundDriverCount:4 
[2017.06.23-17.13.53:841][  0]LogD3D11RHI:     Adapter Name: NVIDIA GeForce GTX 1050
[2017.06.23-17.13.53:841][  0]LogD3D11RHI:   Driver Version: 382.33 (internal:22.21.13.8233, unified:382.33)
[2017.06.23-17.13.53:841][  0]LogD3D11RHI:      Driver Date: 5-17-2017
[2017.06.23-17.13.53:841][  0]LogRHI: Texture pool is 1361 MB (70% of 1945 MB)
[2017.06.23-17.13.54:382][  0]LogD3D11RHI: Async texture creation enabled
[2017.06.23-17.13.54:411][  0]LogD3D11RHI: GPU Timing Frequency: 1000.000000 (Debug: 2 1)
[2017.06.23-17.13.54:413][  0]LogShaderCompilers: Guid format shader working directory is -16 characters bigger than the processId version (../../../../../../Users/Marcus/Desktop/GitHub/UE4-Zero/UE4_Zero/Intermediate/Shaders/WorkingDirectory/2444/).
[2017.06.23-17.13.54:413][  0]LogShaderCompilers: Cleaned the shader compiler working directory 'C:/Users/Marcus/AppData/Local/Temp/UnrealShaderWorkingDir/97388D0D444A4CB1942332AFAFF8E1F2/'.
[2017.06.23-17.13.54:413][  0]LogShaderCompilers:Display: Using Local Shader Compiler.
[2017.06.23-17.13.57:082][  0]LogTemp:Display: Loaded TP AllDesktopTargetPlatform
[2017.06.23-17.13.57:250][  0]LogTemp:Display: Loaded TP MacClientTargetPlatform
[2017.06.23-17.13.57:424][  0]LogTemp:Display: Loaded TP MacNoEditorTargetPlatform
[2017.06.23-17.13.57:597][  0]LogTemp:Display: Loaded TP MacServerTargetPlatform
[2017.06.23-17.13.57:820][  0]LogTemp:Display: Loaded TP MacTargetPlatform
[2017.06.23-17.13.58:000][  0]LogTemp:Display: Loaded TP WindowsClientTargetPlatform
[2017.06.23-17.13.58:178][  0]LogTemp:Display: Loaded TP WindowsNoEditorTargetPlatform
[2017.06.23-17.13.58:352][  0]LogTemp:Display: Loaded TP WindowsServerTargetPlatform
[2017.06.23-17.13.58:521][  0]LogTemp:Display: Loaded TP WindowsTargetPlatform
[2017.06.23-17.13.58:705][  0]LogTemp:Display: Loaded TP AndroidTargetPlatform
[2017.06.23-17.13.58:875][  0]LogTemp:Display: Loaded TP Android_ASTCTargetPlatform
[2017.06.23-17.13.59:043][  0]LogTemp:Display: Loaded TP Android_ATCTargetPlatform
[2017.06.23-17.13.59:213][  0]LogTemp:Display: Loaded TP Android_DXTTargetPlatform
[2017.06.23-17.13.59:383][  0]LogTemp:Display: Loaded TP Android_ETC1TargetPlatform
[2017.06.23-17.13.59:551][  0]LogTemp:Display: Loaded TP Android_ETC2TargetPlatform
[2017.06.23-17.13.59:892][  0]LogTemp:Display: Loaded TP Android_MultiTargetPlatform
[2017.06.23-17.13.59:892][  0]LogTemp:Display: Loaded TP Android_PVRTCTargetPlatform
[2017.06.23-17.14.00:048][  0]LogTemp:Display: Loaded TP HTML5TargetPlatform
[2017.06.23-17.14.00:360][  0]LogTemp:Display: Loaded TP IOSTargetPlatform
[2017.06.23-17.14.00:467][  0]LogTemp:Display: Loaded TP TVOSTargetPlatform
[2017.06.23-17.14.00:639][  0]LogTemp:Display: Loaded TP LinuxClientTargetPlatform
[2017.06.23-17.14.00:809][  0]LogTemp:Display: Loaded TP LinuxNoEditorTargetPlatform
[2017.06.23-17.14.00:979][  0]LogTemp:Display: Loaded TP LinuxServerTargetPlatform
[2017.06.23-17.14.01:153][  0]LogTemp:Display: Loaded TP LinuxTargetPlatform
[2017.06.23-17.14.01:153][  0]LogTargetPlatformManager:Display: Building Assets For Windows
[2017.06.23-17.14.02:926][  0]LogDerivedDataCache:Display: Max Cache Size: 512 MB
[2017.06.23-17.14.03:401][  0]LogDerivedDataCache: Loaded boot cache 0.48s 50MB C:/Users/Marcus/AppData/Local/UnrealEngine/4.15/DerivedDataCache/Boot.ddc.
[2017.06.23-17.14.03:402][  0]LogDerivedDataCache:Display: Loaded Boot cache: C:/Users/Marcus/AppData/Local/UnrealEngine/4.15/DerivedDataCache/Boot.ddc
[2017.06.23-17.14.03:402][  0]LogDerivedDataCache: FDerivedDataBackendGraph:  Pak pak cache file ../../../../../../Users/Marcus/Desktop/GitHub/UE4-Zero/UE4_Zero/DerivedDataCache/DDC.ddp not found, will not use a pak cache.
[2017.06.23-17.14.03:402][  0]LogDerivedDataCache: Unable to find inner node Pak for hierarchical cache Hierarchy.
[2017.06.23-17.14.03:402][  0]LogDerivedDataCache: FDerivedDataBackendGraph:  CompressedPak pak cache file ../../../../../../Users/Marcus/Desktop/GitHub/UE4-Zero/UE4_Zero/DerivedDataCache/Compressed.ddp not found, will not use a pak cache.
[2017.06.23-17.14.03:402][  0]LogDerivedDataCache: Unable to find inner node CompressedPak for hierarchical cache Hierarchy.
[2017.06.23-17.14.03:434][  0]LogDerivedDataCache:Display: Pak cache opened for reading ../../../Engine/DerivedDataCache/Compressed.ddp.
[2017.06.23-17.14.03:447][  0]LogDerivedDataCache: Using Local data cache path C:/Users/Marcus/AppData/Local/UnrealEngine/Common/DerivedDataCache: Writable
[2017.06.23-17.14.03:455][  0]LogSlate: Using Freetype 2.6.0
[2017.06.23-17.14.03:456][  0]LogSlate: SlateFontCache - WITH_FREETYPE: 1, WITH_HARFBUZZ: 1
[2017.06.23-17.14.03:456][  0]LogSlate: SlateFontCache - WITH_FREETYPE: 1, WITH_HARFBUZZ: 1
[2017.06.23-17.14.06:700][  0]LogInit: Selected Device Profile: [Windows]
[2017.06.23-17.14.06:703][  0]LogContentStreaming: Texture pool size is 0.00 MB
[2017.06.23-17.14.07:251][  0]LogMeshUtilities: Using QuadricMeshReduction for automatic static mesh reduction
[2017.06.23-17.14.07:436][  0]LogSimplygon: Simplygon DLL not present - disabling.
[2017.06.23-17.14.07:632][  0]LogMeshUtilities: Using SimplygonSwarm for distributed automatic mesh merging
[2017.06.23-17.14.07:632][  0]LogMeshUtilities: No automatic skeletal mesh reduction module available
[2017.06.23-17.14.07:632][  0]LogMeshUtilities: No automatic mesh merging module available
[2017.06.23-17.14.08:723][  0]LogNetVersion: GetLocalNetworkVersion: CL: 3299760, ProjectName: ue4_zero, ProjectVersion: , EngineNetworkVersion: 2, GameNetworkVersion: 0, NetworkChecksum: 276590260
[2017.06.23-17.14.08:844][  0]LogAssetRegistry: FAssetRegistry took 0.0224 seconds to start up
[2017.06.23-17.14.08:982][  0]LogPackageLocalizationCache: Processed 3 localized package path(s) for 2 prioritized culture(s) in 0.040586 seconds
[2017.06.23-17.14.08:987][  0]LogUObjectArray: 32493 objects as part of root set at end of initial load.
[2017.06.23-17.14.08:987][  0]LogUObjectAllocator: 7077024 out of 0 bytes used by permanent object pool.
[2017.06.23-17.14.08:987][  0]LogUObjectArray: CloseDisregardForGC: 0/0 objects in disregard for GC pool
[2017.06.23-17.14.09:348][  0]LogInit: WinSock: version 1.1 (2.2), MaxSocks=32767, MaxUdp=65467
[2017.06.23-17.14.28:480][  0]LogTcpMessaging: Initializing TcpMessaging bridge
[2017.06.23-17.14.28:603][  0]LogUdpMessaging: Initializing bridge on interface 0.0.0.0:0 to multicast group 230.0.0.1:6666.
[2017.06.23-17.14.31:014][  0]LogMaterial: Uniform references updated for custom material expression Custom.
[2017.06.23-17.14.32:535][  0]SourceControl: Info Source control is disabled
[2017.06.23-17.14.32:537][  0]SourceControl: Info Source control is disabled
[2017.06.23-17.14.32:779][  0]SourceControl: Info Source control is disabled
[2017.06.23-17.14.33:010][  0]SourceControl: Info Source control is disabled
[2017.06.23-17.14.40:892][  0]LogEngine: Initializing Engine...
[2017.06.23-17.14.40:892][  0]LogHMD: Failed to initialize OpenVR with code 110
[2017.06.23-17.14.41:059][  0]LogStats: UGameplayTagsManager::ConstructGameplayTagTree: Construct from data asset -  0.000 s
[2017.06.23-17.14.41:059][  0]LogStats: UGameplayTagsManager::ConstructGameplayTagTree: GameplayTagTreeChangedEvent.Broadcast -  0.000 s
[2017.06.23-17.14.41:771][  0]LogAIModule: Creating AISystem for world Untitled
[2017.06.23-17.14.41:817][  0]LogInit: XAudio2 using 'Digital Audio (S/PDIF) (High Definition Audio Device)' : 2 channels at 44.1 kHz using 16 bits per sample (channel mask 0x3)
[2017.06.23-17.14.42:104][  0]LogInit: FAudioDevice initialized.
[2017.06.23-17.14.42:129][  0]LogDerivedDataCache: Saved boot cache 0.03s 50MB C:/Users/Marcus/AppData/Local/UnrealEngine/4.15/DerivedDataCache/Boot.ddc.
[2017.06.23-17.14.42:135][  0]LogInit: Texture streaming: Enabled
[2017.06.23-17.14.42:828][  0]LogEngineSessionManager: EngineSessionManager initialized
[2017.06.23-17.14.42:873][  0]LogEngineSessionManager: EngineSessionManager sent abnormal shutdown report. Type=Crashed, SessionId={8F33D475-4677-B880-422C-01AE910B597A}
[2017.06.23-17.14.43:559][  0]LogInit: Transaction tracking system initialized
[2017.06.23-17.14.45:692][  0]BlueprintLog: New page: Editor Load
[2017.06.23-17.14.50:843][  0]LocalizationService: Info Localization service is disabled
[2017.06.23-17.14.55:129][  0]LogConsoleResponse:Display: 
[2017.06.23-17.14.55:789][  0]LogCook:Display: Max memory allowance for cook 16384mb min free memory 0mb
[2017.06.23-17.14.55:790][  0]LogCook:Display: Mobile HDR setting 1
[2017.06.23-17.14.56:983][  0]LogFileCache: Scanning file cache for directory 'C:/Users/Marcus/Desktop/GitHub/UE4-Zero/UE4_Zero/Content/' took 0.02s
[2017.06.23-17.15.02:003][  0]SourceControl: Info Source control is disabled
[2017.06.23-17.15.02:003][  0]Cmd: MAP LOAD FILE="../../../../../../Users/Marcus/Desktop/GitHub/UE4-Zero/UE4_Zero/Content/Maps/Start.umap" TEMPLATE=0 SHOWPROGRESS=1 FEATURELEVEL=3
[2017.06.23-17.15.02:004][  0]LightingResults: New page: Lighting Build
[2017.06.23-17.15.02:203][  0]MapCheck: New page: Map Check
[2017.06.23-17.15.02:203][  0]LightingResults: New page: Lighting Build
[2017.06.23-17.15.02:500][  0]LogAIModule: Creating AISystem for world Start
[2017.06.23-17.15.02:544][  0]LogEditorServer: Finished looking for orphan Actors (0.000 secs)
[2017.06.23-17.15.02:545][  0]Cmd: MAP CHECKDEP NOCLEARLOG
[2017.06.23-17.15.02:706][  0]MapCheck: Info Map check complete: 0 Error(s), 0 Warning(s), took 161.191ms to complete.
[2017.06.23-17.15.02:706][  0]LogFileHelpers: Loading map 'Start' took 0.704
[2017.06.23-17.15.02:783][  0]LogWindowsTextInputMethodSystem:Display: IME system now deactivated.
[2017.06.23-17.15.03:092][  0]LogCollectionManager: Loaded 0 collections in 0.003619 seconds
[2017.06.23-17.15.03:341][  0]LogFileCache: Scanning file cache for directory 'C:/Users/Marcus/Desktop/GitHub/UE4-Zero/UE4_Zero/Saved/Collections/' took 0.01s
[2017.06.23-17.15.03:341][  0]LogFileCache: Scanning file cache for directory 'C:/Users/Marcus/Desktop/GitHub/UE4-Zero/UE4_Zero/Content/Developers/Marcus/Collections/' took 0.01s
[2017.06.23-17.15.03:341][  0]LogFileCache: Scanning file cache for directory 'C:/Users/Marcus/Desktop/GitHub/UE4-Zero/UE4_Zero/Content/Collections/' took 0.01s
[2017.06.23-17.15.03:341][  0]LogCollectionManager: Rebuilt the GUID cache for 0 collections in 0.000002 seconds
[2017.06.23-17.15.03:359][  0]LogContentBrowser: Native class hierarchy populated in 0.0178 seconds. Added 2250 classes and 455 folders.
[2017.06.23-17.15.03:697][  0]LogContentBrowser: Native class hierarchy updated for 'WidgetCarousel' in 0.0034 seconds. Added 0 classes and 0 folders.
[2017.06.23-17.15.04:313][  0]LogContentBrowser: Native class hierarchy updated for 'AddContentDialog' in 0.0027 seconds. Added 0 classes and 0 folders.
[2017.06.23-17.15.04:570][  0]LogContentBrowser: Native class hierarchy updated for 'SceneOutliner' in 0.0059 seconds. Added 1 classes and 2 folders.
[2017.06.23-17.15.04:860][  0]LogCrashTracker: Crashtracker disabled due to settings.
[2017.06.23-17.15.04:869][  0]LogUObjectGlobals:Warning: Failed to find object 'Class None.'
[2017.06.23-17.15.05:101][  0]LogContentBrowser: Native class hierarchy updated for 'HierarchicalLODOutliner' in 0.0027 seconds. Added 1 classes and 2 folders.
[2017.06.23-17.15.05:101][  0]LogLoad: (Engine Initialization) Total time: 78.77 seconds
[2017.06.23-17.15.05:101][  0]LogLoad: (Engine Initialization) Total Blueprint compile time: 0.25 seconds
[2017.06.23-17.15.05:101][  0]LogExternalProfiler: Found external profiler: VSPerf
[2017.06.23-17.15.05:101][  0]LogExternalProfiler: Using external profiler: VSPerf
[2017.06.23-17.15.05:113][  0]LogOcInput: OculusInput pre-init called
[2017.06.23-17.15.05:134][  0]LogContentStreaming: Texture pool size now 1000 MB
[2017.06.23-17.15.05:136][  0]LogSlate: Took 0.000536 seconds to synchronously load lazily loaded font '../../../Engine/Content/Slate/Fonts/Roboto-Regular.ttf' (155K)
[2017.06.23-17.15.05:140][  0]LogSlate: Took 0.000811 seconds to synchronously load lazily loaded font '../../../Engine/Content/Slate/Fonts/Roboto-Bold.ttf' (160K)
[2017.06.23-17.15.05:483][  0]LogRenderer: Reallocating scene render targets to support 1208x580 NumSamples 1 (Frame:2).
[2017.06.23-17.15.05:538][  1]LogAssetRegistry: Asset discovery search completed in 56.7171 seconds
[2017.06.23-17.15.05:538][  1]LogCollectionManager: Rebuilt the object cache for 0 collections in 0.000005 seconds (found 0 objects)
[2017.06.23-17.15.05:538][  1]LogCollectionManager: Fixed up redirectors for 0 collections in 0.000024 seconds (updated 0 objects)
[2017.06.23-17.15.06:731][ 15]LogSlate: Took 0.000296 seconds to synchronously load lazily loaded font '../../../Engine/Content/Slate/Fonts/Roboto-Light.ttf' (159K)
[2017.06.23-17.16.18:311][228]Recompiling UE4_Zero...
[2017.06.23-17.16.18:312][228]Launching UnrealBuildTool... [C:/Program Files/Epic Games/UE_4.15/Engine/Binaries/DotNET/UnrealBuildTool.exe UE4_Zero -ModuleWithSuffix UE4_Zero 6439 Win64 Development -editorrecompile -canskiplink "C:/Users/Marcus/Desktop/GitHub/UE4-Zero/UE4_Zero/UE4_Zero.uproject" ]
[2017.06.23-17.16.18:318][228]Warning: Starting HotReload took  0.0s.
[2017.06.23-17.16.26:065][796]CompilerResultsLog: New page: Compilation - 23 Jun 2017 19:16:26
[2017.06.23-17.16.26:065][796]CompilerResultsLog: Info Compiling game modules for hot reload
[2017.06.23-17.16.26:065][796]CompilerResultsLog: Info Target is up to date
[2017.06.23-17.16.26:065][796]CompilerResultsLog: Info Total build time: 7.34 seconds (NoActionsToExecute executor: 0.00 seconds)
[2017.06.23-17.16.26:065][796]LogMainFrame: MainFrame: Module compiling took 7.761 seconds
[2017.06.23-17.16.26:091][796]LogContentBrowser: Native class hierarchy populated in 0.0108 seconds. Added 2252 classes and 459 folders.
[2017.06.23-17.16.26:091][796]Display: HotReload took  7.8s.
[2017.06.23-17.18.47:778][706]LogTemp: Repeting last play command: Selected Viewport
[2017.06.23-17.18.47:790][706]LogPlayLevel: PlayLevel: No blueprints needed recompiling
[2017.06.23-17.18.47:791][706]PIE: New page: PIE session: Start (23 Jun 2017 19:18:47)
[2017.06.23-17.18.47:791][706]LogPlayLevel: Creating play world package: /Game/Maps/UEDPIE_0_Start
[2017.06.23-17.18.47:795][706]LogPlayLevel: PIE: StaticDuplicateObject took: (0.003900s)
[2017.06.23-17.18.47:796][706]LogAIModule: Creating AISystem for world Start
[2017.06.23-17.18.47:796][706]LogPlayLevel: PIE: World Init took: (0.000974s)
[2017.06.23-17.18.47:796][706]LogPlayLevel: PIE: Created PIE world by copying editor world from /Game/Maps/Start.Start to /Game/Maps/UEDPIE_0_Start.Start (0.005134s)
[2017.06.23-17.18.47:806][706]LogInit: XAudio2 using 'Digital Audio (S/PDIF) (High Definition Audio Device)' : 2 channels at 44.1 kHz using 16 bits per sample (channel mask 0x3)
[2017.06.23-17.18.47:816][706]LogInit: FAudioDevice initialized.
[2017.06.23-17.18.47:882][706]LogLoad: Game class is 'My_UE4_ZeroGameModeBase_C'
[2017.06.23-17.18.47:884][706]LogWorld: Bringing World /Game/Maps/UEDPIE_0_Start.Start up for play (max tick rate 0) at 2017.06.23-18.18.47
[2017.06.23-17.18.47:884][706]LogWorld: Bringing up level for play took: 0.000965
[2017.06.23-17.18.48:066][706]LogContentBrowser: Native class hierarchy updated for 'MovieSceneCapture' in 0.0028 seconds. Added 11 classes and 0 folders.
[2017.06.23-17.18.48:067][706]PIE: Info Play in editor start time for /Game/Maps/UEDPIE_0_Start -0.402
[2017.06.23-17.19.15:515][706]LogCrashTracker: 


[2017.06.23-17.19.15:515][706]LogCrashTracker: 


[2017.06.23-17.19.15:515][706]LogWindows:Error: === Critical error: ===
[2017.06.23-17.19.15:515][706]LogWindows:Error: 
[2017.06.23-17.19.15:515][706]LogWindows:Error: Fatal error!
[2017.06.23-17.19.15:515][706]LogWindows:Error: 
[2017.06.23-17.19.15:515][706]LogWindows:Error: Unhandled Exception: EXCEPTION_ACCESS_VIOLATION writing address 0x00000004
[2017.06.23-17.19.15:515][706]LogWindows:Error: 
[2017.06.23-17.19.15:515][706]LogWindows:Error: UE4Editor-UE4_Zero.dll!APlayerZero::SetVerticalVelocity() [c:\users\marcus\desktop\github\ue4-zero\ue4_zero\source\ue4_zero\playerzero.cpp:134]
[2017.06.23-17.19.15:515][706]LogWindows:Error: UE4Editor-Engine.dll!UPlayerInput::ProcessInputStack() [d:\build\++ue4+release-4.15+compile\sync\engine\source\runtime\engine\private\userinterface\playerinput.cpp:1256]
[2017.06.23-17.19.15:515][706]LogWindows:Error: UE4Editor-Engine.dll!APlayerController::ProcessPlayerInput() [d:\build\++ue4+release-4.15+compile\sync\engine\source\runtime\engine\private\playercontroller.cpp:2376]
[2017.06.23-17.19.15:515][706]LogWindows:Error: UE4Editor-Engine.dll!APlayerController::TickPlayerInput() [d:\build\++ue4+release-4.15+compile\sync\engine\source\runtime\engine\private\playercontroller.cpp:4051]
[2017.06.23-17.19.15:515][706]LogWindows:Error: UE4Editor-Engine.dll!APlayerController::PlayerTick() [d:\build\++ue4+release-4.15+compile\sync\engine\source\runtime\engine\private\playercontroller.cpp:2039]
[2017.06.23-17.19.15:515][706]LogWindows:Error: UE4Editor-Engine.dll!APlayerController::TickActor() [d:\build\++ue4+release-4.15+compile\sync\engine\source\runtime\engine\private\playercontroller.cpp:4133]
[2017.06.23-17.19.15:515][706]LogWindows:Error: UE4Editor-Engine.dll!FActorTickFunction::ExecuteTick() [d:\build\++ue4+release-4.15+compile\sync\engine\source\runtime\engine\private\actor.cpp:125]
[2017.06.23-17.19.15:515][706]LogWindows:Error: UE4Editor-Engine.dll!FTickFunctionTask::DoTask() [d:\build\++ue4+release-4.15+compile\sync\engine\source\runtime\engine\private\ticktaskmanager.cpp:269]
[2017.06.23-17.19.15:515][706]LogWindows:Error: UE4Editor-Engine.dll!TGraphTask<FTickFunctionTask>::ExecuteTask() [d:\build\++ue4+release-4.15+compile\sync\engine\source\runtime\core\public\async\taskgraphinterfaces.h:883]
[2017.06.23-17.19.15:515][706]LogWindows:Error: UE4Editor-Core.dll!FNamedTaskThread::ProcessTasksNamedThread() [d:\build\++ue4+release-4.15+compile\sync\engine\source\runtime\core\private\async\taskgraph.cpp:954]
[2017.06.23-17.19.15:515][706]LogWindows:Error: UE4Editor-Core.dll!FNamedTaskThread::ProcessTasksUntilQuit() [d:\build\++ue4+release-4.15+compile\sync\engine\source\runtime\core\private\async\taskgraph.cpp:701]
[2017.06.23-17.19.15:515][706]LogWindows:Error: UE4Editor-Core.dll!FTaskGraphImplementation::WaitUntilTasksComplete() [d:\build\++ue4+release-4.15+compile\sync\engine\source\runtime\core\private\async\taskgraph.cpp:1798]
[2017.06.23-17.19.15:515][706]LogWindows:Error: UE4Editor-Engine.dll!FTickTaskSequencer::ReleaseTickGroup() [d:\build\++ue4+release-4.15+compile\sync\engine\source\runtime\engine\private\ticktaskmanager.cpp:538]
[2017.06.23-17.19.15:515][706]LogWindows:Error: UE4Editor-Engine.dll!FTickTaskManager::RunTickGroup() [d:\build\++ue4+release-4.15+compile\sync\engine\source\runtime\engine\private\ticktaskmanager.cpp:1450]
[2017.06.23-17.19.15:515][706]LogWindows:Error: UE4Editor-Engine.dll!UWorld::RunTickGroup() [d:\build\++ue4+release-4.15+compile\sync\engine\source\runtime\engine\private\leveltick.cpp:758]
[2017.06.23-17.19.15:515][706]LogWindows:Error: UE4Editor-Engine.dll!UWorld::Tick() [d:\build\++ue4+release-4.15+compile\sync\engine\source\runtime\engine\private\leveltick.cpp:1373]
[2017.06.23-17.19.15:515][706]LogWindows:Error: UE4Editor-UnrealEd.dll!UEditorEngine::Tick() [d:\build\++ue4+release-4.15+compile\sync\engine\source\editor\unrealed\private\editorengine.cpp:1630]
[2017.06.23-17.19.15:515][706]LogWindows:Error: UE4Editor-UnrealEd.dll!UUnrealEdEngine::Tick() [d:\build\++ue4+release-4.15+compile\sync\engine\source\editor\unrealed\private\unrealedengine.cpp:391]
[2017.06.23-17.19.15:515][706]LogWindows:Error: UE4Editor.exe!FEngineLoop::Tick() [d:\build\++ue4+release-4.15+compile\sync\engine\source\runtime\launch\private\launchengineloop.cpp:3025]
[2017.06.23-17.19.15:515][706]LogWindows:Error: UE4Editor.exe!GuardedMain() [d:\build\++ue4+release-4.15+compile\sync\engine\source\runtime\launch\private\launch.cpp:166]
[2017.06.23-17.19.15:515][706]LogWindows:Error: UE4Editor.exe!GuardedMainWrapper() [d:\build\++ue4+release-4.15+compile\sync\engine\source\runtime\launch\private\windows\launchwindows.cpp:134]
[2017.06.23-17.19.15:515][706]LogWindows:Error: UE4Editor.exe!WinMain() [d:\build\++ue4+release-4.15+compile\sync\engine\source\runtime\launch\private\windows\launchwindows.cpp:210]
[2017.06.23-17.19.15:515][706]LogWindows:Error: UE4Editor.exe!__scrt_common_main_seh() [f:\dd\vctools\crt\vcstartup\src\startup\exe_common.inl:264]
[2017.06.23-17.19.15:515][706]LogWindows:Error: KERNEL32.DLL!0x000000005DCC2774
[2017.06.23-17.19.15:515][706]LogWindows:Error: ntdll.dll!0x0000000060710D61
[2017.06.23-17.19.15:515][706]LogWindows:Error: ntdll.dll!0x0000000060710D61
[2017.06.23-17.19.15:515][706]LogWindows:Error: 
[2017.06.23-17.19.15:541][706]LogExit: Executing StaticShutdownAfterError
[2017.06.23-17.19.15:544][706]LogWindows: FPlatformMisc::RequestExit(1)
[2017.06.23-17.19.15:544][706]Log file closed, 06/23/17 18:19:15
