Log file open, 06/21/17 09:28:48
LogInit:Display: Running engine for game: UE4_Zero
LogPlatformFile: Not using cached read wrapper
LogInit:Display: RandInit(-1674458481) SRandInit(-1674458481).
LogTaskGraph: Started task graph with 5 named threads and 8 total threads with 1 sets of task threads.
LogStats: Stats thread started at 0.144562
LogModuleManager:Warning: Found module file ../../../../../../Users/Marcus/Desktop/GitHub/UE4-Zero/UE4_Zero/Binaries/Win64/UE4Editor-UE4_Zero.dll (API version 3195953), but it was incompatible with the current engine API version (3299760). This is likely a stale module that must be recompiled.
LogInit:Warning: Incompatible or missing module: UE4Editor-UE4_Zero.dll
Running C:/Program Files/Epic Games/UE_4.15/Engine/Binaries/DotNET/UnrealBuildTool.exe UE4_Zero Development Win64 -project="C:/Users/Marcus/Desktop/GitHub/UE4-Zero/UE4_Zero/UE4_Zero.uproject" -editorrecompile -progress -NoHotReloadFromIDE
Creating makefile for UE4_Zero (game project files are newer)
@progress push 5%
Parsing headers for UE4_ZeroEditor
  Running UnrealHeaderTool "C:\Users\Marcus\Desktop\GitHub\UE4-Zero\UE4_Zero\UE4_Zero.uproject" "C:\Users\Marcus\Desktop\GitHub\UE4-Zero\UE4_Zero\Intermediate\Build\Win64\UE4_ZeroEditor\Development\UE4_ZeroEditor.uhtmanifest" -LogCmds="loginit warning, logexit warning, logdatabase error" -Unattended -WarningsAsErrors -installed
Reflection code generated for UE4_ZeroEditor in 4.061802 seconds
@progress pop
Performing 9 actions (4 in parallel)
PCH.UE4_Zero.cpp
PlayerZero.cpp
UE4_Zero.cpp
My_PlayerController.cpp
PlayerMovement.cpp
UE4_ZeroGameModeBase.cpp
UE4_Zero.generated.cpp
[8/9] Link UE4Editor-UE4_Zero.dll
[9/9] Link UE4Editor-UE4_Zero.lib
   Creating library C:\Users\Marcus\Desktop\GitHub\UE4-Zero\UE4_Zero\Intermediate\Build\Win64\UE4Editor\Development\UE4Editor-UE4_Zero.lib and object C:\Users\Marcus\Desktop\GitHub\UE4-Zero\UE4_Zero\Intermediate\Build\Win64\UE4Editor\Development\UE4Editor-UE4_Zero.exp
   Creating library C:\Users\Marcus\Desktop\GitHub\UE4-Zero\UE4_Zero\Intermediate\Build\Win64\UE4Editor\Development\UE4Editor-UE4_Zero.suppressed.lib and object C:\Users\Marcus\Desktop\GitHub\UE4-Zero\UE4_Zero\Intermediate\Build\Win64\UE4Editor\Development\UE4Editor-UE4_Zero.suppressed.exp
Total build time: 56.53 seconds (Local executor: 39.77 seconds)
LogInit: Using libcurl 7.47.1
LogInit:  - built for x86_64-pc-win32
LogInit:  - supports SSL with OpenSSL/1.0.2g
LogInit:  - supports HTTP deflate (compression) using libz 1.2.8
LogInit:  - other features:
LogInit:      CURL_VERSION_SSL
LogInit:      CURL_VERSION_LIBZ
LogInit:      CURL_VERSION_IPV6
LogInit:      CURL_VERSION_ASYNCHDNS
LogInit:      CURL_VERSION_LARGEFILE
LogInit:      CURL_VERSION_IDN
LogInit:  CurlRequestOptions (configurable via config and command line):
LogInit:  - bVerifyPeer = false  - Libcurl will NOT verify peer certificate
LogInit:  - bUseHttpProxy = false  - Libcurl will NOT use HTTP proxy
LogInit:  - bDontReuseConnections = false  - Libcurl will reuse connections
LogInit:  - CertBundlePath = nullptr  - Libcurl will use whatever was configured at build time.
LogInit: Build: ++UE4+Release-4.15-CL-3450819
LogInit: Engine Version: 4.15.3-3450819+++UE4+Release-4.15
LogInit: Compatible Engine Version: 4.15.0-3299760+++UE4+Release-4.15
LogInit: Net CL: 3299760
LogDevObjectVersion: Number of dev versions registered: 14
LogDevObjectVersion:   Dev-Blueprints (B0D832E4-1F89-4F0D-ACCF-7EB736FD4AA2): 8
LogDevObjectVersion:   Dev-Build (E1C64328-A22C-4D53-A36C-8E866417BD8C): 0
LogDevObjectVersion:   Dev-Core (375EC13C-06E4-48FB-B500-84F0262A717E): 2
LogDevObjectVersion:   Dev-Editor (E4B068ED-F494-42E9-A231-DA0B2E46BB41): 14
LogDevObjectVersion:   Dev-Framework (CFFC743F-43B0-4480-9391-14DF171D2073): 22
LogDevObjectVersion:   Dev-Mobile (B02B49B5-BB20-44E9-A304-32B752E40360): 0
LogDevObjectVersion:   Dev-Networking (A4E4105C-59A1-49B5-A7C5-40C4547EDFEE): 0
LogDevObjectVersion:   Dev-Online (39C831C9-5AE6-47DC-9A44-9C173E1C8E7C): 0
LogDevObjectVersion:   Dev-Physics (78F01B33-EBEA-4F98-B9B4-84EACCB95AA2): 0
LogDevObjectVersion:   Dev-Platform (6631380F-2D4D-43E0-8009-CF276956A95A): 0
LogDevObjectVersion:   Dev-Rendering (12F88B9F-8875-4AFC-A67C-D90C383ABD29): 12
LogDevObjectVersion:   Dev-Sequencer (7B5AE74C-D270-4C10-A958-57980B212A5A): 3
LogDevObjectVersion:   Dev-VR (D7296918-1DD6-4BDD-9DE2-64A83CC13884): 0
LogDevObjectVersion:   Dev-LoadTimes (C2A15278-BFE7-4AFE-6C17-90FF531DF755): 1
LogInit: Compiled (64-bit): May 21 2017 11:02:34
LogInit: Compiled with Visual C++: 19.00.23026.00
LogInit: Build Configuration: Development
LogInit: Branch Name: ++UE4+Release-4.15
LogInit: Command line:  
LogInit: Base directory: C:/Program Files/Epic Games/UE_4.15/Engine/Binaries/Win64/
LogInit: Installed Engine Build: 1
LogInit: Presizing for max 8388607 objects, including 0 objects not considered by GC, pre-allocating 0 bytes for permanent pool.
LogInit: Object subsystem initialized
[2017.06.21-08.29.54:716][  0]LogInit: Selected Device Profile: [Windows]
[2017.06.21-08.29.54:716][  0]LogInit: Applying CVar settings loaded from the selected device profile: [Windows]
[2017.06.21-08.29.54:785][  0]LogInit: Computer: DESKTOP-E3PDIQS
[2017.06.21-08.29.54:785][  0]LogInit: User: Marcus
[2017.06.21-08.29.54:785][  0]LogInit: CPU Page size=65536, Cores=4
[2017.06.21-08.29.54:785][  0]LogInit: High frequency timer resolution =2.929692 MHz
[2017.06.21-08.29.54:785][  0]LogMemory: Memory total: Physical=16.0GB (16GB approx)
[2017.06.21-08.29.54:785][  0]LogMemory: Platform Memory Stats for Windows
[2017.06.21-08.29.54:785][  0]LogMemory: Process Physical Memory: 267.35 MB used, 267.35 MB peak
[2017.06.21-08.29.54:785][  0]LogMemory: Process Virtual Memory: 262.78 MB used, 262.78 MB peak
[2017.06.21-08.29.54:786][  0]LogMemory: Physical Memory: 4340.35 MB used,  11996.08 MB free, 16336.43 MB total
[2017.06.21-08.29.54:786][  0]LogMemory: Virtual Memory: 706.59 MB used,  11996.08 MB free, 134217728.00 MB total
[2017.06.21-08.29.55:651][  0]LogTextLocalizationManager: No specific translations for ('en-GB') exist, so ('en') translations will be used.
[2017.06.21-08.29.59:320][  0]LogD3D11RHI: D3D11 adapters:
[2017.06.21-08.29.59:931][  0]LogD3D11RHI:    0. 'NVIDIA GeForce GTX 1050' (Feature Level 11_0)
[2017.06.21-08.29.59:931][  0]LogD3D11RHI:       2006/0/8168 MB DedicatedVideo/DedicatedSystem/SharedSystem, Outputs:2, VendorId:0x10de
[2017.06.21-08.29.59:961][  0]LogD3D11RHI:    1. 'Microsoft Basic Render Driver' (Feature Level 11_0)
[2017.06.21-08.29.59:961][  0]LogD3D11RHI:       0/0/8168 MB DedicatedVideo/DedicatedSystem/SharedSystem, Outputs:0, VendorId:0x1414
[2017.06.21-08.29.59:961][  0]LogD3D11RHI: Chosen D3D11 Adapter: 0
[2017.06.21-08.29.59:967][  0]LogD3D11RHI: Creating new Direct3DDevice
[2017.06.21-08.29.59:967][  0]LogD3D11RHI:     GPU DeviceId: 0x1c81 (for the marketing name, search the web for "GPU Device Id")
[2017.06.21-08.29.59:967][  0]LogWindows: EnumDisplayDevices:
[2017.06.21-08.29.59:967][  0]LogWindows:    0. 'NVIDIA GeForce GTX 1050' (P:1 D:1)
[2017.06.21-08.29.59:967][  0]LogWindows:    1. 'NVIDIA GeForce GTX 1050' (P:0 D:1)
[2017.06.21-08.29.59:967][  0]LogWindows:    2. 'NVIDIA GeForce GTX 1050' (P:0 D:0)
[2017.06.21-08.29.59:967][  0]LogWindows:    3. 'NVIDIA GeForce GTX 1050' (P:0 D:0)
[2017.06.21-08.29.59:967][  0]LogWindows: DebugString: FoundDriverCount:4 
[2017.06.21-08.29.59:967][  0]LogD3D11RHI:     Adapter Name: NVIDIA GeForce GTX 1050
[2017.06.21-08.29.59:967][  0]LogD3D11RHI:   Driver Version: 382.33 (internal:22.21.13.8233, unified:382.33)
[2017.06.21-08.29.59:967][  0]LogD3D11RHI:      Driver Date: 5-17-2017
[2017.06.21-08.29.59:967][  0]LogRHI: Texture pool is 1361 MB (70% of 1945 MB)
[2017.06.21-08.30.00:544][  0]LogD3D11RHI: Async texture creation enabled
[2017.06.21-08.30.00:579][  0]LogD3D11RHI: GPU Timing Frequency: 1000.000000 (Debug: 2 1)
[2017.06.21-08.30.00:581][  0]LogShaderCompilers: Guid format shader working directory is -15 characters bigger than the processId version (../../../../../../Users/Marcus/Desktop/GitHub/UE4-Zero/UE4_Zero/Intermediate/Shaders/WorkingDirectory/808/).
[2017.06.21-08.30.00:582][  0]LogShaderCompilers: Cleaned the shader compiler working directory 'C:/Users/Marcus/AppData/Local/Temp/UnrealShaderWorkingDir/249DFD6E483E2EDD10F19A9971C5BDEA/'.
[2017.06.21-08.30.00:582][  0]LogShaderCompilers:Display: Using Local Shader Compiler.
[2017.06.21-08.30.02:106][  0]LogTemp:Display: Loaded TP AllDesktopTargetPlatform
[2017.06.21-08.30.02:275][  0]LogTemp:Display: Loaded TP MacClientTargetPlatform
[2017.06.21-08.30.02:441][  0]LogTemp:Display: Loaded TP MacNoEditorTargetPlatform
[2017.06.21-08.30.02:626][  0]LogTemp:Display: Loaded TP MacServerTargetPlatform
[2017.06.21-08.30.02:807][  0]LogTemp:Display: Loaded TP MacTargetPlatform
[2017.06.21-08.30.02:990][  0]LogTemp:Display: Loaded TP WindowsClientTargetPlatform
[2017.06.21-08.30.03:170][  0]LogTemp:Display: Loaded TP WindowsNoEditorTargetPlatform
[2017.06.21-08.30.03:348][  0]LogTemp:Display: Loaded TP WindowsServerTargetPlatform
[2017.06.21-08.30.03:518][  0]LogTemp:Display: Loaded TP WindowsTargetPlatform
[2017.06.21-08.30.03:699][  0]LogTemp:Display: Loaded TP AndroidTargetPlatform
[2017.06.21-08.30.03:876][  0]LogTemp:Display: Loaded TP Android_ASTCTargetPlatform
[2017.06.21-08.30.04:056][  0]LogTemp:Display: Loaded TP Android_ATCTargetPlatform
[2017.06.21-08.30.04:228][  0]LogTemp:Display: Loaded TP Android_DXTTargetPlatform
[2017.06.21-08.30.04:442][  0]LogTemp:Display: Loaded TP Android_ETC1TargetPlatform
[2017.06.21-08.30.04:638][  0]LogTemp:Display: Loaded TP Android_ETC2TargetPlatform
[2017.06.21-08.30.04:989][  0]LogTemp:Display: Loaded TP Android_MultiTargetPlatform
[2017.06.21-08.30.04:989][  0]LogTemp:Display: Loaded TP Android_PVRTCTargetPlatform
[2017.06.21-08.30.05:150][  0]LogTemp:Display: Loaded TP HTML5TargetPlatform
[2017.06.21-08.30.05:489][  0]LogTemp:Display: Loaded TP IOSTargetPlatform
[2017.06.21-08.30.05:607][  0]LogTemp:Display: Loaded TP TVOSTargetPlatform
[2017.06.21-08.30.05:821][  0]LogTemp:Display: Loaded TP LinuxClientTargetPlatform
[2017.06.21-08.30.06:010][  0]LogTemp:Display: Loaded TP LinuxNoEditorTargetPlatform
[2017.06.21-08.30.06:188][  0]LogTemp:Display: Loaded TP LinuxServerTargetPlatform
[2017.06.21-08.30.06:376][  0]LogTemp:Display: Loaded TP LinuxTargetPlatform
[2017.06.21-08.30.06:376][  0]LogTargetPlatformManager:Display: Building Assets For Windows
[2017.06.21-08.30.08:759][  0]LogDerivedDataCache:Display: Max Cache Size: 512 MB
[2017.06.21-08.30.09:235][  0]LogDerivedDataCache: Loaded boot cache 0.48s 51MB C:/Users/Marcus/AppData/Local/UnrealEngine/4.15/DerivedDataCache/Boot.ddc.
[2017.06.21-08.30.09:235][  0]LogDerivedDataCache:Display: Loaded Boot cache: C:/Users/Marcus/AppData/Local/UnrealEngine/4.15/DerivedDataCache/Boot.ddc
[2017.06.21-08.30.09:236][  0]LogDerivedDataCache: FDerivedDataBackendGraph:  Pak pak cache file ../../../../../../Users/Marcus/Desktop/GitHub/UE4-Zero/UE4_Zero/DerivedDataCache/DDC.ddp not found, will not use a pak cache.
[2017.06.21-08.30.09:236][  0]LogDerivedDataCache: Unable to find inner node Pak for hierarchical cache Hierarchy.
[2017.06.21-08.30.09:236][  0]LogDerivedDataCache: FDerivedDataBackendGraph:  CompressedPak pak cache file ../../../../../../Users/Marcus/Desktop/GitHub/UE4-Zero/UE4_Zero/DerivedDataCache/Compressed.ddp not found, will not use a pak cache.
[2017.06.21-08.30.09:236][  0]LogDerivedDataCache: Unable to find inner node CompressedPak for hierarchical cache Hierarchy.
[2017.06.21-08.30.09:273][  0]LogDerivedDataCache:Display: Pak cache opened for reading ../../../Engine/DerivedDataCache/Compressed.ddp.
[2017.06.21-08.30.09:286][  0]LogDerivedDataCache: Using Local data cache path C:/Users/Marcus/AppData/Local/UnrealEngine/Common/DerivedDataCache: Writable
[2017.06.21-08.30.09:295][  0]LogSlate: Using Freetype 2.6.0
[2017.06.21-08.30.09:298][  0]LogSlate: SlateFontCache - WITH_FREETYPE: 1, WITH_HARFBUZZ: 1
[2017.06.21-08.30.09:298][  0]LogSlate: SlateFontCache - WITH_FREETYPE: 1, WITH_HARFBUZZ: 1
[2017.06.21-08.30.10:142][  0]LogInit: Selected Device Profile: [Windows]
[2017.06.21-08.30.10:144][  0]LogContentStreaming: Texture pool size is 0.00 MB
[2017.06.21-08.30.10:792][  0]LogMeshUtilities: Using QuadricMeshReduction for automatic static mesh reduction
[2017.06.21-08.30.10:964][  0]LogSimplygon: Simplygon DLL not present - disabling.
[2017.06.21-08.30.11:171][  0]LogMeshUtilities: Using SimplygonSwarm for distributed automatic mesh merging
[2017.06.21-08.30.11:171][  0]LogMeshUtilities: No automatic skeletal mesh reduction module available
[2017.06.21-08.30.11:171][  0]LogMeshUtilities: No automatic mesh merging module available
[2017.06.21-08.30.12:231][  0]LogNetVersion: GetLocalNetworkVersion: CL: 3299760, ProjectName: ue4_zero, ProjectVersion: , EngineNetworkVersion: 2, GameNetworkVersion: 0, NetworkChecksum: 276590260
[2017.06.21-08.30.12:347][  0]LogAssetRegistry: FAssetRegistry took 0.0219 seconds to start up
[2017.06.21-08.30.12:478][  0]LogPackageLocalizationCache: Processed 3 localized package path(s) for 2 prioritized culture(s) in 0.040339 seconds
[2017.06.21-08.30.12:483][  0]LogUObjectArray: 32493 objects as part of root set at end of initial load.
[2017.06.21-08.30.12:483][  0]LogUObjectAllocator: 7077032 out of 0 bytes used by permanent object pool.
[2017.06.21-08.30.12:483][  0]LogUObjectArray: CloseDisregardForGC: 0/0 objects in disregard for GC pool
[2017.06.21-08.30.12:766][  0]LogInit: WinSock: version 1.1 (2.2), MaxSocks=32767, MaxUdp=65467
[2017.06.21-08.30.18:364][  0]LogTcpMessaging: Initializing TcpMessaging bridge
[2017.06.21-08.30.18:500][  0]LogUdpMessaging: Initializing bridge on interface 0.0.0.0:0 to multicast group 230.0.0.1:6666.
[2017.06.21-08.30.20:934][  0]LogMaterial: Uniform references updated for custom material expression Custom.
[2017.06.21-08.30.23:071][  0]SourceControl: Info Source control is disabled
[2017.06.21-08.30.23:073][  0]SourceControl: Info Source control is disabled
[2017.06.21-08.30.23:309][  0]SourceControl: Info Source control is disabled
[2017.06.21-08.30.23:539][  0]SourceControl: Info Source control is disabled
[2017.06.21-08.30.29:586][  0]LogEngine: Initializing Engine...
[2017.06.21-08.30.29:587][  0]LogHMD: Failed to initialize OpenVR with code 110
[2017.06.21-08.30.29:991][  0]LogStats: UGameplayTagsManager::ConstructGameplayTagTree: Construct from data asset -  0.000 s
[2017.06.21-08.30.30:006][  0]LogStats: UGameplayTagsManager::ConstructGameplayTagTree: GameplayTagTreeChangedEvent.Broadcast -  0.000 s
[2017.06.21-08.30.30:731][  0]LogAIModule: Creating AISystem for world Untitled
[2017.06.21-08.30.30:763][  0]LogInit: XAudio2 using 'Digital Audio (S/PDIF) (High Definition Audio Device)' : 2 channels at 44.1 kHz using 16 bits per sample (channel mask 0x3)
[2017.06.21-08.30.30:827][  0]LogInit: FAudioDevice initialized.
[2017.06.21-08.30.30:884][  0]LogDerivedDataCache: Saved boot cache 0.02s 51MB C:/Users/Marcus/AppData/Local/UnrealEngine/4.15/DerivedDataCache/Boot.ddc.
[2017.06.21-08.30.30:890][  0]LogInit: Texture streaming: Enabled
[2017.06.21-08.30.31:424][  0]LogEngineSessionManager: EngineSessionManager initialized
[2017.06.21-08.30.32:028][  0]LogInit: Transaction tracking system initialized
[2017.06.21-08.30.33:647][  0]BlueprintLog: New page: Editor Load
[2017.06.21-08.30.37:963][  0]LocalizationService: Info Localization service is disabled
[2017.06.21-08.30.41:175][  0]LogConsoleResponse:Display: 
[2017.06.21-08.30.43:189][  0]LogFileCache: Scanning file cache for directory 'C:/Users/Marcus/Desktop/GitHub/UE4-Zero/UE4_Zero/Content/' took 0.02s
[2017.06.21-08.30.43:189][  0]LogCook:Display: Max memory allowance for cook 16384mb min free memory 0mb
[2017.06.21-08.30.43:189][  0]LogCook:Display: Mobile HDR setting 1
[2017.06.21-08.30.48:405][  0]SourceControl: Info Source control is disabled
[2017.06.21-08.30.48:419][  0]Cmd: MAP LOAD FILE="../../../../../../Users/Marcus/Desktop/GitHub/UE4-Zero/UE4_Zero/Content/Maps/Start.umap" TEMPLATE=0 SHOWPROGRESS=1 FEATURELEVEL=3
[2017.06.21-08.30.48:436][  0]LightingResults: New page: Lighting Build
[2017.06.21-08.30.48:680][  0]MapCheck: New page: Map Check
[2017.06.21-08.30.48:680][  0]LightingResults: New page: Lighting Build
[2017.06.21-08.30.50:971][  0]LogAIModule: Creating AISystem for world Start
[2017.06.21-08.30.51:405][  0]LogEditorServer: Finished looking for orphan Actors (0.000 secs)
[2017.06.21-08.30.51:623][  0]Cmd: MAP CHECKDEP NOCLEARLOG
[2017.06.21-08.30.51:729][  0]MapCheck: Info Map check complete: 0 Error(s), 0 Warning(s), took 105.531ms to complete.
[2017.06.21-08.30.51:729][  0]LogFileHelpers: Loading map 'Start' took 3.310
[2017.06.21-08.30.52:668][  0]LogWindowsTextInputMethodSystem:Display: IME system now deactivated.
[2017.06.21-08.30.54:830][  0]LogCollectionManager: Loaded 0 collections in 0.002188 seconds
[2017.06.21-08.30.55:401][  0]LogFileCache: Scanning file cache for directory 'C:/Users/Marcus/Desktop/GitHub/UE4-Zero/UE4_Zero/Saved/Collections/' took 0.01s
[2017.06.21-08.30.55:401][  0]LogFileCache: Scanning file cache for directory 'C:/Users/Marcus/Desktop/GitHub/UE4-Zero/UE4_Zero/Content/Developers/Marcus/Collections/' took 0.01s
[2017.06.21-08.30.55:401][  0]LogFileCache: Scanning file cache for directory 'C:/Users/Marcus/Desktop/GitHub/UE4-Zero/UE4_Zero/Content/Collections/' took 0.01s
[2017.06.21-08.30.55:401][  0]LogCollectionManager: Rebuilt the GUID cache for 0 collections in 0.000003 seconds
[2017.06.21-08.30.55:431][  0]LogContentBrowser: Native class hierarchy populated in 0.0234 seconds. Added 2249 classes and 455 folders.
[2017.06.21-08.30.55:773][  0]LogContentBrowser: Native class hierarchy updated for 'WidgetCarousel' in 0.0032 seconds. Added 0 classes and 0 folders.
[2017.06.21-08.30.59:100][  0]LogContentBrowser: Native class hierarchy updated for 'AddContentDialog' in 0.0026 seconds. Added 0 classes and 0 folders.
[2017.06.21-08.30.59:702][  0]LogContentBrowser: Native class hierarchy updated for 'SceneOutliner' in 0.0030 seconds. Added 1 classes and 2 folders.
[2017.06.21-08.31.02:375][  0]LogCrashTracker: Crashtracker disabled due to settings.
[2017.06.21-08.31.02:445][  0]LogUObjectGlobals:Warning: Failed to find object 'Class None.'
[2017.06.21-08.31.02:720][  0]LogContentBrowser: Native class hierarchy updated for 'HierarchicalLODOutliner' in 0.0027 seconds. Added 1 classes and 2 folders.
[2017.06.21-08.31.02:720][  0]LogLoad: (Engine Initialization) Total time: 135.14 seconds
[2017.06.21-08.31.02:720][  0]LogLoad: (Engine Initialization) Total Blueprint compile time: 0.51 seconds
[2017.06.21-08.31.02:720][  0]LogExternalProfiler: Found external profiler: VSPerf
[2017.06.21-08.31.02:720][  0]LogExternalProfiler: Using external profiler: VSPerf
[2017.06.21-08.31.02:760][  0]LogOcInput: OculusInput pre-init called
[2017.06.21-08.31.02:934][  0]LogContentStreaming: Texture pool size now 1000 MB
[2017.06.21-08.31.03:134][  0]LogSlate: Took 0.142053 seconds to synchronously load lazily loaded font '../../../Engine/Content/Slate/Fonts/Roboto-Regular.ttf' (155K)
[2017.06.21-08.31.03:215][  0]LogSlate: Took 0.077704 seconds to synchronously load lazily loaded font '../../../Engine/Content/Slate/Fonts/Roboto-Bold.ttf' (160K)
[2017.06.21-08.31.04:225][  0]LogRenderer: Reallocating scene render targets to support 1208x580 NumSamples 1 (Frame:2).
[2017.06.21-08.31.04:465][  1]LogAssetRegistry: Asset discovery search completed in 52.1406 seconds
[2017.06.21-08.31.04:465][  1]LogCollectionManager: Rebuilt the object cache for 0 collections in 0.000005 seconds (found 0 objects)
[2017.06.21-08.31.04:465][  1]LogCollectionManager: Fixed up redirectors for 0 collections in 0.000046 seconds (updated 0 objects)
[2017.06.21-08.31.04:597][  2]LogSlate: Took 0.028486 seconds to synchronously load lazily loaded font '../../../Engine/Content/Slate/Fonts/Roboto-Light.ttf' (159K)
[2017.06.21-08.31.09:454][571]LogTemp: Repeting last play command: Selected Viewport
[2017.06.21-08.31.09:465][571]LogPlayLevel: PlayLevel: No blueprints needed recompiling
[2017.06.21-08.31.09:511][571]PIE: New page: PIE session: Start (21 Jun 2017 10:31:09)
[2017.06.21-08.31.09:511][571]LogPlayLevel: Creating play world package: /Game/Maps/UEDPIE_0_Start
[2017.06.21-08.31.09:513][571]LogPlayLevel: PIE: StaticDuplicateObject took: (0.001731s)
[2017.06.21-08.31.09:514][571]LogAIModule: Creating AISystem for world Start
[2017.06.21-08.31.09:560][571]LogPlayLevel: PIE: World Init took: (0.047058s)
[2017.06.21-08.31.09:560][571]LogPlayLevel: PIE: Created PIE world by copying editor world from /Game/Maps/Start.Start to /Game/Maps/UEDPIE_0_Start.Start (0.049060s)
[2017.06.21-08.31.09:575][571]LogInit: XAudio2 using 'Digital Audio (S/PDIF) (High Definition Audio Device)' : 2 channels at 44.1 kHz using 16 bits per sample (channel mask 0x3)
[2017.06.21-08.31.09:581][571]LogInit: FAudioDevice initialized.
[2017.06.21-08.31.09:803][571]LogLoad: Game class is 'My_UE4_ZeroGameModeBase_C'
[2017.06.21-08.31.09:833][571]LogWorld: Bringing World /Game/Maps/UEDPIE_0_Start.Start up for play (max tick rate 0) at 2017.06.21-09.31.09
[2017.06.21-08.31.09:834][571]LogWorld: Bringing up level for play took: 0.000996
[2017.06.21-08.31.09:994][571]LogContentBrowser: Native class hierarchy updated for 'MovieSceneCapture' in 0.0026 seconds. Added 11 classes and 0 folders.
[2017.06.21-08.31.10:045][571]PIE: Info Play in editor start time for /Game/Maps/UEDPIE_0_Start 0.843
[2017.06.21-08.31.29:906][379]LogSlate: Only BGRA pngs, bmps or icos are supported in by External Image Picker
[2017.06.21-08.31.30:272][416]LogTemp:Display: Executing iPhonePackager certificates Engine -bundlename com.YourCompany.UE4Zero

[2017.06.21-08.31.30:272][416]LogTemp:Display: CWD: C:\Program Files\Epic Games\UE_4.15\Engine\Binaries\DotNET\IOS

[2017.06.21-08.31.30:272][416]LogTemp:Display: Initial Dir: C:\Program Files\Epic Games\UE_4.15

[2017.06.21-08.31.30:272][416]LogTemp:Display: Env CWD: C:\Program Files\Epic Games\UE_4.15\Engine\Binaries\DotNET\IOS

[2017.06.21-08.31.30:272][416]LogTemp:Display: BranchPath = DESKTOP-E3PDIQS/C/Program Files/Epic Games/UE_4.15/Engine/Binaries --- GameBranchPath = DESKTOP-E3PDIQS/C/Program Files/Epic Games/UE_4.15/Engine/Binaries

[2017.06.21-08.31.30:620][458]LogTemp:Display: IPP ERROR: Application exception: System.IO.DirectoryNotFoundException: Could not find a part of the path 'C:\Users\Marcus\AppData\Local\Apple Computer\MobileDevice\Provisioning Profiles'.

[2017.06.21-08.31.30:620][458]LogTemp:Display:    at System.IO.__Error.WinIOError(Int32 errorCode, String maybeFullPath)

[2017.06.21-08.31.30:620][458]LogTemp:Display:    at System.IO.FileSystemEnumerableIterator`1.CommonInit()

[2017.06.21-08.31.30:620][458]LogTemp:Display:    at System.IO.Directory.EnumerateFiles(String path, String searchPattern)

[2017.06.21-08.31.30:620][458]LogTemp:Display:    at iPhonePackager.CodeSignatureBuilder.FindProvisions(String CFBundleIdentifier)

[2017.06.21-08.31.30:620][458]LogTemp:Display:    at iPhonePackager.Program.Main(String[] args)

[2017.06.21-08.36.39:672][872]LogSlate: Took 0.030327 seconds to synchronously load lazily loaded font '../../../Engine/Content/Editor/Slate/Fonts/FontAwesome.ttf' (139K)
[2017.06.21-08.36.39:688][872]LogSlate: Took 0.015859 seconds to synchronously load lazily loaded font '../../../Engine/Content/Editor/Slate/Fonts/DroidSansMono.ttf' (77K)
[2017.06.21-08.36.40:809][999]LogSlate: Took 0.000247 seconds to synchronously load lazily loaded font '../../../Engine/Content/Slate/Fonts/Roboto-Light.ttf' (159K)
[2017.06.21-08.44.42:888][387]Recompiling UE4_Zero...
[2017.06.21-08.44.42:888][387]Launching UnrealBuildTool... [C:/Program Files/Epic Games/UE_4.15/Engine/Binaries/DotNET/UnrealBuildTool.exe UE4_Zero -ModuleWithSuffix UE4_Zero 9260 Win64 Development -editorrecompile -canskiplink "C:/Users/Marcus/Desktop/GitHub/UE4-Zero/UE4_Zero/UE4_Zero.uproject" ]
[2017.06.21-08.44.42:896][387]Warning: Starting HotReload took  0.1s.
[2017.06.21-08.46.10:863][876]CompilerResultsLog: New page: Compilation - 21 Jun 2017 10:46:10
[2017.06.21-08.46.10:863][876]CompilerResultsLog: Info Compiling game modules for hot reload
[2017.06.21-08.46.10:863][876]CompilerResultsLog: Info Parsing headers for UE4_ZeroEditor
[2017.06.21-08.46.10:863][876]CompilerResultsLog: Info   Running UnrealHeaderTool "C:\Users\Marcus\Desktop\GitHub\UE4-Zero\UE4_Zero\UE4_Zero.uproject" "C:\Users\Marcus\Desktop\GitHub\UE4-Zero\UE4_Zero\Intermediate\Build\Win64\UE4_ZeroEditor\Development\UE4_ZeroEditor.uhtmanifest" -LogCmds="loginit warning, logexit warning, logdatabase error" -Unattended -WarningsAsErrors -installed
[2017.06.21-08.46.10:864][876]CompilerResultsLog: Info Reflection code generated for UE4_ZeroEditor in 8.6067439 seconds
[2017.06.21-08.46.10:865][876]CompilerResultsLog: Info Performing 9 actions (4 in parallel)
[2017.06.21-08.46.10:865][876]CompilerResultsLog: Info PCH.UE4_Zero.cpp
[2017.06.21-08.46.10:867][876]CompilerResultsLog: Info My_PlayerController.cpp
[2017.06.21-08.46.10:867][876]CompilerResultsLog: Info UE4_Zero.cpp
[2017.06.21-08.46.10:867][876]CompilerResultsLog: Info PlayerMovement.cpp
[2017.06.21-08.46.10:867][876]CompilerResultsLog: Info PlayerZero.cpp
[2017.06.21-08.46.10:867][876]CompilerResultsLog:Error: Error C:\Users\Marcus\Desktop\GitHub\UE4-Zero\UE4_Zero\Source\UE4_Zero\PlayerMovement.cpp(21) : error C2065: 'm_WalkAnim': undeclared identifier
[2017.06.21-08.46.10:867][876]CompilerResultsLog:Error: Error C:\Users\Marcus\Desktop\GitHub\UE4-Zero\UE4_Zero\Source\UE4_Zero\PlayerMovement.cpp(21) : error C2065: 'm_StandAnim': undeclared identifier
[2017.06.21-08.46.10:868][876]CompilerResultsLog:Error: Error C:\Users\Marcus\Desktop\GitHub\UE4-Zero\UE4_Zero\Source\UE4_Zero\PlayerZero.cpp(34) : error C2039: 'm_Sprite': is not a member of 'UPlayerMovement'UE4_ZeroGameModeBase.cpp
[2017.06.21-08.46.10:868][876]CompilerResultsLog: Info 
[2017.06.21-08.46.10:868][876]CompilerResultsLog:Error: Error c:\users\marcus\desktop\github\ue4-zero\ue4_zero\source\ue4_zero\PlayerMovement.h(12) : note: see declaration of 'UPlayerMovement'
[2017.06.21-08.46.10:868][876]CompilerResultsLog: Info UE4_Zero.generated.cpp
[2017.06.21-08.46.10:868][876]CompilerResultsLog: Info ERROR: UBT ERROR: Failed to produce item: C:\Users\Marcus\Desktop\GitHub\UE4-Zero\UE4_Zero\Binaries\Win64\UE4Editor-UE4_Zero-9260.dll
[2017.06.21-08.46.10:868][876]CompilerResultsLog: Info Total build time: 87.55 seconds (Local executor: 0.00 seconds)
[2017.06.21-08.46.10:868][876]LogMainFrame: MainFrame: Module compiling took 87.988 seconds
[2017.06.21-08.46.10:868][876]Warning: HotReload failed, recompile failed
[2017.06.21-08.49.53:064][414]Cmd: QUIT_EDITOR
[2017.06.21-08.49.53:337][414]LogWindowsTextInputMethodSystem:Display: IME system now deactivated.
[2017.06.21-08.49.53:359][414]LogExit: Preparing to exit.
[2017.06.21-08.49.53:931][414]LogDirectoryWatcher: A directory notification for 'C:/Users/Marcus/Desktop/GitHub/UE4-Zero/UE4_Zero/Content/' was aborted.
[2017.06.21-08.49.53:946][414]LogExit: Editor shut down
[2017.06.21-08.49.53:946][414]LogExit: Transaction tracking system shut down
[2017.06.21-08.49.54:011][414]LogObj: Freed 0b from 0 cluster array pools.
[2017.06.21-08.49.54:011][414]LogExit: Object subsystem successfully closed.
[2017.06.21-08.49.54:041][414]LogD3D11RHI: Shutdown
[2017.06.21-08.49.54:041][414]LogD3D11RHI: CleanupD3DDevice
[2017.06.21-08.49.54:090][414]LogD3D11RHI: ~FD3D11DynamicRHI
[2017.06.21-08.49.54:143][414]LogModuleManager: Shutting down and abandoning module ExternalImagePicker (504)
[2017.06.21-08.49.54:143][414]LogModuleManager: Shutting down and abandoning module MovieSceneCapture (502)
[2017.06.21-08.49.54:143][414]LogModuleManager: Shutting down and abandoning module HierarchicalLODOutliner (500)
[2017.06.21-08.49.54:143][414]LogModuleManager: Shutting down and abandoning module CrashTracker (498)
[2017.06.21-08.49.54:143][414]LogModuleManager: Shutting down and abandoning module SceneOutliner (496)
[2017.06.21-08.49.54:143][414]LogModuleManager: Shutting down and abandoning module AddContentDialog (494)
[2017.06.21-08.49.54:143][414]LogDirectoryWatcher: A directory notification for 'C:/Program Files/Epic Games/UE_4.15/FeaturePacks/' was aborted.
[2017.06.21-08.49.54:145][414]LogModuleManager: Shutting down and abandoning module WidgetCarousel (493)
[2017.06.21-08.49.54:145][414]LogModuleManager: Shutting down and abandoning module EditorWidgets (490)
[2017.06.21-08.49.54:145][414]LogModuleManager: Shutting down and abandoning module CollectionManager (488)
[2017.06.21-08.49.54:145][414]LogDirectoryWatcher: A directory notification for 'C:/Users/Marcus/Desktop/GitHub/UE4-Zero/UE4_Zero/Content/Collections/' was aborted.
[2017.06.21-08.49.54:145][414]LogDirectoryWatcher: A directory notification for 'C:/Users/Marcus/Desktop/GitHub/UE4-Zero/UE4_Zero/Content/Developers/Marcus/Collections/' was aborted.
[2017.06.21-08.49.54:146][414]LogDirectoryWatcher: A directory notification for 'C:/Users/Marcus/Desktop/GitHub/UE4-Zero/UE4_Zero/Saved/Collections/' was aborted.
[2017.06.21-08.49.54:146][414]LogModuleManager: Shutting down and abandoning module StatsViewer (486)
[2017.06.21-08.49.54:146][414]LogModuleManager: Shutting down and abandoning module FoliageEdit (484)
[2017.06.21-08.49.54:146][414]LogModuleManager: Shutting down and abandoning module LandscapeEditor (482)
[2017.06.21-08.49.54:146][414]LogModuleManager: Shutting down and abandoning module SceneDepthPickerMode (480)
[2017.06.21-08.49.54:146][414]LogModuleManager: Shutting down and abandoning module ActorPickerMode (478)
[2017.06.21-08.49.54:146][414]LogModuleManager: Shutting down and abandoning module GeometryMode (476)
[2017.06.21-08.49.54:146][414]LogModuleManager: Shutting down and abandoning module TextureAlignMode (474)
[2017.06.21-08.49.54:146][414]LogModuleManager: Shutting down and abandoning module BspMode (472)
[2017.06.21-08.49.54:146][414]LogModuleManager: Shutting down and abandoning module HardwareSurvey (470)
[2017.06.21-08.49.54:146][414]LogModuleManager: Shutting down and abandoning module SequenceRecorderSections (468)
[2017.06.21-08.49.54:146][414]LogModuleManager: Shutting down and abandoning module AutomationWorker (466)
[2017.06.21-08.49.54:146][414]LogModuleManager: Shutting down and abandoning module MatineeToLevelSequence (464)
[2017.06.21-08.49.54:146][414]LogModuleManager: Shutting down and abandoning module LevelSequenceEditor (462)
[2017.06.21-08.49.54:146][414]LogModuleManager: Shutting down and abandoning module PlacementMode (461)
[2017.06.21-08.49.54:146][414]LogModuleManager: Shutting down and abandoning module WmfMediaFactory (458)
[2017.06.21-08.49.54:146][414]LogModuleManager: Shutting down and abandoning module WmfMediaEditor (456)
[2017.06.21-08.49.54:146][414]LogModuleManager: Shutting down and abandoning module MfMediaFactory (454)
[2017.06.21-08.49.54:146][414]LogModuleManager: Shutting down and abandoning module MfMediaEditor (452)
[2017.06.21-08.49.54:146][414]LogModuleManager: Shutting down and abandoning module AvfMediaFactory (450)
[2017.06.21-08.49.54:146][414]LogModuleManager: Shutting down and abandoning module AvfMediaEditor (448)
[2017.06.21-08.49.54:146][414]LogModuleManager: Shutting down and abandoning module AndroidMediaFactory (446)
[2017.06.21-08.49.54:146][414]LogModuleManager: Shutting down and abandoning module Media (445)
[2017.06.21-08.49.54:146][414]LogModuleManager: Shutting down and abandoning module AndroidMediaEditor (442)
[2017.06.21-08.49.54:146][414]LogModuleManager: Shutting down and abandoning module CharacterAI (440)
[2017.06.21-08.49.54:146][414]LogModuleManager: Shutting down and abandoning module AudioCapture (438)
[2017.06.21-08.49.54:146][414]LogModuleManager: Shutting down and abandoning module SequenceRecorder (437)
[2017.06.21-08.49.54:146][414]LogModuleManager: Shutting down and abandoning module SmartSnapping (434)
[2017.06.21-08.49.54:146][414]LogModuleManager: Shutting down and abandoning module SessionServices (432)
[2017.06.21-08.49.54:146][414]LogModuleManager: Shutting down and abandoning module ViewportSnapping (430)
[2017.06.21-08.49.54:146][414]LogModuleManager: Shutting down and abandoning module ViewportInteraction (428)
[2017.06.21-08.49.54:146][414]LogModuleManager: Shutting down and abandoning module LogVisualizer (426)
[2017.06.21-08.49.54:146][414]LogModuleManager: Shutting down and abandoning module IntroTutorials (424)
[2017.06.21-08.49.54:146][414]LogModuleManager: Shutting down and abandoning module GameProjectGeneration (423)
[2017.06.21-08.49.54:146][414]LogModuleManager: Shutting down and abandoning module EditorLiveStreaming (420)
[2017.06.21-08.49.54:146][414]LogModuleManager: Shutting down and abandoning module IOSPlatformEditor (418)
[2017.06.21-08.49.54:146][414]LogModuleManager: Shutting down and abandoning module HTML5PlatformEditor (416)
[2017.06.21-08.49.54:146][414]LogModuleManager: Shutting down and abandoning module AndroidPlatformEditor (414)
[2017.06.21-08.49.54:146][414]LogModuleManager: Shutting down and abandoning module AndroidDeviceDetection (413)
[2017.06.21-08.49.54:271][414]LogModuleManager: Shutting down and abandoning module IOSRuntimeSettings (410)
[2017.06.21-08.49.54:271][414]LogModuleManager: Shutting down and abandoning module AndroidRuntimeSettings (408)
[2017.06.21-08.49.54:271][414]LogModuleManager: Shutting down and abandoning module InputBindingEditor (406)
[2017.06.21-08.49.54:271][414]LogModuleManager: Shutting down and abandoning module NiagaraEditor (404)
[2017.06.21-08.49.54:271][414]LogModuleManager: Shutting down and abandoning module MergeActors (402)
[2017.06.21-08.49.54:271][414]LogModuleManager: Shutting down and abandoning module SizeMap (400)
[2017.06.21-08.49.54:271][414]LogModuleManager: Shutting down and abandoning module TreeMap (398)
[2017.06.21-08.49.54:271][414]LogModuleManager: Shutting down and abandoning module ReferenceViewer (396)
[2017.06.21-08.49.54:271][414]LogModuleManager: Shutting down and abandoning module LocalizationDashboard (394)
[2017.06.21-08.49.54:271][414]LogModuleManager: Shutting down and abandoning module LocalizationService (393)
[2017.06.21-08.49.54:271][414]LogModuleManager: Shutting down and abandoning module HardwareTargeting (390)
[2017.06.21-08.49.54:271][414]LogModuleManager: Shutting down and abandoning module DeviceProfileEditor (388)
[2017.06.21-08.49.54:271][414]LogModuleManager: Shutting down and abandoning module UndoHistory (386)
[2017.06.21-08.49.54:271][414]LogModuleManager: Shutting down and abandoning module UserFeedback (384)
[2017.06.21-08.49.54:271][414]LogModuleManager: Shutting down and abandoning module XmlParser (382)
[2017.06.21-08.49.54:271][414]LogModuleManager: Shutting down and abandoning module Blutility (380)
[2017.06.21-08.49.54:271][414]LogModuleManager: Shutting down and abandoning module ProjectSettingsViewer (378)
[2017.06.21-08.49.54:271][414]LogModuleManager: Shutting down and abandoning module ProjectTargetPlatformEditor (377)
[2017.06.21-08.49.54:271][414]LogModuleManager: Shutting down and abandoning module EditorSettingsViewer (374)
[2017.06.21-08.49.54:271][414]LogModuleManager: Shutting down and abandoning module SettingsEditor (372)
[2017.06.21-08.49.54:271][414]LogModuleManager: Shutting down and abandoning module ProjectLauncher (370)
[2017.06.21-08.49.54:272][414]LogModuleManager: Shutting down and abandoning module SessionFrontend (368)
[2017.06.21-08.49.54:272][414]LogModuleManager: Shutting down and abandoning module ProfilerClient (366)
[2017.06.21-08.49.54:272][414]LogModuleManager: Shutting down and abandoning module DeviceManager (364)
[2017.06.21-08.49.54:272][414]LogModuleManager: Shutting down and abandoning module TargetDeviceServices (363)
[2017.06.21-08.49.54:317][414]LogModuleManager: Shutting down and abandoning module AutomationController (360)
[2017.06.21-08.49.54:317][414]LogModuleManager: Shutting down and abandoning module AutomationWindow (358)
[2017.06.21-08.49.54:317][414]LogModuleManager: Shutting down and abandoning module Layers (356)
[2017.06.21-08.49.54:317][414]LogModuleManager: Shutting down and abandoning module ComponentVisualizers (354)
[2017.06.21-08.49.54:317][414]LogModuleManager: Shutting down and abandoning module DetailCustomizations (352)
[2017.06.21-08.49.54:317][414]LogModuleManager: Shutting down and abandoning module PackagesDialog (350)
[2017.06.21-08.49.54:317][414]LogModuleManager: Shutting down and abandoning module Persona (348)
[2017.06.21-08.49.54:317][414]LogModuleManager: Shutting down and abandoning module AnimGraph (347)
[2017.06.21-08.49.54:317][414]LogModuleManager: Shutting down and abandoning module Kismet (344)
[2017.06.21-08.49.54:317][414]LogModuleManager: Shutting down and abandoning module GraphEditor (342)
[2017.06.21-08.49.54:317][414]LogModuleManager: Shutting down and abandoning module ClassViewer (340)
[2017.06.21-08.49.54:317][414]LogModuleManager: Shutting down and abandoning module Toolbox (338)
[2017.06.21-08.49.54:317][414]LogModuleManager: Shutting down and abandoning module ModuleUI (336)
[2017.06.21-08.49.54:317][414]LogModuleManager: Shutting down and abandoning module MovieSceneTools (334)
[2017.06.21-08.49.54:317][414]LogModuleManager: Shutting down and abandoning module OutputLog (332)
[2017.06.21-08.49.54:317][414]LogModuleManager: Shutting down and abandoning module GammaUI (330)
[2017.06.21-08.49.54:317][414]LogModuleManager: Shutting down and abandoning module Documentation (328)
[2017.06.21-08.49.54:317][414]LogModuleManager: Shutting down and abandoning module Niagara (326)
[2017.06.21-08.49.54:317][414]LogModuleManager: Shutting down and abandoning module StreamingPauseRendering (324)
[2017.06.21-08.49.54:317][414]LogModuleManager: Shutting down and abandoning module AnalyticsET (322)
[2017.06.21-08.49.54:317][414]LogModuleManager: Shutting down and abandoning module PortalServices (320)
[2017.06.21-08.49.54:317][414]LogModuleManager: Shutting down and abandoning module PortalRpc (318)
[2017.06.21-08.49.54:317][414]LogModuleManager: Shutting down and abandoning module MessagingRpc (316)
[2017.06.21-08.49.54:317][414]LogModuleManager: Shutting down and abandoning module AIModule (314)
[2017.06.21-08.49.54:317][414]LogModuleManager: Shutting down and abandoning module GameplayDebugger (313)
[2017.06.21-08.49.54:317][414]LogModuleManager: Shutting down and abandoning module AITestSuite (311)
[2017.06.21-08.49.54:317][414]LogModuleManager: Shutting down and abandoning module ProfilerService (308)
[2017.06.21-08.49.54:433][414]LogModuleManager: Shutting down and abandoning module TaskGraph (306)
[2017.06.21-08.49.54:433][414]LogModuleManager: Shutting down and abandoning module SteamVRController (304)
[2017.06.21-08.49.54:433][414]LogModuleManager: Shutting down and abandoning module SteamVR (302)
[2017.06.21-08.49.54:433][414]LogModuleManager: Shutting down and abandoning module ProceduralMeshComponentEditor (300)
[2017.06.21-08.49.54:433][414]LogModuleManager: Shutting down and abandoning module ProceduralMeshComponent (298)
[2017.06.21-08.49.54:433][414]LogModuleManager: Shutting down and abandoning module OculusLibrary (296)
[2017.06.21-08.49.54:433][414]LogModuleManager: Shutting down and abandoning module OculusInput (294)
[2017.06.21-08.49.54:433][414]LogModuleManager: Shutting down and abandoning module MobilePatchingUtils (292)
[2017.06.21-08.49.54:433][414]LogModuleManager: Shutting down and abandoning module CustomMeshComponent (290)
[2017.06.21-08.49.54:433][414]LogModuleManager: Shutting down and abandoning module CableComponent (288)
[2017.06.21-08.49.54:433][414]LogModuleManager: Shutting down and abandoning module ArchVisCharacter (286)
[2017.06.21-08.49.54:433][414]LogModuleManager: Shutting down and abandoning module MediaPlayerEditor (282)
[2017.06.21-08.49.54:433][414]LogModuleManager: Shutting down and abandoning module HTML5Networking (280)
[2017.06.21-08.49.54:433][414]LogModuleManager: Shutting down and abandoning module AlembicImporter (278)
[2017.06.21-08.49.54:433][414]LogModuleManager: Shutting down and abandoning module AlembicLibrary (277)
[2017.06.21-08.49.54:433][414]LogModuleManager: Shutting down and abandoning module GeometryCache (276)
[2017.06.21-08.49.54:433][414]LogModuleManager: Shutting down and abandoning module GeometryCacheEd (275)
[2017.06.21-08.49.54:433][414]LogModuleManager: Shutting down and abandoning module SuperSearchEditor (270)
[2017.06.21-08.49.54:433][414]LogModuleManager: Shutting down and abandoning module SuperSearch (269)
[2017.06.21-08.49.54:433][414]LogModuleManager: Shutting down and abandoning module SpeedTreeImporter (266)
[2017.06.21-08.49.54:433][414]LogModuleManager: Shutting down and abandoning module PluginBrowser (264)
[2017.06.21-08.49.54:433][414]LogModuleManager: Shutting down and abandoning module MobileLauncherProfileWizard (262)
[2017.06.21-08.49.54:433][414]LogModuleManager: Shutting down and abandoning module EpicSurvey (260)
[2017.06.21-08.49.54:433][414]LogModuleManager: Shutting down and abandoning module VisualStudioSourceCodeAccess (258)
[2017.06.21-08.49.54:433][414]LogModuleManager: Shutting down and abandoning module UObjectPlugin (256)
[2017.06.21-08.49.54:433][414]LogModuleManager: Shutting down and abandoning module SubversionSourceControl (254)
[2017.06.21-08.49.54:433][414]LogModuleManager: Shutting down and abandoning module PerforceSourceControl (252)
[2017.06.21-08.49.54:434][414]LogModuleManager: Shutting down and abandoning module GitSourceControl (250)
[2017.06.21-08.49.54:434][414]LogModuleManager: Shutting down and abandoning module SourceControl (249)
[2017.06.21-08.49.54:434][414]LogModuleManager: Shutting down and abandoning module LightPropagationVolumeEditor (246)
[2017.06.21-08.49.54:434][414]LogModuleManager: Shutting down and abandoning module PaperTiledImporter (244)
[2017.06.21-08.49.54:434][414]LogModuleManager: Shutting down and abandoning module PaperSpriteSheetImporter (242)
[2017.06.21-08.49.54:434][414]LogModuleManager: Shutting down and abandoning module Paper2DEditor (240)
[2017.06.21-08.49.54:434][414]LogModuleManager: Shutting down and abandoning module MeshPaint (239)
[2017.06.21-08.49.54:434][414]LogModuleManager: Shutting down and abandoning module LevelEditor (237)
[2017.06.21-08.49.54:434][414]LogModuleManager: Shutting down and abandoning module PixelInspectorModule (236)
[2017.06.21-08.49.54:435][414]LogModuleManager: Shutting down and abandoning module MainFrame (234)
[2017.06.21-08.49.54:435][414]LogModuleManager: Shutting down and abandoning module HotReload (233)
[2017.06.21-08.49.54:435][414]LogDirectoryWatcher: A directory notification for 'C:/Users/Marcus/Desktop/GitHub/UE4-Zero/UE4_Zero/Binaries/Win64' was aborted.
[2017.06.21-08.49.54:435][414]LogModuleManager: Shutting down and abandoning module ContentBrowser (229)
[2017.06.21-08.49.54:436][414]LogModuleManager: Shutting down and abandoning module UE4_Zero (226)
[2017.06.21-08.49.54:436][414]LogModuleManager: Shutting down and abandoning module PhysXVehiclesEditor (224)
[2017.06.21-08.49.54:436][414]LogModuleManager: Shutting down and abandoning module PhysXVehicles (222)
[2017.06.21-08.49.54:436][414]LogModuleManager: Shutting down and abandoning module LocationServicesBPLibrary (220)
[2017.06.21-08.49.54:436][414]LogModuleManager: Shutting down and abandoning module UdpMessaging (218)
[2017.06.21-08.49.54:537][414]LogModuleManager: Shutting down and abandoning module TcpMessaging (216)
[2017.06.21-08.49.54:806][414]LogModuleManager: Shutting down and abandoning module GameplayTagsEditor (214)
[2017.06.21-08.49.54:806][414]LogModuleManager: Shutting down and abandoning module FacialAnimationEditor (212)
[2017.06.21-08.49.54:807][414]LogModuleManager: Shutting down and abandoning module FacialAnimation (210)
[2017.06.21-08.49.54:807][414]LogModuleManager: Shutting down and abandoning module LightPropagationVolumeRuntime (208)
[2017.06.21-08.49.54:807][414]LogModuleManager: Shutting down and abandoning module Paper2D (206)
[2017.06.21-08.49.54:807][414]LogModuleManager: Shutting down and abandoning module WindowsMoviePlayer (204)
[2017.06.21-08.49.54:807][414]LogModuleManager: Shutting down and abandoning module WmfMedia (202)
[2017.06.21-08.49.54:807][414]LogModuleManager: Shutting down and abandoning module MfMedia (200)
[2017.06.21-08.49.54:807][414]LogModuleManager: Shutting down and abandoning module MediaAssets (198)
[2017.06.21-08.49.54:807][414]LogModuleManager: Shutting down and abandoning module GameLiveStreaming (196)
[2017.06.21-08.49.54:807][414]LogModuleManager: Shutting down and abandoning module VREditor (194)
[2017.06.21-08.49.54:807][414]LogModuleManager: Shutting down and abandoning module GameplayTasksEditor (192)
[2017.06.21-08.49.54:807][414]LogModuleManager: Shutting down and abandoning module BehaviorTreeEditor (190)
[2017.06.21-08.49.54:807][414]LogModuleManager: Shutting down and abandoning module FunctionalTesting (188)
[2017.06.21-08.49.54:807][414]LogModuleManager: Shutting down and abandoning module CollisionAnalyzer (186)
[2017.06.21-08.49.54:807][414]LogModuleManager: Shutting down and abandoning module UMG (184)
[2017.06.21-08.49.54:807][414]LogModuleManager: Shutting down and abandoning module UMGEditor (183)
[2017.06.21-08.49.54:807][414]LogModuleManager: Shutting down and abandoning module Sequencer (182)
[2017.06.21-08.49.54:807][414]LogModuleManager: Shutting down and abandoning module AssetTools (180)
[2017.06.21-08.49.54:807][414]LogModuleManager: Shutting down and abandoning module MessageLog (179)
[2017.06.21-08.49.54:807][414]LogModuleManager: Shutting down and abandoning module WorkspaceMenuStructure (178)
[2017.06.21-08.49.54:807][414]LogModuleManager: Shutting down and abandoning module SlateReflector (172)
[2017.06.21-08.49.54:807][414]LogModuleManager: Shutting down and abandoning module Slate (170)
[2017.06.21-08.49.54:807][414]LogModuleManager: Shutting down and abandoning module EditorStyle (168)
[2017.06.21-08.49.54:813][414]LogModuleManager: Shutting down and abandoning module SourceCodeAccess (166)
[2017.06.21-08.49.54:813][414]LogModuleManager: Shutting down and abandoning module HeadMountedDisplay (164)
[2017.06.21-08.49.54:813][414]LogModuleManager: Shutting down and abandoning module XAudio2 (162)
[2017.06.21-08.49.54:813][414]LogModuleManager: Shutting down and abandoning module Networking (160)
[2017.06.21-08.49.54:813][414]LogModuleManager: Shutting down and abandoning module Core (156)
[2017.06.21-08.49.54:813][414]LogModuleManager: Shutting down and abandoning module AssetRegistry (154)
[2017.06.21-08.49.55:019][414]LogDirectoryWatcher: A directory notification for '../../../Engine/Content/' was aborted.
[2017.06.21-08.49.55:019][414]LogDirectoryWatcher: A directory notification for '../../../../../../Users/Marcus/Desktop/GitHub/UE4-Zero/UE4_Zero/Content/' was aborted.
[2017.06.21-08.49.55:019][414]LogDirectoryWatcher: A directory notification for '../../../Engine/Plugins/2D/Paper2D/Content/' was aborted.
[2017.06.21-08.49.55:020][414]LogModuleManager: Shutting down and abandoning module DirectoryWatcher (153)
[2017.06.21-08.49.55:020][414]LogModuleManager: Shutting down and abandoning module KismetCompiler (150)
[2017.06.21-08.49.55:020][414]LogModuleManager: Shutting down and abandoning module PhysXFormats (148)
[2017.06.21-08.49.55:020][414]LogModuleManager: Shutting down and abandoning module MeshUtilities (146)
[2017.06.21-08.49.55:020][414]LogModuleManager: Shutting down and abandoning module SimplygonSwarm (145)
[2017.06.21-08.49.55:020][414]LogModuleManager: Shutting down and abandoning module SimplygonMeshReduction (143)
[2017.06.21-08.49.55:020][414]LogModuleManager: Shutting down and abandoning module QuadricMeshReduction (141)
[2017.06.21-08.49.55:020][414]LogModuleManager: Shutting down and abandoning module PropertyEditor (139)
[2017.06.21-08.49.55:020][414]LogModuleManager: Shutting down and abandoning module DerivedDataCache (136)
[2017.06.21-08.49.55:091][414]LogDerivedDataCache: Shutdown
[2017.06.21-08.49.55:091][414]LogModuleManager: Shutting down and abandoning module TargetPlatform (134)
[2017.06.21-08.49.55:091][414]LogModuleManager: Shutting down and abandoning module VulkanShaderFormat (133)
[2017.06.21-08.49.55:091][414]LogModuleManager: Shutting down and abandoning module ShaderFormatOpenGL (131)
[2017.06.21-08.49.55:091][414]LogModuleManager: Shutting down and abandoning module ShaderFormatD3D (129)
[2017.06.21-08.49.55:091][414]LogModuleManager: Shutting down and abandoning module MetalShaderFormat (127)
[2017.06.21-08.49.55:091][414]LogModuleManager: Shutting down and abandoning module TextureFormatUncompressed (125)
[2017.06.21-08.49.55:091][414]LogModuleManager: Shutting down and abandoning module TextureFormatPVR (123)
[2017.06.21-08.49.55:091][414]LogModuleManager: Shutting down and abandoning module TextureFormatDXT (121)
[2017.06.21-08.49.55:091][414]LogModuleManager: Shutting down and abandoning module TextureFormatIntelISPCTexComp (119)
[2017.06.21-08.49.55:092][414]LogModuleManager: Shutting down and abandoning module TextureFormatASTC (117)
[2017.06.21-08.49.55:092][414]LogModuleManager: Shutting down and abandoning module ImageWrapper (116)
[2017.06.21-08.49.55:092][414]LogModuleManager: Shutting down and abandoning module TextureFormatAndroid (113)
[2017.06.21-08.49.55:092][414]LogModuleManager: Shutting down and abandoning module AudioFormatOpus (111)
[2017.06.21-08.49.55:092][414]LogModuleManager: Shutting down and abandoning module AudioFormatOgg (109)
[2017.06.21-08.49.55:092][414]LogModuleManager: Shutting down and abandoning module AudioFormatADPCM (107)
[2017.06.21-08.49.55:092][414]LogModuleManager: Shutting down and abandoning module LinuxTargetPlatform (105)
[2017.06.21-08.49.55:092][414]LogModuleManager: Shutting down and abandoning module LinuxServerTargetPlatform (103)
[2017.06.21-08.49.55:092][414]LogModuleManager: Shutting down and abandoning module LinuxNoEditorTargetPlatform (101)
[2017.06.21-08.49.55:092][414]LogModuleManager: Shutting down and abandoning module LinuxClientTargetPlatform (99)
[2017.06.21-08.49.55:092][414]LogModuleManager: Shutting down and abandoning module TVOSTargetPlatform (97)
[2017.06.21-08.49.55:092][414]LogModuleManager: Shutting down and abandoning module Messaging (95)
[2017.06.21-08.49.55:092][414]LogModuleManager: Shutting down and abandoning module IOSTargetPlatform (93)
[2017.06.21-08.49.55:092][414]LogModuleManager: Shutting down and abandoning module HTML5TargetPlatform (91)
[2017.06.21-08.49.55:092][414]LogModuleManager: Shutting down and abandoning module Android_PVRTCTargetPlatform (89)
[2017.06.21-08.49.55:092][414]LogModuleManager: Shutting down and abandoning module Android_MultiTargetPlatform (87)
[2017.06.21-08.49.55:092][414]LogModuleManager: Shutting down and abandoning module Android_ETC2TargetPlatform (85)
[2017.06.21-08.49.55:092][414]LogModuleManager: Shutting down and abandoning module Android_ETC1TargetPlatform (83)
[2017.06.21-08.49.55:092][414]LogModuleManager: Shutting down and abandoning module Android_DXTTargetPlatform (81)
[2017.06.21-08.49.55:092][414]LogModuleManager: Shutting down and abandoning module Android_ATCTargetPlatform (79)
[2017.06.21-08.49.55:092][414]LogModuleManager: Shutting down and abandoning module Android_ASTCTargetPlatform (77)
[2017.06.21-08.49.55:092][414]LogModuleManager: Shutting down and abandoning module AndroidTargetPlatform (75)
[2017.06.21-08.49.55:092][414]LogModuleManager: Shutting down and abandoning module WindowsTargetPlatform (73)
[2017.06.21-08.49.55:092][414]LogModuleManager: Shutting down and abandoning module WindowsServerTargetPlatform (71)
[2017.06.21-08.49.55:092][414]LogModuleManager: Shutting down and abandoning module WindowsNoEditorTargetPlatform (69)
[2017.06.21-08.49.55:092][414]LogModuleManager: Shutting down and abandoning module WindowsClientTargetPlatform (67)
[2017.06.21-08.49.55:092][414]LogModuleManager: Shutting down and abandoning module MacTargetPlatform (65)
[2017.06.21-08.49.55:092][414]LogModuleManager: Shutting down and abandoning module MacServerTargetPlatform (63)
[2017.06.21-08.49.55:092][414]LogModuleManager: Shutting down and abandoning module MacNoEditorTargetPlatform (61)
[2017.06.21-08.49.55:092][414]LogModuleManager: Shutting down and abandoning module MacClientTargetPlatform (59)
[2017.06.21-08.49.55:092][414]LogModuleManager: Shutting down and abandoning module AllDesktopTargetPlatform (57)
[2017.06.21-08.49.55:092][414]LogModuleManager: Shutting down and abandoning module InputCore (54)
[2017.06.21-08.49.55:092][414]LogModuleManager: Shutting down and abandoning module Settings (52)
[2017.06.21-08.49.55:092][414]LogModuleManager: Shutting down and abandoning module OculusRift (50)
[2017.06.21-08.49.55:092][414]LogModuleManager: Shutting down and abandoning module GearVR (48)
[2017.06.21-08.49.55:092][414]LogModuleManager: Shutting down and abandoning module ExampleDeviceProfileSelector (46)
[2017.06.21-08.49.55:092][414]LogModuleManager: Shutting down and abandoning module OnlineBlueprintSupport (44)
[2017.06.21-08.49.55:092][414]LogModuleManager: Shutting down and abandoning module OnlineSubsystem (40)
[2017.06.21-08.49.55:092][414]LogOnline:Display: Unloading online subsystem: NULL
[2017.06.21-08.49.55:092][414]LogModuleManager: Shutting down and abandoning module XMPP (39)
[2017.06.21-08.49.55:092][414]LogModuleManager: Shutting down and abandoning module HTTP (37)
[2017.06.21-08.49.55:092][414]LogHttp:Display: Http module shutting down, but needs to wait on 1 outstanding Http requests:
[2017.06.21-08.49.55:092][414]LogHttp:Display: 	verb=[POST] url=[https://datarouter.ol.epicgames.com/datarouter/api/v1/public/data?SessionID=%7BA1C4897C-4ECF-4D91-1035-51AF92B8B2C6%7D&AppID=UEEditor.Rocket.Release&AppVersion=4.15.3-3450819%2B%2B%2BUE4%2BRelease-4.15&UserID=97d3f40d403ff4a258d6f980a741b4dc%7C969837ba78db4a5a8b4180254925176e%7C81706c51-5e4d-4c53-8181-bc8c50ced6a7&AppEnvironment=datacollector-binary&UploadType=eteventstream] status=Processing
[2017.06.21-08.49.55:113][414]LogModuleManager: Shutting down and abandoning module SSL (36)
[2017.06.21-08.49.55:114][414]LogModuleManager: Shutting down and abandoning module DesktopPlatform (32)
[2017.06.21-08.49.55:114][414]LogModuleManager: Shutting down and abandoning module AudioEditor (30)
[2017.06.21-08.49.55:114][414]LogModuleManager: Shutting down and abandoning module TextureCompressor (28)
[2017.06.21-08.49.55:114][414]LogModuleManager: Shutting down and abandoning module ShaderCore (26)
[2017.06.21-08.49.55:114][414]LogModuleManager: Shutting down and abandoning module Landscape (24)
[2017.06.21-08.49.55:114][414]LogModuleManager: Shutting down and abandoning module SlateRHIRenderer (22)
[2017.06.21-08.49.55:115][414]LogModuleManager: Shutting down and abandoning module OpenGLDrv (20)
[2017.06.21-08.49.55:115][414]LogModuleManager: Shutting down and abandoning module D3D11RHI (18)
[2017.06.21-08.49.55:115][414]LogModuleManager: Shutting down and abandoning module AnimGraphRuntime (16)
[2017.06.21-08.49.55:115][414]LogModuleManager: Shutting down and abandoning module Renderer (14)
[2017.06.21-08.49.55:115][414]LogModuleManager: Shutting down and abandoning module Engine (12)
[2017.06.21-08.49.55:115][414]LogModuleManager: Shutting down and abandoning module CoreUObject (10)
[2017.06.21-08.49.55:115][414]LogModuleManager: Shutting down and abandoning module NetworkFile (8)
[2017.06.21-08.49.55:115][414]LogModuleManager: Shutting down and abandoning module StreamingFile (6)
[2017.06.21-08.49.55:115][414]LogModuleManager: Shutting down and abandoning module SandboxFile (4)
[2017.06.21-08.49.55:115][414]LogModuleManager: Shutting down and abandoning module PakFile (2)
[2017.06.21-08.49.55:117][414]LogExit: Exiting.
[2017.06.21-08.49.55:118][414]Log file closed, 06/21/17 09:49:55
