Log file open, 06/14/17 13:13:12
LogInit:Display: Running engine for game: UE4_Zero
LogPlatformFile: Not using cached read wrapper
LogInit:Display: RandInit(372910610) SRandInit(372910610).
LogTaskGraph: Started task graph with 5 named threads and 8 total threads with 1 sets of task threads.
LogStats: Stats thread started at 0.093448
LogInit: Using libcurl 7.47.1
LogInit:  - built for x86_64-pc-win32
LogInit:  - supports SSL with OpenSSL/1.0.2g
LogInit:  - supports HTTP deflate (compression) using libz 1.2.8
LogInit:  - other features:
LogInit:      CURL_VERSION_SSL
LogInit:      CURL_VERSION_LIBZ
LogInit:      CURL_VERSION_IPV6
LogInit:      CURL_VERSION_ASYNCHDNS
LogInit:      CURL_VERSION_LARGEFILE
LogInit:      CURL_VERSION_IDN
LogInit:  CurlRequestOptions (configurable via config and command line):
LogInit:  - bVerifyPeer = false  - Libcurl will NOT verify peer certificate
LogInit:  - bUseHttpProxy = false  - Libcurl will NOT use HTTP proxy
LogInit:  - bDontReuseConnections = false  - Libcurl will reuse connections
LogInit:  - CertBundlePath = nullptr  - Libcurl will use whatever was configured at build time.
LogInit: Build: ++UE4+Release-4.15-CL-3416026
LogInit: Engine Version: 4.15.2-3416026+++UE4+Release-4.15
LogInit: Compatible Engine Version: 4.15.0-3299760+++UE4+Release-4.15
LogInit: Net CL: 3299760
LogDevObjectVersion: Number of dev versions registered: 14
LogDevObjectVersion:   Dev-Blueprints (B0D832E4-1F89-4F0D-ACCF-7EB736FD4AA2): 8
LogDevObjectVersion:   Dev-Build (E1C64328-A22C-4D53-A36C-8E866417BD8C): 0
LogDevObjectVersion:   Dev-Core (375EC13C-06E4-48FB-B500-84F0262A717E): 2
LogDevObjectVersion:   Dev-Editor (E4B068ED-F494-42E9-A231-DA0B2E46BB41): 14
LogDevObjectVersion:   Dev-Framework (CFFC743F-43B0-4480-9391-14DF171D2073): 22
LogDevObjectVersion:   Dev-Mobile (B02B49B5-BB20-44E9-A304-32B752E40360): 0
LogDevObjectVersion:   Dev-Networking (A4E4105C-59A1-49B5-A7C5-40C4547EDFEE): 0
LogDevObjectVersion:   Dev-Online (39C831C9-5AE6-47DC-9A44-9C173E1C8E7C): 0
LogDevObjectVersion:   Dev-Physics (78F01B33-EBEA-4F98-B9B4-84EACCB95AA2): 0
LogDevObjectVersion:   Dev-Platform (6631380F-2D4D-43E0-8009-CF276956A95A): 0
LogDevObjectVersion:   Dev-Rendering (12F88B9F-8875-4AFC-A67C-D90C383ABD29): 12
LogDevObjectVersion:   Dev-Sequencer (7B5AE74C-D270-4C10-A958-57980B212A5A): 3
LogDevObjectVersion:   Dev-VR (D7296918-1DD6-4BDD-9DE2-64A83CC13884): 0
LogDevObjectVersion:   Dev-LoadTimes (C2A15278-BFE7-4AFE-6C17-90FF531DF755): 1
LogInit: Compiled (64-bit): May  1 2017 13:11:28
LogInit: Compiled with Visual C++: 19.00.23026.00
LogInit: Build Configuration: Development
LogInit: Branch Name: ++UE4+Release-4.15
LogInit: Command line:  
LogInit: Base directory: C:/Program Files/Epic Games/UE_4.15/Engine/Binaries/Win64/
LogInit: Installed Engine Build: 1
LogInit: Presizing for max 8388607 objects, including 0 objects not considered by GC, pre-allocating 0 bytes for permanent pool.
LogInit: Object subsystem initialized
[2017.06.14-12.13.14:279][  0]LogInit: Selected Device Profile: [Windows]
[2017.06.14-12.13.14:279][  0]LogInit: Applying CVar settings loaded from the selected device profile: [Windows]
[2017.06.14-12.13.14:289][  0]LogInit: Computer: DESKTOP-E3PDIQS
[2017.06.14-12.13.14:289][  0]LogInit: User: Marcus
[2017.06.14-12.13.14:289][  0]LogInit: CPU Page size=65536, Cores=4
[2017.06.14-12.13.14:289][  0]LogInit: High frequency timer resolution =2.929686 MHz
[2017.06.14-12.13.14:289][  0]LogMemory: Memory total: Physical=16.0GB (16GB approx)
[2017.06.14-12.13.14:289][  0]LogMemory: Platform Memory Stats for Windows
[2017.06.14-12.13.14:289][  0]LogMemory: Process Physical Memory: 263.09 MB used, 263.09 MB peak
[2017.06.14-12.13.14:289][  0]LogMemory: Process Virtual Memory: 262.18 MB used, 262.18 MB peak
[2017.06.14-12.13.14:289][  0]LogMemory: Physical Memory: 6553.49 MB used,  9782.94 MB free, 16336.43 MB total
[2017.06.14-12.13.14:289][  0]LogMemory: Virtual Memory: 644.23 MB used,  9782.94 MB free, 134217728.00 MB total
[2017.06.14-12.13.14:563][  0]LogTextLocalizationManager: No specific translations for ('en-GB') exist, so ('en') translations will be used.
[2017.06.14-12.13.15:438][  0]LogD3D11RHI: D3D11 adapters:
[2017.06.14-12.13.16:016][  0]LogD3D11RHI:    0. 'NVIDIA GeForce GTX 1050' (Feature Level 11_0)
[2017.06.14-12.13.16:016][  0]LogD3D11RHI:       2006/0/8168 MB DedicatedVideo/DedicatedSystem/SharedSystem, Outputs:2, VendorId:0x10de
[2017.06.14-12.13.16:018][  0]LogD3D11RHI:    1. 'Microsoft Basic Render Driver' (Feature Level 11_0)
[2017.06.14-12.13.16:018][  0]LogD3D11RHI:       0/0/8168 MB DedicatedVideo/DedicatedSystem/SharedSystem, Outputs:0, VendorId:0x1414
[2017.06.14-12.13.16:018][  0]LogD3D11RHI: Chosen D3D11 Adapter: 0
[2017.06.14-12.13.16:024][  0]LogD3D11RHI: Creating new Direct3DDevice
[2017.06.14-12.13.16:024][  0]LogD3D11RHI:     GPU DeviceId: 0x1c81 (for the marketing name, search the web for "GPU Device Id")
[2017.06.14-12.13.16:024][  0]LogWindows: EnumDisplayDevices:
[2017.06.14-12.13.16:024][  0]LogWindows:    0. 'NVIDIA GeForce GTX 1050' (P:1 D:1)
[2017.06.14-12.13.16:024][  0]LogWindows:    1. 'NVIDIA GeForce GTX 1050' (P:0 D:1)
[2017.06.14-12.13.16:024][  0]LogWindows:    2. 'NVIDIA GeForce GTX 1050' (P:0 D:0)
[2017.06.14-12.13.16:024][  0]LogWindows:    3. 'NVIDIA GeForce GTX 1050' (P:0 D:0)
[2017.06.14-12.13.16:024][  0]LogWindows: DebugString: FoundDriverCount:4 
[2017.06.14-12.13.16:024][  0]LogD3D11RHI:     Adapter Name: NVIDIA GeForce GTX 1050
[2017.06.14-12.13.16:025][  0]LogD3D11RHI:   Driver Version: 382.33 (internal:22.21.13.8233, unified:382.33)
[2017.06.14-12.13.16:025][  0]LogD3D11RHI:      Driver Date: 5-17-2017
[2017.06.14-12.13.16:025][  0]LogRHI: Texture pool is 1361 MB (70% of 1945 MB)
[2017.06.14-12.13.16:559][  0]LogD3D11RHI: [Aftermath] Aftermath enabled and primed
[2017.06.14-12.13.16:559][  0]LogD3D11RHI: Async texture creation enabled
[2017.06.14-12.13.16:590][  0]LogD3D11RHI: GPU Timing Frequency: 1000.000000 (Debug: 2 1)
[2017.06.14-12.13.16:592][  0]LogShaderCompilers: Guid format shader working directory is -17 characters bigger than the processId version (../../../../../../Users/Marcus/Desktop/GitHub/UE4-Zero/UE4_Zero/Intermediate/Shaders/WorkingDirectory/11864/).
[2017.06.14-12.13.16:592][  0]LogShaderCompilers: Cleaned the shader compiler working directory 'C:/Users/Marcus/AppData/Local/Temp/UnrealShaderWorkingDir/2D6504854093F3801D9CA6A8F487550A/'.
[2017.06.14-12.13.16:592][  0]LogShaderCompilers:Display: Using Local Shader Compiler.
[2017.06.14-12.13.17:876][  0]LogTemp:Display: Loaded TP AllDesktopTargetPlatform
[2017.06.14-12.13.18:035][  0]LogTemp:Display: Loaded TP MacClientTargetPlatform
[2017.06.14-12.13.18:198][  0]LogTemp:Display: Loaded TP MacNoEditorTargetPlatform
[2017.06.14-12.13.18:360][  0]LogTemp:Display: Loaded TP MacServerTargetPlatform
[2017.06.14-12.13.18:521][  0]LogTemp:Display: Loaded TP MacTargetPlatform
[2017.06.14-12.13.18:683][  0]LogTemp:Display: Loaded TP WindowsClientTargetPlatform
[2017.06.14-12.13.18:847][  0]LogTemp:Display: Loaded TP WindowsNoEditorTargetPlatform
[2017.06.14-12.13.19:015][  0]LogTemp:Display: Loaded TP WindowsServerTargetPlatform
[2017.06.14-12.13.19:171][  0]LogTemp:Display: Loaded TP WindowsTargetPlatform
[2017.06.14-12.13.19:338][  0]LogTemp:Display: Loaded TP AndroidTargetPlatform
[2017.06.14-12.13.19:498][  0]LogTemp:Display: Loaded TP Android_ASTCTargetPlatform
[2017.06.14-12.13.19:656][  0]LogTemp:Display: Loaded TP Android_ATCTargetPlatform
[2017.06.14-12.13.19:816][  0]LogTemp:Display: Loaded TP Android_DXTTargetPlatform
[2017.06.14-12.13.19:976][  0]LogTemp:Display: Loaded TP Android_ETC1TargetPlatform
[2017.06.14-12.13.20:133][  0]LogTemp:Display: Loaded TP Android_ETC2TargetPlatform
[2017.06.14-12.13.20:448][  0]LogTemp:Display: Loaded TP Android_MultiTargetPlatform
[2017.06.14-12.13.20:448][  0]LogTemp:Display: Loaded TP Android_PVRTCTargetPlatform
[2017.06.14-12.13.20:589][  0]LogTemp:Display: Loaded TP HTML5TargetPlatform
[2017.06.14-12.13.20:853][  0]LogTemp:Display: Loaded TP IOSTargetPlatform
[2017.06.14-12.13.20:951][  0]LogTemp:Display: Loaded TP TVOSTargetPlatform
[2017.06.14-12.13.21:109][  0]LogTemp:Display: Loaded TP LinuxClientTargetPlatform
[2017.06.14-12.13.21:265][  0]LogTemp:Display: Loaded TP LinuxNoEditorTargetPlatform
[2017.06.14-12.13.21:425][  0]LogTemp:Display: Loaded TP LinuxServerTargetPlatform
[2017.06.14-12.13.21:582][  0]LogTemp:Display: Loaded TP LinuxTargetPlatform
[2017.06.14-12.13.21:582][  0]LogTargetPlatformManager:Display: Building Assets For Windows
[2017.06.14-12.13.23:246][  0]LogDerivedDataCache:Display: Max Cache Size: 512 MB
[2017.06.14-12.13.23:292][  0]LogDerivedDataCache: Loaded boot cache 0.05s 50MB C:/Users/Marcus/AppData/Local/UnrealEngine/4.15/DerivedDataCache/Boot.ddc.
[2017.06.14-12.13.23:293][  0]LogDerivedDataCache:Display: Loaded Boot cache: C:/Users/Marcus/AppData/Local/UnrealEngine/4.15/DerivedDataCache/Boot.ddc
[2017.06.14-12.13.23:293][  0]LogDerivedDataCache: FDerivedDataBackendGraph:  Pak pak cache file ../../../../../../Users/Marcus/Desktop/GitHub/UE4-Zero/UE4_Zero/DerivedDataCache/DDC.ddp not found, will not use a pak cache.
[2017.06.14-12.13.23:293][  0]LogDerivedDataCache: Unable to find inner node Pak for hierarchical cache Hierarchy.
[2017.06.14-12.13.23:293][  0]LogDerivedDataCache: FDerivedDataBackendGraph:  CompressedPak pak cache file ../../../../../../Users/Marcus/Desktop/GitHub/UE4-Zero/UE4_Zero/DerivedDataCache/Compressed.ddp not found, will not use a pak cache.
[2017.06.14-12.13.23:293][  0]LogDerivedDataCache: Unable to find inner node CompressedPak for hierarchical cache Hierarchy.
[2017.06.14-12.13.23:308][  0]LogDerivedDataCache:Display: Pak cache opened for reading ../../../Engine/DerivedDataCache/Compressed.ddp.
[2017.06.14-12.13.23:321][  0]LogDerivedDataCache: Using Local data cache path C:/Users/Marcus/AppData/Local/UnrealEngine/Common/DerivedDataCache: Writable
[2017.06.14-12.13.23:330][  0]LogSlate: Using Freetype 2.6.0
[2017.06.14-12.13.23:331][  0]LogSlate: SlateFontCache - WITH_FREETYPE: 1, WITH_HARFBUZZ: 1
[2017.06.14-12.13.23:331][  0]LogSlate: SlateFontCache - WITH_FREETYPE: 1, WITH_HARFBUZZ: 1
[2017.06.14-12.13.23:641][  0]LogInit: Selected Device Profile: [Windows]
[2017.06.14-12.13.23:644][  0]LogContentStreaming: Texture pool size is 0.00 MB
[2017.06.14-12.13.24:179][  0]LogMeshUtilities: Using QuadricMeshReduction for automatic static mesh reduction
[2017.06.14-12.13.24:352][  0]LogSimplygon: Simplygon DLL not present - disabling.
[2017.06.14-12.13.24:528][  0]LogMeshUtilities: Using SimplygonSwarm for distributed automatic mesh merging
[2017.06.14-12.13.24:528][  0]LogMeshUtilities: No automatic skeletal mesh reduction module available
[2017.06.14-12.13.24:528][  0]LogMeshUtilities: No automatic mesh merging module available
[2017.06.14-12.13.25:464][  0]LogNetVersion: GetLocalNetworkVersion: CL: 3299760, ProjectName: ue4_zero, ProjectVersion: , EngineNetworkVersion: 2, GameNetworkVersion: 0, NetworkChecksum: 276590260
[2017.06.14-12.13.25:572][  0]LogAssetRegistry: FAssetRegistry took 0.0216 seconds to start up
[2017.06.14-12.13.25:695][  0]LogPackageLocalizationCache: Processed 3 localized package path(s) for 2 prioritized culture(s) in 0.037906 seconds
[2017.06.14-12.13.25:700][  0]LogUObjectArray: 32493 objects as part of root set at end of initial load.
[2017.06.14-12.13.25:700][  0]LogUObjectAllocator: 7077024 out of 0 bytes used by permanent object pool.
[2017.06.14-12.13.25:700][  0]LogUObjectArray: CloseDisregardForGC: 0/0 objects in disregard for GC pool
[2017.06.14-12.13.25:980][  0]LogInit: WinSock: version 1.1 (2.2), MaxSocks=32767, MaxUdp=65467
[2017.06.14-12.13.30:657][  0]LogTcpMessaging: Initializing TcpMessaging bridge
[2017.06.14-12.13.30:775][  0]LogUdpMessaging: Initializing bridge on interface 0.0.0.0:0 to multicast group 230.0.0.1:6666.
[2017.06.14-12.13.32:355][  0]LogMaterial: Uniform references updated for custom material expression Custom.
[2017.06.14-12.13.33:540][  0]SourceControl: Info Source control is disabled
[2017.06.14-12.13.33:542][  0]SourceControl: Info Source control is disabled
[2017.06.14-12.13.33:710][  0]SourceControl: Info Source control is disabled
[2017.06.14-12.13.33:874][  0]SourceControl: Info Source control is disabled
[2017.06.14-12.13.38:193][  0]LogEngine: Initializing Engine...
[2017.06.14-12.13.38:194][  0]LogHMD: Failed to initialize OpenVR with code 110
[2017.06.14-12.13.38:310][  0]LogStats: UGameplayTagsManager::ConstructGameplayTagTree: Construct from data asset -  0.000 s
[2017.06.14-12.13.38:310][  0]LogStats: UGameplayTagsManager::ConstructGameplayTagTree: GameplayTagTreeChangedEvent.Broadcast -  0.000 s
[2017.06.14-12.13.38:758][  0]LogAIModule: Creating AISystem for world Untitled
[2017.06.14-12.13.38:765][  0]LogInit: XAudio2 using 'Digital Audio (S/PDIF) (High Definition Audio Device)' : 2 channels at 44.1 kHz using 16 bits per sample (channel mask 0x3)
[2017.06.14-12.13.38:785][  0]LogInit: FAudioDevice initialized.
[2017.06.14-12.13.38:809][  0]LogDerivedDataCache: Saved boot cache 0.02s 50MB C:/Users/Marcus/AppData/Local/UnrealEngine/4.15/DerivedDataCache/Boot.ddc.
[2017.06.14-12.13.38:815][  0]LogInit: Texture streaming: Enabled
[2017.06.14-12.13.39:193][  0]LogEngineSessionManager: EngineSessionManager initialized
[2017.06.14-12.13.39:507][  0]LogInit: Transaction tracking system initialized
[2017.06.14-12.13.40:812][  0]BlueprintLog: New page: Editor Load
[2017.06.14-12.13.44:108][  0]LocalizationService: Info Localization service is disabled
[2017.06.14-12.13.46:515][  0]LogConsoleResponse:Display: 
[2017.06.14-12.13.46:723][  0]LogCook:Display: Max memory allowance for cook 16384mb min free memory 0mb
[2017.06.14-12.13.46:723][  0]LogCook:Display: Mobile HDR setting 1
[2017.06.14-12.13.47:231][  0]LogFileCache: Scanning file cache for directory 'C:/Users/Marcus/Desktop/GitHub/UE4-Zero/UE4_Zero/Content/' took 0.02s
[2017.06.14-12.13.50:437][  0]SourceControl: Info Source control is disabled
[2017.06.14-12.13.50:437][  0]Cmd: MAP LOAD FILE="../../../../../../Users/Marcus/Desktop/GitHub/UE4-Zero/UE4_Zero/Content/Maps/Start.umap" TEMPLATE=0 SHOWPROGRESS=1 FEATURELEVEL=3
[2017.06.14-12.13.50:437][  0]LightingResults: New page: Lighting Build
[2017.06.14-12.13.50:586][  0]MapCheck: New page: Map Check
[2017.06.14-12.13.50:586][  0]LightingResults: New page: Lighting Build
[2017.06.14-12.13.50:728][  0]LogBlueprint:Warning: USimpleConstructionScript::FixupRootNodeParentReferences() - Couldn't find native parent component 'Camera' for 'DefaultSceneRoot' in BlueprintGeneratedClass 'My_zeroPawn_BP_C' (it may have been removed)
[2017.06.14-12.13.50:789][  0]LogAIModule: Creating AISystem for world Start
[2017.06.14-12.13.50:809][  0]LogEditorServer: Finished looking for orphan Actors (0.000 secs)
[2017.06.14-12.13.50:810][  0]Cmd: MAP CHECKDEP NOCLEARLOG
[2017.06.14-12.13.50:901][  0]MapCheck: Info Map check complete: 0 Error(s), 0 Warning(s), took 91.463ms to complete.
[2017.06.14-12.13.50:901][  0]LogFileHelpers: Loading map 'Start' took 0.464
[2017.06.14-12.13.50:962][  0]LogWindowsTextInputMethodSystem:Display: IME system now deactivated.
[2017.06.14-12.13.51:135][  0]LogCollectionManager: Loaded 0 collections in 0.001697 seconds
[2017.06.14-12.13.51:324][  0]LogFileCache: Scanning file cache for directory 'C:/Users/Marcus/Desktop/GitHub/UE4-Zero/UE4_Zero/Saved/Collections/' took 0.01s
[2017.06.14-12.13.51:324][  0]LogFileCache: Scanning file cache for directory 'C:/Users/Marcus/Desktop/GitHub/UE4-Zero/UE4_Zero/Content/Developers/Marcus/Collections/' took 0.01s
[2017.06.14-12.13.51:324][  0]LogFileCache: Scanning file cache for directory 'C:/Users/Marcus/Desktop/GitHub/UE4-Zero/UE4_Zero/Content/Collections/' took 0.01s
[2017.06.14-12.13.51:324][  0]LogCollectionManager: Rebuilt the GUID cache for 0 collections in 0.000002 seconds
[2017.06.14-12.13.51:334][  0]LogContentBrowser: Native class hierarchy populated in 0.0102 seconds. Added 2248 classes and 455 folders.
[2017.06.14-12.13.51:567][  0]LogContentBrowser: Native class hierarchy updated for 'WidgetCarousel' in 0.0027 seconds. Added 0 classes and 0 folders.
[2017.06.14-12.13.51:641][  0]LogContentBrowser: Native class hierarchy updated for 'AddContentDialog' in 0.0028 seconds. Added 0 classes and 0 folders.
[2017.06.14-12.13.51:803][  0]LogContentBrowser: Native class hierarchy updated for 'SceneOutliner' in 0.0024 seconds. Added 1 classes and 2 folders.
[2017.06.14-12.13.51:969][  0]LogCrashTracker: Crashtracker disabled due to settings.
[2017.06.14-12.13.51:976][  0]LogUObjectGlobals:Warning: Failed to find object 'Class None.'
[2017.06.14-12.13.52:158][  0]LogContentBrowser: Native class hierarchy updated for 'HierarchicalLODOutliner' in 0.0027 seconds. Added 1 classes and 2 folders.
[2017.06.14-12.13.52:158][  0]LogLoad: (Engine Initialization) Total time: 41.57 seconds
[2017.06.14-12.13.52:158][  0]LogLoad: (Engine Initialization) Total Blueprint compile time: 0.20 seconds
[2017.06.14-12.13.52:158][  0]LogExternalProfiler: Found external profiler: VSPerf
[2017.06.14-12.13.52:158][  0]LogExternalProfiler: Using external profiler: VSPerf
[2017.06.14-12.13.52:169][  0]LogOcInput: OculusInput pre-init called
[2017.06.14-12.13.52:190][  0]LogContentStreaming: Texture pool size now 1000 MB
[2017.06.14-12.13.52:191][  0]LogSlate: Took 0.000304 seconds to synchronously load lazily loaded font '../../../Engine/Content/Slate/Fonts/Roboto-Regular.ttf' (155K)
[2017.06.14-12.13.52:194][  0]LogSlate: Took 0.000289 seconds to synchronously load lazily loaded font '../../../Engine/Content/Slate/Fonts/Roboto-Bold.ttf' (160K)
[2017.06.14-12.13.52:200][  0]LogSlate: Took 0.000370 seconds to synchronously load lazily loaded font '../../../Engine/Content/Editor/Slate/Fonts/FontAwesome.ttf' (139K)
[2017.06.14-12.13.52:313][  0]LogSlate: Took 0.000233 seconds to synchronously load lazily loaded font '../../../Engine/Content/Slate/Fonts/Roboto-Light.ttf' (159K)
[2017.06.14-12.13.52:356][  0]LogRenderer: Reallocating scene render targets to support 1208x576 NumSamples 1 (Frame:2).
[2017.06.14-12.13.52:425][  1]LogAssetRegistry: Asset discovery search completed in 26.8743 seconds
[2017.06.14-12.13.52:425][  1]LogCollectionManager: Rebuilt the object cache for 0 collections in 0.000003 seconds (found 0 objects)
[2017.06.14-12.13.52:425][  1]LogCollectionManager: Fixed up redirectors for 0 collections in 0.000021 seconds (updated 0 objects)
[2017.06.14-12.13.57:988][651]LogEditorViewport: Clicking on Actor (LMB): My_zeroPawn_BP_C (My_zeroPawn_BP)
[2017.06.14-12.14.00:437][909]LogEditorViewport: Clicking on Actor (LMB): BP_Sky_Sphere_C (Sky Sphere)
[2017.06.14-12.14.01:352][  9]LogEditorViewport: Clicking on Actor (LMB): BP_Sky_Sphere_C (Sky Sphere)
[2017.06.14-12.14.02:421][134]LogTemp: Repeting last play command: Selected Viewport
[2017.06.14-12.14.02:432][134]LogPlayLevel: PlayLevel: No blueprints needed recompiling
[2017.06.14-12.14.02:433][134]PIE: New page: PIE session: Start (14 Jun 2017 14:14:02)
[2017.06.14-12.14.02:433][134]LogPlayLevel: Creating play world package: /Game/Maps/UEDPIE_0_Start
[2017.06.14-12.14.02:435][134]LogPlayLevel: PIE: StaticDuplicateObject took: (0.002498s)
[2017.06.14-12.14.02:436][134]LogAIModule: Creating AISystem for world Start
[2017.06.14-12.14.02:436][134]LogPlayLevel: PIE: World Init took: (0.000756s)
[2017.06.14-12.14.02:436][134]LogPlayLevel: PIE: Created PIE world by copying editor world from /Game/Maps/Start.Start to /Game/Maps/UEDPIE_0_Start.Start (0.003456s)
[2017.06.14-12.14.02:448][134]LogInit: XAudio2 using 'Digital Audio (S/PDIF) (High Definition Audio Device)' : 2 channels at 44.1 kHz using 16 bits per sample (channel mask 0x3)
[2017.06.14-12.14.02:455][134]LogInit: FAudioDevice initialized.
[2017.06.14-12.14.02:503][134]LogLoad: Game class is 'My_UE4_ZeroGameModeBase_C'
[2017.06.14-12.14.02:505][134]LogWorld: Bringing World /Game/Maps/UEDPIE_0_Start.Start up for play (max tick rate 0) at 2017.06.14-13.14.02
[2017.06.14-12.14.02:505][134]LogWorld: Bringing up level for play took: 0.001240
[2017.06.14-12.14.02:661][134]LogContentBrowser: Native class hierarchy updated for 'MovieSceneCapture' in 0.0027 seconds. Added 11 classes and 0 folders.
[2017.06.14-12.14.02:662][134]PIE: Info Play in editor start time for /Game/Maps/UEDPIE_0_Start -0.54
[2017.06.14-12.14.08:842][839]LogEditorViewport: Clicking on Actor (LMB): My_zeroPawn_BP_C (My_zeroPawn_BP)
[2017.06.14-12.14.10:612][ 21]LogSlate: Took 0.000258 seconds to synchronously load lazily loaded font '../../../Engine/Content/Editor/Slate/Fonts/Roboto-Italic.ttf' (157K)
[2017.06.14-12.14.21:804][171]LogSlate: Only BGRA pngs, bmps or icos are supported in by External Image Picker
[2017.06.14-12.14.21:917][175]LogTemp:Display: Executing iPhonePackager certificates Engine -bundlename com.YourCompany.UE4Zero

[2017.06.14-12.14.21:917][175]LogTemp:Display: CWD: C:\Program Files\Epic Games\UE_4.15\Engine\Binaries\DotNET\IOS

[2017.06.14-12.14.21:917][175]LogTemp:Display: Initial Dir: C:\Program Files\Epic Games\UE_4.15

[2017.06.14-12.14.21:917][175]LogTemp:Display: Env CWD: C:\Program Files\Epic Games\UE_4.15\Engine\Binaries\DotNET\IOS

[2017.06.14-12.14.21:934][176]LogTemp:Display: BranchPath = DESKTOP-E3PDIQS/C/Program Files/Epic Games/UE_4.15/Engine/Binaries --- GameBranchPath = DESKTOP-E3PDIQS/C/Program Files/Epic Games/UE_4.15/Engine/Binaries

[2017.06.14-12.14.21:972][179]LogTemp:Display: IPP ERROR: Application exception: System.IO.DirectoryNotFoundException: Could not find a part of the path 'C:\Users\Marcus\AppData\Local\Apple Computer\MobileDevice\Provisioning Profiles'.

[2017.06.14-12.14.21:973][179]LogTemp:Display:    at System.IO.__Error.WinIOError(Int32 errorCode, String maybeFullPath)

[2017.06.14-12.14.21:973][179]LogTemp:Display:    at System.IO.FileSystemEnumerableIterator`1.CommonInit()

[2017.06.14-12.14.21:973][179]LogTemp:Display:    at System.IO.Directory.EnumerateFiles(String path, String searchPattern)

[2017.06.14-12.14.21:973][179]LogTemp:Display:    at iPhonePackager.CodeSignatureBuilder.FindProvisions(String CFBundleIdentifier)

[2017.06.14-12.14.21:973][179]LogTemp:Display:    at iPhonePackager.Program.Main(String[] args)

[2017.06.14-12.14.25:102][513]LogSlate: Took 0.000176 seconds to synchronously load lazily loaded font '../../../Engine/Content/Slate/Fonts/Roboto-Light.ttf' (159K)
[2017.06.14-12.14.29:794][ 22]LogTemp: Repeting last play command: Selected Viewport
[2017.06.14-12.14.29:805][ 22]LogPlayLevel: PlayLevel: No blueprints needed recompiling
[2017.06.14-12.14.29:805][ 22]PIE: New page: PIE session: Start (14 Jun 2017 14:14:29)
[2017.06.14-12.14.29:805][ 22]LogPlayLevel: Creating play world package: /Game/Maps/UEDPIE_0_Start
[2017.06.14-12.14.29:807][ 22]LogPlayLevel: PIE: StaticDuplicateObject took: (0.001969s)
[2017.06.14-12.14.29:807][ 22]LogAIModule: Creating AISystem for world Start
[2017.06.14-12.14.29:807][ 22]LogPlayLevel: PIE: World Init took: (0.000611s)
[2017.06.14-12.14.29:808][ 22]LogPlayLevel: PIE: Created PIE world by copying editor world from /Game/Maps/Start.Start to /Game/Maps/UEDPIE_0_Start.Start (0.002789s)
[2017.06.14-12.14.29:850][ 22]LogInit: XAudio2 using 'Digital Audio (S/PDIF) (High Definition Audio Device)' : 2 channels at 44.1 kHz using 16 bits per sample (channel mask 0x3)
[2017.06.14-12.14.29:856][ 22]LogInit: FAudioDevice initialized.
[2017.06.14-12.14.29:890][ 22]LogLoad: Game class is 'My_UE4_ZeroGameModeBase_C'
[2017.06.14-12.14.29:892][ 22]LogWorld: Bringing World /Game/Maps/UEDPIE_0_Start.Start up for play (max tick rate 0) at 2017.06.14-13.14.29
[2017.06.14-12.14.29:892][ 22]LogWorld: Bringing up level for play took: 0.001073
[2017.06.14-12.14.29:893][ 22]PIE: Info Play in editor start time for /Game/Maps/UEDPIE_0_Start 0.691
[2017.06.14-12.14.41:061][309]LogEditorActor: Deleted Actor: My_zeroPawn_BP_C
[2017.06.14-12.14.41:071][309]LogEditorActor: Deleted 1 Actors (0.012 secs)
[2017.06.14-12.14.43:501][600]LogTemp: Repeting last play command: Selected Viewport
[2017.06.14-12.14.43:512][600]LogPlayLevel: PlayLevel: No blueprints needed recompiling
[2017.06.14-12.14.43:512][600]PIE: New page: PIE session: Start (14 Jun 2017 14:14:43)
[2017.06.14-12.14.43:512][600]LogPlayLevel: Creating play world package: /Game/Maps/UEDPIE_0_Start
[2017.06.14-12.14.43:514][600]LogPlayLevel: PIE: StaticDuplicateObject took: (0.001772s)
[2017.06.14-12.14.43:514][600]LogAIModule: Creating AISystem for world Start
[2017.06.14-12.14.43:514][600]LogPlayLevel: PIE: World Init took: (0.000662s)
[2017.06.14-12.14.43:515][600]LogPlayLevel: PIE: Created PIE world by copying editor world from /Game/Maps/Start.Start to /Game/Maps/UEDPIE_0_Start.Start (0.002625s)
[2017.06.14-12.14.43:524][600]LogInit: XAudio2 using 'Digital Audio (S/PDIF) (High Definition Audio Device)' : 2 channels at 44.1 kHz using 16 bits per sample (channel mask 0x3)
[2017.06.14-12.14.43:531][600]LogInit: FAudioDevice initialized.
[2017.06.14-12.14.43:563][600]LogLoad: Game class is 'My_UE4_ZeroGameModeBase_C'
[2017.06.14-12.14.43:564][600]LogWorld: Bringing World /Game/Maps/UEDPIE_0_Start.Start up for play (max tick rate 0) at 2017.06.14-13.14.43
[2017.06.14-12.14.43:564][600]LogWorld: Bringing up level for play took: 0.000919
[2017.06.14-12.14.43:565][600]PIE: Info Play in editor start time for /Game/Maps/UEDPIE_0_Start 0.364
[2017.06.14-12.14.56:551][ 24]LogContentBrowser: Native class hierarchy updated for 'BlueprintGraph' in 0.0031 seconds. Added 112 classes and 0 folders.
[2017.06.14-12.14.57:132][ 24]LogSlate: Took 0.000243 seconds to synchronously load lazily loaded font '../../../Engine/Content/Slate/Fonts/Roboto-Regular.ttf' (155K)
[2017.06.14-12.14.57:204][ 24]LogSlate: Took 0.000283 seconds to synchronously load lazily loaded font '../../../Engine/Content/Editor/Slate/Fonts/Roboto-BoldCondensed.ttf' (158K)
[2017.06.14-12.15.00:209][263]LogRenderer: Reallocating scene render targets to support 1208x900 NumSamples 1 (Frame:7399).
[2017.06.14-12.15.15:314][852]Cmd: OBJ SAVEPACKAGE PACKAGE="/Game/Blueprints/My_zeroPawn_BP" FILE="../../../../../../Users/Marcus/Desktop/GitHub/UE4-Zero/UE4_Zero/Content/Blueprints/My_zeroPawn_BP.uasset" SILENT=true
[2017.06.14-12.15.15:345][852]LogSavePackage: Save=10.17ms
[2017.06.14-12.15.15:345][852]LogSavePackage: Moving '../../../../../../Users/Marcus/Desktop/GitHub/UE4-Zero/UE4_Zero/Saved/My_zeroPawn_BP82DCBD8445A83BE545B9B3B5A037D46B.tmp' to '../../../../../../Users/Marcus/Desktop/GitHub/UE4-Zero/UE4_Zero/Content/Blueprints/My_zeroPawn_BP.uasset'
[2017.06.14-12.15.15:367][852]LogSavePackage:Display: Finished SavePackage ../../../../../../Users/Marcus/Desktop/GitHub/UE4-Zero/UE4_Zero/Content/Blueprints/My_zeroPawn_BP.uasset
[2017.06.14-12.15.18:807][227]LogTemp: Repeting last play command: Selected Viewport
[2017.06.14-12.15.18:822][227]BlueprintLog: New page: Pre-Play auto-recompile
[2017.06.14-12.15.18:822][227]LogPlayLevel: [PlayLevel] Compiling My_zeroPawn_BP before play...
[2017.06.14-12.15.18:901][227]LogPlayLevel: PlayLevel: Blueprint regeneration took 78 ms (1 blueprints)
[2017.06.14-12.15.18:901][227]PIE: New page: PIE session: Start (14 Jun 2017 14:15:18)
[2017.06.14-12.15.18:901][227]LogPlayLevel: Creating play world package: /Game/Maps/UEDPIE_0_Start
[2017.06.14-12.15.18:903][227]LogPlayLevel: PIE: StaticDuplicateObject took: (0.001791s)
[2017.06.14-12.15.18:904][227]LogAIModule: Creating AISystem for world Start
[2017.06.14-12.15.18:904][227]LogPlayLevel: PIE: World Init took: (0.000701s)
[2017.06.14-12.15.18:904][227]LogPlayLevel: PIE: Created PIE world by copying editor world from /Game/Maps/Start.Start to /Game/Maps/UEDPIE_0_Start.Start (0.002693s)
[2017.06.14-12.15.18:918][227]LogInit: XAudio2 using 'Digital Audio (S/PDIF) (High Definition Audio Device)' : 2 channels at 44.1 kHz using 16 bits per sample (channel mask 0x3)
[2017.06.14-12.15.18:925][227]LogInit: FAudioDevice initialized.
[2017.06.14-12.15.18:954][227]LogLoad: Game class is 'My_UE4_ZeroGameModeBase_C'
[2017.06.14-12.15.18:956][227]LogWorld: Bringing World /Game/Maps/UEDPIE_0_Start.Start up for play (max tick rate 0) at 2017.06.14-13.15.18
[2017.06.14-12.15.18:956][227]LogWorld: Bringing up level for play took: 0.000859
[2017.06.14-12.15.18:957][227]PIE: Info Play in editor start time for /Game/Maps/UEDPIE_0_Start -0.245
[2017.06.14-12.16.38:688][712]LogEditorViewport: Clicking on Actor (LMB): StaticMeshActor (Cube)
[2017.06.14-12.16.47:253][608]MapCheck: New page: Map Check
[2017.06.14-12.16.47:303][608]Cmd: MAP REBUILD ALLVISIBLE
[2017.06.14-12.16.47:303][608]LogEditorServer: Rebuildmap Clear paths rebuilt
[2017.06.14-12.16.47:581][608]LogMaterial: Missing cached shader map for material FDebugViewModeMaterialProxy WorldGridMaterial, compiling. Is special engine material.
[2017.06.14-12.16.47:597][608]LogTemp:Display: Added material ShaderMap 0x00000206041DB900 with Material 0x00000206381FA500 to ShaderMapsBeingCompiled
[2017.06.14-12.16.47:601][608]LogTemp:Display: Kicking off shader compilation for FDebugViewModeMaterialProxy WorldGridMaterial, GameThreadShaderMap 0x00000206041DB900
[2017.06.14-12.16.47:604][608]LogMaterial: Missing cached shader map for material FDebugViewModeMaterialProxy DefaultMaterial, compiling. 
[2017.06.14-12.16.47:605][608]LogTemp:Display: Added material ShaderMap 0x00000206041DB200 with Material 0x0000020656320400 to ShaderMapsBeingCompiled
[2017.06.14-12.16.47:607][608]LogTemp:Display: Kicking off shader compilation for FDebugViewModeMaterialProxy DefaultMaterial, GameThreadShaderMap 0x00000206041DB200
[2017.06.14-12.16.47:609][608]LogMaterial: Missing cached shader map for material FDebugViewModeMaterialProxy MaterialInstanceDynamic_1, compiling. 
[2017.06.14-12.16.47:610][608]LogTemp:Display: Added material ShaderMap 0x00000206041DA400 with Material 0x0000020656323400 to ShaderMapsBeingCompiled
[2017.06.14-12.16.47:612][608]LogTemp:Display: Kicking off shader compilation for FDebugViewModeMaterialProxy MaterialInstanceDynamic_1, GameThreadShaderMap 0x00000206041DA400
[2017.06.14-12.16.47:615][608]LogMaterial: Missing cached shader map for material FDebugViewModeMaterialProxy BasicShapeMaterial, compiling. 
[2017.06.14-12.16.47:616][608]LogTemp:Display: Added material ShaderMap 0x00000206041D9980 with Material 0x0000020655FE5900 to ShaderMapsBeingCompiled
[2017.06.14-12.16.47:618][608]LogTemp:Display: Kicking off shader compilation for FDebugViewModeMaterialProxy BasicShapeMaterial, GameThreadShaderMap 0x00000206041D9980
[2017.06.14-12.16.47:620][608]LogMaterial: Missing cached shader map for material FDebugViewModeMaterialProxy MatineeCam_mat, compiling. 
[2017.06.14-12.16.47:621][608]LogTemp:Display: Added material ShaderMap 0x00000206041D8B80 with Material 0x0000020666EABA00 to ShaderMapsBeingCompiled
[2017.06.14-12.16.47:623][608]LogTemp:Display: Kicking off shader compilation for FDebugViewModeMaterialProxy MatineeCam_mat, GameThreadShaderMap 0x00000206041D8B80
[2017.06.14-12.16.48:663][608]LogTemp:Display: Finished compile of shader map 0x00000206041DB200
[2017.06.14-12.16.48:663][608]LogTemp:Display: Shader map FDebugViewModeMaterialProxy DefaultMaterial complete, GameThreadShaderMap 0x00000206041DB200, marking material FDebugViewModeMaterialProxy DefaultMaterial as finished
[2017.06.14-12.16.48:663][608]LogTemp:Display: Marking material as finished 0x0000020656320400
[2017.06.14-12.16.48:731][608]LogTemp:Display: Finished compile of shader map 0x00000206041DA400
[2017.06.14-12.16.48:731][608]LogTemp:Display: Shader map FDebugViewModeMaterialProxy MaterialInstanceDynamic_1 complete, GameThreadShaderMap 0x00000206041DA400, marking material FDebugViewModeMaterialProxy MaterialInstanceDynamic_1 as finished
[2017.06.14-12.16.48:732][608]LogTemp:Display: Marking material as finished 0x0000020656323400
[2017.06.14-12.16.48:850][608]LogTemp:Display: Finished compile of shader map 0x00000206041D9980
[2017.06.14-12.16.48:850][608]LogTemp:Display: Shader map FDebugViewModeMaterialProxy BasicShapeMaterial complete, GameThreadShaderMap 0x00000206041D9980, marking material FDebugViewModeMaterialProxy BasicShapeMaterial as finished
[2017.06.14-12.16.48:850][608]LogTemp:Display: Marking material as finished 0x0000020655FE5900
[2017.06.14-12.16.49:223][608]LogTemp:Display: Finished compile of shader map 0x00000206041DB900
[2017.06.14-12.16.49:223][608]LogTemp:Display: Shader map FDebugViewModeMaterialProxy WorldGridMaterial complete, GameThreadShaderMap 0x00000206041DB900, marking material FDebugViewModeMaterialProxy WorldGridMaterial as finished
[2017.06.14-12.16.49:223][608]LogTemp:Display: Marking material as finished 0x00000206381FA500
[2017.06.14-12.16.49:378][608]LogTemp:Display: Finished compile of shader map 0x00000206041D8B80
[2017.06.14-12.16.49:378][608]LogTemp:Display: Shader map FDebugViewModeMaterialProxy MatineeCam_mat complete, GameThreadShaderMap 0x00000206041D8B80, marking material FDebugViewModeMaterialProxy MatineeCam_mat as finished
[2017.06.14-12.16.49:378][608]LogTemp:Display: Marking material as finished 0x0000020666EABA00
[2017.06.14-12.16.49:380][608]TextureStreamingBuild:Display: Compiling optional shaders took 1.831 seconds.
[2017.06.14-12.16.49:405][608]LogLevel:Display: Export Material TexCoord Scales took 0.025 seconds.
[2017.06.14-12.16.49:414][608]TextureStreamingBuild:Display: Build Texture Streaming took 0.008 seconds.
[2017.06.14-12.16.49:448][608]LogEditorBuildUtils: Build time 0:02
[2017.06.14-12.16.58:048][487]MapCheck: New page: Map Check
[2017.06.14-12.16.58:062][487]Cmd: MAP REBUILD ALLVISIBLE
[2017.06.14-12.16.58:062][487]LogEditorServer: Rebuildmap Clear paths rebuilt
[2017.06.14-12.16.58:154][487]LogMaterial: Missing cached shader map for material FDebugViewModeMaterialProxy WorldGridMaterial, compiling. Is special engine material.
[2017.06.14-12.16.58:155][487]LogTemp:Display: Added material ShaderMap 0x0000020604853C80 with Material 0x00000206561DD900 to ShaderMapsBeingCompiled
[2017.06.14-12.16.58:157][487]LogTemp:Display: Kicking off shader compilation for FDebugViewModeMaterialProxy WorldGridMaterial, GameThreadShaderMap 0x0000020604853C80
[2017.06.14-12.16.58:160][487]LogMaterial: Missing cached shader map for material FDebugViewModeMaterialProxy DefaultMaterial, compiling. 
[2017.06.14-12.16.58:161][487]LogTemp:Display: Added material ShaderMap 0x0000020604853580 with Material 0x00000206381F9300 to ShaderMapsBeingCompiled
[2017.06.14-12.16.58:163][487]LogTemp:Display: Kicking off shader compilation for FDebugViewModeMaterialProxy DefaultMaterial, GameThreadShaderMap 0x0000020604853580
[2017.06.14-12.16.58:165][487]LogMaterial: Missing cached shader map for material FDebugViewModeMaterialProxy MaterialInstanceDynamic_2, compiling. 
[2017.06.14-12.16.58:166][487]LogTemp:Display: Added material ShaderMap 0x0000020604852B00 with Material 0x0000020603237700 to ShaderMapsBeingCompiled
[2017.06.14-12.16.58:168][487]LogTemp:Display: Kicking off shader compilation for FDebugViewModeMaterialProxy MaterialInstanceDynamic_2, GameThreadShaderMap 0x0000020604852B00
[2017.06.14-12.16.58:171][487]LogMaterial: Missing cached shader map for material FDebugViewModeMaterialProxy BasicShapeMaterial, compiling. 
[2017.06.14-12.16.58:172][487]LogTemp:Display: Added material ShaderMap 0x0000020604852080 with Material 0x0000020603237400 to ShaderMapsBeingCompiled
[2017.06.14-12.16.58:174][487]LogTemp:Display: Kicking off shader compilation for FDebugViewModeMaterialProxy BasicShapeMaterial, GameThreadShaderMap 0x0000020604852080
[2017.06.14-12.16.58:176][487]LogMaterial: Missing cached shader map for material FDebugViewModeMaterialProxy MatineeCam_mat, compiling. 
[2017.06.14-12.16.58:178][487]LogTemp:Display: Added material ShaderMap 0x0000020604851280 with Material 0x0000020603235900 to ShaderMapsBeingCompiled
[2017.06.14-12.16.58:180][487]LogTemp:Display: Kicking off shader compilation for FDebugViewModeMaterialProxy MatineeCam_mat, GameThreadShaderMap 0x0000020604851280
[2017.06.14-12.16.58:445][487]LogTemp:Display: Finished compile of shader map 0x0000020604853C80
[2017.06.14-12.16.58:445][487]LogTemp:Display: Shader map FDebugViewModeMaterialProxy WorldGridMaterial complete, GameThreadShaderMap 0x0000020604853C80, marking material FDebugViewModeMaterialProxy WorldGridMaterial as finished
[2017.06.14-12.16.58:445][487]LogTemp:Display: Marking material as finished 0x00000206561DD900
[2017.06.14-12.16.58:468][487]LogTemp:Display: Finished compile of shader map 0x0000020604853580
[2017.06.14-12.16.58:468][487]LogTemp:Display: Shader map FDebugViewModeMaterialProxy DefaultMaterial complete, GameThreadShaderMap 0x0000020604853580, marking material FDebugViewModeMaterialProxy DefaultMaterial as finished
[2017.06.14-12.16.58:468][487]LogTemp:Display: Marking material as finished 0x00000206381F9300
[2017.06.14-12.16.58:491][487]LogTemp:Display: Finished compile of shader map 0x0000020604852B00
[2017.06.14-12.16.58:491][487]LogTemp:Display: Shader map FDebugViewModeMaterialProxy MaterialInstanceDynamic_2 complete, GameThreadShaderMap 0x0000020604852B00, marking material FDebugViewModeMaterialProxy MaterialInstanceDynamic_2 as finished
[2017.06.14-12.16.58:491][487]LogTemp:Display: Marking material as finished 0x0000020603237700
[2017.06.14-12.16.58:576][487]LogTemp:Display: Finished compile of shader map 0x0000020604852080
[2017.06.14-12.16.58:576][487]LogTemp:Display: Shader map FDebugViewModeMaterialProxy BasicShapeMaterial complete, GameThreadShaderMap 0x0000020604852080, marking material FDebugViewModeMaterialProxy BasicShapeMaterial as finished
[2017.06.14-12.16.58:576][487]LogTemp:Display: Marking material as finished 0x0000020603237400
[2017.06.14-12.16.58:621][487]LogTemp:Display: Finished compile of shader map 0x0000020604851280
[2017.06.14-12.16.58:621][487]LogTemp:Display: Shader map FDebugViewModeMaterialProxy MatineeCam_mat complete, GameThreadShaderMap 0x0000020604851280, marking material FDebugViewModeMaterialProxy MatineeCam_mat as finished
[2017.06.14-12.16.58:621][487]LogTemp:Display: Marking material as finished 0x0000020603235900
[2017.06.14-12.16.58:623][487]TextureStreamingBuild:Display: Compiling optional shaders took 0.472 seconds.
[2017.06.14-12.16.58:626][487]LogLevel:Display: Export Material TexCoord Scales took 0.003 seconds.
[2017.06.14-12.16.58:630][487]TextureStreamingBuild:Display: Build Texture Streaming took 0.003 seconds.
[2017.06.14-12.16.58:704][487]LightingResults: New page: Lighting Build - 14 Jun 2017 14:16:58
[2017.06.14-12.16.58:806][487]LogSwarmInterface: [OpenConnection] Registering TCP channel ...
[2017.06.14-12.16.59:024][487]LogSwarmInterface: [OpenConnection] Connecting to agent ...
[2017.06.14-12.16.59:035][487]LogSwarmInterface: [TryOpenConnection] Testing the Agent
[2017.06.14-12.17.01:190][487]LogSwarmInterface: [TryOpenConnection] Opening Connection to Agent
[2017.06.14-12.17.01:190][487]LogSwarmInterface: [TryOpenConnection] Local Process ID is 11864
[2017.06.14-12.17.06:671][487]LogStaticLightingSystem:Warning: No importance volume found, so the scene bounding box was used.  You can optimize your scene's quality and lighting build times by adding importance volumes.
[2017.06.14-12.17.06:710][487]LogStaticLightingSystem: Running Lightmass w/ ImmediateImport mode ENABLED
[2017.06.14-12.17.06:710][487]LogStaticLightingSystem: Running Lightmass w/ ImmediateProcess mode ENABLED
[2017.06.14-12.17.06:710][487]LogStaticLightingSystem: Running Lightmass w/ Sorting mode ENABLED
[2017.06.14-12.17.06:710][487]LogStaticLightingSystem: Running Lightmass w/ Mapping paddings ENABLED
[2017.06.14-12.17.06:710][487]LogStaticLightingSystem: Running Lightmass w/ Mapping debug paddings DISABLED
[2017.06.14-12.17.07:085][487]Cmd: MAP CHECK DONTDISPLAYDIALOG
[2017.06.14-12.17.07:086][487]MapCheck: New page: Start - 14 Jun 2017 14:17:07
[2017.06.14-12.17.07:086][487]MapCheck:Error: Error WorldSettings_1 Maps need lighting rebuilt 
[2017.06.14-12.17.07:187][487]MapCheck: Info Map check complete: 1 Error(s), 0 Warning(s), took 102.139ms to complete.
[2017.06.14-12.17.07:210][487]LogEditorBuildUtils: Build time 0:09
[2017.06.14-12.17.11:163][669]Job is a success!
[2017.06.14-12.17.11:392][670]LogTexture:Display: Building textures: HQ_Lightmap1_1 (AutoDXT, 256X256) - 82 MB total VRAM
[2017.06.14-12.17.11:392][670]LogTexture:Display: Building textures: LQ_Lightmap_1_1 (DXT1, 256X256) - 82 MB total VRAM
[2017.06.14-12.17.11:392][670]LogTexture:Display: Building textures: HQ_Lightmap1_2 (AutoDXT, 64X64) - 82 MB total VRAM
[2017.06.14-12.17.11:392][670]LogTexture:Display: Building textures: LQ_Lightmap_1_2 (DXT1, 64X64) - 82 MB total VRAM
[2017.06.14-12.17.11:392][670]LogTexture:Display: Building textures: ShadowMapTexture2D_3 (G8, 32X32) - 82 MB total VRAM
[2017.06.14-12.17.11:392][670]LogTexture:Display: Building textures: ShadowMapTexture2D_2 (G8, 256X128) - 82 MB total VRAM
[2017.06.14-12.17.11:467][670]Lightmass on DESKTOP-E3PDIQS: 1.53 sec total, 411 ms importing, 55 ms setup, 173 ms photons, 768 ms processing, 0 ms extra exporting [3/3 mappings]. Threads: 2.98 sec total, 1.14 sec processing.
[2017.06.14-12.17.11:493][670]LogStaticLightingSystem: Illumination: 12.7 sec (63 ms encoding lightmaps, 34 ms encoding shadowmaps)
[2017.06.14-12.17.11:493][670]LogStaticLightingSystem: Lightmap texture memory:  0.1 MB (0.1 MB streaming, 0.0 MB non-streaming), 4 textures
[2017.06.14-12.17.11:493][670]LogStaticLightingSystem: Shadowmap texture memory: 0.0 MB (0.0 MB streaming, 0.0 MB non-streaming), 2 textures
[2017.06.14-12.17.11:664][670]DumpUnbuiltLightIteractions
[2017.06.14-12.17.11:664][670]Lights with unbuilt interactions: 0
[2017.06.14-12.17.11:664][670]
[2017.06.14-12.17.11:664][670]Primitives with unbuilt interactions: 0
[2017.06.14-12.17.11:673][671]Cmd: MAP CHECK NOTIFYRESULTS
[2017.06.14-12.17.11:673][671]MapCheck: New page: Start - 14 Jun 2017 14:17:11
[2017.06.14-12.17.11:777][671]MapCheck: Info Map check complete: 0 Error(s), 0 Warning(s), took 103.737ms to complete.
[2017.06.14-12.17.13:558][855]LogTemp: Repeting last play command: Selected Viewport
[2017.06.14-12.17.13:571][855]LogPlayLevel: PlayLevel: No blueprints needed recompiling
[2017.06.14-12.17.13:571][855]PIE: New page: PIE session: Start (14 Jun 2017 14:17:13)
[2017.06.14-12.17.13:571][855]LogPlayLevel: Creating play world package: /Game/Maps/UEDPIE_0_Start
[2017.06.14-12.17.13:573][855]LogPlayLevel: PIE: StaticDuplicateObject took: (0.002091s)
[2017.06.14-12.17.13:573][855]LogAIModule: Creating AISystem for world Start
[2017.06.14-12.17.13:574][855]LogPlayLevel: PIE: World Init took: (0.000752s)
[2017.06.14-12.17.13:574][855]LogPlayLevel: PIE: Created PIE world by copying editor world from /Game/Maps/Start.Start to /Game/Maps/UEDPIE_0_Start.Start (0.003048s)
[2017.06.14-12.17.13:588][855]LogInit: XAudio2 using 'Digital Audio (S/PDIF) (High Definition Audio Device)' : 2 channels at 44.1 kHz using 16 bits per sample (channel mask 0x3)
[2017.06.14-12.17.13:596][855]LogInit: FAudioDevice initialized.
[2017.06.14-12.17.13:627][855]LogLoad: Game class is 'My_UE4_ZeroGameModeBase_C'
[2017.06.14-12.17.13:629][855]LogWorld: Bringing World /Game/Maps/UEDPIE_0_Start.Start up for play (max tick rate 0) at 2017.06.14-13.17.13
[2017.06.14-12.17.13:629][855]LogWorld: Bringing up level for play took: 0.000993
[2017.06.14-12.17.13:630][855]PIE: Info Play in editor start time for /Game/Maps/UEDPIE_0_Start 0.429
[2017.06.14-12.17.21:468][771]LogEditorViewport: Clicking on Actor (LMB): BP_Sky_Sphere_C (Sky Sphere)
[2017.06.14-12.17.22:020][832]LogEditorViewport: Clicking on Actor (LMB): BP_Sky_Sphere_C (Sky Sphere)
[2017.06.14-12.17.22:535][892]LogEditorViewport: Clicking on Actor (LMB): PlayerStart (Player Start)
[2017.06.14-12.17.24:016][ 65]LogEditorViewport: Clicking on Actor (LMB): StaticMeshActor (Cube)
[2017.06.14-12.17.41:167][956]Recompiling UE4_Zero...
[2017.06.14-12.17.41:168][956]Launching UnrealBuildTool... [C:/Program Files/Epic Games/UE_4.15/Engine/Binaries/DotNET/UnrealBuildTool.exe UE4_Zero -ModuleWithSuffix UE4_Zero 4505 Win64 Development -editorrecompile -canskiplink "C:/Users/Marcus/Desktop/GitHub/UE4-Zero/UE4_Zero/UE4_Zero.uproject" ]
[2017.06.14-12.17.41:174][956]Warning: Starting HotReload took  0.1s.
[2017.06.14-12.17.42:401][ 90]MapCheck: New page: Map Check
[2017.06.14-12.17.42:415][ 90]Cmd: MAP REBUILD ALLVISIBLE
[2017.06.14-12.17.42:415][ 90]LogEditorServer: Rebuildmap Clear paths rebuilt
[2017.06.14-12.17.42:545][ 90]LogMaterial: Missing cached shader map for material FDebugViewModeMaterialProxy WorldGridMaterial, compiling. Is special engine material.
[2017.06.14-12.17.42:546][ 90]LogTemp:Display: Added material ShaderMap 0x0000020603DD5600 with Material 0x00000206046BC100 to ShaderMapsBeingCompiled
[2017.06.14-12.17.42:549][ 90]LogTemp:Display: Kicking off shader compilation for FDebugViewModeMaterialProxy WorldGridMaterial, GameThreadShaderMap 0x0000020603DD5600
[2017.06.14-12.17.42:551][ 90]LogMaterial: Missing cached shader map for material FDebugViewModeMaterialProxy DefaultMaterial, compiling. 
[2017.06.14-12.17.42:553][ 90]LogTemp:Display: Added material ShaderMap 0x0000020603DD4F00 with Material 0x00000206561DCD00 to ShaderMapsBeingCompiled
[2017.06.14-12.17.42:554][ 90]LogTemp:Display: Kicking off shader compilation for FDebugViewModeMaterialProxy DefaultMaterial, GameThreadShaderMap 0x0000020603DD4F00
[2017.06.14-12.17.42:557][ 90]LogMaterial: Missing cached shader map for material FDebugViewModeMaterialProxy MaterialInstanceDynamic_3, compiling. 
[2017.06.14-12.17.42:558][ 90]LogTemp:Display: Added material ShaderMap 0x0000020603DD4480 with Material 0x000002066044D900 to ShaderMapsBeingCompiled
[2017.06.14-12.17.42:560][ 90]LogTemp:Display: Kicking off shader compilation for FDebugViewModeMaterialProxy MaterialInstanceDynamic_3, GameThreadShaderMap 0x0000020603DD4480
[2017.06.14-12.17.42:562][ 90]LogMaterial: Missing cached shader map for material FDebugViewModeMaterialProxy BasicShapeMaterial, compiling. 
[2017.06.14-12.17.42:563][ 90]LogTemp:Display: Added material ShaderMap 0x0000020603DAF900 with Material 0x0000020603334100 to ShaderMapsBeingCompiled
[2017.06.14-12.17.42:565][ 90]LogTemp:Display: Kicking off shader compilation for FDebugViewModeMaterialProxy BasicShapeMaterial, GameThreadShaderMap 0x0000020603DAF900
[2017.06.14-12.17.42:568][ 90]LogMaterial: Missing cached shader map for material FDebugViewModeMaterialProxy MatineeCam_mat, compiling. 
[2017.06.14-12.17.42:569][ 90]LogTemp:Display: Added material ShaderMap 0x0000020603DAEB00 with Material 0x0000020603336500 to ShaderMapsBeingCompiled
[2017.06.14-12.17.42:571][ 90]LogTemp:Display: Kicking off shader compilation for FDebugViewModeMaterialProxy MatineeCam_mat, GameThreadShaderMap 0x0000020603DAEB00
[2017.06.14-12.17.43:764][ 90]LogTemp:Display: Finished compile of shader map 0x0000020603DD5600
[2017.06.14-12.17.43:765][ 90]LogTemp:Display: Shader map FDebugViewModeMaterialProxy WorldGridMaterial complete, GameThreadShaderMap 0x0000020603DD5600, marking material FDebugViewModeMaterialProxy WorldGridMaterial as finished
[2017.06.14-12.17.43:765][ 90]LogTemp:Display: Marking material as finished 0x00000206046BC100
[2017.06.14-12.17.43:778][ 90]LogTemp:Display: Finished compile of shader map 0x0000020603DD4480
[2017.06.14-12.17.43:779][ 90]LogTemp:Display: Shader map FDebugViewModeMaterialProxy MaterialInstanceDynamic_3 complete, GameThreadShaderMap 0x0000020603DD4480, marking material FDebugViewModeMaterialProxy MaterialInstanceDynamic_3 as finished
[2017.06.14-12.17.43:779][ 90]LogTemp:Display: Marking material as finished 0x000002066044D900
[2017.06.14-12.17.44:045][ 90]LogTemp:Display: Finished compile of shader map 0x0000020603DAF900
[2017.06.14-12.17.44:045][ 90]LogTemp:Display: Shader map FDebugViewModeMaterialProxy BasicShapeMaterial complete, GameThreadShaderMap 0x0000020603DAF900, marking material FDebugViewModeMaterialProxy BasicShapeMaterial as finished
[2017.06.14-12.17.44:045][ 90]LogTemp:Display: Marking material as finished 0x0000020603334100
[2017.06.14-12.17.44:047][ 90]LogTemp:Display: Finished compile of shader map 0x0000020603DD4F00
[2017.06.14-12.17.44:047][ 90]LogTemp:Display: Shader map FDebugViewModeMaterialProxy DefaultMaterial complete, GameThreadShaderMap 0x0000020603DD4F00, marking material FDebugViewModeMaterialProxy DefaultMaterial as finished
[2017.06.14-12.17.44:047][ 90]LogTemp:Display: Marking material as finished 0x00000206561DCD00
[2017.06.14-12.17.44:094][ 90]LogTemp:Display: Finished compile of shader map 0x0000020603DAEB00
[2017.06.14-12.17.44:094][ 90]LogTemp:Display: Shader map FDebugViewModeMaterialProxy MatineeCam_mat complete, GameThreadShaderMap 0x0000020603DAEB00, marking material FDebugViewModeMaterialProxy MatineeCam_mat as finished
[2017.06.14-12.17.44:094][ 90]LogTemp:Display: Marking material as finished 0x0000020603336500
[2017.06.14-12.17.44:098][ 90]TextureStreamingBuild:Display: Compiling optional shaders took 1.556 seconds.
[2017.06.14-12.17.44:107][ 90]LogLevel:Display: Export Material TexCoord Scales took 0.010 seconds.
[2017.06.14-12.17.44:127][ 90]TextureStreamingBuild:Display: Build Texture Streaming took 0.018 seconds.
[2017.06.14-12.17.44:140][ 90]LightingResults: New page: Lighting Build - 14 Jun 2017 14:17:44
[2017.06.14-12.17.44:150][ 90]LogSwarmInterface: [OpenConnection] Registering TCP channel ...
[2017.06.14-12.17.44:153][ 90]LogSwarmInterface: [OpenConnection] Connecting to agent ...
[2017.06.14-12.17.44:153][ 90]LogSwarmInterface: [TryOpenConnection] Testing the Agent
[2017.06.14-12.17.44:154][ 90]LogSwarmInterface: [TryOpenConnection] Opening Connection to Agent
[2017.06.14-12.17.44:154][ 90]LogSwarmInterface: [TryOpenConnection] Local Process ID is 11864
[2017.06.14-12.17.48:700][ 90]LogStaticLightingSystem:Warning: No importance volume found, so the scene bounding box was used.  You can optimize your scene's quality and lighting build times by adding importance volumes.
[2017.06.14-12.17.48:700][ 90]LogStaticLightingSystem: Running Lightmass w/ ImmediateImport mode ENABLED
[2017.06.14-12.17.48:700][ 90]LogStaticLightingSystem: Running Lightmass w/ ImmediateProcess mode ENABLED
[2017.06.14-12.17.48:700][ 90]LogStaticLightingSystem: Running Lightmass w/ Sorting mode ENABLED
[2017.06.14-12.17.48:700][ 90]LogStaticLightingSystem: Running Lightmass w/ Mapping paddings ENABLED
[2017.06.14-12.17.48:700][ 90]LogStaticLightingSystem: Running Lightmass w/ Mapping debug paddings DISABLED
[2017.06.14-12.17.48:872][ 90]Cmd: MAP CHECK DONTDISPLAYDIALOG
[2017.06.14-12.17.48:872][ 90]MapCheck: New page: Start - 14 Jun 2017 14:17:48
[2017.06.14-12.17.48:873][ 90]MapCheck:Error: Error WorldSettings_1 Maps need lighting rebuilt 
[2017.06.14-12.17.48:996][ 90]MapCheck: Info Map check complete: 1 Error(s), 0 Warning(s), took 124.323ms to complete.
[2017.06.14-12.17.49:018][ 90]LogEditorBuildUtils: Build time 0:06
[2017.06.14-12.17.51:208][214]Job is a success!
[2017.06.14-12.17.51:291][215]LogTexture:Display: Building textures: LQ_Lightmap_0_1 (DXT1, 256X256) - 82 MB total VRAM
[2017.06.14-12.17.51:291][215]LogTexture:Display: Building textures: HQ_Lightmap0_1 (AutoDXT, 256X256) - 82 MB total VRAM
[2017.06.14-12.17.51:291][215]LogTexture:Display: Building textures: HQ_Lightmap0_2 (AutoDXT, 64X64) - 82 MB total VRAM
[2017.06.14-12.17.51:291][215]LogTexture:Display: Building textures: LQ_Lightmap_0_2 (DXT1, 64X64) - 82 MB total VRAM
[2017.06.14-12.17.51:291][215]LogTexture:Display: Building textures: ShadowMapTexture2D_5 (G8, 32X32) - 82 MB total VRAM
[2017.06.14-12.17.51:291][215]LogTexture:Display: Building textures: ShadowMapTexture2D_4 (G8, 256X128) - 82 MB total VRAM
[2017.06.14-12.17.51:319][215]LogStaticLightingSystem: Illumination: 7.15 sec (16 ms encoding lightmaps, 11 ms encoding shadowmaps)
[2017.06.14-12.17.51:320][215]LogStaticLightingSystem: Lightmap texture memory:  0.1 MB (0.1 MB streaming, 0.0 MB non-streaming), 4 textures
[2017.06.14-12.17.51:320][215]LogStaticLightingSystem: Shadowmap texture memory: 0.0 MB (0.0 MB streaming, 0.0 MB non-streaming), 2 textures
[2017.06.14-12.17.51:699][215]Lightmass on DESKTOP-E3PDIQS: 1.03 sec total, 221 ms importing, 28 ms setup, 147 ms photons, 565 ms processing, 0 ms extra exporting [3/3 mappings]. Threads: 2.05 sec total, 771 ms processing.
[2017.06.14-12.17.51:699][215]DumpUnbuiltLightIteractions
[2017.06.14-12.17.51:699][215]Lights with unbuilt interactions: 0
[2017.06.14-12.17.51:699][215]
[2017.06.14-12.17.51:699][215]Primitives with unbuilt interactions: 0
[2017.06.14-12.17.51:708][216]Cmd: MAP CHECK NOTIFYRESULTS
[2017.06.14-12.17.51:708][216]MapCheck: New page: Start - 14 Jun 2017 14:17:51
[2017.06.14-12.17.51:804][216]MapCheck: Info Map check complete: 0 Error(s), 0 Warning(s), took 96.044ms to complete.
[2017.06.14-12.17.52:616][300]CompilerResultsLog: New page: Compilation - 14 Jun 2017 14:17:52
[2017.06.14-12.17.52:616][300]CompilerResultsLog: Info Compiling game modules for hot reload
[2017.06.14-12.17.52:616][300]CompilerResultsLog: Info Parsing headers for UE4_ZeroEditor
[2017.06.14-12.17.52:616][300]CompilerResultsLog: Info   Running UnrealHeaderTool "C:\Users\Marcus\Desktop\GitHub\UE4-Zero\UE4_Zero\UE4_Zero.uproject" "C:\Users\Marcus\Desktop\GitHub\UE4-Zero\UE4_Zero\Intermediate\Build\Win64\UE4_ZeroEditor\Development\UE4_ZeroEditor.uhtmanifest" -LogCmds="loginit warning, logexit warning, logdatabase error" -Unattended -WarningsAsErrors -installed
[2017.06.14-12.17.52:616][300]CompilerResultsLog: Info Reflection code generated for UE4_ZeroEditor in 3.2322934 seconds
[2017.06.14-12.17.52:616][300]CompilerResultsLog: Info Performing 3 actions (4 in parallel)
[2017.06.14-12.17.52:616][300]CompilerResultsLog: Info My_zeroPawn.cpp
[2017.06.14-12.17.52:616][300]CompilerResultsLog: Info [2/3] Link UE4Editor-UE4_Zero-4505.dll
[2017.06.14-12.17.52:616][300]CompilerResultsLog: Info [3/3] Link UE4Editor-UE4_Zero-4505.lib
[2017.06.14-12.17.52:616][300]CompilerResultsLog: Info    Creating library C:\Users\Marcus\Desktop\GitHub\UE4-Zero\UE4_Zero\Intermediate\Build\Win64\UE4Editor\Development\UE4Editor-UE4_Zero-4505.lib and object C:\Users\Marcus\Desktop\GitHub\UE4-Zero\UE4_Zero\Intermediate\Build\Win64\UE4Editor\Development\UE4Editor-UE4_Zero-4505.exp
[2017.06.14-12.17.52:616][300]CompilerResultsLog: Info    Creating library C:\Users\Marcus\Desktop\GitHub\UE4-Zero\UE4_Zero\Intermediate\Build\Win64\UE4Editor\Development\UE4Editor-UE4_Zero-4505.suppressed.lib and object C:\Users\Marcus\Desktop\GitHub\UE4-Zero\UE4_Zero\Intermediate\Build\Win64\UE4Editor\Development\UE4Editor-UE4_Zero-4505.suppressed.exp
[2017.06.14-12.17.52:616][300]CompilerResultsLog: Info Total build time: 10.91 seconds (Local executor: 3.69 seconds)
[2017.06.14-12.17.52:616][300]LogMainFrame: MainFrame: Module compiling took 11.455 seconds
[2017.06.14-12.17.52:792][300]LogContentBrowser: Native class hierarchy updated for 'UE4_Zero' in 0.0026 seconds. Added 3 classes and 2 folders.
[2017.06.14-12.17.52:793][300]Display: HotReload successful (0 functions remapped  0 scriptstructs remapped)
[2017.06.14-12.17.53:075][300]LogContentBrowser: Native class hierarchy populated in 0.0104 seconds. Added 2250 classes and 459 folders.
[2017.06.14-12.17.53:075][300]Display: HotReload took 12.0s.
[2017.06.14-12.17.55:728][597]LogTemp: Repeting last play command: Selected Viewport
[2017.06.14-12.17.55:738][597]LogPlayLevel: PlayLevel: No blueprints needed recompiling
[2017.06.14-12.17.55:739][597]PIE: New page: PIE session: Start (14 Jun 2017 14:17:55)
[2017.06.14-12.17.55:739][597]LogPlayLevel: Creating play world package: /Game/Maps/UEDPIE_0_Start
[2017.06.14-12.17.55:741][597]LogPlayLevel: PIE: StaticDuplicateObject took: (0.001848s)
[2017.06.14-12.17.55:741][597]LogAIModule: Creating AISystem for world Start
[2017.06.14-12.17.55:741][597]LogPlayLevel: PIE: World Init took: (0.000667s)
[2017.06.14-12.17.55:741][597]LogPlayLevel: PIE: Created PIE world by copying editor world from /Game/Maps/Start.Start to /Game/Maps/UEDPIE_0_Start.Start (0.002710s)
[2017.06.14-12.17.55:782][597]LogInit: XAudio2 using 'Digital Audio (S/PDIF) (High Definition Audio Device)' : 2 channels at 44.1 kHz using 16 bits per sample (channel mask 0x3)
[2017.06.14-12.17.55:788][597]LogInit: FAudioDevice initialized.
[2017.06.14-12.17.55:820][597]LogLoad: Game class is 'My_UE4_ZeroGameModeBase_C'
[2017.06.14-12.17.55:822][597]LogWorld: Bringing World /Game/Maps/UEDPIE_0_Start.Start up for play (max tick rate 0) at 2017.06.14-13.17.55
[2017.06.14-12.17.55:822][597]LogWorld: Bringing up level for play took: 0.000920
[2017.06.14-12.17.55:823][597]PIE: Info Play in editor start time for /Game/Maps/UEDPIE_0_Start 0.621
[2017.06.14-12.18.19:232][  3]Cmd: OBJ SAVEPACKAGE PACKAGE="/Game/Blueprints/My_zeroPawn_BP" FILE="../../../../../../Users/Marcus/Desktop/GitHub/UE4-Zero/UE4_Zero/Content/Blueprints/My_zeroPawn_BP.uasset" SILENT=true
[2017.06.14-12.18.19:263][  3]LogSavePackage: Save=10.44ms
[2017.06.14-12.18.19:263][  3]LogSavePackage: Moving '../../../../../../Users/Marcus/Desktop/GitHub/UE4-Zero/UE4_Zero/Saved/My_zeroPawn_BP8FA6DB9341C5FC6910EC4AA198F897A4.tmp' to '../../../../../../Users/Marcus/Desktop/GitHub/UE4-Zero/UE4_Zero/Content/Blueprints/My_zeroPawn_BP.uasset'
[2017.06.14-12.18.19:268][  3]LogSavePackage:Display: Finished SavePackage ../../../../../../Users/Marcus/Desktop/GitHub/UE4-Zero/UE4_Zero/Content/Blueprints/My_zeroPawn_BP.uasset
[2017.06.14-12.18.19:755][ 47]BlueprintLog: New page: Compile My_zeroPawn_BP
[2017.06.14-12.18.28:808][ 31]Cmd: OBJ SAVEPACKAGE PACKAGE="/Game/Maps/Start" FILE="../../../../../../Users/Marcus/Desktop/GitHub/UE4-Zero/UE4_Zero/Content/Maps/Start.umap" SILENT=true AUTOSAVING=false KEEPDIRTY=false
[2017.06.14-12.18.28:862][ 31]LogSavePackage: Save=20.88ms
[2017.06.14-12.18.28:862][ 31]LogSavePackage: Moving '../../../../../../Users/Marcus/Desktop/GitHub/UE4-Zero/UE4_Zero/Saved/StartCD6B6E8448A9CA7E1B81868A14269F40.tmp' to '../../../../../../Users/Marcus/Desktop/GitHub/UE4-Zero/UE4_Zero/Content/Maps/Start.umap'
[2017.06.14-12.18.28:867][ 31]LogSavePackage:Display: Finished SavePackage ../../../../../../Users/Marcus/Desktop/GitHub/UE4-Zero/UE4_Zero/Content/Maps/Start.umap
[2017.06.14-12.18.28:891][ 31]Cmd: OBJ SAVEPACKAGE PACKAGE="/Game/Maps/Start_BuiltData" FILE="../../../../../../Users/Marcus/Desktop/GitHub/UE4-Zero/UE4_Zero/Content/Maps/Start_BuiltData.uasset" SILENT=true
[2017.06.14-12.18.28:921][ 31]LogSavePackage: Save=8.70ms
[2017.06.14-12.18.28:921][ 31]LogSavePackage: Moving '../../../../../../Users/Marcus/Desktop/GitHub/UE4-Zero/UE4_Zero/Saved/Start_BuiltData8E36F0484111E9DCC2CD30A294BA0196.tmp' to '../../../../../../Users/Marcus/Desktop/GitHub/UE4-Zero/UE4_Zero/Content/Maps/Start_BuiltData.uasset'
[2017.06.14-12.18.28:926][ 31]LogSavePackage:Display: Finished SavePackage ../../../../../../Users/Marcus/Desktop/GitHub/UE4-Zero/UE4_Zero/Content/Maps/Start_BuiltData.uasset
[2017.06.14-12.18.30:042][153]LogTemp: Repeting last play command: Selected Viewport
[2017.06.14-12.18.30:057][153]LogPlayLevel: PlayLevel: No blueprints needed recompiling
[2017.06.14-12.18.30:057][153]PIE: New page: PIE session: Start (14 Jun 2017 14:18:30)
[2017.06.14-12.18.30:058][153]LogPlayLevel: Creating play world package: /Game/Maps/UEDPIE_0_Start
[2017.06.14-12.18.30:060][153]LogPlayLevel: PIE: StaticDuplicateObject took: (0.001926s)
[2017.06.14-12.18.30:060][153]LogAIModule: Creating AISystem for world Start
[2017.06.14-12.18.30:060][153]LogPlayLevel: PIE: World Init took: (0.000854s)
[2017.06.14-12.18.30:061][153]LogPlayLevel: PIE: Created PIE world by copying editor world from /Game/Maps/Start.Start to /Game/Maps/UEDPIE_0_Start.Start (0.003030s)
[2017.06.14-12.18.30:075][153]LogInit: XAudio2 using 'Digital Audio (S/PDIF) (High Definition Audio Device)' : 2 channels at 44.1 kHz using 16 bits per sample (channel mask 0x3)
[2017.06.14-12.18.30:082][153]LogInit: FAudioDevice initialized.
[2017.06.14-12.18.30:110][153]LogLoad: Game class is 'My_UE4_ZeroGameModeBase_C'
[2017.06.14-12.18.30:112][153]LogWorld: Bringing World /Game/Maps/UEDPIE_0_Start.Start up for play (max tick rate 0) at 2017.06.14-13.18.30
[2017.06.14-12.18.30:112][153]LogWorld: Bringing up level for play took: 0.000971
[2017.06.14-12.18.30:153][153]PIE: Info Play in editor start time for /Game/Maps/UEDPIE_0_Start 0.951
[2017.06.14-12.18.39:409][227]Cmd: OBJ SAVEPACKAGE PACKAGE="/Game/Blueprints/My_UE4_ZeroGameModeBase" FILE="../../../../../../Users/Marcus/Desktop/GitHub/UE4-Zero/UE4_Zero/Content/Blueprints/My_UE4_ZeroGameModeBase.uasset" SILENT=true
[2017.06.14-12.18.39:450][227]LogSavePackage: Save=20.46ms
[2017.06.14-12.18.39:450][227]LogSavePackage: Moving '../../../../../../Users/Marcus/Desktop/GitHub/UE4-Zero/UE4_Zero/Saved/My_UE4_ZeroGameModeBase27C9F5B64C82356D57D9F5BE0BEDD7A9.tmp' to '../../../../../../Users/Marcus/Desktop/GitHub/UE4-Zero/UE4_Zero/Content/Blueprints/My_UE4_ZeroGameModeBase.uasset'
[2017.06.14-12.18.39:456][227]LogSavePackage:Display: Finished SavePackage ../../../../../../Users/Marcus/Desktop/GitHub/UE4-Zero/UE4_Zero/Content/Blueprints/My_UE4_ZeroGameModeBase.uasset
[2017.06.14-12.18.43:733][713]Recompiling UE4_Zero...
[2017.06.14-12.18.43:733][713]Launching UnrealBuildTool... [C:/Program Files/Epic Games/UE_4.15/Engine/Binaries/DotNET/UnrealBuildTool.exe UE4_Zero -ModuleWithSuffix UE4_Zero 3652 Win64 Development -editorrecompile -canskiplink "C:/Users/Marcus/Desktop/GitHub/UE4-Zero/UE4_Zero/UE4_Zero.uproject" ]
[2017.06.14-12.18.43:739][713]Warning: Starting HotReload took  0.1s.
[2017.06.14-12.18.57:621][326]CompilerResultsLog: New page: Compilation - 14 Jun 2017 14:18:57
[2017.06.14-12.18.57:622][326]CompilerResultsLog: Info Compiling game modules for hot reload
[2017.06.14-12.18.57:622][326]CompilerResultsLog: Info Target is up to date
[2017.06.14-12.18.57:622][326]CompilerResultsLog: Info Total build time: 13.42 seconds (NoActionsToExecute executor: 0.01 seconds)
[2017.06.14-12.18.57:622][326]LogMainFrame: MainFrame: Module compiling took 13.898 seconds
[2017.06.14-12.18.57:856][326]LogContentBrowser: Native class hierarchy populated in 0.0103 seconds. Added 2250 classes and 459 folders.
[2017.06.14-12.18.57:857][326]Display: HotReload took 14.2s.
[2017.06.14-12.20.45:999][197]Cmd: OBJ SAVEPACKAGE PACKAGE="/Game/Maps/Start" FILE="../../../../../../Users/Marcus/Desktop/GitHub/UE4-Zero/UE4_Zero/Content/Maps/Start.umap" SILENT=true AUTOSAVING=false KEEPDIRTY=false
[2017.06.14-12.20.46:073][197]LogSavePackage: Save=21.00ms
[2017.06.14-12.20.46:073][197]LogSavePackage: Moving '../../../../../../Users/Marcus/Desktop/GitHub/UE4-Zero/UE4_Zero/Saved/Start50140D5841759682E57C04BADCCBEE76.tmp' to '../../../../../../Users/Marcus/Desktop/GitHub/UE4-Zero/UE4_Zero/Content/Maps/Start.umap'
[2017.06.14-12.20.46:079][197]LogSavePackage:Display: Finished SavePackage ../../../../../../Users/Marcus/Desktop/GitHub/UE4-Zero/UE4_Zero/Content/Maps/Start.umap
[2017.06.14-12.20.46:108][197]Cmd: OBJ SAVEPACKAGE PACKAGE="/Game/Maps/Start_BuiltData" FILE="../../../../../../Users/Marcus/Desktop/GitHub/UE4-Zero/UE4_Zero/Content/Maps/Start_BuiltData.uasset" SILENT=true
[2017.06.14-12.20.46:137][197]LogSavePackage: Save=8.68ms
[2017.06.14-12.20.46:138][197]LogSavePackage: Moving '../../../../../../Users/Marcus/Desktop/GitHub/UE4-Zero/UE4_Zero/Saved/Start_BuiltData955A637947E3A811E014B5BF3259B3C0.tmp' to '../../../../../../Users/Marcus/Desktop/GitHub/UE4-Zero/UE4_Zero/Content/Maps/Start_BuiltData.uasset'
[2017.06.14-12.20.46:140][197]LogSavePackage:Display: Finished SavePackage ../../../../../../Users/Marcus/Desktop/GitHub/UE4-Zero/UE4_Zero/Content/Maps/Start_BuiltData.uasset
[2017.06.14-12.20.47:087][305]LogTemp: Repeting last play command: Selected Viewport
[2017.06.14-12.20.47:130][305]LogPlayLevel: PlayLevel: No blueprints needed recompiling
[2017.06.14-12.20.47:130][305]PIE: New page: PIE session: Start (14 Jun 2017 14:20:47)
[2017.06.14-12.20.47:130][305]LogPlayLevel: Creating play world package: /Game/Maps/UEDPIE_0_Start
[2017.06.14-12.20.47:132][305]LogPlayLevel: PIE: StaticDuplicateObject took: (0.001878s)
[2017.06.14-12.20.47:133][305]LogAIModule: Creating AISystem for world Start
[2017.06.14-12.20.47:133][305]LogPlayLevel: PIE: World Init took: (0.000729s)
[2017.06.14-12.20.47:133][305]LogPlayLevel: PIE: Created PIE world by copying editor world from /Game/Maps/Start.Start to /Game/Maps/UEDPIE_0_Start.Start (0.002807s)
[2017.06.14-12.20.47:154][305]LogInit: XAudio2 using 'Digital Audio (S/PDIF) (High Definition Audio Device)' : 2 channels at 44.1 kHz using 16 bits per sample (channel mask 0x3)
[2017.06.14-12.20.47:182][305]LogInit: FAudioDevice initialized.
[2017.06.14-12.20.47:215][305]LogLoad: Game class is 'My_UE4_ZeroGameModeBase_C'
[2017.06.14-12.20.47:217][305]LogWorld: Bringing World /Game/Maps/UEDPIE_0_Start.Start up for play (max tick rate 0) at 2017.06.14-13.20.47
[2017.06.14-12.20.47:217][305]LogWorld: Bringing up level for play took: 0.000996
[2017.06.14-12.20.47:219][305]PIE: Info Play in editor start time for /Game/Maps/UEDPIE_0_Start 0.016
[2017.06.14-12.20.53:399][ 26]Recompiling UE4_Zero...
[2017.06.14-12.20.53:399][ 26]Launching UnrealBuildTool... [C:/Program Files/Epic Games/UE_4.15/Engine/Binaries/DotNET/UnrealBuildTool.exe UE4_Zero -ModuleWithSuffix UE4_Zero 9236 Win64 Development -editorrecompile -canskiplink "C:/Users/Marcus/Desktop/GitHub/UE4-Zero/UE4_Zero/UE4_Zero.uproject" ]
[2017.06.14-12.20.53:404][ 26]Warning: Starting HotReload took  0.0s.
[2017.06.14-12.20.59:109][610]CompilerResultsLog: New page: Compilation - 14 Jun 2017 14:20:59
[2017.06.14-12.20.59:109][610]CompilerResultsLog: Info Compiling game modules for hot reload
[2017.06.14-12.20.59:109][610]CompilerResultsLog: Info Target is up to date
[2017.06.14-12.20.59:109][610]CompilerResultsLog: Info Total build time: 5.21 seconds (NoActionsToExecute executor: 0.00 seconds)
[2017.06.14-12.20.59:109][610]LogMainFrame: MainFrame: Module compiling took 5.717 seconds
[2017.06.14-12.20.59:346][610]LogContentBrowser: Native class hierarchy populated in 0.0107 seconds. Added 2250 classes and 459 folders.
[2017.06.14-12.20.59:346][610]Display: HotReload took  6.0s.
[2017.06.14-12.21.04:998][225]LogTemp: Repeting last play command: Selected Viewport
[2017.06.14-12.21.05:013][225]LogPlayLevel: PlayLevel: No blueprints needed recompiling
[2017.06.14-12.21.05:013][225]PIE: New page: PIE session: Start (14 Jun 2017 14:21:05)
[2017.06.14-12.21.05:013][225]LogPlayLevel: Creating play world package: /Game/Maps/UEDPIE_0_Start
[2017.06.14-12.21.05:015][225]LogPlayLevel: PIE: StaticDuplicateObject took: (0.001678s)
[2017.06.14-12.21.05:015][225]LogAIModule: Creating AISystem for world Start
[2017.06.14-12.21.05:016][225]LogPlayLevel: PIE: World Init took: (0.000702s)
[2017.06.14-12.21.05:016][225]LogPlayLevel: PIE: Created PIE world by copying editor world from /Game/Maps/Start.Start to /Game/Maps/UEDPIE_0_Start.Start (0.002576s)
[2017.06.14-12.21.05:058][225]LogInit: XAudio2 using 'Digital Audio (S/PDIF) (High Definition Audio Device)' : 2 channels at 44.1 kHz using 16 bits per sample (channel mask 0x3)
[2017.06.14-12.21.05:065][225]LogInit: FAudioDevice initialized.
[2017.06.14-12.21.05:095][225]LogLoad: Game class is 'My_UE4_ZeroGameModeBase_C'
[2017.06.14-12.21.05:097][225]LogWorld: Bringing World /Game/Maps/UEDPIE_0_Start.Start up for play (max tick rate 0) at 2017.06.14-13.21.05
[2017.06.14-12.21.05:097][225]LogWorld: Bringing up level for play took: 0.000930
[2017.06.14-12.21.05:098][225]PIE: Info Play in editor start time for /Game/Maps/UEDPIE_0_Start -0.104
[2017.06.14-12.21.13:372][198]LogEditorViewport: Clicking on Actor (context menu): BP_Sky_Sphere_C (Sky Sphere)
[2017.06.14-12.21.31:792][375]LogWindowsTextInputMethodSystem:Display: IME system now deactivated.
[2017.06.14-12.21.31:983][376]Cmd: QUIT_EDITOR
[2017.06.14-12.21.32:689][376]LogExit: Preparing to exit.
[2017.06.14-12.21.32:998][376]LogDirectoryWatcher: A directory notification for 'C:/Users/Marcus/Desktop/GitHub/UE4-Zero/UE4_Zero/Content/' was aborted.
[2017.06.14-12.21.33:032][376]LogExit: Editor shut down
[2017.06.14-12.21.33:033][376]LogExit: Transaction tracking system shut down
[2017.06.14-12.21.33:126][376]LogObj: Freed 0b from 0 cluster array pools.
[2017.06.14-12.21.33:126][376]LogExit: Object subsystem successfully closed.
[2017.06.14-12.21.33:138][376]LogD3D11RHI: Shutdown
[2017.06.14-12.21.33:138][376]LogD3D11RHI: CleanupD3DDevice
[2017.06.14-12.21.33:204][376]LogD3D11RHI: ~FD3D11DynamicRHI
[2017.06.14-12.21.33:255][376]LogModuleManager: Shutting down and abandoning module UE4_Zero (511)
[2017.06.14-12.21.33:255][376]LogModuleManager: Shutting down and abandoning module HierarchicalLODUtilities (510)
[2017.06.14-12.21.33:255][376]LogModuleManager: Shutting down and abandoning module BlueprintGraph (508)
[2017.06.14-12.21.33:255][376]LogModuleManager: Shutting down and abandoning module BlueprintProfiler (506)
[2017.06.14-12.21.33:255][376]LogModuleManager: Shutting down and abandoning module ExternalImagePicker (504)
[2017.06.14-12.21.33:255][376]LogModuleManager: Shutting down and abandoning module MovieSceneCapture (502)
[2017.06.14-12.21.33:255][376]LogModuleManager: Shutting down and abandoning module HierarchicalLODOutliner (500)
[2017.06.14-12.21.33:255][376]LogModuleManager: Shutting down and abandoning module CrashTracker (498)
[2017.06.14-12.21.33:255][376]LogModuleManager: Shutting down and abandoning module SceneOutliner (496)
[2017.06.14-12.21.33:255][376]LogModuleManager: Shutting down and abandoning module AddContentDialog (494)
[2017.06.14-12.21.33:255][376]LogDirectoryWatcher: A directory notification for 'C:/Program Files/Epic Games/UE_4.15/FeaturePacks/' was aborted.
[2017.06.14-12.21.33:256][376]LogModuleManager: Shutting down and abandoning module WidgetCarousel (493)
[2017.06.14-12.21.33:256][376]LogModuleManager: Shutting down and abandoning module EditorWidgets (490)
[2017.06.14-12.21.33:256][376]LogModuleManager: Shutting down and abandoning module CollectionManager (488)
[2017.06.14-12.21.33:256][376]LogDirectoryWatcher: A directory notification for 'C:/Users/Marcus/Desktop/GitHub/UE4-Zero/UE4_Zero/Content/Collections/' was aborted.
[2017.06.14-12.21.33:256][376]LogDirectoryWatcher: A directory notification for 'C:/Users/Marcus/Desktop/GitHub/UE4-Zero/UE4_Zero/Content/Developers/Marcus/Collections/' was aborted.
[2017.06.14-12.21.33:257][376]LogDirectoryWatcher: A directory notification for 'C:/Users/Marcus/Desktop/GitHub/UE4-Zero/UE4_Zero/Saved/Collections/' was aborted.
[2017.06.14-12.21.33:257][376]LogModuleManager: Shutting down and abandoning module StatsViewer (486)
[2017.06.14-12.21.33:257][376]LogModuleManager: Shutting down and abandoning module FoliageEdit (484)
[2017.06.14-12.21.33:257][376]LogModuleManager: Shutting down and abandoning module LandscapeEditor (482)
[2017.06.14-12.21.33:257][376]LogModuleManager: Shutting down and abandoning module SceneDepthPickerMode (480)
[2017.06.14-12.21.33:257][376]LogModuleManager: Shutting down and abandoning module ActorPickerMode (478)
[2017.06.14-12.21.33:257][376]LogModuleManager: Shutting down and abandoning module GeometryMode (476)
[2017.06.14-12.21.33:257][376]LogModuleManager: Shutting down and abandoning module TextureAlignMode (474)
[2017.06.14-12.21.33:257][376]LogModuleManager: Shutting down and abandoning module BspMode (472)
[2017.06.14-12.21.33:257][376]LogModuleManager: Shutting down and abandoning module HardwareSurvey (470)
[2017.06.14-12.21.33:257][376]LogModuleManager: Shutting down and abandoning module SequenceRecorderSections (468)
[2017.06.14-12.21.33:257][376]LogModuleManager: Shutting down and abandoning module AutomationWorker (466)
[2017.06.14-12.21.33:257][376]LogModuleManager: Shutting down and abandoning module MatineeToLevelSequence (464)
[2017.06.14-12.21.33:257][376]LogModuleManager: Shutting down and abandoning module LevelSequenceEditor (462)
[2017.06.14-12.21.33:257][376]LogModuleManager: Shutting down and abandoning module PlacementMode (461)
[2017.06.14-12.21.33:257][376]LogModuleManager: Shutting down and abandoning module WmfMediaFactory (458)
[2017.06.14-12.21.33:257][376]LogModuleManager: Shutting down and abandoning module WmfMediaEditor (456)
[2017.06.14-12.21.33:257][376]LogModuleManager: Shutting down and abandoning module MfMediaFactory (454)
[2017.06.14-12.21.33:257][376]LogModuleManager: Shutting down and abandoning module MfMediaEditor (452)
[2017.06.14-12.21.33:257][376]LogModuleManager: Shutting down and abandoning module AvfMediaFactory (450)
[2017.06.14-12.21.33:257][376]LogModuleManager: Shutting down and abandoning module AvfMediaEditor (448)
[2017.06.14-12.21.33:257][376]LogModuleManager: Shutting down and abandoning module AndroidMediaFactory (446)
[2017.06.14-12.21.33:257][376]LogModuleManager: Shutting down and abandoning module Media (445)
[2017.06.14-12.21.33:257][376]LogModuleManager: Shutting down and abandoning module AndroidMediaEditor (442)
[2017.06.14-12.21.33:257][376]LogModuleManager: Shutting down and abandoning module CharacterAI (440)
[2017.06.14-12.21.33:257][376]LogModuleManager: Shutting down and abandoning module AudioCapture (438)
[2017.06.14-12.21.33:257][376]LogModuleManager: Shutting down and abandoning module SequenceRecorder (437)
[2017.06.14-12.21.33:257][376]LogModuleManager: Shutting down and abandoning module SmartSnapping (434)
[2017.06.14-12.21.33:257][376]LogModuleManager: Shutting down and abandoning module SessionServices (432)
[2017.06.14-12.21.33:257][376]LogModuleManager: Shutting down and abandoning module ViewportSnapping (430)
[2017.06.14-12.21.33:257][376]LogModuleManager: Shutting down and abandoning module ViewportInteraction (428)
[2017.06.14-12.21.33:257][376]LogModuleManager: Shutting down and abandoning module LogVisualizer (426)
[2017.06.14-12.21.33:257][376]LogModuleManager: Shutting down and abandoning module IntroTutorials (424)
[2017.06.14-12.21.33:257][376]LogModuleManager: Shutting down and abandoning module GameProjectGeneration (423)
[2017.06.14-12.21.33:257][376]LogModuleManager: Shutting down and abandoning module EditorLiveStreaming (420)
[2017.06.14-12.21.33:257][376]LogModuleManager: Shutting down and abandoning module IOSPlatformEditor (418)
[2017.06.14-12.21.33:257][376]LogModuleManager: Shutting down and abandoning module HTML5PlatformEditor (416)
[2017.06.14-12.21.33:257][376]LogModuleManager: Shutting down and abandoning module AndroidPlatformEditor (414)
[2017.06.14-12.21.33:257][376]LogModuleManager: Shutting down and abandoning module AndroidDeviceDetection (413)
[2017.06.14-12.21.33:582][376]LogModuleManager: Shutting down and abandoning module IOSRuntimeSettings (410)
[2017.06.14-12.21.33:582][376]LogModuleManager: Shutting down and abandoning module AndroidRuntimeSettings (408)
[2017.06.14-12.21.33:582][376]LogModuleManager: Shutting down and abandoning module InputBindingEditor (406)
[2017.06.14-12.21.33:582][376]LogModuleManager: Shutting down and abandoning module NiagaraEditor (404)
[2017.06.14-12.21.33:582][376]LogModuleManager: Shutting down and abandoning module MergeActors (402)
[2017.06.14-12.21.33:582][376]LogModuleManager: Shutting down and abandoning module SizeMap (400)
[2017.06.14-12.21.33:582][376]LogModuleManager: Shutting down and abandoning module TreeMap (398)
[2017.06.14-12.21.33:582][376]LogModuleManager: Shutting down and abandoning module ReferenceViewer (396)
[2017.06.14-12.21.33:582][376]LogModuleManager: Shutting down and abandoning module LocalizationDashboard (394)
[2017.06.14-12.21.33:582][376]LogModuleManager: Shutting down and abandoning module LocalizationService (393)
[2017.06.14-12.21.33:582][376]LogModuleManager: Shutting down and abandoning module HardwareTargeting (390)
[2017.06.14-12.21.33:582][376]LogModuleManager: Shutting down and abandoning module DeviceProfileEditor (388)
[2017.06.14-12.21.33:582][376]LogModuleManager: Shutting down and abandoning module UndoHistory (386)
[2017.06.14-12.21.33:582][376]LogModuleManager: Shutting down and abandoning module UserFeedback (384)
[2017.06.14-12.21.33:583][376]LogModuleManager: Shutting down and abandoning module XmlParser (382)
[2017.06.14-12.21.33:583][376]LogModuleManager: Shutting down and abandoning module Blutility (380)
[2017.06.14-12.21.33:583][376]LogModuleManager: Shutting down and abandoning module ProjectSettingsViewer (378)
[2017.06.14-12.21.33:583][376]LogModuleManager: Shutting down and abandoning module ProjectTargetPlatformEditor (377)
[2017.06.14-12.21.33:583][376]LogModuleManager: Shutting down and abandoning module EditorSettingsViewer (374)
[2017.06.14-12.21.33:583][376]LogModuleManager: Shutting down and abandoning module SettingsEditor (372)
[2017.06.14-12.21.33:583][376]LogModuleManager: Shutting down and abandoning module ProjectLauncher (370)
[2017.06.14-12.21.33:583][376]LogModuleManager: Shutting down and abandoning module SessionFrontend (368)
[2017.06.14-12.21.33:583][376]LogModuleManager: Shutting down and abandoning module ProfilerClient (366)
[2017.06.14-12.21.33:583][376]LogModuleManager: Shutting down and abandoning module DeviceManager (364)
[2017.06.14-12.21.33:583][376]LogModuleManager: Shutting down and abandoning module TargetDeviceServices (363)
[2017.06.14-12.21.33:626][376]LogModuleManager: Shutting down and abandoning module AutomationController (360)
[2017.06.14-12.21.33:626][376]LogModuleManager: Shutting down and abandoning module AutomationWindow (358)
[2017.06.14-12.21.33:626][376]LogModuleManager: Shutting down and abandoning module Layers (356)
[2017.06.14-12.21.33:626][376]LogModuleManager: Shutting down and abandoning module ComponentVisualizers (354)
[2017.06.14-12.21.33:626][376]LogModuleManager: Shutting down and abandoning module DetailCustomizations (352)
[2017.06.14-12.21.33:626][376]LogModuleManager: Shutting down and abandoning module PackagesDialog (350)
[2017.06.14-12.21.33:626][376]LogModuleManager: Shutting down and abandoning module Persona (348)
[2017.06.14-12.21.33:626][376]LogModuleManager: Shutting down and abandoning module AnimGraph (347)
[2017.06.14-12.21.33:626][376]LogModuleManager: Shutting down and abandoning module Kismet (344)
[2017.06.14-12.21.33:637][376]LogModuleManager: Shutting down and abandoning module GraphEditor (342)
[2017.06.14-12.21.33:637][376]LogModuleManager: Shutting down and abandoning module ClassViewer (340)
[2017.06.14-12.21.33:638][376]LogModuleManager: Shutting down and abandoning module Toolbox (338)
[2017.06.14-12.21.33:638][376]LogModuleManager: Shutting down and abandoning module ModuleUI (336)
[2017.06.14-12.21.33:638][376]LogModuleManager: Shutting down and abandoning module MovieSceneTools (334)
[2017.06.14-12.21.33:638][376]LogModuleManager: Shutting down and abandoning module OutputLog (332)
[2017.06.14-12.21.33:638][376]LogModuleManager: Shutting down and abandoning module GammaUI (330)
[2017.06.14-12.21.33:638][376]LogModuleManager: Shutting down and abandoning module Documentation (328)
[2017.06.14-12.21.33:638][376]LogModuleManager: Shutting down and abandoning module Niagara (326)
[2017.06.14-12.21.33:638][376]LogModuleManager: Shutting down and abandoning module StreamingPauseRendering (324)
[2017.06.14-12.21.33:638][376]LogModuleManager: Shutting down and abandoning module AnalyticsET (322)
[2017.06.14-12.21.33:638][376]LogModuleManager: Shutting down and abandoning module PortalServices (320)
[2017.06.14-12.21.33:638][376]LogModuleManager: Shutting down and abandoning module PortalRpc (318)
[2017.06.14-12.21.33:638][376]LogModuleManager: Shutting down and abandoning module MessagingRpc (316)
[2017.06.14-12.21.33:638][376]LogModuleManager: Shutting down and abandoning module AIModule (314)
[2017.06.14-12.21.33:638][376]LogModuleManager: Shutting down and abandoning module GameplayDebugger (313)
[2017.06.14-12.21.33:638][376]LogModuleManager: Shutting down and abandoning module AITestSuite (311)
[2017.06.14-12.21.33:638][376]LogModuleManager: Shutting down and abandoning module ProfilerService (308)
[2017.06.14-12.21.33:865][376]LogModuleManager: Shutting down and abandoning module TaskGraph (306)
[2017.06.14-12.21.33:865][376]LogModuleManager: Shutting down and abandoning module SteamVRController (304)
[2017.06.14-12.21.33:865][376]LogModuleManager: Shutting down and abandoning module SteamVR (302)
[2017.06.14-12.21.33:865][376]LogModuleManager: Shutting down and abandoning module ProceduralMeshComponentEditor (300)
[2017.06.14-12.21.33:865][376]LogModuleManager: Shutting down and abandoning module ProceduralMeshComponent (298)
[2017.06.14-12.21.33:865][376]LogModuleManager: Shutting down and abandoning module OculusLibrary (296)
[2017.06.14-12.21.33:865][376]LogModuleManager: Shutting down and abandoning module OculusInput (294)
[2017.06.14-12.21.33:865][376]LogModuleManager: Shutting down and abandoning module MobilePatchingUtils (292)
[2017.06.14-12.21.33:865][376]LogModuleManager: Shutting down and abandoning module CustomMeshComponent (290)
[2017.06.14-12.21.33:865][376]LogModuleManager: Shutting down and abandoning module CableComponent (288)
[2017.06.14-12.21.33:865][376]LogModuleManager: Shutting down and abandoning module ArchVisCharacter (286)
[2017.06.14-12.21.33:865][376]LogModuleManager: Shutting down and abandoning module MediaPlayerEditor (282)
[2017.06.14-12.21.33:865][376]LogModuleManager: Shutting down and abandoning module HTML5Networking (280)
[2017.06.14-12.21.33:865][376]LogModuleManager: Shutting down and abandoning module AlembicImporter (278)
[2017.06.14-12.21.33:865][376]LogModuleManager: Shutting down and abandoning module AlembicLibrary (277)
[2017.06.14-12.21.33:865][376]LogModuleManager: Shutting down and abandoning module GeometryCache (276)
[2017.06.14-12.21.33:865][376]LogModuleManager: Shutting down and abandoning module GeometryCacheEd (275)
[2017.06.14-12.21.33:865][376]LogModuleManager: Shutting down and abandoning module SuperSearchEditor (270)
[2017.06.14-12.21.33:865][376]LogModuleManager: Shutting down and abandoning module SuperSearch (269)
[2017.06.14-12.21.33:865][376]LogModuleManager: Shutting down and abandoning module SpeedTreeImporter (266)
[2017.06.14-12.21.33:865][376]LogModuleManager: Shutting down and abandoning module PluginBrowser (264)
[2017.06.14-12.21.33:865][376]LogModuleManager: Shutting down and abandoning module MobileLauncherProfileWizard (262)
[2017.06.14-12.21.33:865][376]LogModuleManager: Shutting down and abandoning module EpicSurvey (260)
[2017.06.14-12.21.33:865][376]LogModuleManager: Shutting down and abandoning module VisualStudioSourceCodeAccess (258)
[2017.06.14-12.21.33:865][376]LogModuleManager: Shutting down and abandoning module DesktopPlatform (257)
[2017.06.14-12.21.33:865][376]LogModuleManager: Shutting down and abandoning module UObjectPlugin (254)
[2017.06.14-12.21.33:865][376]LogModuleManager: Shutting down and abandoning module SubversionSourceControl (252)
[2017.06.14-12.21.33:865][376]LogModuleManager: Shutting down and abandoning module PerforceSourceControl (250)
[2017.06.14-12.21.33:865][376]LogModuleManager: Shutting down and abandoning module GitSourceControl (248)
[2017.06.14-12.21.33:865][376]LogModuleManager: Shutting down and abandoning module SourceControl (247)
[2017.06.14-12.21.33:866][376]LogModuleManager: Shutting down and abandoning module LightPropagationVolumeEditor (244)
[2017.06.14-12.21.33:866][376]LogModuleManager: Shutting down and abandoning module PaperTiledImporter (242)
[2017.06.14-12.21.33:866][376]LogModuleManager: Shutting down and abandoning module PaperSpriteSheetImporter (240)
[2017.06.14-12.21.33:866][376]LogModuleManager: Shutting down and abandoning module Paper2DEditor (238)
[2017.06.14-12.21.33:866][376]LogModuleManager: Shutting down and abandoning module MeshPaint (237)
[2017.06.14-12.21.33:866][376]LogModuleManager: Shutting down and abandoning module LevelEditor (235)
[2017.06.14-12.21.33:866][376]LogModuleManager: Shutting down and abandoning module PixelInspectorModule (234)
[2017.06.14-12.21.33:866][376]LogModuleManager: Shutting down and abandoning module MainFrame (232)
[2017.06.14-12.21.33:867][376]LogModuleManager: Shutting down and abandoning module HotReload (231)
[2017.06.14-12.21.33:867][376]LogDirectoryWatcher: A directory notification for 'C:/Users/Marcus/Desktop/GitHub/UE4-Zero/UE4_Zero/Binaries/Win64' was aborted.
[2017.06.14-12.21.33:867][376]LogModuleManager: Shutting down and abandoning module ContentBrowser (227)
[2017.06.14-12.21.33:868][376]LogModuleManager: Shutting down and abandoning module PhysXVehiclesEditor (222)
[2017.06.14-12.21.33:868][376]LogModuleManager: Shutting down and abandoning module PhysXVehicles (220)
[2017.06.14-12.21.33:868][376]LogModuleManager: Shutting down and abandoning module LocationServicesBPLibrary (218)
[2017.06.14-12.21.33:868][376]LogModuleManager: Shutting down and abandoning module UdpMessaging (216)
[2017.06.14-12.21.33:970][376]LogModuleManager: Shutting down and abandoning module TcpMessaging (214)
[2017.06.14-12.21.34:070][376]LogModuleManager: Shutting down and abandoning module GameplayTagsEditor (212)
[2017.06.14-12.21.34:070][376]LogModuleManager: Shutting down and abandoning module FacialAnimationEditor (210)
[2017.06.14-12.21.34:070][376]LogModuleManager: Shutting down and abandoning module FacialAnimation (208)
[2017.06.14-12.21.34:070][376]LogModuleManager: Shutting down and abandoning module LightPropagationVolumeRuntime (206)
[2017.06.14-12.21.34:070][376]LogModuleManager: Shutting down and abandoning module Paper2D (204)
[2017.06.14-12.21.34:070][376]LogModuleManager: Shutting down and abandoning module WindowsMoviePlayer (202)
[2017.06.14-12.21.34:070][376]LogModuleManager: Shutting down and abandoning module WmfMedia (200)
[2017.06.14-12.21.34:070][376]LogModuleManager: Shutting down and abandoning module MfMedia (198)
[2017.06.14-12.21.34:070][376]LogModuleManager: Shutting down and abandoning module MediaAssets (196)
[2017.06.14-12.21.34:070][376]LogModuleManager: Shutting down and abandoning module GameLiveStreaming (194)
[2017.06.14-12.21.34:070][376]LogModuleManager: Shutting down and abandoning module VREditor (192)
[2017.06.14-12.21.34:070][376]LogModuleManager: Shutting down and abandoning module GameplayTasksEditor (190)
[2017.06.14-12.21.34:070][376]LogModuleManager: Shutting down and abandoning module BehaviorTreeEditor (188)
[2017.06.14-12.21.34:070][376]LogModuleManager: Shutting down and abandoning module FunctionalTesting (186)
[2017.06.14-12.21.34:070][376]LogModuleManager: Shutting down and abandoning module CollisionAnalyzer (184)
[2017.06.14-12.21.34:070][376]LogModuleManager: Shutting down and abandoning module UMG (182)
[2017.06.14-12.21.34:070][376]LogModuleManager: Shutting down and abandoning module UMGEditor (181)
[2017.06.14-12.21.34:070][376]LogModuleManager: Shutting down and abandoning module Sequencer (180)
[2017.06.14-12.21.34:070][376]LogModuleManager: Shutting down and abandoning module AssetTools (178)
[2017.06.14-12.21.34:070][376]LogModuleManager: Shutting down and abandoning module MessageLog (177)
[2017.06.14-12.21.34:070][376]LogModuleManager: Shutting down and abandoning module WorkspaceMenuStructure (176)
[2017.06.14-12.21.34:070][376]LogModuleManager: Shutting down and abandoning module SlateReflector (170)
[2017.06.14-12.21.34:070][376]LogModuleManager: Shutting down and abandoning module Slate (168)
[2017.06.14-12.21.34:070][376]LogModuleManager: Shutting down and abandoning module EditorStyle (166)
[2017.06.14-12.21.34:075][376]LogModuleManager: Shutting down and abandoning module SourceCodeAccess (164)
[2017.06.14-12.21.34:075][376]LogModuleManager: Shutting down and abandoning module HeadMountedDisplay (162)
[2017.06.14-12.21.34:075][376]LogModuleManager: Shutting down and abandoning module XAudio2 (160)
[2017.06.14-12.21.34:075][376]LogModuleManager: Shutting down and abandoning module Networking (158)
[2017.06.14-12.21.34:075][376]LogModuleManager: Shutting down and abandoning module Core (154)
[2017.06.14-12.21.34:075][376]LogModuleManager: Shutting down and abandoning module AssetRegistry (152)
[2017.06.14-12.21.34:246][376]LogDirectoryWatcher: A directory notification for '../../../Engine/Content/' was aborted.
[2017.06.14-12.21.34:246][376]LogDirectoryWatcher: A directory notification for '../../../../../../Users/Marcus/Desktop/GitHub/UE4-Zero/UE4_Zero/Content/' was aborted.
[2017.06.14-12.21.34:246][376]LogDirectoryWatcher: A directory notification for '../../../Engine/Plugins/2D/Paper2D/Content/' was aborted.
[2017.06.14-12.21.34:246][376]LogModuleManager: Shutting down and abandoning module DirectoryWatcher (151)
[2017.06.14-12.21.34:247][376]LogModuleManager: Shutting down and abandoning module KismetCompiler (148)
[2017.06.14-12.21.34:247][376]LogModuleManager: Shutting down and abandoning module PhysXFormats (146)
[2017.06.14-12.21.34:247][376]LogModuleManager: Shutting down and abandoning module MeshUtilities (144)
[2017.06.14-12.21.34:247][376]LogModuleManager: Shutting down and abandoning module SimplygonSwarm (143)
[2017.06.14-12.21.34:247][376]LogModuleManager: Shutting down and abandoning module SimplygonMeshReduction (141)
[2017.06.14-12.21.34:247][376]LogModuleManager: Shutting down and abandoning module QuadricMeshReduction (139)
[2017.06.14-12.21.34:247][376]LogModuleManager: Shutting down and abandoning module PropertyEditor (137)
[2017.06.14-12.21.34:247][376]LogModuleManager: Shutting down and abandoning module DerivedDataCache (134)
[2017.06.14-12.21.34:322][376]LogDerivedDataCache: Shutdown
[2017.06.14-12.21.34:322][376]LogModuleManager: Shutting down and abandoning module TargetPlatform (132)
[2017.06.14-12.21.34:322][376]LogModuleManager: Shutting down and abandoning module VulkanShaderFormat (131)
[2017.06.14-12.21.34:322][376]LogModuleManager: Shutting down and abandoning module ShaderFormatOpenGL (129)
[2017.06.14-12.21.34:322][376]LogModuleManager: Shutting down and abandoning module ShaderFormatD3D (127)
[2017.06.14-12.21.34:322][376]LogModuleManager: Shutting down and abandoning module MetalShaderFormat (125)
[2017.06.14-12.21.34:322][376]LogModuleManager: Shutting down and abandoning module TextureFormatUncompressed (123)
[2017.06.14-12.21.34:322][376]LogModuleManager: Shutting down and abandoning module TextureFormatPVR (121)
[2017.06.14-12.21.34:322][376]LogModuleManager: Shutting down and abandoning module TextureFormatDXT (119)
[2017.06.14-12.21.34:322][376]LogModuleManager: Shutting down and abandoning module TextureFormatIntelISPCTexComp (117)
[2017.06.14-12.21.34:322][376]LogModuleManager: Shutting down and abandoning module TextureFormatASTC (115)
[2017.06.14-12.21.34:322][376]LogModuleManager: Shutting down and abandoning module ImageWrapper (114)
[2017.06.14-12.21.34:322][376]LogModuleManager: Shutting down and abandoning module TextureFormatAndroid (111)
[2017.06.14-12.21.34:322][376]LogModuleManager: Shutting down and abandoning module AudioFormatOpus (109)
[2017.06.14-12.21.34:322][376]LogModuleManager: Shutting down and abandoning module AudioFormatOgg (107)
[2017.06.14-12.21.34:322][376]LogModuleManager: Shutting down and abandoning module AudioFormatADPCM (105)
[2017.06.14-12.21.34:322][376]LogModuleManager: Shutting down and abandoning module LinuxTargetPlatform (103)
[2017.06.14-12.21.34:322][376]LogModuleManager: Shutting down and abandoning module LinuxServerTargetPlatform (101)
[2017.06.14-12.21.34:322][376]LogModuleManager: Shutting down and abandoning module LinuxNoEditorTargetPlatform (99)
[2017.06.14-12.21.34:322][376]LogModuleManager: Shutting down and abandoning module LinuxClientTargetPlatform (97)
[2017.06.14-12.21.34:322][376]LogModuleManager: Shutting down and abandoning module TVOSTargetPlatform (95)
[2017.06.14-12.21.34:322][376]LogModuleManager: Shutting down and abandoning module Messaging (93)
[2017.06.14-12.21.34:322][376]LogModuleManager: Shutting down and abandoning module IOSTargetPlatform (91)
[2017.06.14-12.21.34:322][376]LogModuleManager: Shutting down and abandoning module HTML5TargetPlatform (89)
[2017.06.14-12.21.34:322][376]LogModuleManager: Shutting down and abandoning module Android_PVRTCTargetPlatform (87)
[2017.06.14-12.21.34:322][376]LogModuleManager: Shutting down and abandoning module Android_MultiTargetPlatform (85)
[2017.06.14-12.21.34:322][376]LogModuleManager: Shutting down and abandoning module Android_ETC2TargetPlatform (83)
[2017.06.14-12.21.34:322][376]LogModuleManager: Shutting down and abandoning module Android_ETC1TargetPlatform (81)
[2017.06.14-12.21.34:322][376]LogModuleManager: Shutting down and abandoning module Android_DXTTargetPlatform (79)
[2017.06.14-12.21.34:322][376]LogModuleManager: Shutting down and abandoning module Android_ATCTargetPlatform (77)
[2017.06.14-12.21.34:322][376]LogModuleManager: Shutting down and abandoning module Android_ASTCTargetPlatform (75)
[2017.06.14-12.21.34:322][376]LogModuleManager: Shutting down and abandoning module AndroidTargetPlatform (73)
[2017.06.14-12.21.34:322][376]LogModuleManager: Shutting down and abandoning module WindowsTargetPlatform (71)
[2017.06.14-12.21.34:322][376]LogModuleManager: Shutting down and abandoning module WindowsServerTargetPlatform (69)
[2017.06.14-12.21.34:322][376]LogModuleManager: Shutting down and abandoning module WindowsNoEditorTargetPlatform (67)
[2017.06.14-12.21.34:322][376]LogModuleManager: Shutting down and abandoning module WindowsClientTargetPlatform (65)
[2017.06.14-12.21.34:322][376]LogModuleManager: Shutting down and abandoning module MacTargetPlatform (63)
[2017.06.14-12.21.34:322][376]LogModuleManager: Shutting down and abandoning module MacServerTargetPlatform (61)
[2017.06.14-12.21.34:322][376]LogModuleManager: Shutting down and abandoning module MacNoEditorTargetPlatform (59)
[2017.06.14-12.21.34:323][376]LogModuleManager: Shutting down and abandoning module MacClientTargetPlatform (57)
[2017.06.14-12.21.34:323][376]LogModuleManager: Shutting down and abandoning module AllDesktopTargetPlatform (55)
[2017.06.14-12.21.34:323][376]LogModuleManager: Shutting down and abandoning module InputCore (52)
[2017.06.14-12.21.34:323][376]LogModuleManager: Shutting down and abandoning module Settings (50)
[2017.06.14-12.21.34:323][376]LogModuleManager: Shutting down and abandoning module OculusRift (48)
[2017.06.14-12.21.34:323][376]LogModuleManager: Shutting down and abandoning module GearVR (46)
[2017.06.14-12.21.34:323][376]LogModuleManager: Shutting down and abandoning module ExampleDeviceProfileSelector (44)
[2017.06.14-12.21.34:323][376]LogModuleManager: Shutting down and abandoning module OnlineBlueprintSupport (42)
[2017.06.14-12.21.34:323][376]LogModuleManager: Shutting down and abandoning module OnlineSubsystem (38)
[2017.06.14-12.21.34:323][376]LogOnline:Display: Unloading online subsystem: NULL
[2017.06.14-12.21.34:323][376]LogModuleManager: Shutting down and abandoning module XMPP (37)
[2017.06.14-12.21.34:323][376]LogModuleManager: Shutting down and abandoning module HTTP (35)
[2017.06.14-12.21.34:323][376]LogHttp:Display: Http module shutting down, but needs to wait on 1 outstanding Http requests:
[2017.06.14-12.21.34:323][376]LogHttp:Display: 	verb=[POST] url=[https://datarouter.ol.epicgames.com/datarouter/api/v1/public/data?SessionID=%7B96272833-4787-47F8-F970-FFAB6CB8092C%7D&AppID=UEEditor.Rocket.Release&AppVersion=4.15.2-3416026%2B%2B%2BUE4%2BRelease-4.15&UserID=97d3f40d403ff4a258d6f980a741b4dc%7C969837ba78db4a5a8b4180254925176e%7C81706c51-5e4d-4c53-8181-bc8c50ced6a7&AppEnvironment=datacollector-binary&UploadType=eteventstream] status=Processing
[2017.06.14-12.21.34:327][376]LogModuleManager: Shutting down and abandoning module SSL (34)
[2017.06.14-12.21.34:328][376]LogModuleManager: Shutting down and abandoning module AudioEditor (30)
[2017.06.14-12.21.34:328][376]LogModuleManager: Shutting down and abandoning module TextureCompressor (28)
[2017.06.14-12.21.34:328][376]LogModuleManager: Shutting down and abandoning module ShaderCore (26)
[2017.06.14-12.21.34:328][376]LogModuleManager: Shutting down and abandoning module Landscape (24)
[2017.06.14-12.21.34:328][376]LogModuleManager: Shutting down and abandoning module SlateRHIRenderer (22)
[2017.06.14-12.21.34:329][376]LogModuleManager: Shutting down and abandoning module OpenGLDrv (20)
[2017.06.14-12.21.34:329][376]LogModuleManager: Shutting down and abandoning module D3D11RHI (18)
[2017.06.14-12.21.34:329][376]LogModuleManager: Shutting down and abandoning module AnimGraphRuntime (16)
[2017.06.14-12.21.34:329][376]LogModuleManager: Shutting down and abandoning module Renderer (14)
[2017.06.14-12.21.34:329][376]LogModuleManager: Shutting down and abandoning module Engine (12)
[2017.06.14-12.21.34:329][376]LogModuleManager: Shutting down and abandoning module CoreUObject (10)
[2017.06.14-12.21.34:329][376]LogModuleManager: Shutting down and abandoning module NetworkFile (8)
[2017.06.14-12.21.34:329][376]LogModuleManager: Shutting down and abandoning module StreamingFile (6)
[2017.06.14-12.21.34:329][376]LogModuleManager: Shutting down and abandoning module SandboxFile (4)
[2017.06.14-12.21.34:329][376]LogModuleManager: Shutting down and abandoning module PakFile (2)
[2017.06.14-12.21.34:331][376]LogExit: Exiting.
[2017.06.14-12.21.34:332][376]Log file closed, 06/14/17 13:21:34
