Log file open, 06/17/17 11:42:45
LogInit:Display: Running engine for game: UE4_Zero
LogPlatformFile: Not using cached read wrapper
LogInit:Display: RandInit(-1032613390) SRandInit(-1032613390).
LogTaskGraph: Started task graph with 5 named threads and 8 total threads with 1 sets of task threads.
LogStats: Stats thread started at 0.093359
LogInit: Using libcurl 7.47.1
LogInit:  - built for x86_64-pc-win32
LogInit:  - supports SSL with OpenSSL/1.0.2g
LogInit:  - supports HTTP deflate (compression) using libz 1.2.8
LogInit:  - other features:
LogInit:      CURL_VERSION_SSL
LogInit:      CURL_VERSION_LIBZ
LogInit:      CURL_VERSION_IPV6
LogInit:      CURL_VERSION_ASYNCHDNS
LogInit:      CURL_VERSION_LARGEFILE
LogInit:      CURL_VERSION_IDN
LogInit:  CurlRequestOptions (configurable via config and command line):
LogInit:  - bVerifyPeer = false  - Libcurl will NOT verify peer certificate
LogInit:  - bUseHttpProxy = false  - Libcurl will NOT use HTTP proxy
LogInit:  - bDontReuseConnections = false  - Libcurl will reuse connections
LogInit:  - CertBundlePath = nullptr  - Libcurl will use whatever was configured at build time.
LogInit: Build: ++UE4+Release-4.15-CL-3450819
LogInit: Engine Version: 4.15.3-3450819+++UE4+Release-4.15
LogInit: Compatible Engine Version: 4.15.0-3299760+++UE4+Release-4.15
LogInit: Net CL: 3299760
LogDevObjectVersion: Number of dev versions registered: 14
LogDevObjectVersion:   Dev-Blueprints (B0D832E4-1F89-4F0D-ACCF-7EB736FD4AA2): 8
LogDevObjectVersion:   Dev-Build (E1C64328-A22C-4D53-A36C-8E866417BD8C): 0
LogDevObjectVersion:   Dev-Core (375EC13C-06E4-48FB-B500-84F0262A717E): 2
LogDevObjectVersion:   Dev-Editor (E4B068ED-F494-42E9-A231-DA0B2E46BB41): 14
LogDevObjectVersion:   Dev-Framework (CFFC743F-43B0-4480-9391-14DF171D2073): 22
LogDevObjectVersion:   Dev-Mobile (B02B49B5-BB20-44E9-A304-32B752E40360): 0
LogDevObjectVersion:   Dev-Networking (A4E4105C-59A1-49B5-A7C5-40C4547EDFEE): 0
LogDevObjectVersion:   Dev-Online (39C831C9-5AE6-47DC-9A44-9C173E1C8E7C): 0
LogDevObjectVersion:   Dev-Physics (78F01B33-EBEA-4F98-B9B4-84EACCB95AA2): 0
LogDevObjectVersion:   Dev-Platform (6631380F-2D4D-43E0-8009-CF276956A95A): 0
LogDevObjectVersion:   Dev-Rendering (12F88B9F-8875-4AFC-A67C-D90C383ABD29): 12
LogDevObjectVersion:   Dev-Sequencer (7B5AE74C-D270-4C10-A958-57980B212A5A): 3
LogDevObjectVersion:   Dev-VR (D7296918-1DD6-4BDD-9DE2-64A83CC13884): 0
LogDevObjectVersion:   Dev-LoadTimes (C2A15278-BFE7-4AFE-6C17-90FF531DF755): 1
LogInit: Compiled (64-bit): May 21 2017 11:02:34
LogInit: Compiled with Visual C++: 19.00.23026.00
LogInit: Build Configuration: Development
LogInit: Branch Name: ++UE4+Release-4.15
LogInit: Command line: -EpicPortal 
LogInit: Base directory: C:/Program Files/Epic Games/UE_4.15/Engine/Binaries/Win64/
LogInit: Installed Engine Build: 1
LogInit: Presizing for max 8388607 objects, including 0 objects not considered by GC, pre-allocating 0 bytes for permanent pool.
LogInit: Object subsystem initialized
[2017.06.17-10.42.47:072][  0]LogInit: Selected Device Profile: [Windows]
[2017.06.17-10.42.47:072][  0]LogInit: Applying CVar settings loaded from the selected device profile: [Windows]
[2017.06.17-10.42.47:086][  0]LogInit: Computer: DESKTOP-E3PDIQS
[2017.06.17-10.42.47:086][  0]LogInit: User: Marcus
[2017.06.17-10.42.47:086][  0]LogInit: CPU Page size=65536, Cores=4
[2017.06.17-10.42.47:086][  0]LogInit: High frequency timer resolution =2.929686 MHz
[2017.06.17-10.42.47:086][  0]LogMemory: Memory total: Physical=16.0GB (16GB approx)
[2017.06.17-10.42.47:086][  0]LogMemory: Platform Memory Stats for Windows
[2017.06.17-10.42.47:086][  0]LogMemory: Process Physical Memory: 263.79 MB used, 263.79 MB peak
[2017.06.17-10.42.47:086][  0]LogMemory: Process Virtual Memory: 262.21 MB used, 262.21 MB peak
[2017.06.17-10.42.47:086][  0]LogMemory: Physical Memory: 6415.25 MB used,  9921.18 MB free, 16336.43 MB total
[2017.06.17-10.42.47:086][  0]LogMemory: Virtual Memory: 644.24 MB used,  9921.18 MB free, 134217728.00 MB total
[2017.06.17-10.42.47:372][  0]LogTextLocalizationManager: No specific translations for ('en-GB') exist, so ('en') translations will be used.
[2017.06.17-10.42.48:233][  0]LogD3D11RHI: D3D11 adapters:
[2017.06.17-10.42.48:842][  0]LogD3D11RHI:    0. 'NVIDIA GeForce GTX 1050' (Feature Level 11_0)
[2017.06.17-10.42.48:842][  0]LogD3D11RHI:       2006/0/8168 MB DedicatedVideo/DedicatedSystem/SharedSystem, Outputs:2, VendorId:0x10de
[2017.06.17-10.42.48:844][  0]LogD3D11RHI:    1. 'Microsoft Basic Render Driver' (Feature Level 11_0)
[2017.06.17-10.42.48:844][  0]LogD3D11RHI:       0/0/8168 MB DedicatedVideo/DedicatedSystem/SharedSystem, Outputs:0, VendorId:0x1414
[2017.06.17-10.42.48:844][  0]LogD3D11RHI: Chosen D3D11 Adapter: 0
[2017.06.17-10.42.48:850][  0]LogD3D11RHI: Creating new Direct3DDevice
[2017.06.17-10.42.48:850][  0]LogD3D11RHI:     GPU DeviceId: 0x1c81 (for the marketing name, search the web for "GPU Device Id")
[2017.06.17-10.42.48:850][  0]LogWindows: EnumDisplayDevices:
[2017.06.17-10.42.48:850][  0]LogWindows:    0. 'NVIDIA GeForce GTX 1050' (P:1 D:1)
[2017.06.17-10.42.48:850][  0]LogWindows:    1. 'NVIDIA GeForce GTX 1050' (P:0 D:1)
[2017.06.17-10.42.48:850][  0]LogWindows:    2. 'NVIDIA GeForce GTX 1050' (P:0 D:0)
[2017.06.17-10.42.48:850][  0]LogWindows:    3. 'NVIDIA GeForce GTX 1050' (P:0 D:0)
[2017.06.17-10.42.48:850][  0]LogWindows: DebugString: FoundDriverCount:4 
[2017.06.17-10.42.48:850][  0]LogD3D11RHI:     Adapter Name: NVIDIA GeForce GTX 1050
[2017.06.17-10.42.48:850][  0]LogD3D11RHI:   Driver Version: 382.33 (internal:22.21.13.8233, unified:382.33)
[2017.06.17-10.42.48:850][  0]LogD3D11RHI:      Driver Date: 5-17-2017
[2017.06.17-10.42.48:850][  0]LogRHI: Texture pool is 1361 MB (70% of 1945 MB)
[2017.06.17-10.42.49:465][  0]LogD3D11RHI: Async texture creation enabled
[2017.06.17-10.42.49:498][  0]LogD3D11RHI: GPU Timing Frequency: 1000.000000 (Debug: 2 1)
[2017.06.17-10.42.49:500][  0]LogShaderCompilers: Guid format shader working directory is -16 characters bigger than the processId version (../../../../../../Users/Marcus/Desktop/GitHub/UE4-Zero/UE4_Zero/Intermediate/Shaders/WorkingDirectory/9056/).
[2017.06.17-10.42.49:501][  0]LogShaderCompilers: Cleaned the shader compiler working directory 'C:/Users/Marcus/AppData/Local/Temp/UnrealShaderWorkingDir/F2F07BF747A5079F5B82A99CB3919713/'.
[2017.06.17-10.42.49:501][  0]LogShaderCompilers:Display: Using Local Shader Compiler.
[2017.06.17-10.42.50:898][  0]LogTemp:Display: Loaded TP AllDesktopTargetPlatform
[2017.06.17-10.42.51:083][  0]LogTemp:Display: Loaded TP MacClientTargetPlatform
[2017.06.17-10.42.51:812][  0]LogTemp:Display: Loaded TP MacNoEditorTargetPlatform
[2017.06.17-10.42.52:196][  0]LogTemp:Display: Loaded TP MacServerTargetPlatform
[2017.06.17-10.42.52:363][  0]LogTemp:Display: Loaded TP MacTargetPlatform
[2017.06.17-10.42.52:525][  0]LogTemp:Display: Loaded TP WindowsClientTargetPlatform
[2017.06.17-10.42.52:689][  0]LogTemp:Display: Loaded TP WindowsNoEditorTargetPlatform
[2017.06.17-10.42.52:854][  0]LogTemp:Display: Loaded TP WindowsServerTargetPlatform
[2017.06.17-10.42.53:006][  0]LogTemp:Display: Loaded TP WindowsTargetPlatform
[2017.06.17-10.42.53:171][  0]LogTemp:Display: Loaded TP AndroidTargetPlatform
[2017.06.17-10.42.53:342][  0]LogTemp:Display: Loaded TP Android_ASTCTargetPlatform
[2017.06.17-10.42.53:511][  0]LogTemp:Display: Loaded TP Android_ATCTargetPlatform
[2017.06.17-10.42.53:675][  0]LogTemp:Display: Loaded TP Android_DXTTargetPlatform
[2017.06.17-10.42.53:834][  0]LogTemp:Display: Loaded TP Android_ETC1TargetPlatform
[2017.06.17-10.42.53:995][  0]LogTemp:Display: Loaded TP Android_ETC2TargetPlatform
[2017.06.17-10.42.54:319][  0]LogTemp:Display: Loaded TP Android_MultiTargetPlatform
[2017.06.17-10.42.54:319][  0]LogTemp:Display: Loaded TP Android_PVRTCTargetPlatform
[2017.06.17-10.42.54:467][  0]LogTemp:Display: Loaded TP HTML5TargetPlatform
[2017.06.17-10.42.54:736][  0]LogTemp:Display: Loaded TP IOSTargetPlatform
[2017.06.17-10.42.54:838][  0]LogTemp:Display: Loaded TP TVOSTargetPlatform
[2017.06.17-10.42.55:003][  0]LogTemp:Display: Loaded TP LinuxClientTargetPlatform
[2017.06.17-10.42.55:168][  0]LogTemp:Display: Loaded TP LinuxNoEditorTargetPlatform
[2017.06.17-10.42.55:330][  0]LogTemp:Display: Loaded TP LinuxServerTargetPlatform
[2017.06.17-10.42.55:487][  0]LogTemp:Display: Loaded TP LinuxTargetPlatform
[2017.06.17-10.42.55:487][  0]LogTargetPlatformManager:Display: Building Assets For Windows
[2017.06.17-10.42.57:272][  0]LogDerivedDataCache:Display: Max Cache Size: 512 MB
[2017.06.17-10.42.57:325][  0]LogDerivedDataCache: Loaded boot cache 0.05s 60MB C:/Users/Marcus/AppData/Local/UnrealEngine/4.15/DerivedDataCache/Boot.ddc.
[2017.06.17-10.42.57:325][  0]LogDerivedDataCache:Display: Loaded Boot cache: C:/Users/Marcus/AppData/Local/UnrealEngine/4.15/DerivedDataCache/Boot.ddc
[2017.06.17-10.42.57:325][  0]LogDerivedDataCache: FDerivedDataBackendGraph:  Pak pak cache file ../../../../../../Users/Marcus/Desktop/GitHub/UE4-Zero/UE4_Zero/DerivedDataCache/DDC.ddp not found, will not use a pak cache.
[2017.06.17-10.42.57:325][  0]LogDerivedDataCache: Unable to find inner node Pak for hierarchical cache Hierarchy.
[2017.06.17-10.42.57:325][  0]LogDerivedDataCache: FDerivedDataBackendGraph:  CompressedPak pak cache file ../../../../../../Users/Marcus/Desktop/GitHub/UE4-Zero/UE4_Zero/DerivedDataCache/Compressed.ddp not found, will not use a pak cache.
[2017.06.17-10.42.57:325][  0]LogDerivedDataCache: Unable to find inner node CompressedPak for hierarchical cache Hierarchy.
[2017.06.17-10.42.57:341][  0]LogDerivedDataCache:Display: Pak cache opened for reading ../../../Engine/DerivedDataCache/Compressed.ddp.
[2017.06.17-10.42.57:354][  0]LogDerivedDataCache: Using Local data cache path C:/Users/Marcus/AppData/Local/UnrealEngine/Common/DerivedDataCache: Writable
[2017.06.17-10.42.57:363][  0]LogSlate: Using Freetype 2.6.0
[2017.06.17-10.42.57:365][  0]LogSlate: SlateFontCache - WITH_FREETYPE: 1, WITH_HARFBUZZ: 1
[2017.06.17-10.42.57:365][  0]LogSlate: SlateFontCache - WITH_FREETYPE: 1, WITH_HARFBUZZ: 1
[2017.06.17-10.42.58:398][  0]LogInit: Selected Device Profile: [Windows]
[2017.06.17-10.42.58:401][  0]LogContentStreaming: Texture pool size is 0.00 MB
[2017.06.17-10.42.58:918][  0]LogMeshUtilities: Using QuadricMeshReduction for automatic static mesh reduction
[2017.06.17-10.42.59:086][  0]LogSimplygon: Simplygon DLL not present - disabling.
[2017.06.17-10.42.59:251][  0]LogMeshUtilities: Using SimplygonSwarm for distributed automatic mesh merging
[2017.06.17-10.42.59:251][  0]LogMeshUtilities: No automatic skeletal mesh reduction module available
[2017.06.17-10.42.59:251][  0]LogMeshUtilities: No automatic mesh merging module available
[2017.06.17-10.43.00:310][  0]LogNetVersion: GetLocalNetworkVersion: CL: 3299760, ProjectName: ue4_zero, ProjectVersion: , EngineNetworkVersion: 2, GameNetworkVersion: 0, NetworkChecksum: 276590260
[2017.06.17-10.43.00:425][  0]LogAssetRegistry: FAssetRegistry took 0.0221 seconds to start up
[2017.06.17-10.43.01:281][  0]LogPackageLocalizationCache: Processed 3 localized package path(s) for 2 prioritized culture(s) in 0.763956 seconds
[2017.06.17-10.43.01:286][  0]LogUObjectArray: 32493 objects as part of root set at end of initial load.
[2017.06.17-10.43.01:286][  0]LogUObjectAllocator: 7077032 out of 0 bytes used by permanent object pool.
[2017.06.17-10.43.01:286][  0]LogUObjectArray: CloseDisregardForGC: 0/0 objects in disregard for GC pool
[2017.06.17-10.43.01:568][  0]LogInit: WinSock: version 1.1 (2.2), MaxSocks=32767, MaxUdp=65467
[2017.06.17-10.43.06:463][  0]LogTcpMessaging: Initializing TcpMessaging bridge
[2017.06.17-10.43.06:583][  0]LogUdpMessaging: Initializing bridge on interface 0.0.0.0:0 to multicast group 230.0.0.1:6666.
[2017.06.17-10.43.08:289][  0]LogMaterial: Uniform references updated for custom material expression Custom.
[2017.06.17-10.43.09:570][  0]SourceControl: Info Source control is disabled
[2017.06.17-10.43.09:572][  0]SourceControl: Info Source control is disabled
[2017.06.17-10.43.09:751][  0]SourceControl: Info Source control is disabled
[2017.06.17-10.43.09:947][  0]SourceControl: Info Source control is disabled
[2017.06.17-10.43.14:601][  0]LogEngine: Initializing Engine...
[2017.06.17-10.43.14:602][  0]LogHMD: Failed to initialize OpenVR with code 110
[2017.06.17-10.43.14:731][  0]LogStats: UGameplayTagsManager::ConstructGameplayTagTree: Construct from data asset -  0.000 s
[2017.06.17-10.43.14:731][  0]LogStats: UGameplayTagsManager::ConstructGameplayTagTree: GameplayTagTreeChangedEvent.Broadcast -  0.000 s
[2017.06.17-10.43.15:195][  0]LogAIModule: Creating AISystem for world Untitled
[2017.06.17-10.43.15:202][  0]LogInit: XAudio2 using 'Digital Audio (S/PDIF) (High Definition Audio Device)' : 2 channels at 44.1 kHz using 16 bits per sample (channel mask 0x3)
[2017.06.17-10.43.15:220][  0]LogInit: FAudioDevice initialized.
[2017.06.17-10.43.15:244][  0]LogDerivedDataCache: Saved boot cache 0.02s 50MB C:/Users/Marcus/AppData/Local/UnrealEngine/4.15/DerivedDataCache/Boot.ddc.
[2017.06.17-10.43.15:249][  0]LogInit: Texture streaming: Enabled
[2017.06.17-10.43.15:629][  0]LogEngineSessionManager: EngineSessionManager initialized
[2017.06.17-10.43.16:200][  0]LogInit: Transaction tracking system initialized
[2017.06.17-10.43.17:528][  0]BlueprintLog: New page: Editor Load
[2017.06.17-10.43.20:938][  0]LocalizationService: Info Localization service is disabled
[2017.06.17-10.43.24:016][  0]LogConsoleResponse:Display: 
[2017.06.17-10.43.24:594][  0]LogCook:Display: Max memory allowance for cook 16384mb min free memory 0mb
[2017.06.17-10.43.24:595][  0]LogCook:Display: Mobile HDR setting 1
[2017.06.17-10.43.24:801][  0]LogFileCache: Scanning file cache for directory 'C:/Users/Marcus/Desktop/GitHub/UE4-Zero/UE4_Zero/Content/' took 0.02s
[2017.06.17-10.43.28:654][  0]SourceControl: Info Source control is disabled
[2017.06.17-10.43.28:772][  0]LogWindowsTextInputMethodSystem:Display: IME system now deactivated.
[2017.06.17-10.43.28:799][  0]LogSlate: Took 0.000285 seconds to synchronously load lazily loaded font '../../../Engine/Content/Slate/Fonts/Roboto-Regular.ttf' (155K)
[2017.06.17-10.43.41:913][  0]LogWindowsTextInputMethodSystem:Display: IME system now deactivated.
[2017.06.17-10.43.41:915][  0]LogWindowsTextInputMethodSystem:Display: IME system now deactivated.
[2017.06.17-10.43.43:709][  0]LogWindowsTextInputMethodSystem:Display: IME system now deactivated.
[2017.06.17-10.43.43:711][  0]LogWindowsTextInputMethodSystem:Display: IME system now deactivated.
[2017.06.17-10.43.43:723][  0]Cmd: MAP LOAD FILE="../../../../../../Users/Marcus/Desktop/GitHub/UE4-Zero/UE4_Zero/Content/Maps/Start.umap" TEMPLATE=0 SHOWPROGRESS=1 FEATURELEVEL=3
[2017.06.17-10.43.43:724][  0]LightingResults: New page: Lighting Build
[2017.06.17-10.43.43:885][  0]MapCheck: New page: Map Check
[2017.06.17-10.43.43:885][  0]LightingResults: New page: Lighting Build
[2017.06.17-10.43.44:257][  0]LogAIModule: Creating AISystem for world Start
[2017.06.17-10.43.44:310][  0]LogEditorServer: Finished looking for orphan Actors (0.000 secs)
[2017.06.17-10.43.44:333][  0]Cmd: MAP CHECKDEP NOCLEARLOG
[2017.06.17-10.43.44:437][  0]MapCheck: Info Map check complete: 0 Error(s), 0 Warning(s), took 103.31ms to complete.
[2017.06.17-10.43.44:437][  0]LogFileHelpers: Loading map 'Start' took 0.714
[2017.06.17-10.43.45:005][  0]LogStats:Warning: MetaData mismatch. Did you assign a stat to two groups? New //STATGROUP_Threads//SplashScreenThread///Thread_29a0_0///####STATCAT_Advanced#### old //STATGROUP_Threads//SplashScreenThread///Thread_1ec8_0///####STATCAT_Advanced####
[2017.06.17-10.43.45:005][  0]LogCollectionManager: Loaded 0 collections in 0.002185 seconds
[2017.06.17-10.43.45:263][  0]LogFileCache: Scanning file cache for directory 'C:/Users/Marcus/Desktop/GitHub/UE4-Zero/UE4_Zero/Saved/Collections/' took 0.01s
[2017.06.17-10.43.45:263][  0]LogFileCache: Scanning file cache for directory 'C:/Users/Marcus/Desktop/GitHub/UE4-Zero/UE4_Zero/Content/Developers/Marcus/Collections/' took 0.01s
[2017.06.17-10.43.45:263][  0]LogFileCache: Scanning file cache for directory 'C:/Users/Marcus/Desktop/GitHub/UE4-Zero/UE4_Zero/Content/Collections/' took 0.01s
[2017.06.17-10.43.45:263][  0]LogCollectionManager: Rebuilt the GUID cache for 0 collections in 0.000002 seconds
[2017.06.17-10.43.45:289][  0]LogContentBrowser: Native class hierarchy populated in 0.0099 seconds. Added 2249 classes and 455 folders.
[2017.06.17-10.43.45:561][  0]LogContentBrowser: Native class hierarchy updated for 'WidgetCarousel' in 0.0027 seconds. Added 0 classes and 0 folders.
[2017.06.17-10.43.46:771][  0]LogContentBrowser: Native class hierarchy updated for 'AddContentDialog' in 0.0025 seconds. Added 0 classes and 0 folders.
[2017.06.17-10.43.47:105][  0]LogContentBrowser: Native class hierarchy updated for 'SceneOutliner' in 0.0028 seconds. Added 1 classes and 2 folders.
[2017.06.17-10.43.47:647][  0]LogCrashTracker: Crashtracker disabled due to settings.
[2017.06.17-10.43.47:751][  0]LogUObjectGlobals:Warning: Failed to find object 'Class None.'
[2017.06.17-10.43.48:044][  0]LogContentBrowser: Native class hierarchy updated for 'HierarchicalLODOutliner' in 0.0027 seconds. Added 1 classes and 2 folders.
[2017.06.17-10.43.48:044][  0]LogLoad: (Engine Initialization) Total time: 66.36 seconds
[2017.06.17-10.43.48:044][  0]LogLoad: (Engine Initialization) Total Blueprint compile time: 0.20 seconds
[2017.06.17-10.43.48:044][  0]LogExternalProfiler: Found external profiler: VSPerf
[2017.06.17-10.43.48:044][  0]LogExternalProfiler: Using external profiler: VSPerf
[2017.06.17-10.43.48:053][  0]LogOcInput: OculusInput pre-init called
[2017.06.17-10.43.48:199][  0]LogContentStreaming: Texture pool size now 1000 MB
[2017.06.17-10.43.48:201][  0]LogSlate: Took 0.000294 seconds to synchronously load lazily loaded font '../../../Engine/Content/Slate/Fonts/Roboto-Bold.ttf' (160K)
[2017.06.17-10.43.48:251][  0]LogSlate: Took 0.020571 seconds to synchronously load lazily loaded font '../../../Engine/Content/Editor/Slate/Fonts/FontAwesome.ttf' (139K)
[2017.06.17-10.43.48:633][  0]LogSlate: Took 0.000426 seconds to synchronously load lazily loaded font '../../../Engine/Content/Slate/Fonts/Roboto-Light.ttf' (159K)
[2017.06.17-10.43.48:662][  0]LogRenderer: Reallocating scene render targets to support 1208x576 NumSamples 1 (Frame:2).
[2017.06.17-10.43.48:761][  1]LogCollectionManager: Rebuilt the object cache for 0 collections in 0.000003 seconds (found 0 objects)
[2017.06.17-10.43.48:770][  1]LogAssetRegistry: Asset discovery search completed in 48.3665 seconds
[2017.06.17-10.43.48:770][  1]LogCollectionManager: Fixed up redirectors for 0 collections in 0.000001 seconds (updated 0 objects)
[2017.06.17-10.52.54:812][466]LogTemp: Repeting last play command: Selected Viewport
[2017.06.17-10.52.54:822][466]LogPlayLevel: PlayLevel: No blueprints needed recompiling
[2017.06.17-10.52.54:823][466]PIE: New page: PIE session: Start (17 Jun 2017 12:52:54)
[2017.06.17-10.52.54:823][466]LogPlayLevel: Creating play world package: /Game/Maps/UEDPIE_0_Start
[2017.06.17-10.52.54:825][466]LogPlayLevel: PIE: StaticDuplicateObject took: (0.002424s)
[2017.06.17-10.52.54:826][466]LogAIModule: Creating AISystem for world Start
[2017.06.17-10.52.54:826][466]LogPlayLevel: PIE: World Init took: (0.000919s)
[2017.06.17-10.52.54:826][466]LogPlayLevel: PIE: Created PIE world by copying editor world from /Game/Maps/Start.Start to /Game/Maps/UEDPIE_0_Start.Start (0.003582s)
[2017.06.17-10.52.54:840][466]LogInit: XAudio2 using 'Digital Audio (S/PDIF) (High Definition Audio Device)' : 2 channels at 44.1 kHz using 16 bits per sample (channel mask 0x3)
[2017.06.17-10.52.54:849][466]LogInit: FAudioDevice initialized.
[2017.06.17-10.52.54:923][466]LogLoad: Game class is 'My_UE4_ZeroGameModeBase_C'
[2017.06.17-10.52.54:925][466]LogWorld: Bringing World /Game/Maps/UEDPIE_0_Start.Start up for play (max tick rate 0) at 2017.06.17-11.52.54
[2017.06.17-10.52.54:926][466]LogWorld: Bringing up level for play took: 0.001502
[2017.06.17-10.52.55:080][466]LogContentBrowser: Native class hierarchy updated for 'MovieSceneCapture' in 0.0031 seconds. Added 11 classes and 0 folders.
[2017.06.17-10.52.55:082][466]PIE: Info Play in editor start time for /Game/Maps/UEDPIE_0_Start -0.224
[2017.06.17-10.53.42:592][751]LogSlate: Took 0.001947 seconds to synchronously load lazily loaded font '../../../Engine/Content/Slate/Fonts/Roboto-Light.ttf' (159K)
[2017.06.17-10.53.51:259][777]LogSlate: Took 0.000250 seconds to synchronously load lazily loaded font '../../../Engine/Content/Slate/Fonts/Roboto-Light.ttf' (159K)
[2017.06.17-10.53.51:364][777]LogSavePackage: Save=32.46ms
[2017.06.17-10.53.51:364][777]LogSavePackage: Moving '../../../../../../Users/Marcus/Desktop/GitHub/UE4-Zero/UE4_Zero/Saved/Start_Auto1569DC65B461398217B3E0097AA612674.tmp' to '../../../../../../Users/Marcus/Desktop/GitHub/UE4-Zero/UE4_Zero/Saved/Autosaves/Game/Maps/Start_Auto1.umap'
[2017.06.17-10.53.51:370][777]LogSavePackage:Display: Finished SavePackage ../../../../../../Users/Marcus/Desktop/GitHub/UE4-Zero/UE4_Zero/Saved/Autosaves/Game/Maps/Start_Auto1.umap
[2017.06.17-10.53.51:372][777]LogFileHelpers: Editor autosave (incl. sublevels) for '/Game/Maps/Start' took 0.080
[2017.06.17-10.53.51:372][777]LogFileHelpers: Editor autosave (incl. sublevels) for all levels took 0.080
[2017.06.17-10.58.46:012][936]Recompiling UE4_Zero...
[2017.06.17-10.58.46:012][936]Launching UnrealBuildTool... [C:/Program Files/Epic Games/UE_4.15/Engine/Binaries/DotNET/UnrealBuildTool.exe UE4_Zero -ModuleWithSuffix UE4_Zero 9893 Win64 Development -editorrecompile -canskiplink "C:/Users/Marcus/Desktop/GitHub/UE4-Zero/UE4_Zero/UE4_Zero.uproject" ]
[2017.06.17-10.58.46:022][936]Warning: Starting HotReload took  0.1s.
[2017.06.17-11.00.13:610][281]CompilerResultsLog: New page: Compilation - 17 Jun 2017 13:00:13
[2017.06.17-11.00.13:610][281]CompilerResultsLog: Info Performing full C++ include scan (hot reloading a new target)
[2017.06.17-11.00.13:610][281]CompilerResultsLog: Info Compiling game modules for hot reload
[2017.06.17-11.00.13:610][281]CompilerResultsLog: Info Parsing headers for UE4_ZeroEditor
[2017.06.17-11.00.13:610][281]CompilerResultsLog: Info   Running UnrealHeaderTool "C:\Users\Marcus\Desktop\GitHub\UE4-Zero\UE4_Zero\UE4_Zero.uproject" "C:\Users\Marcus\Desktop\GitHub\UE4-Zero\UE4_Zero\Intermediate\Build\Win64\UE4_ZeroEditor\Development\UE4_ZeroEditor.uhtmanifest" -LogCmds="loginit warning, logexit warning, logdatabase error" -Unattended -WarningsAsErrors -installed
[2017.06.17-11.00.13:610][281]CompilerResultsLog: Info Reflection code generated for UE4_ZeroEditor in 4.5558462 seconds
[2017.06.17-11.00.13:610][281]CompilerResultsLog: Info Performing 5 actions (4 in parallel)
[2017.06.17-11.00.13:610][281]CompilerResultsLog: Info UE4_Zero.generated.cpp
[2017.06.17-11.00.13:610][281]CompilerResultsLog: Info PlayerZero.cpp
[2017.06.17-11.00.13:610][281]CompilerResultsLog: Info My_PlayerController.cpp
[2017.06.17-11.00.13:610][281]CompilerResultsLog:Error: Error C:\Users\Marcus\Desktop\GitHub\UE4-Zero\UE4_Zero\Source\UE4_Zero\PlayerZero.cpp(30) : error C2065: 'ObjectInitializer': undeclared identifier
[2017.06.17-11.00.13:610][281]CompilerResultsLog:Error: Error C:\Users\Marcus\Desktop\GitHub\UE4-Zero\UE4_Zero\Source\UE4_Zero\PlayerZero.cpp(36) : error C2065: 'ObjectInitializer': undeclared identifier
[2017.06.17-11.00.13:611][281]CompilerResultsLog: Info ERROR: UBT ERROR: Failed to produce item: C:\Users\Marcus\Desktop\GitHub\UE4-Zero\UE4_Zero\Binaries\Win64\UE4Editor-UE4_Zero-9893.dll
[2017.06.17-11.00.13:611][281]CompilerResultsLog: Info Total build time: 87.18 seconds (Local executor: 0.00 seconds)
[2017.06.17-11.00.13:611][281]LogMainFrame: MainFrame: Module compiling took 87.604 seconds
[2017.06.17-11.00.13:611][281]Warning: HotReload failed, recompile failed
[2017.06.17-11.12.59:479][859]Cmd: OBJ SAVEPACKAGE PACKAGE="/Game/Maps/Start" FILE="../../../../../../Users/Marcus/Desktop/GitHub/UE4-Zero/UE4_Zero/Content/Maps/Start.umap" SILENT=true AUTOSAVING=false KEEPDIRTY=false
[2017.06.17-11.12.59:535][859]LogSavePackage: Save=28.32ms
[2017.06.17-11.12.59:535][859]LogSavePackage: Moving '../../../../../../Users/Marcus/Desktop/GitHub/UE4-Zero/UE4_Zero/Saved/Start8924270A46E6C17F6063589E29ADE184.tmp' to '../../../../../../Users/Marcus/Desktop/GitHub/UE4-Zero/UE4_Zero/Content/Maps/Start.umap'
[2017.06.17-11.12.59:540][859]LogSavePackage:Display: Finished SavePackage ../../../../../../Users/Marcus/Desktop/GitHub/UE4-Zero/UE4_Zero/Content/Maps/Start.umap
[2017.06.17-11.12.59:563][859]LogFileHelpers: Saving map 'Start' took 0.211
[2017.06.17-11.13.00:036][860]Cmd: QUIT_EDITOR
[2017.06.17-11.13.00:290][860]LogWindowsTextInputMethodSystem:Display: IME system now deactivated.
[2017.06.17-11.13.00:316][860]LogExit: Preparing to exit.
[2017.06.17-11.13.01:097][860]LogDirectoryWatcher: A directory notification for 'C:/Users/Marcus/Desktop/GitHub/UE4-Zero/UE4_Zero/Content/' was aborted.
[2017.06.17-11.13.01:112][860]LogExit: Editor shut down
[2017.06.17-11.13.01:112][860]LogExit: Transaction tracking system shut down
[2017.06.17-11.13.01:158][860]LogObj: Freed 0b from 0 cluster array pools.
[2017.06.17-11.13.01:158][860]LogExit: Object subsystem successfully closed.
[2017.06.17-11.13.01:175][860]LogD3D11RHI: Shutdown
[2017.06.17-11.13.01:175][860]LogD3D11RHI: CleanupD3DDevice
[2017.06.17-11.13.01:220][860]LogD3D11RHI: ~FD3D11DynamicRHI
[2017.06.17-11.13.01:265][860]LogModuleManager: Shutting down and abandoning module MovieSceneCapture (502)
[2017.06.17-11.13.01:265][860]LogModuleManager: Shutting down and abandoning module HierarchicalLODOutliner (500)
[2017.06.17-11.13.01:265][860]LogModuleManager: Shutting down and abandoning module CrashTracker (498)
[2017.06.17-11.13.01:265][860]LogModuleManager: Shutting down and abandoning module SceneOutliner (496)
[2017.06.17-11.13.01:265][860]LogModuleManager: Shutting down and abandoning module AddContentDialog (494)
[2017.06.17-11.13.01:265][860]LogDirectoryWatcher: A directory notification for 'C:/Program Files/Epic Games/UE_4.15/FeaturePacks/' was aborted.
[2017.06.17-11.13.01:266][860]LogModuleManager: Shutting down and abandoning module WidgetCarousel (493)
[2017.06.17-11.13.01:266][860]LogModuleManager: Shutting down and abandoning module EditorWidgets (490)
[2017.06.17-11.13.01:266][860]LogModuleManager: Shutting down and abandoning module CollectionManager (488)
[2017.06.17-11.13.01:266][860]LogDirectoryWatcher: A directory notification for 'C:/Users/Marcus/Desktop/GitHub/UE4-Zero/UE4_Zero/Content/Collections/' was aborted.
[2017.06.17-11.13.01:266][860]LogDirectoryWatcher: A directory notification for 'C:/Users/Marcus/Desktop/GitHub/UE4-Zero/UE4_Zero/Content/Developers/Marcus/Collections/' was aborted.
[2017.06.17-11.13.01:266][860]LogDirectoryWatcher: A directory notification for 'C:/Users/Marcus/Desktop/GitHub/UE4-Zero/UE4_Zero/Saved/Collections/' was aborted.
[2017.06.17-11.13.01:266][860]LogModuleManager: Shutting down and abandoning module StatsViewer (486)
[2017.06.17-11.13.01:266][860]LogModuleManager: Shutting down and abandoning module FoliageEdit (484)
[2017.06.17-11.13.01:266][860]LogModuleManager: Shutting down and abandoning module LandscapeEditor (482)
[2017.06.17-11.13.01:266][860]LogModuleManager: Shutting down and abandoning module SceneDepthPickerMode (480)
[2017.06.17-11.13.01:266][860]LogModuleManager: Shutting down and abandoning module ActorPickerMode (478)
[2017.06.17-11.13.01:266][860]LogModuleManager: Shutting down and abandoning module GeometryMode (476)
[2017.06.17-11.13.01:266][860]LogModuleManager: Shutting down and abandoning module TextureAlignMode (474)
[2017.06.17-11.13.01:266][860]LogModuleManager: Shutting down and abandoning module BspMode (472)
[2017.06.17-11.13.01:266][860]LogModuleManager: Shutting down and abandoning module HardwareSurvey (470)
[2017.06.17-11.13.01:266][860]LogModuleManager: Shutting down and abandoning module SequenceRecorderSections (468)
[2017.06.17-11.13.01:266][860]LogModuleManager: Shutting down and abandoning module AutomationWorker (466)
[2017.06.17-11.13.01:266][860]LogModuleManager: Shutting down and abandoning module MatineeToLevelSequence (464)
[2017.06.17-11.13.01:266][860]LogModuleManager: Shutting down and abandoning module LevelSequenceEditor (462)
[2017.06.17-11.13.01:266][860]LogModuleManager: Shutting down and abandoning module PlacementMode (461)
[2017.06.17-11.13.01:267][860]LogModuleManager: Shutting down and abandoning module WmfMediaFactory (458)
[2017.06.17-11.13.01:267][860]LogModuleManager: Shutting down and abandoning module WmfMediaEditor (456)
[2017.06.17-11.13.01:267][860]LogModuleManager: Shutting down and abandoning module MfMediaFactory (454)
[2017.06.17-11.13.01:267][860]LogModuleManager: Shutting down and abandoning module MfMediaEditor (452)
[2017.06.17-11.13.01:267][860]LogModuleManager: Shutting down and abandoning module AvfMediaFactory (450)
[2017.06.17-11.13.01:267][860]LogModuleManager: Shutting down and abandoning module AvfMediaEditor (448)
[2017.06.17-11.13.01:267][860]LogModuleManager: Shutting down and abandoning module AndroidMediaFactory (446)
[2017.06.17-11.13.01:267][860]LogModuleManager: Shutting down and abandoning module Media (445)
[2017.06.17-11.13.01:267][860]LogModuleManager: Shutting down and abandoning module AndroidMediaEditor (442)
[2017.06.17-11.13.01:267][860]LogModuleManager: Shutting down and abandoning module CharacterAI (440)
[2017.06.17-11.13.01:267][860]LogModuleManager: Shutting down and abandoning module AudioCapture (438)
[2017.06.17-11.13.01:267][860]LogModuleManager: Shutting down and abandoning module SequenceRecorder (437)
[2017.06.17-11.13.01:267][860]LogModuleManager: Shutting down and abandoning module SmartSnapping (434)
[2017.06.17-11.13.01:267][860]LogModuleManager: Shutting down and abandoning module SessionServices (432)
[2017.06.17-11.13.01:267][860]LogModuleManager: Shutting down and abandoning module ViewportSnapping (430)
[2017.06.17-11.13.01:267][860]LogModuleManager: Shutting down and abandoning module ViewportInteraction (428)
[2017.06.17-11.13.01:267][860]LogModuleManager: Shutting down and abandoning module LogVisualizer (426)
[2017.06.17-11.13.01:267][860]LogModuleManager: Shutting down and abandoning module IntroTutorials (424)
[2017.06.17-11.13.01:267][860]LogModuleManager: Shutting down and abandoning module GameProjectGeneration (423)
[2017.06.17-11.13.01:267][860]LogModuleManager: Shutting down and abandoning module EditorLiveStreaming (420)
[2017.06.17-11.13.01:267][860]LogModuleManager: Shutting down and abandoning module IOSPlatformEditor (418)
[2017.06.17-11.13.01:267][860]LogModuleManager: Shutting down and abandoning module HTML5PlatformEditor (416)
[2017.06.17-11.13.01:267][860]LogModuleManager: Shutting down and abandoning module AndroidPlatformEditor (414)
[2017.06.17-11.13.01:267][860]LogModuleManager: Shutting down and abandoning module AndroidDeviceDetection (413)
[2017.06.17-11.13.01:486][860]LogModuleManager: Shutting down and abandoning module IOSRuntimeSettings (410)
[2017.06.17-11.13.01:486][860]LogModuleManager: Shutting down and abandoning module AndroidRuntimeSettings (408)
[2017.06.17-11.13.01:486][860]LogModuleManager: Shutting down and abandoning module InputBindingEditor (406)
[2017.06.17-11.13.01:486][860]LogModuleManager: Shutting down and abandoning module NiagaraEditor (404)
[2017.06.17-11.13.01:486][860]LogModuleManager: Shutting down and abandoning module MergeActors (402)
[2017.06.17-11.13.01:486][860]LogModuleManager: Shutting down and abandoning module SizeMap (400)
[2017.06.17-11.13.01:486][860]LogModuleManager: Shutting down and abandoning module TreeMap (398)
[2017.06.17-11.13.01:486][860]LogModuleManager: Shutting down and abandoning module ReferenceViewer (396)
[2017.06.17-11.13.01:486][860]LogModuleManager: Shutting down and abandoning module LocalizationDashboard (394)
[2017.06.17-11.13.01:486][860]LogModuleManager: Shutting down and abandoning module LocalizationService (393)
[2017.06.17-11.13.01:486][860]LogModuleManager: Shutting down and abandoning module HardwareTargeting (390)
[2017.06.17-11.13.01:486][860]LogModuleManager: Shutting down and abandoning module DeviceProfileEditor (388)
[2017.06.17-11.13.01:486][860]LogModuleManager: Shutting down and abandoning module UndoHistory (386)
[2017.06.17-11.13.01:486][860]LogModuleManager: Shutting down and abandoning module UserFeedback (384)
[2017.06.17-11.13.01:486][860]LogModuleManager: Shutting down and abandoning module XmlParser (382)
[2017.06.17-11.13.01:486][860]LogModuleManager: Shutting down and abandoning module Blutility (380)
[2017.06.17-11.13.01:486][860]LogModuleManager: Shutting down and abandoning module ProjectSettingsViewer (378)
[2017.06.17-11.13.01:486][860]LogModuleManager: Shutting down and abandoning module ProjectTargetPlatformEditor (377)
[2017.06.17-11.13.01:486][860]LogModuleManager: Shutting down and abandoning module EditorSettingsViewer (374)
[2017.06.17-11.13.01:486][860]LogModuleManager: Shutting down and abandoning module SettingsEditor (372)
[2017.06.17-11.13.01:486][860]LogModuleManager: Shutting down and abandoning module ProjectLauncher (370)
[2017.06.17-11.13.01:487][860]LogModuleManager: Shutting down and abandoning module SessionFrontend (368)
[2017.06.17-11.13.01:487][860]LogModuleManager: Shutting down and abandoning module ProfilerClient (366)
[2017.06.17-11.13.01:487][860]LogModuleManager: Shutting down and abandoning module DeviceManager (364)
[2017.06.17-11.13.01:487][860]LogModuleManager: Shutting down and abandoning module TargetDeviceServices (363)
[2017.06.17-11.13.01:528][860]LogModuleManager: Shutting down and abandoning module AutomationController (360)
[2017.06.17-11.13.01:528][860]LogModuleManager: Shutting down and abandoning module AutomationWindow (358)
[2017.06.17-11.13.01:528][860]LogModuleManager: Shutting down and abandoning module Layers (356)
[2017.06.17-11.13.01:528][860]LogModuleManager: Shutting down and abandoning module ComponentVisualizers (354)
[2017.06.17-11.13.01:528][860]LogModuleManager: Shutting down and abandoning module DetailCustomizations (352)
[2017.06.17-11.13.01:528][860]LogModuleManager: Shutting down and abandoning module PackagesDialog (350)
[2017.06.17-11.13.01:528][860]LogModuleManager: Shutting down and abandoning module Persona (348)
[2017.06.17-11.13.01:528][860]LogModuleManager: Shutting down and abandoning module AnimGraph (347)
[2017.06.17-11.13.01:528][860]LogModuleManager: Shutting down and abandoning module Kismet (344)
[2017.06.17-11.13.01:528][860]LogModuleManager: Shutting down and abandoning module GraphEditor (342)
[2017.06.17-11.13.01:528][860]LogModuleManager: Shutting down and abandoning module ClassViewer (340)
[2017.06.17-11.13.01:528][860]LogModuleManager: Shutting down and abandoning module Toolbox (338)
[2017.06.17-11.13.01:528][860]LogModuleManager: Shutting down and abandoning module ModuleUI (336)
[2017.06.17-11.13.01:528][860]LogModuleManager: Shutting down and abandoning module MovieSceneTools (334)
[2017.06.17-11.13.01:528][860]LogModuleManager: Shutting down and abandoning module OutputLog (332)
[2017.06.17-11.13.01:528][860]LogModuleManager: Shutting down and abandoning module GammaUI (330)
[2017.06.17-11.13.01:528][860]LogModuleManager: Shutting down and abandoning module Documentation (328)
[2017.06.17-11.13.01:528][860]LogModuleManager: Shutting down and abandoning module Niagara (326)
[2017.06.17-11.13.01:528][860]LogModuleManager: Shutting down and abandoning module StreamingPauseRendering (324)
[2017.06.17-11.13.01:528][860]LogModuleManager: Shutting down and abandoning module AnalyticsET (322)
[2017.06.17-11.13.01:528][860]LogModuleManager: Shutting down and abandoning module PortalServices (320)
[2017.06.17-11.13.01:528][860]LogModuleManager: Shutting down and abandoning module PortalRpc (318)
[2017.06.17-11.13.01:528][860]LogModuleManager: Shutting down and abandoning module MessagingRpc (316)
[2017.06.17-11.13.01:528][860]LogModuleManager: Shutting down and abandoning module AIModule (314)
[2017.06.17-11.13.01:528][860]LogModuleManager: Shutting down and abandoning module GameplayDebugger (313)
[2017.06.17-11.13.01:528][860]LogModuleManager: Shutting down and abandoning module AITestSuite (311)
[2017.06.17-11.13.01:528][860]LogModuleManager: Shutting down and abandoning module ProfilerService (308)
[2017.06.17-11.13.01:536][860]LogModuleManager: Shutting down and abandoning module TaskGraph (306)
[2017.06.17-11.13.01:536][860]LogModuleManager: Shutting down and abandoning module SteamVRController (304)
[2017.06.17-11.13.01:536][860]LogModuleManager: Shutting down and abandoning module SteamVR (302)
[2017.06.17-11.13.01:536][860]LogModuleManager: Shutting down and abandoning module ProceduralMeshComponentEditor (300)
[2017.06.17-11.13.01:536][860]LogModuleManager: Shutting down and abandoning module ProceduralMeshComponent (298)
[2017.06.17-11.13.01:536][860]LogModuleManager: Shutting down and abandoning module OculusLibrary (296)
[2017.06.17-11.13.01:536][860]LogModuleManager: Shutting down and abandoning module OculusInput (294)
[2017.06.17-11.13.01:536][860]LogModuleManager: Shutting down and abandoning module MobilePatchingUtils (292)
[2017.06.17-11.13.01:536][860]LogModuleManager: Shutting down and abandoning module CustomMeshComponent (290)
[2017.06.17-11.13.01:536][860]LogModuleManager: Shutting down and abandoning module CableComponent (288)
[2017.06.17-11.13.01:536][860]LogModuleManager: Shutting down and abandoning module ArchVisCharacter (286)
[2017.06.17-11.13.01:536][860]LogModuleManager: Shutting down and abandoning module MediaPlayerEditor (282)
[2017.06.17-11.13.01:536][860]LogModuleManager: Shutting down and abandoning module HTML5Networking (280)
[2017.06.17-11.13.01:536][860]LogModuleManager: Shutting down and abandoning module AlembicImporter (278)
[2017.06.17-11.13.01:536][860]LogModuleManager: Shutting down and abandoning module AlembicLibrary (277)
[2017.06.17-11.13.01:536][860]LogModuleManager: Shutting down and abandoning module GeometryCache (276)
[2017.06.17-11.13.01:536][860]LogModuleManager: Shutting down and abandoning module GeometryCacheEd (275)
[2017.06.17-11.13.01:536][860]LogModuleManager: Shutting down and abandoning module SuperSearchEditor (270)
[2017.06.17-11.13.01:536][860]LogModuleManager: Shutting down and abandoning module SuperSearch (269)
[2017.06.17-11.13.01:536][860]LogModuleManager: Shutting down and abandoning module SpeedTreeImporter (266)
[2017.06.17-11.13.01:536][860]LogModuleManager: Shutting down and abandoning module PluginBrowser (264)
[2017.06.17-11.13.01:536][860]LogModuleManager: Shutting down and abandoning module MobileLauncherProfileWizard (262)
[2017.06.17-11.13.01:536][860]LogModuleManager: Shutting down and abandoning module EpicSurvey (260)
[2017.06.17-11.13.01:536][860]LogModuleManager: Shutting down and abandoning module VisualStudioSourceCodeAccess (258)
[2017.06.17-11.13.01:536][860]LogModuleManager: Shutting down and abandoning module DesktopPlatform (257)
[2017.06.17-11.13.01:536][860]LogModuleManager: Shutting down and abandoning module UObjectPlugin (254)
[2017.06.17-11.13.01:536][860]LogModuleManager: Shutting down and abandoning module SubversionSourceControl (252)
[2017.06.17-11.13.01:536][860]LogModuleManager: Shutting down and abandoning module PerforceSourceControl (250)
[2017.06.17-11.13.01:536][860]LogModuleManager: Shutting down and abandoning module GitSourceControl (248)
[2017.06.17-11.13.01:536][860]LogModuleManager: Shutting down and abandoning module SourceControl (247)
[2017.06.17-11.13.01:536][860]LogModuleManager: Shutting down and abandoning module LightPropagationVolumeEditor (244)
[2017.06.17-11.13.01:536][860]LogModuleManager: Shutting down and abandoning module PaperTiledImporter (242)
[2017.06.17-11.13.01:536][860]LogModuleManager: Shutting down and abandoning module PaperSpriteSheetImporter (240)
[2017.06.17-11.13.01:537][860]LogModuleManager: Shutting down and abandoning module Paper2DEditor (238)
[2017.06.17-11.13.01:537][860]LogModuleManager: Shutting down and abandoning module MeshPaint (237)
[2017.06.17-11.13.01:537][860]LogModuleManager: Shutting down and abandoning module LevelEditor (235)
[2017.06.17-11.13.01:538][860]LogModuleManager: Shutting down and abandoning module PixelInspectorModule (234)
[2017.06.17-11.13.01:538][860]LogModuleManager: Shutting down and abandoning module MainFrame (232)
[2017.06.17-11.13.01:538][860]LogModuleManager: Shutting down and abandoning module HotReload (231)
[2017.06.17-11.13.01:538][860]LogDirectoryWatcher: A directory notification for 'C:/Users/Marcus/Desktop/GitHub/UE4-Zero/UE4_Zero/Binaries/Win64' was aborted.
[2017.06.17-11.13.01:540][860]LogModuleManager: Shutting down and abandoning module ContentBrowser (227)
[2017.06.17-11.13.01:540][860]LogModuleManager: Shutting down and abandoning module UE4_Zero (224)
[2017.06.17-11.13.01:540][860]LogModuleManager: Shutting down and abandoning module PhysXVehiclesEditor (222)
[2017.06.17-11.13.01:540][860]LogModuleManager: Shutting down and abandoning module PhysXVehicles (220)
[2017.06.17-11.13.01:540][860]LogModuleManager: Shutting down and abandoning module LocationServicesBPLibrary (218)
[2017.06.17-11.13.01:540][860]LogModuleManager: Shutting down and abandoning module UdpMessaging (216)
[2017.06.17-11.13.01:640][860]LogModuleManager: Shutting down and abandoning module TcpMessaging (214)
[2017.06.17-11.13.01:741][860]LogModuleManager: Shutting down and abandoning module GameplayTagsEditor (212)
[2017.06.17-11.13.01:741][860]LogModuleManager: Shutting down and abandoning module FacialAnimationEditor (210)
[2017.06.17-11.13.01:741][860]LogModuleManager: Shutting down and abandoning module FacialAnimation (208)
[2017.06.17-11.13.01:741][860]LogModuleManager: Shutting down and abandoning module LightPropagationVolumeRuntime (206)
[2017.06.17-11.13.01:741][860]LogModuleManager: Shutting down and abandoning module Paper2D (204)
[2017.06.17-11.13.01:741][860]LogModuleManager: Shutting down and abandoning module WindowsMoviePlayer (202)
[2017.06.17-11.13.01:741][860]LogModuleManager: Shutting down and abandoning module WmfMedia (200)
[2017.06.17-11.13.01:741][860]LogModuleManager: Shutting down and abandoning module MfMedia (198)
[2017.06.17-11.13.01:741][860]LogModuleManager: Shutting down and abandoning module MediaAssets (196)
[2017.06.17-11.13.01:741][860]LogModuleManager: Shutting down and abandoning module GameLiveStreaming (194)
[2017.06.17-11.13.01:741][860]LogModuleManager: Shutting down and abandoning module VREditor (192)
[2017.06.17-11.13.01:741][860]LogModuleManager: Shutting down and abandoning module GameplayTasksEditor (190)
[2017.06.17-11.13.01:741][860]LogModuleManager: Shutting down and abandoning module BehaviorTreeEditor (188)
[2017.06.17-11.13.01:741][860]LogModuleManager: Shutting down and abandoning module FunctionalTesting (186)
[2017.06.17-11.13.01:741][860]LogModuleManager: Shutting down and abandoning module CollisionAnalyzer (184)
[2017.06.17-11.13.01:741][860]LogModuleManager: Shutting down and abandoning module UMG (182)
[2017.06.17-11.13.01:741][860]LogModuleManager: Shutting down and abandoning module UMGEditor (181)
[2017.06.17-11.13.01:741][860]LogModuleManager: Shutting down and abandoning module Sequencer (180)
[2017.06.17-11.13.01:741][860]LogModuleManager: Shutting down and abandoning module AssetTools (178)
[2017.06.17-11.13.01:741][860]LogModuleManager: Shutting down and abandoning module MessageLog (177)
[2017.06.17-11.13.01:741][860]LogModuleManager: Shutting down and abandoning module WorkspaceMenuStructure (176)
[2017.06.17-11.13.01:741][860]LogModuleManager: Shutting down and abandoning module SlateReflector (170)
[2017.06.17-11.13.01:741][860]LogModuleManager: Shutting down and abandoning module Slate (168)
[2017.06.17-11.13.01:741][860]LogModuleManager: Shutting down and abandoning module EditorStyle (166)
[2017.06.17-11.13.01:745][860]LogModuleManager: Shutting down and abandoning module SourceCodeAccess (164)
[2017.06.17-11.13.01:745][860]LogModuleManager: Shutting down and abandoning module HeadMountedDisplay (162)
[2017.06.17-11.13.01:745][860]LogModuleManager: Shutting down and abandoning module XAudio2 (160)
[2017.06.17-11.13.01:745][860]LogModuleManager: Shutting down and abandoning module Networking (158)
[2017.06.17-11.13.01:745][860]LogModuleManager: Shutting down and abandoning module Core (154)
[2017.06.17-11.13.01:745][860]LogModuleManager: Shutting down and abandoning module AssetRegistry (152)
[2017.06.17-11.13.01:970][860]LogDirectoryWatcher: A directory notification for '../../../Engine/Content/' was aborted.
[2017.06.17-11.13.01:970][860]LogDirectoryWatcher: A directory notification for '../../../../../../Users/Marcus/Desktop/GitHub/UE4-Zero/UE4_Zero/Content/' was aborted.
[2017.06.17-11.13.01:970][860]LogDirectoryWatcher: A directory notification for '../../../Engine/Plugins/2D/Paper2D/Content/' was aborted.
[2017.06.17-11.13.01:970][860]LogModuleManager: Shutting down and abandoning module DirectoryWatcher (151)
[2017.06.17-11.13.01:971][860]LogModuleManager: Shutting down and abandoning module KismetCompiler (148)
[2017.06.17-11.13.01:971][860]LogModuleManager: Shutting down and abandoning module PhysXFormats (146)
[2017.06.17-11.13.01:971][860]LogModuleManager: Shutting down and abandoning module MeshUtilities (144)
[2017.06.17-11.13.01:972][860]LogModuleManager: Shutting down and abandoning module SimplygonSwarm (143)
[2017.06.17-11.13.01:972][860]LogModuleManager: Shutting down and abandoning module SimplygonMeshReduction (141)
[2017.06.17-11.13.01:972][860]LogModuleManager: Shutting down and abandoning module QuadricMeshReduction (139)
[2017.06.17-11.13.01:972][860]LogModuleManager: Shutting down and abandoning module PropertyEditor (137)
[2017.06.17-11.13.01:972][860]LogModuleManager: Shutting down and abandoning module DerivedDataCache (134)
[2017.06.17-11.13.02:045][860]LogDerivedDataCache: Shutdown
[2017.06.17-11.13.02:045][860]LogModuleManager: Shutting down and abandoning module TargetPlatform (132)
[2017.06.17-11.13.02:045][860]LogModuleManager: Shutting down and abandoning module VulkanShaderFormat (131)
[2017.06.17-11.13.02:045][860]LogModuleManager: Shutting down and abandoning module ShaderFormatOpenGL (129)
[2017.06.17-11.13.02:045][860]LogModuleManager: Shutting down and abandoning module ShaderFormatD3D (127)
[2017.06.17-11.13.02:045][860]LogModuleManager: Shutting down and abandoning module MetalShaderFormat (125)
[2017.06.17-11.13.02:045][860]LogModuleManager: Shutting down and abandoning module TextureFormatUncompressed (123)
[2017.06.17-11.13.02:045][860]LogModuleManager: Shutting down and abandoning module TextureFormatPVR (121)
[2017.06.17-11.13.02:045][860]LogModuleManager: Shutting down and abandoning module TextureFormatDXT (119)
[2017.06.17-11.13.02:045][860]LogModuleManager: Shutting down and abandoning module TextureFormatIntelISPCTexComp (117)
[2017.06.17-11.13.02:045][860]LogModuleManager: Shutting down and abandoning module TextureFormatASTC (115)
[2017.06.17-11.13.02:045][860]LogModuleManager: Shutting down and abandoning module ImageWrapper (114)
[2017.06.17-11.13.02:045][860]LogModuleManager: Shutting down and abandoning module TextureFormatAndroid (111)
[2017.06.17-11.13.02:045][860]LogModuleManager: Shutting down and abandoning module AudioFormatOpus (109)
[2017.06.17-11.13.02:045][860]LogModuleManager: Shutting down and abandoning module AudioFormatOgg (107)
[2017.06.17-11.13.02:045][860]LogModuleManager: Shutting down and abandoning module AudioFormatADPCM (105)
[2017.06.17-11.13.02:045][860]LogModuleManager: Shutting down and abandoning module LinuxTargetPlatform (103)
[2017.06.17-11.13.02:045][860]LogModuleManager: Shutting down and abandoning module LinuxServerTargetPlatform (101)
[2017.06.17-11.13.02:045][860]LogModuleManager: Shutting down and abandoning module LinuxNoEditorTargetPlatform (99)
[2017.06.17-11.13.02:045][860]LogModuleManager: Shutting down and abandoning module LinuxClientTargetPlatform (97)
[2017.06.17-11.13.02:045][860]LogModuleManager: Shutting down and abandoning module TVOSTargetPlatform (95)
[2017.06.17-11.13.02:045][860]LogModuleManager: Shutting down and abandoning module Messaging (93)
[2017.06.17-11.13.02:045][860]LogModuleManager: Shutting down and abandoning module IOSTargetPlatform (91)
[2017.06.17-11.13.02:045][860]LogModuleManager: Shutting down and abandoning module HTML5TargetPlatform (89)
[2017.06.17-11.13.02:045][860]LogModuleManager: Shutting down and abandoning module Android_PVRTCTargetPlatform (87)
[2017.06.17-11.13.02:045][860]LogModuleManager: Shutting down and abandoning module Android_MultiTargetPlatform (85)
[2017.06.17-11.13.02:045][860]LogModuleManager: Shutting down and abandoning module Android_ETC2TargetPlatform (83)
[2017.06.17-11.13.02:045][860]LogModuleManager: Shutting down and abandoning module Android_ETC1TargetPlatform (81)
[2017.06.17-11.13.02:045][860]LogModuleManager: Shutting down and abandoning module Android_DXTTargetPlatform (79)
[2017.06.17-11.13.02:045][860]LogModuleManager: Shutting down and abandoning module Android_ATCTargetPlatform (77)
[2017.06.17-11.13.02:046][860]LogModuleManager: Shutting down and abandoning module Android_ASTCTargetPlatform (75)
[2017.06.17-11.13.02:046][860]LogModuleManager: Shutting down and abandoning module AndroidTargetPlatform (73)
[2017.06.17-11.13.02:046][860]LogModuleManager: Shutting down and abandoning module WindowsTargetPlatform (71)
[2017.06.17-11.13.02:046][860]LogModuleManager: Shutting down and abandoning module WindowsServerTargetPlatform (69)
[2017.06.17-11.13.02:046][860]LogModuleManager: Shutting down and abandoning module WindowsNoEditorTargetPlatform (67)
[2017.06.17-11.13.02:046][860]LogModuleManager: Shutting down and abandoning module WindowsClientTargetPlatform (65)
[2017.06.17-11.13.02:046][860]LogModuleManager: Shutting down and abandoning module MacTargetPlatform (63)
[2017.06.17-11.13.02:046][860]LogModuleManager: Shutting down and abandoning module MacServerTargetPlatform (61)
[2017.06.17-11.13.02:046][860]LogModuleManager: Shutting down and abandoning module MacNoEditorTargetPlatform (59)
[2017.06.17-11.13.02:046][860]LogModuleManager: Shutting down and abandoning module MacClientTargetPlatform (57)
[2017.06.17-11.13.02:046][860]LogModuleManager: Shutting down and abandoning module AllDesktopTargetPlatform (55)
[2017.06.17-11.13.02:046][860]LogModuleManager: Shutting down and abandoning module InputCore (52)
[2017.06.17-11.13.02:046][860]LogModuleManager: Shutting down and abandoning module Settings (50)
[2017.06.17-11.13.02:046][860]LogModuleManager: Shutting down and abandoning module OculusRift (48)
[2017.06.17-11.13.02:046][860]LogModuleManager: Shutting down and abandoning module GearVR (46)
[2017.06.17-11.13.02:046][860]LogModuleManager: Shutting down and abandoning module ExampleDeviceProfileSelector (44)
[2017.06.17-11.13.02:046][860]LogModuleManager: Shutting down and abandoning module OnlineBlueprintSupport (42)
[2017.06.17-11.13.02:046][860]LogModuleManager: Shutting down and abandoning module OnlineSubsystem (38)
[2017.06.17-11.13.02:046][860]LogOnline:Display: Unloading online subsystem: NULL
[2017.06.17-11.13.02:046][860]LogModuleManager: Shutting down and abandoning module XMPP (37)
[2017.06.17-11.13.02:046][860]LogModuleManager: Shutting down and abandoning module HTTP (35)
[2017.06.17-11.13.02:046][860]LogHttp:Display: Http module shutting down, but needs to wait on 1 outstanding Http requests:
[2017.06.17-11.13.02:046][860]LogHttp:Display: 	verb=[POST] url=[https://datarouter.ol.epicgames.com/datarouter/api/v1/public/data?SessionID=%7BD4862AB6-43C0-43EC-2A6D-0A81972BE62A%7D&AppID=UEEditor.Rocket.Release&AppVersion=4.15.3-3450819%2B%2B%2BUE4%2BRelease-4.15&UserID=97d3f40d403ff4a258d6f980a741b4dc%7C969837ba78db4a5a8b4180254925176e%7C81706c51-5e4d-4c53-8181-bc8c50ced6a7&AppEnvironment=datacollector-binary&UploadType=eteventstream] status=Processing
[2017.06.17-11.13.02:047][860]LogModuleManager: Shutting down and abandoning module SSL (34)
[2017.06.17-11.13.02:049][860]LogModuleManager: Shutting down and abandoning module AudioEditor (30)
[2017.06.17-11.13.02:049][860]LogModuleManager: Shutting down and abandoning module TextureCompressor (28)
[2017.06.17-11.13.02:049][860]LogModuleManager: Shutting down and abandoning module ShaderCore (26)
[2017.06.17-11.13.02:049][860]LogModuleManager: Shutting down and abandoning module Landscape (24)
[2017.06.17-11.13.02:049][860]LogModuleManager: Shutting down and abandoning module SlateRHIRenderer (22)
[2017.06.17-11.13.02:051][860]LogModuleManager: Shutting down and abandoning module OpenGLDrv (20)
[2017.06.17-11.13.02:051][860]LogModuleManager: Shutting down and abandoning module D3D11RHI (18)
[2017.06.17-11.13.02:051][860]LogModuleManager: Shutting down and abandoning module AnimGraphRuntime (16)
[2017.06.17-11.13.02:051][860]LogModuleManager: Shutting down and abandoning module Renderer (14)
[2017.06.17-11.13.02:051][860]LogModuleManager: Shutting down and abandoning module Engine (12)
[2017.06.17-11.13.02:051][860]LogModuleManager: Shutting down and abandoning module CoreUObject (10)
[2017.06.17-11.13.02:051][860]LogModuleManager: Shutting down and abandoning module NetworkFile (8)
[2017.06.17-11.13.02:051][860]LogModuleManager: Shutting down and abandoning module StreamingFile (6)
[2017.06.17-11.13.02:051][860]LogModuleManager: Shutting down and abandoning module SandboxFile (4)
[2017.06.17-11.13.02:051][860]LogModuleManager: Shutting down and abandoning module PakFile (2)
[2017.06.17-11.13.02:054][860]LogExit: Exiting.
[2017.06.17-11.13.02:057][860]Log file closed, 06/17/17 12:13:02
