Log file open, 06/21/17 12:16:23
LogInit:Display: Running engine for game: UE4_Zero
LogPlatformFile: Not using cached read wrapper
LogInit:Display: RandInit(2007943665) SRandInit(2007943665).
LogTaskGraph: Started task graph with 5 named threads and 8 total threads with 1 sets of task threads.
LogStats: Stats thread started at 0.521845
LogInit: Using libcurl 7.47.1
LogInit:  - built for x86_64-pc-win32
LogInit:  - supports SSL with OpenSSL/1.0.2g
LogInit:  - supports HTTP deflate (compression) using libz 1.2.8
LogInit:  - other features:
LogInit:      CURL_VERSION_SSL
LogInit:      CURL_VERSION_LIBZ
LogInit:      CURL_VERSION_IPV6
LogInit:      CURL_VERSION_ASYNCHDNS
LogInit:      CURL_VERSION_LARGEFILE
LogInit:      CURL_VERSION_IDN
LogInit:  CurlRequestOptions (configurable via config and command line):
LogInit:  - bVerifyPeer = false  - Libcurl will NOT verify peer certificate
LogInit:  - bUseHttpProxy = false  - Libcurl will NOT use HTTP proxy
LogInit:  - bDontReuseConnections = false  - Libcurl will reuse connections
LogInit:  - CertBundlePath = nullptr  - Libcurl will use whatever was configured at build time.
LogInit: Build: ++UE4+Release-4.15-CL-3450819
LogInit: Engine Version: 4.15.3-3450819+++UE4+Release-4.15
LogInit: Compatible Engine Version: 4.15.0-3299760+++UE4+Release-4.15
LogInit: Net CL: 3299760
LogDevObjectVersion: Number of dev versions registered: 14
LogDevObjectVersion:   Dev-Blueprints (B0D832E4-1F89-4F0D-ACCF-7EB736FD4AA2): 8
LogDevObjectVersion:   Dev-Build (E1C64328-A22C-4D53-A36C-8E866417BD8C): 0
LogDevObjectVersion:   Dev-Core (375EC13C-06E4-48FB-B500-84F0262A717E): 2
LogDevObjectVersion:   Dev-Editor (E4B068ED-F494-42E9-A231-DA0B2E46BB41): 14
LogDevObjectVersion:   Dev-Framework (CFFC743F-43B0-4480-9391-14DF171D2073): 22
LogDevObjectVersion:   Dev-Mobile (B02B49B5-BB20-44E9-A304-32B752E40360): 0
LogDevObjectVersion:   Dev-Networking (A4E4105C-59A1-49B5-A7C5-40C4547EDFEE): 0
LogDevObjectVersion:   Dev-Online (39C831C9-5AE6-47DC-9A44-9C173E1C8E7C): 0
LogDevObjectVersion:   Dev-Physics (78F01B33-EBEA-4F98-B9B4-84EACCB95AA2): 0
LogDevObjectVersion:   Dev-Platform (6631380F-2D4D-43E0-8009-CF276956A95A): 0
LogDevObjectVersion:   Dev-Rendering (12F88B9F-8875-4AFC-A67C-D90C383ABD29): 12
LogDevObjectVersion:   Dev-Sequencer (7B5AE74C-D270-4C10-A958-57980B212A5A): 3
LogDevObjectVersion:   Dev-VR (D7296918-1DD6-4BDD-9DE2-64A83CC13884): 0
LogDevObjectVersion:   Dev-LoadTimes (C2A15278-BFE7-4AFE-6C17-90FF531DF755): 1
LogInit: Compiled (64-bit): May 21 2017 11:02:34
LogInit: Compiled with Visual C++: 19.00.23026.00
LogInit: Build Configuration: Development
LogInit: Branch Name: ++UE4+Release-4.15
LogInit: Command line:  -skipcompile
LogInit: Base directory: C:/Program Files/Epic Games/UE_4.15/Engine/Binaries/Win64/
LogInit: Installed Engine Build: 1
LogInit: Presizing for max 8388607 objects, including 0 objects not considered by GC, pre-allocating 0 bytes for permanent pool.
LogInit: Object subsystem initialized
[2017.06.21-11.16.25:814][  0]LogInit: Selected Device Profile: [Windows]
[2017.06.21-11.16.25:814][  0]LogInit: Applying CVar settings loaded from the selected device profile: [Windows]
[2017.06.21-11.16.25:831][  0]LogInit: Computer: DESKTOP-E3PDIQS
[2017.06.21-11.16.25:874][  0]LogInit: User: Marcus
[2017.06.21-11.16.25:892][  0]LogInit: CPU Page size=65536, Cores=4
[2017.06.21-11.16.25:930][  0]LogInit: High frequency timer resolution =2.929692 MHz
[2017.06.21-11.16.25:950][  0]LogMemory: Memory total: Physical=16.0GB (16GB approx)
[2017.06.21-11.16.25:959][  0]LogMemory: Platform Memory Stats for Windows
[2017.06.21-11.16.25:961][  0]LogMemory: Process Physical Memory: 263.86 MB used, 263.86 MB peak
[2017.06.21-11.16.25:965][  0]LogMemory: Process Virtual Memory: 262.21 MB used, 262.21 MB peak
[2017.06.21-11.16.25:966][  0]LogMemory: Physical Memory: 7345.41 MB used,  8991.02 MB free, 16336.43 MB total
[2017.06.21-11.16.25:968][  0]LogMemory: Virtual Memory: 644.24 MB used,  8991.02 MB free, 134217728.00 MB total
[2017.06.21-11.16.26:405][  0]LogTextLocalizationManager: No specific translations for ('en-GB') exist, so ('en') translations will be used.
[2017.06.21-11.16.27:325][  0]LogD3D11RHI: D3D11 adapters:
[2017.06.21-11.16.28:076][  0]LogD3D11RHI:    0. 'NVIDIA GeForce GTX 1050' (Feature Level 11_0)
[2017.06.21-11.16.28:076][  0]LogD3D11RHI:       2006/0/8168 MB DedicatedVideo/DedicatedSystem/SharedSystem, Outputs:2, VendorId:0x10de
[2017.06.21-11.16.28:181][  0]LogD3D11RHI:    1. 'Microsoft Basic Render Driver' (Feature Level 11_0)
[2017.06.21-11.16.28:181][  0]LogD3D11RHI:       0/0/8168 MB DedicatedVideo/DedicatedSystem/SharedSystem, Outputs:0, VendorId:0x1414
[2017.06.21-11.16.28:182][  0]LogD3D11RHI: Chosen D3D11 Adapter: 0
[2017.06.21-11.16.28:189][  0]LogD3D11RHI: Creating new Direct3DDevice
[2017.06.21-11.16.28:190][  0]LogD3D11RHI:     GPU DeviceId: 0x1c81 (for the marketing name, search the web for "GPU Device Id")
[2017.06.21-11.16.28:191][  0]LogWindows: EnumDisplayDevices:
[2017.06.21-11.16.28:192][  0]LogWindows:    0. 'NVIDIA GeForce GTX 1050' (P:1 D:1)
[2017.06.21-11.16.28:193][  0]LogWindows:    1. 'NVIDIA GeForce GTX 1050' (P:0 D:1)
[2017.06.21-11.16.28:194][  0]LogWindows:    2. 'NVIDIA GeForce GTX 1050' (P:0 D:0)
[2017.06.21-11.16.28:195][  0]LogWindows:    3. 'NVIDIA GeForce GTX 1050' (P:0 D:0)
[2017.06.21-11.16.28:196][  0]LogWindows: DebugString: FoundDriverCount:4 
[2017.06.21-11.16.28:197][  0]LogD3D11RHI:     Adapter Name: NVIDIA GeForce GTX 1050
[2017.06.21-11.16.28:197][  0]LogD3D11RHI:   Driver Version: 382.33 (internal:22.21.13.8233, unified:382.33)
[2017.06.21-11.16.28:197][  0]LogD3D11RHI:      Driver Date: 5-17-2017
[2017.06.21-11.16.28:197][  0]LogRHI: Texture pool is 1361 MB (70% of 1945 MB)
[2017.06.21-11.16.28:880][  0]LogD3D11RHI: Async texture creation enabled
[2017.06.21-11.16.28:921][  0]LogD3D11RHI: GPU Timing Frequency: 1000.000000 (Debug: 2 1)
[2017.06.21-11.16.28:924][  0]LogShaderCompilers: Guid format shader working directory is -16 characters bigger than the processId version (../../../../../../Users/Marcus/Desktop/GitHub/UE4-Zero/UE4_Zero/Intermediate/Shaders/WorkingDirectory/7436/).
[2017.06.21-11.16.28:925][  0]LogShaderCompilers: Cleaned the shader compiler working directory 'C:/Users/Marcus/AppData/Local/Temp/UnrealShaderWorkingDir/DB2DDAEB45A8D82580A8E38D4C818D6B/'.
[2017.06.21-11.16.28:925][  0]LogShaderCompilers:Display: Using Local Shader Compiler.
[2017.06.21-11.16.30:439][  0]LogTemp:Display: Loaded TP AllDesktopTargetPlatform
[2017.06.21-11.16.30:620][  0]LogTemp:Display: Loaded TP MacClientTargetPlatform
[2017.06.21-11.16.30:803][  0]LogTemp:Display: Loaded TP MacNoEditorTargetPlatform
[2017.06.21-11.16.30:984][  0]LogTemp:Display: Loaded TP MacServerTargetPlatform
[2017.06.21-11.16.31:167][  0]LogTemp:Display: Loaded TP MacTargetPlatform
[2017.06.21-11.16.31:360][  0]LogTemp:Display: Loaded TP WindowsClientTargetPlatform
[2017.06.21-11.16.31:535][  0]LogTemp:Display: Loaded TP WindowsNoEditorTargetPlatform
[2017.06.21-11.16.31:707][  0]LogTemp:Display: Loaded TP WindowsServerTargetPlatform
[2017.06.21-11.16.31:876][  0]LogTemp:Display: Loaded TP WindowsTargetPlatform
[2017.06.21-11.16.32:052][  0]LogTemp:Display: Loaded TP AndroidTargetPlatform
[2017.06.21-11.16.32:224][  0]LogTemp:Display: Loaded TP Android_ASTCTargetPlatform
[2017.06.21-11.16.32:408][  0]LogTemp:Display: Loaded TP Android_ATCTargetPlatform
[2017.06.21-11.16.32:599][  0]LogTemp:Display: Loaded TP Android_DXTTargetPlatform
[2017.06.21-11.16.32:790][  0]LogTemp:Display: Loaded TP Android_ETC1TargetPlatform
[2017.06.21-11.16.32:968][  0]LogTemp:Display: Loaded TP Android_ETC2TargetPlatform
[2017.06.21-11.16.33:330][  0]LogTemp:Display: Loaded TP Android_MultiTargetPlatform
[2017.06.21-11.16.33:332][  0]LogTemp:Display: Loaded TP Android_PVRTCTargetPlatform
[2017.06.21-11.16.33:503][  0]LogTemp:Display: Loaded TP HTML5TargetPlatform
[2017.06.21-11.16.33:818][  0]LogTemp:Display: Loaded TP IOSTargetPlatform
[2017.06.21-11.16.33:925][  0]LogTemp:Display: Loaded TP TVOSTargetPlatform
[2017.06.21-11.16.34:102][  0]LogTemp:Display: Loaded TP LinuxClientTargetPlatform
[2017.06.21-11.16.34:287][  0]LogTemp:Display: Loaded TP LinuxNoEditorTargetPlatform
[2017.06.21-11.16.34:467][  0]LogTemp:Display: Loaded TP LinuxServerTargetPlatform
[2017.06.21-11.16.34:646][  0]LogTemp:Display: Loaded TP LinuxTargetPlatform
[2017.06.21-11.16.34:646][  0]LogTargetPlatformManager:Display: Building Assets For Windows
[2017.06.21-11.16.36:519][  0]LogDerivedDataCache:Display: Max Cache Size: 512 MB
[2017.06.21-11.16.36:569][  0]LogDerivedDataCache: Loaded boot cache 0.05s 50MB C:/Users/Marcus/AppData/Local/UnrealEngine/4.15/DerivedDataCache/Boot.ddc.
[2017.06.21-11.16.36:569][  0]LogDerivedDataCache:Display: Loaded Boot cache: C:/Users/Marcus/AppData/Local/UnrealEngine/4.15/DerivedDataCache/Boot.ddc
[2017.06.21-11.16.36:570][  0]LogDerivedDataCache: FDerivedDataBackendGraph:  Pak pak cache file ../../../../../../Users/Marcus/Desktop/GitHub/UE4-Zero/UE4_Zero/DerivedDataCache/DDC.ddp not found, will not use a pak cache.
[2017.06.21-11.16.36:570][  0]LogDerivedDataCache: Unable to find inner node Pak for hierarchical cache Hierarchy.
[2017.06.21-11.16.36:570][  0]LogDerivedDataCache: FDerivedDataBackendGraph:  CompressedPak pak cache file ../../../../../../Users/Marcus/Desktop/GitHub/UE4-Zero/UE4_Zero/DerivedDataCache/Compressed.ddp not found, will not use a pak cache.
[2017.06.21-11.16.36:570][  0]LogDerivedDataCache: Unable to find inner node CompressedPak for hierarchical cache Hierarchy.
[2017.06.21-11.16.36:587][  0]LogDerivedDataCache:Display: Pak cache opened for reading ../../../Engine/DerivedDataCache/Compressed.ddp.
[2017.06.21-11.16.36:601][  0]LogDerivedDataCache: Using Local data cache path C:/Users/Marcus/AppData/Local/UnrealEngine/Common/DerivedDataCache: Writable
[2017.06.21-11.16.36:610][  0]LogSlate: Using Freetype 2.6.0
[2017.06.21-11.16.36:611][  0]LogSlate: SlateFontCache - WITH_FREETYPE: 1, WITH_HARFBUZZ: 1
[2017.06.21-11.16.36:611][  0]LogSlate: SlateFontCache - WITH_FREETYPE: 1, WITH_HARFBUZZ: 1
[2017.06.21-11.16.36:940][  0]LogInit: Selected Device Profile: [Windows]
[2017.06.21-11.16.36:945][  0]LogContentStreaming: Texture pool size is 0.00 MB
[2017.06.21-11.16.37:582][  0]LogMeshUtilities: Using QuadricMeshReduction for automatic static mesh reduction
[2017.06.21-11.16.37:790][  0]LogSimplygon: Simplygon DLL not present - disabling.
[2017.06.21-11.16.37:990][  0]LogMeshUtilities: Using SimplygonSwarm for distributed automatic mesh merging
[2017.06.21-11.16.37:991][  0]LogMeshUtilities: No automatic skeletal mesh reduction module available
[2017.06.21-11.16.37:991][  0]LogMeshUtilities: No automatic mesh merging module available
[2017.06.21-11.16.39:092][  0]LogNetVersion: GetLocalNetworkVersion: CL: 3299760, ProjectName: ue4_zero, ProjectVersion: , EngineNetworkVersion: 2, GameNetworkVersion: 0, NetworkChecksum: 276590260
[2017.06.21-11.16.39:220][  0]LogAssetRegistry: FAssetRegistry took 0.0307 seconds to start up
[2017.06.21-11.16.39:355][  0]LogPackageLocalizationCache: Processed 3 localized package path(s) for 2 prioritized culture(s) in 0.045157 seconds
[2017.06.21-11.16.39:360][  0]LogUObjectArray: 32493 objects as part of root set at end of initial load.
[2017.06.21-11.16.39:360][  0]LogUObjectAllocator: 7077024 out of 0 bytes used by permanent object pool.
[2017.06.21-11.16.39:360][  0]LogUObjectArray: CloseDisregardForGC: 0/0 objects in disregard for GC pool
[2017.06.21-11.16.39:673][  0]LogInit: WinSock: version 1.1 (2.2), MaxSocks=32767, MaxUdp=65467
[2017.06.21-11.16.44:901][  0]LogTcpMessaging: Initializing TcpMessaging bridge
[2017.06.21-11.16.45:022][  0]LogUdpMessaging: Initializing bridge on interface 0.0.0.0:0 to multicast group 230.0.0.1:6666.
[2017.06.21-11.16.46:834][  0]LogMaterial: Uniform references updated for custom material expression Custom.
[2017.06.21-11.16.48:159][  0]SourceControl: Info Source control is disabled
[2017.06.21-11.16.48:161][  0]SourceControl: Info Source control is disabled
[2017.06.21-11.16.48:345][  0]SourceControl: Info Source control is disabled
[2017.06.21-11.16.48:528][  0]SourceControl: Info Source control is disabled
[2017.06.21-11.16.53:251][  0]LogEngine: Initializing Engine...
[2017.06.21-11.16.53:252][  0]LogHMD: Failed to initialize OpenVR with code 110
[2017.06.21-11.16.53:368][  0]LogStats: UGameplayTagsManager::ConstructGameplayTagTree: Construct from data asset -  0.000 s
[2017.06.21-11.16.53:368][  0]LogStats: UGameplayTagsManager::ConstructGameplayTagTree: GameplayTagTreeChangedEvent.Broadcast -  0.000 s
[2017.06.21-11.16.53:848][  0]LogAIModule: Creating AISystem for world Untitled
[2017.06.21-11.16.53:863][  0]LogInit: XAudio2 using 'Digital Audio (S/PDIF) (High Definition Audio Device)' : 2 channels at 44.1 kHz using 16 bits per sample (channel mask 0x3)
[2017.06.21-11.16.53:916][  0]LogInit: FAudioDevice initialized.
[2017.06.21-11.16.53:941][  0]LogDerivedDataCache: Saved boot cache 0.03s 50MB C:/Users/Marcus/AppData/Local/UnrealEngine/4.15/DerivedDataCache/Boot.ddc.
[2017.06.21-11.16.53:944][  0]LogInit: Texture streaming: Enabled
[2017.06.21-11.16.54:367][  0]LogEngineSessionManager: EngineSessionManager initialized
[2017.06.21-11.16.54:715][  0]LogInit: Transaction tracking system initialized
[2017.06.21-11.16.56:111][  0]BlueprintLog: New page: Editor Load
[2017.06.21-11.16.59:805][  0]LocalizationService: Info Localization service is disabled
[2017.06.21-11.17.02:483][  0]LogConsoleResponse:Display: 
[2017.06.21-11.17.02:737][  0]LogCook:Display: Max memory allowance for cook 16384mb min free memory 0mb
[2017.06.21-11.17.02:737][  0]LogCook:Display: Mobile HDR setting 1
[2017.06.21-11.17.03:366][  0]LogFileCache: Scanning file cache for directory 'C:/Users/Marcus/Desktop/GitHub/UE4-Zero/UE4_Zero/Content/' took 0.02s
[2017.06.21-11.17.06:991][  0]SourceControl: Info Source control is disabled
[2017.06.21-11.17.06:991][  0]Cmd: MAP LOAD FILE="../../../../../../Users/Marcus/Desktop/GitHub/UE4-Zero/UE4_Zero/Content/Maps/Start.umap" TEMPLATE=0 SHOWPROGRESS=1 FEATURELEVEL=3
[2017.06.21-11.17.06:993][  0]LightingResults: New page: Lighting Build
[2017.06.21-11.17.07:163][  0]MapCheck: New page: Map Check
[2017.06.21-11.17.07:163][  0]LightingResults: New page: Lighting Build
[2017.06.21-11.17.07:379][  0]LogAIModule: Creating AISystem for world Start
[2017.06.21-11.17.07:402][  0]LogEditorServer: Finished looking for orphan Actors (0.000 secs)
[2017.06.21-11.17.07:402][  0]Cmd: MAP CHECKDEP NOCLEARLOG
[2017.06.21-11.17.07:506][  0]MapCheck: Info Map check complete: 0 Error(s), 0 Warning(s), took 102.346ms to complete.
[2017.06.21-11.17.07:506][  0]LogFileHelpers: Loading map 'Start' took 0.515
[2017.06.21-11.17.07:782][  0]LogCollectionManager: Loaded 0 collections in 0.001864 seconds
[2017.06.21-11.17.07:992][  0]LogFileCache: Scanning file cache for directory 'C:/Users/Marcus/Desktop/GitHub/UE4-Zero/UE4_Zero/Saved/Collections/' took 0.01s
[2017.06.21-11.17.07:992][  0]LogFileCache: Scanning file cache for directory 'C:/Users/Marcus/Desktop/GitHub/UE4-Zero/UE4_Zero/Content/Developers/Marcus/Collections/' took 0.01s
[2017.06.21-11.17.07:992][  0]LogFileCache: Scanning file cache for directory 'C:/Users/Marcus/Desktop/GitHub/UE4-Zero/UE4_Zero/Content/Collections/' took 0.01s
[2017.06.21-11.17.07:992][  0]LogCollectionManager: Rebuilt the GUID cache for 0 collections in 0.000001 seconds
[2017.06.21-11.17.08:004][  0]LogContentBrowser: Native class hierarchy populated in 0.0113 seconds. Added 2249 classes and 455 folders.
[2017.06.21-11.17.08:265][  0]LogContentBrowser: Native class hierarchy updated for 'WidgetCarousel' in 0.0028 seconds. Added 0 classes and 0 folders.
[2017.06.21-11.17.08:347][  0]LogContentBrowser: Native class hierarchy updated for 'AddContentDialog' in 0.0033 seconds. Added 0 classes and 0 folders.
[2017.06.21-11.17.08:526][  0]LogContentBrowser: Native class hierarchy updated for 'SceneOutliner' in 0.0037 seconds. Added 1 classes and 2 folders.
[2017.06.21-11.17.08:710][  0]LogCrashTracker: Crashtracker disabled due to settings.
[2017.06.21-11.17.08:723][  0]LogUObjectGlobals:Warning: Failed to find object 'Class None.'
[2017.06.21-11.17.08:937][  0]LogContentBrowser: Native class hierarchy updated for 'HierarchicalLODOutliner' in 0.0032 seconds. Added 1 classes and 2 folders.
[2017.06.21-11.17.08:938][  0]LogLoad: (Engine Initialization) Total time: 48.72 seconds
[2017.06.21-11.17.08:939][  0]LogLoad: (Engine Initialization) Total Blueprint compile time: 0.22 seconds
[2017.06.21-11.17.08:939][  0]LogExternalProfiler: Found external profiler: VSPerf
[2017.06.21-11.17.08:939][  0]LogExternalProfiler: Using external profiler: VSPerf
[2017.06.21-11.17.09:278][  0]LogOcInput: OculusInput pre-init called
[2017.06.21-11.17.09:307][  0]LogContentStreaming: Texture pool size now 1000 MB
[2017.06.21-11.17.09:308][  0]LogSlate: Took 0.000254 seconds to synchronously load lazily loaded font '../../../Engine/Content/Slate/Fonts/Roboto-Regular.ttf' (155K)
[2017.06.21-11.17.09:312][  0]LogSlate: Took 0.000332 seconds to synchronously load lazily loaded font '../../../Engine/Content/Slate/Fonts/Roboto-Bold.ttf' (160K)
[2017.06.21-11.17.09:318][  0]LogSlate: Took 0.000409 seconds to synchronously load lazily loaded font '../../../Engine/Content/Editor/Slate/Fonts/FontAwesome.ttf' (139K)
[2017.06.21-11.17.09:319][  0]LogSlate: Took 0.000279 seconds to synchronously load lazily loaded font '../../../Engine/Content/Editor/Slate/Fonts/DroidSansMono.ttf' (77K)
[2017.06.21-11.17.09:510][  0]LogRenderer: Reallocating scene render targets to support 1208x580 NumSamples 1 (Frame:2).
[2017.06.21-11.17.09:801][  1]LogAssetRegistry: Asset discovery search completed in 30.6115 seconds
[2017.06.21-11.17.09:801][  1]LogCollectionManager: Rebuilt the object cache for 0 collections in 0.000006 seconds (found 0 objects)
[2017.06.21-11.17.09:801][  1]LogCollectionManager: Fixed up redirectors for 0 collections in 0.000421 seconds (updated 0 objects)
[2017.06.21-11.17.33:745][250]LogTemp: Repeting last play command: Selected Viewport
[2017.06.21-11.17.33:756][250]LogPlayLevel: PlayLevel: No blueprints needed recompiling
[2017.06.21-11.17.33:757][250]PIE: New page: PIE session: Start (21 Jun 2017 13:17:33)
[2017.06.21-11.17.33:757][250]LogPlayLevel: Creating play world package: /Game/Maps/UEDPIE_0_Start
[2017.06.21-11.17.33:759][250]LogPlayLevel: PIE: StaticDuplicateObject took: (0.001931s)
[2017.06.21-11.17.33:760][250]LogAIModule: Creating AISystem for world Start
[2017.06.21-11.17.33:760][250]LogPlayLevel: PIE: World Init took: (0.000896s)
[2017.06.21-11.17.33:761][250]LogPlayLevel: PIE: Created PIE world by copying editor world from /Game/Maps/Start.Start to /Game/Maps/UEDPIE_0_Start.Start (0.003606s)
[2017.06.21-11.17.33:775][250]LogInit: XAudio2 using 'Digital Audio (S/PDIF) (High Definition Audio Device)' : 2 channels at 44.1 kHz using 16 bits per sample (channel mask 0x3)
[2017.06.21-11.17.33:783][250]LogInit: FAudioDevice initialized.
[2017.06.21-11.17.33:850][250]LogLoad: Game class is 'My_UE4_ZeroGameModeBase_C'
[2017.06.21-11.17.33:853][250]LogWorld: Bringing World /Game/Maps/UEDPIE_0_Start.Start up for play (max tick rate 0) at 2017.06.21-12.17.33
[2017.06.21-11.17.33:854][250]LogWorld: Bringing up level for play took: 0.002087
[2017.06.21-11.17.34:017][250]LogContentBrowser: Native class hierarchy updated for 'MovieSceneCapture' in 0.0028 seconds. Added 11 classes and 0 folders.
[2017.06.21-11.17.34:019][250]PIE: Info Play in editor start time for /Game/Maps/UEDPIE_0_Start 0.817
[2017.06.21-11.17.40:769][ 39]LogPlayLevel: PlayLevel: No blueprints needed recompiling
[2017.06.21-11.17.40:770][ 39]PIE: New page: SIE session: Start (21 Jun 2017 13:17:40)
[2017.06.21-11.17.40:770][ 39]LogPlayLevel: Creating play world package: /Game/Maps/UEDPIE_0_Start
[2017.06.21-11.17.40:772][ 39]LogPlayLevel: PIE: StaticDuplicateObject took: (0.001959s)
[2017.06.21-11.17.40:773][ 39]LogAIModule: Creating AISystem for world Start
[2017.06.21-11.17.40:773][ 39]LogPlayLevel: PIE: World Init took: (0.000969s)
[2017.06.21-11.17.40:774][ 39]LogPlayLevel: PIE: Created PIE world by copying editor world from /Game/Maps/Start.Start to /Game/Maps/UEDPIE_0_Start.Start (0.003927s)
[2017.06.21-11.17.40:783][ 39]LogInit: XAudio2 using 'Digital Audio (S/PDIF) (High Definition Audio Device)' : 2 channels at 44.1 kHz using 16 bits per sample (channel mask 0x3)
[2017.06.21-11.17.40:795][ 39]LogInit: FAudioDevice initialized.
[2017.06.21-11.17.40:833][ 39]LogLoad: Game class is 'My_UE4_ZeroGameModeBase_C'
[2017.06.21-11.17.40:835][ 39]LogWorld: Bringing World /Game/Maps/UEDPIE_0_Start.Start up for play (max tick rate 0) at 2017.06.21-12.17.40
[2017.06.21-11.17.40:835][ 39]LogWorld: Bringing up level for play took: 0.001112
[2017.06.21-11.17.40:836][ 39]PIE: Info Play in editor start time for /Game/Maps/UEDPIE_0_Start -0.366
[2017.06.21-11.17.42:619][223]LogEditorViewport: Clicking on Actor (LMB): StaticMeshActor (Floor)
[2017.06.21-11.17.43:621][309]LogEditorViewport: Clicking on Actor (LMB): BP_Sky_Sphere_C (Sky Sphere)
