Log file open, 06/20/17 10:41:53
LogInit:Display: Running engine for game: UE4_Zero
LogPlatformFile: Not using cached read wrapper
LogInit:Display: RandInit(-1271675022) SRandInit(-1271675022).
LogTaskGraph: Started task graph with 5 named threads and 8 total threads with 1 sets of task threads.
LogStats: Stats thread started at 0.094824
LogInit: Using libcurl 7.47.1
LogInit:  - built for x86_64-pc-win32
LogInit:  - supports SSL with OpenSSL/1.0.2g
LogInit:  - supports HTTP deflate (compression) using libz 1.2.8
LogInit:  - other features:
LogInit:      CURL_VERSION_SSL
LogInit:      CURL_VERSION_LIBZ
LogInit:      CURL_VERSION_IPV6
LogInit:      CURL_VERSION_ASYNCHDNS
LogInit:      CURL_VERSION_LARGEFILE
LogInit:      CURL_VERSION_IDN
LogInit:  CurlRequestOptions (configurable via config and command line):
LogInit:  - bVerifyPeer = false  - Libcurl will NOT verify peer certificate
LogInit:  - bUseHttpProxy = false  - Libcurl will NOT use HTTP proxy
LogInit:  - bDontReuseConnections = false  - Libcurl will reuse connections
LogInit:  - CertBundlePath = nullptr  - Libcurl will use whatever was configured at build time.
LogInit: Build: ++UE4+Release-4.15-CL-3450819
LogInit: Engine Version: 4.15.3-3450819+++UE4+Release-4.15
LogInit: Compatible Engine Version: 4.15.0-3299760+++UE4+Release-4.15
LogInit: Net CL: 3299760
LogDevObjectVersion: Number of dev versions registered: 14
LogDevObjectVersion:   Dev-Blueprints (B0D832E4-1F89-4F0D-ACCF-7EB736FD4AA2): 8
LogDevObjectVersion:   Dev-Build (E1C64328-A22C-4D53-A36C-8E866417BD8C): 0
LogDevObjectVersion:   Dev-Core (375EC13C-06E4-48FB-B500-84F0262A717E): 2
LogDevObjectVersion:   Dev-Editor (E4B068ED-F494-42E9-A231-DA0B2E46BB41): 14
LogDevObjectVersion:   Dev-Framework (CFFC743F-43B0-4480-9391-14DF171D2073): 22
LogDevObjectVersion:   Dev-Mobile (B02B49B5-BB20-44E9-A304-32B752E40360): 0
LogDevObjectVersion:   Dev-Networking (A4E4105C-59A1-49B5-A7C5-40C4547EDFEE): 0
LogDevObjectVersion:   Dev-Online (39C831C9-5AE6-47DC-9A44-9C173E1C8E7C): 0
LogDevObjectVersion:   Dev-Physics (78F01B33-EBEA-4F98-B9B4-84EACCB95AA2): 0
LogDevObjectVersion:   Dev-Platform (6631380F-2D4D-43E0-8009-CF276956A95A): 0
LogDevObjectVersion:   Dev-Rendering (12F88B9F-8875-4AFC-A67C-D90C383ABD29): 12
LogDevObjectVersion:   Dev-Sequencer (7B5AE74C-D270-4C10-A958-57980B212A5A): 3
LogDevObjectVersion:   Dev-VR (D7296918-1DD6-4BDD-9DE2-64A83CC13884): 0
LogDevObjectVersion:   Dev-LoadTimes (C2A15278-BFE7-4AFE-6C17-90FF531DF755): 1
LogInit: Compiled (64-bit): May 21 2017 11:02:34
LogInit: Compiled with Visual C++: 19.00.23026.00
LogInit: Build Configuration: Development
LogInit: Branch Name: ++UE4+Release-4.15
LogInit: Command line: -EpicPortal 
LogInit: Base directory: C:/Program Files/Epic Games/UE_4.15/Engine/Binaries/Win64/
LogInit: Installed Engine Build: 1
LogInit: Presizing for max 8388607 objects, including 0 objects not considered by GC, pre-allocating 0 bytes for permanent pool.
LogInit: Object subsystem initialized
[2017.06.20-09.41.54:662][  0]LogInit: Selected Device Profile: [Windows]
[2017.06.20-09.41.54:662][  0]LogInit: Applying CVar settings loaded from the selected device profile: [Windows]
[2017.06.20-09.41.54:671][  0]LogInit: Computer: DESKTOP-E3PDIQS
[2017.06.20-09.41.54:671][  0]LogInit: User: Marcus
[2017.06.20-09.41.54:671][  0]LogInit: CPU Page size=65536, Cores=4
[2017.06.20-09.41.54:671][  0]LogInit: High frequency timer resolution =2.929689 MHz
[2017.06.20-09.41.54:672][  0]LogMemory: Memory total: Physical=16.0GB (16GB approx)
[2017.06.20-09.41.54:672][  0]LogMemory: Platform Memory Stats for Windows
[2017.06.20-09.41.54:672][  0]LogMemory: Process Physical Memory: 263.17 MB used, 263.17 MB peak
[2017.06.20-09.41.54:672][  0]LogMemory: Process Virtual Memory: 262.18 MB used, 262.18 MB peak
[2017.06.20-09.41.54:672][  0]LogMemory: Physical Memory: 6043.95 MB used,  10292.48 MB free, 16336.43 MB total
[2017.06.20-09.41.54:672][  0]LogMemory: Virtual Memory: 644.24 MB used,  10292.48 MB free, 134217728.00 MB total
[2017.06.20-09.41.54:933][  0]LogTextLocalizationManager: No specific translations for ('en-GB') exist, so ('en') translations will be used.
[2017.06.20-09.41.55:776][  0]LogD3D11RHI: D3D11 adapters:
[2017.06.20-09.41.56:364][  0]LogD3D11RHI:    0. 'NVIDIA GeForce GTX 1050' (Feature Level 11_0)
[2017.06.20-09.41.56:364][  0]LogD3D11RHI:       2006/0/8168 MB DedicatedVideo/DedicatedSystem/SharedSystem, Outputs:2, VendorId:0x10de
[2017.06.20-09.41.56:366][  0]LogD3D11RHI:    1. 'Microsoft Basic Render Driver' (Feature Level 11_0)
[2017.06.20-09.41.56:366][  0]LogD3D11RHI:       0/0/8168 MB DedicatedVideo/DedicatedSystem/SharedSystem, Outputs:0, VendorId:0x1414
[2017.06.20-09.41.56:366][  0]LogD3D11RHI: Chosen D3D11 Adapter: 0
[2017.06.20-09.41.56:372][  0]LogD3D11RHI: Creating new Direct3DDevice
[2017.06.20-09.41.56:372][  0]LogD3D11RHI:     GPU DeviceId: 0x1c81 (for the marketing name, search the web for "GPU Device Id")
[2017.06.20-09.41.56:372][  0]LogWindows: EnumDisplayDevices:
[2017.06.20-09.41.56:372][  0]LogWindows:    0. 'NVIDIA GeForce GTX 1050' (P:0 D:1)
[2017.06.20-09.41.56:372][  0]LogWindows:    1. 'NVIDIA GeForce GTX 1050' (P:1 D:1)
[2017.06.20-09.41.56:372][  0]LogWindows:    2. 'NVIDIA GeForce GTX 1050' (P:0 D:0)
[2017.06.20-09.41.56:372][  0]LogWindows:    3. 'NVIDIA GeForce GTX 1050' (P:0 D:0)
[2017.06.20-09.41.56:373][  0]LogWindows: DebugString: FoundDriverCount:4 
[2017.06.20-09.41.56:373][  0]LogD3D11RHI:     Adapter Name: NVIDIA GeForce GTX 1050
[2017.06.20-09.41.56:373][  0]LogD3D11RHI:   Driver Version: 382.33 (internal:22.21.13.8233, unified:382.33)
[2017.06.20-09.41.56:373][  0]LogD3D11RHI:      Driver Date: 5-17-2017
[2017.06.20-09.41.56:373][  0]LogRHI: Texture pool is 1361 MB (70% of 1945 MB)
[2017.06.20-09.41.56:934][  0]LogD3D11RHI: Async texture creation enabled
[2017.06.20-09.41.56:973][  0]LogD3D11RHI: GPU Timing Frequency: 1000.000000 (Debug: 2 1)
[2017.06.20-09.41.56:976][  0]LogShaderCompilers: Guid format shader working directory is -15 characters bigger than the processId version (../../../../../../Users/Marcus/Desktop/GitHub/UE4-Zero/UE4_Zero/Intermediate/Shaders/WorkingDirectory/740/).
[2017.06.20-09.41.56:976][  0]LogShaderCompilers: Cleaned the shader compiler working directory 'C:/Users/Marcus/AppData/Local/Temp/UnrealShaderWorkingDir/45B8F537409E7E1E6277219E172533B7/'.
[2017.06.20-09.41.56:976][  0]LogShaderCompilers:Display: Using Local Shader Compiler.
[2017.06.20-09.41.58:271][  0]LogTemp:Display: Loaded TP AllDesktopTargetPlatform
[2017.06.20-09.41.58:427][  0]LogTemp:Display: Loaded TP MacClientTargetPlatform
[2017.06.20-09.41.58:586][  0]LogTemp:Display: Loaded TP MacNoEditorTargetPlatform
[2017.06.20-09.41.58:744][  0]LogTemp:Display: Loaded TP MacServerTargetPlatform
[2017.06.20-09.41.58:905][  0]LogTemp:Display: Loaded TP MacTargetPlatform
[2017.06.20-09.41.59:063][  0]LogTemp:Display: Loaded TP WindowsClientTargetPlatform
[2017.06.20-09.41.59:221][  0]LogTemp:Display: Loaded TP WindowsNoEditorTargetPlatform
[2017.06.20-09.41.59:376][  0]LogTemp:Display: Loaded TP WindowsServerTargetPlatform
[2017.06.20-09.41.59:524][  0]LogTemp:Display: Loaded TP WindowsTargetPlatform
[2017.06.20-09.41.59:680][  0]LogTemp:Display: Loaded TP AndroidTargetPlatform
[2017.06.20-09.41.59:836][  0]LogTemp:Display: Loaded TP Android_ASTCTargetPlatform
[2017.06.20-09.41.59:995][  0]LogTemp:Display: Loaded TP Android_ATCTargetPlatform
[2017.06.20-09.42.00:152][  0]LogTemp:Display: Loaded TP Android_DXTTargetPlatform
[2017.06.20-09.42.00:306][  0]LogTemp:Display: Loaded TP Android_ETC1TargetPlatform
[2017.06.20-09.42.00:464][  0]LogTemp:Display: Loaded TP Android_ETC2TargetPlatform
[2017.06.20-09.42.00:777][  0]LogTemp:Display: Loaded TP Android_MultiTargetPlatform
[2017.06.20-09.42.00:777][  0]LogTemp:Display: Loaded TP Android_PVRTCTargetPlatform
[2017.06.20-09.42.00:918][  0]LogTemp:Display: Loaded TP HTML5TargetPlatform
[2017.06.20-09.42.01:184][  0]LogTemp:Display: Loaded TP IOSTargetPlatform
[2017.06.20-09.42.01:283][  0]LogTemp:Display: Loaded TP TVOSTargetPlatform
[2017.06.20-09.42.01:441][  0]LogTemp:Display: Loaded TP LinuxClientTargetPlatform
[2017.06.20-09.42.01:603][  0]LogTemp:Display: Loaded TP LinuxNoEditorTargetPlatform
[2017.06.20-09.42.01:761][  0]LogTemp:Display: Loaded TP LinuxServerTargetPlatform
[2017.06.20-09.42.01:923][  0]LogTemp:Display: Loaded TP LinuxTargetPlatform
[2017.06.20-09.42.01:923][  0]LogTargetPlatformManager:Display: Building Assets For Windows
[2017.06.20-09.42.03:609][  0]LogDerivedDataCache:Display: Max Cache Size: 512 MB
[2017.06.20-09.42.03:658][  0]LogDerivedDataCache: Loaded boot cache 0.05s 51MB C:/Users/Marcus/AppData/Local/UnrealEngine/4.15/DerivedDataCache/Boot.ddc.
[2017.06.20-09.42.03:658][  0]LogDerivedDataCache:Display: Loaded Boot cache: C:/Users/Marcus/AppData/Local/UnrealEngine/4.15/DerivedDataCache/Boot.ddc
[2017.06.20-09.42.03:658][  0]LogDerivedDataCache: FDerivedDataBackendGraph:  Pak pak cache file ../../../../../../Users/Marcus/Desktop/GitHub/UE4-Zero/UE4_Zero/DerivedDataCache/DDC.ddp not found, will not use a pak cache.
[2017.06.20-09.42.03:658][  0]LogDerivedDataCache: Unable to find inner node Pak for hierarchical cache Hierarchy.
[2017.06.20-09.42.03:658][  0]LogDerivedDataCache: FDerivedDataBackendGraph:  CompressedPak pak cache file ../../../../../../Users/Marcus/Desktop/GitHub/UE4-Zero/UE4_Zero/DerivedDataCache/Compressed.ddp not found, will not use a pak cache.
[2017.06.20-09.42.03:658][  0]LogDerivedDataCache: Unable to find inner node CompressedPak for hierarchical cache Hierarchy.
[2017.06.20-09.42.03:674][  0]LogDerivedDataCache:Display: Pak cache opened for reading ../../../Engine/DerivedDataCache/Compressed.ddp.
[2017.06.20-09.42.03:687][  0]LogDerivedDataCache: Using Local data cache path C:/Users/Marcus/AppData/Local/UnrealEngine/Common/DerivedDataCache: Writable
[2017.06.20-09.42.03:695][  0]LogSlate: Using Freetype 2.6.0
[2017.06.20-09.42.03:696][  0]LogSlate: SlateFontCache - WITH_FREETYPE: 1, WITH_HARFBUZZ: 1
[2017.06.20-09.42.03:696][  0]LogSlate: SlateFontCache - WITH_FREETYPE: 1, WITH_HARFBUZZ: 1
[2017.06.20-09.42.04:005][  0]LogInit: Selected Device Profile: [Windows]
[2017.06.20-09.42.04:007][  0]LogContentStreaming: Texture pool size is 0.00 MB
[2017.06.20-09.42.04:541][  0]LogMeshUtilities: Using QuadricMeshReduction for automatic static mesh reduction
[2017.06.20-09.42.04:715][  0]LogSimplygon: Simplygon DLL not present - disabling.
[2017.06.20-09.42.04:891][  0]LogMeshUtilities: Using SimplygonSwarm for distributed automatic mesh merging
[2017.06.20-09.42.04:891][  0]LogMeshUtilities: No automatic skeletal mesh reduction module available
[2017.06.20-09.42.04:891][  0]LogMeshUtilities: No automatic mesh merging module available
[2017.06.20-09.42.05:817][  0]LogNetVersion: GetLocalNetworkVersion: CL: 3299760, ProjectName: ue4_zero, ProjectVersion: , EngineNetworkVersion: 2, GameNetworkVersion: 0, NetworkChecksum: 276590260
[2017.06.20-09.42.05:928][  0]LogAssetRegistry: FAssetRegistry took 0.0219 seconds to start up
[2017.06.20-09.42.06:052][  0]LogPackageLocalizationCache: Processed 3 localized package path(s) for 2 prioritized culture(s) in 0.036746 seconds
[2017.06.20-09.42.06:057][  0]LogUObjectArray: 32493 objects as part of root set at end of initial load.
[2017.06.20-09.42.06:057][  0]LogUObjectAllocator: 7077024 out of 0 bytes used by permanent object pool.
[2017.06.20-09.42.06:057][  0]LogUObjectArray: CloseDisregardForGC: 0/0 objects in disregard for GC pool
[2017.06.20-09.42.06:315][  0]LogInit: WinSock: version 1.1 (2.2), MaxSocks=32767, MaxUdp=65467
[2017.06.20-09.42.10:887][  0]LogTcpMessaging: Initializing TcpMessaging bridge
[2017.06.20-09.42.11:003][  0]LogUdpMessaging: Initializing bridge on interface 0.0.0.0:0 to multicast group 230.0.0.1:6666.
[2017.06.20-09.42.12:207][  0]LogWindows:Error: === Critical error: ===
[2017.06.20-09.42.12:207][  0]LogWindows:Error: 
[2017.06.20-09.42.12:207][  0]LogWindows:Error: Fatal error!
[2017.06.20-09.42.12:207][  0]LogWindows:Error: 
[2017.06.20-09.42.12:207][  0]LogWindows:Error: Unhandled Exception: EXCEPTION_ACCESS_VIOLATION reading address 0x00000794
[2017.06.20-09.42.12:207][  0]LogWindows:Error: 
[2017.06.20-09.42.12:207][  0]LogWindows:Error: UE4Editor-Engine.dll!0x0000000019329504
[2017.06.20-09.42.12:207][  0]LogWindows:Error: UE4Editor-UE4_Zero.dll!UPlayerMovement::Initialize() [c:\users\marcus\desktop\github\ue4-zero\ue4_zero\source\ue4_zero\playermovement.cpp:43]
[2017.06.20-09.42.12:207][  0]LogWindows:Error: UE4Editor-UE4_Zero.dll!APlayerZero::APlayerZero() [c:\users\marcus\desktop\github\ue4-zero\ue4_zero\source\ue4_zero\playerzero.cpp:42]
[2017.06.20-09.42.12:207][  0]LogWindows:Error: UE4Editor-UE4_Zero.dll!InternalConstructor<APlayerZero>()
[2017.06.20-09.42.12:207][  0]LogWindows:Error: UE4Editor-CoreUObject.dll!0x000000001CDF248F
[2017.06.20-09.42.12:207][  0]LogWindows:Error: UE4Editor-CoreUObject.dll!0x000000001CF8A310
[2017.06.20-09.42.12:207][  0]LogWindows:Error: UE4Editor-CoreUObject.dll!0x000000001CF6C5B0
[2017.06.20-09.42.12:207][  0]LogWindows:Error: UE4Editor-CoreUObject.dll!0x000000001CDF5AB7
[2017.06.20-09.42.12:207][  0]LogWindows:Error: UE4Editor-Core.dll!0x000000001D247173
[2017.06.20-09.42.12:207][  0]LogWindows:Error: UE4Editor-Core.dll!0x000000001D40C70A
[2017.06.20-09.42.12:207][  0]LogWindows:Error: UE4Editor-Projects.dll!0x0000000030F8B4F2
[2017.06.20-09.42.12:207][  0]LogWindows:Error: UE4Editor-Projects.dll!0x0000000030F8B838
[2017.06.20-09.42.12:207][  0]LogWindows:Error: UE4Editor.exe!0x0000000029412951
[2017.06.20-09.42.12:207][  0]LogWindows:Error: UE4Editor.exe!0x0000000029416A02
[2017.06.20-09.42.12:207][  0]LogWindows:Error: UE4Editor.exe!0x000000002940E96A
[2017.06.20-09.42.12:207][  0]LogWindows:Error: UE4Editor.exe!0x000000002940EBBA
[2017.06.20-09.42.12:207][  0]LogWindows:Error: UE4Editor.exe!0x0000000029420A29
[2017.06.20-09.42.12:207][  0]LogWindows:Error: UE4Editor.exe!0x00000000294222B6
[2017.06.20-09.42.12:207][  0]LogWindows:Error: KERNEL32.DLL!0x0000000068F32774
[2017.06.20-09.42.12:207][  0]LogWindows:Error: ntdll.dll!0x00000000696A0D61
[2017.06.20-09.42.12:207][  0]LogWindows:Error: ntdll.dll!0x00000000696A0D61
[2017.06.20-09.42.12:207][  0]LogWindows:Error: 
[2017.06.20-09.42.12:232][  0]LogExit: Executing StaticShutdownAfterError
[2017.06.20-09.42.12:233][  0]LogWindows: FPlatformMisc::RequestExit(1)
[2017.06.20-09.42.12:233][  0]Log file closed, 06/20/17 10:42:12
