Log file open, 06/21/17 15:12:37
LogInit:Display: Running engine for game: UE4_Zero
LogPlatformFile: Not using cached read wrapper
LogInit:Display: RandInit(2071117914) SRandInit(2071117914).
LogTaskGraph: Started task graph with 5 named threads and 8 total threads with 1 sets of task threads.
LogStats: Stats thread started at 0.109602
LogInit: Using libcurl 7.47.1
LogInit:  - built for x86_64-pc-win32
LogInit:  - supports SSL with OpenSSL/1.0.2g
LogInit:  - supports HTTP deflate (compression) using libz 1.2.8
LogInit:  - other features:
LogInit:      CURL_VERSION_SSL
LogInit:      CURL_VERSION_LIBZ
LogInit:      CURL_VERSION_IPV6
LogInit:      CURL_VERSION_ASYNCHDNS
LogInit:      CURL_VERSION_LARGEFILE
LogInit:      CURL_VERSION_IDN
LogInit:  CurlRequestOptions (configurable via config and command line):
LogInit:  - bVerifyPeer = false  - Libcurl will NOT verify peer certificate
LogInit:  - bUseHttpProxy = false  - Libcurl will NOT use HTTP proxy
LogInit:  - bDontReuseConnections = false  - Libcurl will reuse connections
LogInit:  - CertBundlePath = nullptr  - Libcurl will use whatever was configured at build time.
LogInit: Build: ++UE4+Release-4.15-CL-3450819
LogInit: Engine Version: 4.15.3-3450819+++UE4+Release-4.15
LogInit: Compatible Engine Version: 4.15.0-3299760+++UE4+Release-4.15
LogInit: Net CL: 3299760
LogDevObjectVersion: Number of dev versions registered: 14
LogDevObjectVersion:   Dev-Blueprints (B0D832E4-1F89-4F0D-ACCF-7EB736FD4AA2): 8
LogDevObjectVersion:   Dev-Build (E1C64328-A22C-4D53-A36C-8E866417BD8C): 0
LogDevObjectVersion:   Dev-Core (375EC13C-06E4-48FB-B500-84F0262A717E): 2
LogDevObjectVersion:   Dev-Editor (E4B068ED-F494-42E9-A231-DA0B2E46BB41): 14
LogDevObjectVersion:   Dev-Framework (CFFC743F-43B0-4480-9391-14DF171D2073): 22
LogDevObjectVersion:   Dev-Mobile (B02B49B5-BB20-44E9-A304-32B752E40360): 0
LogDevObjectVersion:   Dev-Networking (A4E4105C-59A1-49B5-A7C5-40C4547EDFEE): 0
LogDevObjectVersion:   Dev-Online (39C831C9-5AE6-47DC-9A44-9C173E1C8E7C): 0
LogDevObjectVersion:   Dev-Physics (78F01B33-EBEA-4F98-B9B4-84EACCB95AA2): 0
LogDevObjectVersion:   Dev-Platform (6631380F-2D4D-43E0-8009-CF276956A95A): 0
LogDevObjectVersion:   Dev-Rendering (12F88B9F-8875-4AFC-A67C-D90C383ABD29): 12
LogDevObjectVersion:   Dev-Sequencer (7B5AE74C-D270-4C10-A958-57980B212A5A): 3
LogDevObjectVersion:   Dev-VR (D7296918-1DD6-4BDD-9DE2-64A83CC13884): 0
LogDevObjectVersion:   Dev-LoadTimes (C2A15278-BFE7-4AFE-6C17-90FF531DF755): 1
LogInit: Compiled (64-bit): May 21 2017 11:02:34
LogInit: Compiled with Visual C++: 19.00.23026.00
LogInit: Build Configuration: Development
LogInit: Branch Name: ++UE4+Release-4.15
LogInit: Command line:  
LogInit: Base directory: C:/Program Files/Epic Games/UE_4.15/Engine/Binaries/Win64/
LogInit: Installed Engine Build: 1
LogInit: Presizing for max 8388607 objects, including 0 objects not considered by GC, pre-allocating 0 bytes for permanent pool.
LogInit: Object subsystem initialized
[2017.06.21-14.12.38:966][  0]LogInit: Selected Device Profile: [Windows]
[2017.06.21-14.12.38:967][  0]LogInit: Applying CVar settings loaded from the selected device profile: [Windows]
[2017.06.21-14.12.38:976][  0]LogInit: Computer: DESKTOP-E3PDIQS
[2017.06.21-14.12.38:976][  0]LogInit: User: Marcus
[2017.06.21-14.12.38:976][  0]LogInit: CPU Page size=65536, Cores=4
[2017.06.21-14.12.38:976][  0]LogInit: High frequency timer resolution =2.929691 MHz
[2017.06.21-14.12.38:977][  0]LogMemory: Memory total: Physical=16.0GB (16GB approx)
[2017.06.21-14.12.38:977][  0]LogMemory: Platform Memory Stats for Windows
[2017.06.21-14.12.38:977][  0]LogMemory: Process Physical Memory: 263.20 MB used, 263.20 MB peak
[2017.06.21-14.12.38:977][  0]LogMemory: Process Virtual Memory: 262.23 MB used, 262.23 MB peak
[2017.06.21-14.12.38:977][  0]LogMemory: Physical Memory: 6210.11 MB used,  10126.32 MB free, 16336.43 MB total
[2017.06.21-14.12.38:977][  0]LogMemory: Virtual Memory: 644.24 MB used,  10126.32 MB free, 134217728.00 MB total
[2017.06.21-14.12.39:240][  0]LogTextLocalizationManager: No specific translations for ('en-GB') exist, so ('en') translations will be used.
[2017.06.21-14.12.40:080][  0]LogD3D11RHI: D3D11 adapters:
[2017.06.21-14.12.40:674][  0]LogD3D11RHI:    0. 'NVIDIA GeForce GTX 1050' (Feature Level 11_0)
[2017.06.21-14.12.40:674][  0]LogD3D11RHI:       2006/0/8168 MB DedicatedVideo/DedicatedSystem/SharedSystem, Outputs:2, VendorId:0x10de
[2017.06.21-14.12.40:676][  0]LogD3D11RHI:    1. 'Microsoft Basic Render Driver' (Feature Level 11_0)
[2017.06.21-14.12.40:676][  0]LogD3D11RHI:       0/0/8168 MB DedicatedVideo/DedicatedSystem/SharedSystem, Outputs:0, VendorId:0x1414
[2017.06.21-14.12.40:676][  0]LogD3D11RHI: Chosen D3D11 Adapter: 0
[2017.06.21-14.12.40:682][  0]LogD3D11RHI: Creating new Direct3DDevice
[2017.06.21-14.12.40:682][  0]LogD3D11RHI:     GPU DeviceId: 0x1c81 (for the marketing name, search the web for "GPU Device Id")
[2017.06.21-14.12.40:682][  0]LogWindows: EnumDisplayDevices:
[2017.06.21-14.12.40:683][  0]LogWindows:    0. 'NVIDIA GeForce GTX 1050' (P:1 D:1)
[2017.06.21-14.12.40:683][  0]LogWindows:    1. 'NVIDIA GeForce GTX 1050' (P:0 D:1)
[2017.06.21-14.12.40:683][  0]LogWindows:    2. 'NVIDIA GeForce GTX 1050' (P:0 D:0)
[2017.06.21-14.12.40:683][  0]LogWindows:    3. 'NVIDIA GeForce GTX 1050' (P:0 D:0)
[2017.06.21-14.12.40:683][  0]LogWindows: DebugString: FoundDriverCount:4 
[2017.06.21-14.12.40:683][  0]LogD3D11RHI:     Adapter Name: NVIDIA GeForce GTX 1050
[2017.06.21-14.12.40:683][  0]LogD3D11RHI:   Driver Version: 382.33 (internal:22.21.13.8233, unified:382.33)
[2017.06.21-14.12.40:683][  0]LogD3D11RHI:      Driver Date: 5-17-2017
[2017.06.21-14.12.40:683][  0]LogRHI: Texture pool is 1361 MB (70% of 1945 MB)
[2017.06.21-14.12.41:238][  0]LogD3D11RHI: Async texture creation enabled
[2017.06.21-14.12.41:265][  0]LogD3D11RHI: GPU Timing Frequency: 1000.000000 (Debug: 2 1)
[2017.06.21-14.12.41:267][  0]LogShaderCompilers: Guid format shader working directory is -16 characters bigger than the processId version (../../../../../../Users/Marcus/Desktop/GitHub/UE4-Zero/UE4_Zero/Intermediate/Shaders/WorkingDirectory/9824/).
[2017.06.21-14.12.41:267][  0]LogShaderCompilers: Cleaned the shader compiler working directory 'C:/Users/Marcus/AppData/Local/Temp/UnrealShaderWorkingDir/2BD5CDC94F07F5B8E16FB4966D3D735C/'.
[2017.06.21-14.12.41:267][  0]LogShaderCompilers:Display: Using Local Shader Compiler.
[2017.06.21-14.12.42:555][  0]LogTemp:Display: Loaded TP AllDesktopTargetPlatform
[2017.06.21-14.12.42:718][  0]LogTemp:Display: Loaded TP MacClientTargetPlatform
[2017.06.21-14.12.42:894][  0]LogTemp:Display: Loaded TP MacNoEditorTargetPlatform
[2017.06.21-14.12.43:058][  0]LogTemp:Display: Loaded TP MacServerTargetPlatform
[2017.06.21-14.12.43:229][  0]LogTemp:Display: Loaded TP MacTargetPlatform
[2017.06.21-14.12.43:402][  0]LogTemp:Display: Loaded TP WindowsClientTargetPlatform
[2017.06.21-14.12.43:568][  0]LogTemp:Display: Loaded TP WindowsNoEditorTargetPlatform
[2017.06.21-14.12.43:732][  0]LogTemp:Display: Loaded TP WindowsServerTargetPlatform
[2017.06.21-14.12.43:882][  0]LogTemp:Display: Loaded TP WindowsTargetPlatform
[2017.06.21-14.12.44:039][  0]LogTemp:Display: Loaded TP AndroidTargetPlatform
[2017.06.21-14.12.44:199][  0]LogTemp:Display: Loaded TP Android_ASTCTargetPlatform
[2017.06.21-14.12.44:359][  0]LogTemp:Display: Loaded TP Android_ATCTargetPlatform
[2017.06.21-14.12.44:518][  0]LogTemp:Display: Loaded TP Android_DXTTargetPlatform
[2017.06.21-14.12.44:676][  0]LogTemp:Display: Loaded TP Android_ETC1TargetPlatform
[2017.06.21-14.12.44:839][  0]LogTemp:Display: Loaded TP Android_ETC2TargetPlatform
[2017.06.21-14.12.45:161][  0]LogTemp:Display: Loaded TP Android_MultiTargetPlatform
[2017.06.21-14.12.45:161][  0]LogTemp:Display: Loaded TP Android_PVRTCTargetPlatform
[2017.06.21-14.12.45:310][  0]LogTemp:Display: Loaded TP HTML5TargetPlatform
[2017.06.21-14.12.45:579][  0]LogTemp:Display: Loaded TP IOSTargetPlatform
[2017.06.21-14.12.45:686][  0]LogTemp:Display: Loaded TP TVOSTargetPlatform
[2017.06.21-14.12.45:850][  0]LogTemp:Display: Loaded TP LinuxClientTargetPlatform
[2017.06.21-14.12.46:018][  0]LogTemp:Display: Loaded TP LinuxNoEditorTargetPlatform
[2017.06.21-14.12.46:181][  0]LogTemp:Display: Loaded TP LinuxServerTargetPlatform
[2017.06.21-14.12.46:338][  0]LogTemp:Display: Loaded TP LinuxTargetPlatform
[2017.06.21-14.12.46:338][  0]LogTargetPlatformManager:Display: Building Assets For Windows
[2017.06.21-14.12.48:005][  0]LogDerivedDataCache:Display: Max Cache Size: 512 MB
[2017.06.21-14.12.48:053][  0]LogDerivedDataCache: Loaded boot cache 0.05s 50MB C:/Users/Marcus/AppData/Local/UnrealEngine/4.15/DerivedDataCache/Boot.ddc.
[2017.06.21-14.12.48:053][  0]LogDerivedDataCache:Display: Loaded Boot cache: C:/Users/Marcus/AppData/Local/UnrealEngine/4.15/DerivedDataCache/Boot.ddc
[2017.06.21-14.12.48:053][  0]LogDerivedDataCache: FDerivedDataBackendGraph:  Pak pak cache file ../../../../../../Users/Marcus/Desktop/GitHub/UE4-Zero/UE4_Zero/DerivedDataCache/DDC.ddp not found, will not use a pak cache.
[2017.06.21-14.12.48:053][  0]LogDerivedDataCache: Unable to find inner node Pak for hierarchical cache Hierarchy.
[2017.06.21-14.12.48:053][  0]LogDerivedDataCache: FDerivedDataBackendGraph:  CompressedPak pak cache file ../../../../../../Users/Marcus/Desktop/GitHub/UE4-Zero/UE4_Zero/DerivedDataCache/Compressed.ddp not found, will not use a pak cache.
[2017.06.21-14.12.48:053][  0]LogDerivedDataCache: Unable to find inner node CompressedPak for hierarchical cache Hierarchy.
[2017.06.21-14.12.48:070][  0]LogDerivedDataCache:Display: Pak cache opened for reading ../../../Engine/DerivedDataCache/Compressed.ddp.
[2017.06.21-14.12.48:083][  0]LogDerivedDataCache: Using Local data cache path C:/Users/Marcus/AppData/Local/UnrealEngine/Common/DerivedDataCache: Writable
[2017.06.21-14.12.48:092][  0]LogSlate: Using Freetype 2.6.0
[2017.06.21-14.12.48:092][  0]LogSlate: SlateFontCache - WITH_FREETYPE: 1, WITH_HARFBUZZ: 1
[2017.06.21-14.12.48:092][  0]LogSlate: SlateFontCache - WITH_FREETYPE: 1, WITH_HARFBUZZ: 1
[2017.06.21-14.12.48:413][  0]LogInit: Selected Device Profile: [Windows]
[2017.06.21-14.12.48:417][  0]LogContentStreaming: Texture pool size is 0.00 MB
[2017.06.21-14.12.48:951][  0]LogMeshUtilities: Using QuadricMeshReduction for automatic static mesh reduction
[2017.06.21-14.12.49:133][  0]LogSimplygon: Simplygon DLL not present - disabling.
[2017.06.21-14.12.49:310][  0]LogMeshUtilities: Using SimplygonSwarm for distributed automatic mesh merging
[2017.06.21-14.12.49:310][  0]LogMeshUtilities: No automatic skeletal mesh reduction module available
[2017.06.21-14.12.49:310][  0]LogMeshUtilities: No automatic mesh merging module available
[2017.06.21-14.12.50:292][  0]LogNetVersion: GetLocalNetworkVersion: CL: 3299760, ProjectName: ue4_zero, ProjectVersion: , EngineNetworkVersion: 2, GameNetworkVersion: 0, NetworkChecksum: 276590260
[2017.06.21-14.12.50:408][  0]LogAssetRegistry: FAssetRegistry took 0.0221 seconds to start up
[2017.06.21-14.12.50:538][  0]LogPackageLocalizationCache: Processed 3 localized package path(s) for 2 prioritized culture(s) in 0.038684 seconds
[2017.06.21-14.12.50:543][  0]LogUObjectArray: 32493 objects as part of root set at end of initial load.
[2017.06.21-14.12.50:543][  0]LogUObjectAllocator: 7077032 out of 0 bytes used by permanent object pool.
[2017.06.21-14.12.50:543][  0]LogUObjectArray: CloseDisregardForGC: 0/0 objects in disregard for GC pool
[2017.06.21-14.12.50:835][  0]LogInit: WinSock: version 1.1 (2.2), MaxSocks=32767, MaxUdp=65467
[2017.06.21-14.12.55:617][  0]LogTcpMessaging: Initializing TcpMessaging bridge
[2017.06.21-14.12.55:735][  0]LogUdpMessaging: Initializing bridge on interface 0.0.0.0:0 to multicast group 230.0.0.1:6666.
[2017.06.21-14.12.57:324][  0]LogMaterial: Uniform references updated for custom material expression Custom.
[2017.06.21-14.12.58:524][  0]SourceControl: Info Source control is disabled
[2017.06.21-14.12.58:526][  0]SourceControl: Info Source control is disabled
[2017.06.21-14.12.58:699][  0]SourceControl: Info Source control is disabled
[2017.06.21-14.12.58:866][  0]SourceControl: Info Source control is disabled
[2017.06.21-14.13.03:264][  0]LogEngine: Initializing Engine...
[2017.06.21-14.13.03:265][  0]LogHMD: Failed to initialize OpenVR with code 110
[2017.06.21-14.13.03:373][  0]LogStats: UGameplayTagsManager::ConstructGameplayTagTree: Construct from data asset -  0.000 s
[2017.06.21-14.13.03:373][  0]LogStats: UGameplayTagsManager::ConstructGameplayTagTree: GameplayTagTreeChangedEvent.Broadcast -  0.000 s
[2017.06.21-14.13.03:825][  0]LogAIModule: Creating AISystem for world Untitled
[2017.06.21-14.13.03:831][  0]LogInit: XAudio2 using 'Digital Audio (S/PDIF) (High Definition Audio Device)' : 2 channels at 44.1 kHz using 16 bits per sample (channel mask 0x3)
[2017.06.21-14.13.03:850][  0]LogInit: FAudioDevice initialized.
[2017.06.21-14.13.03:873][  0]LogDerivedDataCache: Saved boot cache 0.02s 50MB C:/Users/Marcus/AppData/Local/UnrealEngine/4.15/DerivedDataCache/Boot.ddc.
[2017.06.21-14.13.03:878][  0]LogInit: Texture streaming: Enabled
[2017.06.21-14.13.04:262][  0]LogEngineSessionManager: EngineSessionManager initialized
[2017.06.21-14.13.04:262][  0]LogEngineSessionManager: EngineSessionManager sent abnormal shutdown report. Type=Crashed, SessionId={B603B934-4E13-0165-D8CF-5EBBB9D390D7}
[2017.06.21-14.13.04:582][  0]LogWindowsTextInputMethodSystem:Display: IME system now deactivated.
[2017.06.21-14.13.04:693][  0]LogInit: Transaction tracking system initialized
[2017.06.21-14.13.06:090][  0]BlueprintLog: New page: Editor Load
[2017.06.21-14.13.09:611][  0]LocalizationService: Info Localization service is disabled
[2017.06.21-14.13.12:186][  0]LogConsoleResponse:Display: 
[2017.06.21-14.13.12:401][  0]LogCook:Display: Max memory allowance for cook 16384mb min free memory 0mb
[2017.06.21-14.13.12:401][  0]LogCook:Display: Mobile HDR setting 1
[2017.06.21-14.13.12:922][  0]LogFileCache: Scanning file cache for directory 'C:/Users/Marcus/Desktop/GitHub/UE4-Zero/UE4_Zero/Content/' took 0.02s
[2017.06.21-14.13.16:299][  0]SourceControl: Info Source control is disabled
[2017.06.21-14.13.16:299][  0]Cmd: MAP LOAD FILE="../../../../../../Users/Marcus/Desktop/GitHub/UE4-Zero/UE4_Zero/Content/Maps/Start.umap" TEMPLATE=0 SHOWPROGRESS=1 FEATURELEVEL=3
[2017.06.21-14.13.16:300][  0]LightingResults: New page: Lighting Build
[2017.06.21-14.13.16:456][  0]MapCheck: New page: Map Check
[2017.06.21-14.13.16:456][  0]LightingResults: New page: Lighting Build
[2017.06.21-14.13.16:655][  0]LogAIModule: Creating AISystem for world Start
[2017.06.21-14.13.16:675][  0]LogEditorServer: Finished looking for orphan Actors (0.000 secs)
[2017.06.21-14.13.16:676][  0]Cmd: MAP CHECKDEP NOCLEARLOG
[2017.06.21-14.13.16:770][  0]MapCheck: Info Map check complete: 0 Error(s), 0 Warning(s), took 94.425ms to complete.
[2017.06.21-14.13.16:770][  0]LogFileHelpers: Loading map 'Start' took 0.471
[2017.06.21-14.13.17:019][  0]LogCollectionManager: Loaded 0 collections in 0.002905 seconds
[2017.06.21-14.13.17:226][  0]LogFileCache: Scanning file cache for directory 'C:/Users/Marcus/Desktop/GitHub/UE4-Zero/UE4_Zero/Saved/Collections/' took 0.01s
[2017.06.21-14.13.17:226][  0]LogFileCache: Scanning file cache for directory 'C:/Users/Marcus/Desktop/GitHub/UE4-Zero/UE4_Zero/Content/Developers/Marcus/Collections/' took 0.01s
[2017.06.21-14.13.17:226][  0]LogFileCache: Scanning file cache for directory 'C:/Users/Marcus/Desktop/GitHub/UE4-Zero/UE4_Zero/Content/Collections/' took 0.01s
[2017.06.21-14.13.17:226][  0]LogCollectionManager: Rebuilt the GUID cache for 0 collections in 0.000001 seconds
[2017.06.21-14.13.17:236][  0]LogContentBrowser: Native class hierarchy populated in 0.0099 seconds. Added 2249 classes and 455 folders.
[2017.06.21-14.13.17:492][  0]LogContentBrowser: Native class hierarchy updated for 'WidgetCarousel' in 0.0026 seconds. Added 0 classes and 0 folders.
[2017.06.21-14.13.17:565][  0]LogContentBrowser: Native class hierarchy updated for 'AddContentDialog' in 0.0026 seconds. Added 0 classes and 0 folders.
[2017.06.21-14.13.17:731][  0]LogContentBrowser: Native class hierarchy updated for 'SceneOutliner' in 0.0026 seconds. Added 1 classes and 2 folders.
[2017.06.21-14.13.17:900][  0]LogCrashTracker: Crashtracker disabled due to settings.
[2017.06.21-14.13.17:905][  0]LogUObjectGlobals:Warning: Failed to find object 'Class None.'
[2017.06.21-14.13.18:086][  0]LogContentBrowser: Native class hierarchy updated for 'HierarchicalLODOutliner' in 0.0026 seconds. Added 1 classes and 2 folders.
[2017.06.21-14.13.18:086][  0]LogLoad: (Engine Initialization) Total time: 42.95 seconds
[2017.06.21-14.13.18:086][  0]LogLoad: (Engine Initialization) Total Blueprint compile time: 0.21 seconds
[2017.06.21-14.13.18:087][  0]LogExternalProfiler: Found external profiler: VSPerf
[2017.06.21-14.13.18:087][  0]LogExternalProfiler: Using external profiler: VSPerf
[2017.06.21-14.13.18:097][  0]LogOcInput: OculusInput pre-init called
[2017.06.21-14.13.18:117][  0]LogContentStreaming: Texture pool size now 1000 MB
[2017.06.21-14.13.18:118][  0]LogSlate: Took 0.000295 seconds to synchronously load lazily loaded font '../../../Engine/Content/Slate/Fonts/Roboto-Regular.ttf' (155K)
[2017.06.21-14.13.18:121][  0]LogSlate: Took 0.000275 seconds to synchronously load lazily loaded font '../../../Engine/Content/Slate/Fonts/Roboto-Bold.ttf' (160K)
[2017.06.21-14.13.18:126][  0]LogSlate: Took 0.000287 seconds to synchronously load lazily loaded font '../../../Engine/Content/Editor/Slate/Fonts/FontAwesome.ttf' (139K)
[2017.06.21-14.13.18:127][  0]LogSlate: Took 0.000168 seconds to synchronously load lazily loaded font '../../../Engine/Content/Editor/Slate/Fonts/DroidSansMono.ttf' (77K)
[2017.06.21-14.13.18:287][  0]LogRenderer: Reallocating scene render targets to support 1208x580 NumSamples 1 (Frame:2).
[2017.06.21-14.13.18:329][  1]LogAssetRegistry: Asset discovery search completed in 27.9437 seconds
[2017.06.21-14.13.18:329][  1]LogCollectionManager: Rebuilt the object cache for 0 collections in 0.000003 seconds (found 0 objects)
[2017.06.21-14.13.18:329][  1]LogCollectionManager: Fixed up redirectors for 0 collections in 0.000099 seconds (updated 0 objects)
[2017.06.21-14.13.19:118][ 78]LogSlate: Took 0.000278 seconds to synchronously load lazily loaded font '../../../Engine/Content/Slate/Fonts/Roboto-Light.ttf' (159K)
[2017.06.21-14.13.23:392][586]Recompiling UE4_Zero...
[2017.06.21-14.13.23:392][586]Launching UnrealBuildTool... [C:/Program Files/Epic Games/UE_4.15/Engine/Binaries/DotNET/UnrealBuildTool.exe UE4_Zero -ModuleWithSuffix UE4_Zero 6881 Win64 Development -editorrecompile -canskiplink "C:/Users/Marcus/Desktop/GitHub/UE4-Zero/UE4_Zero/UE4_Zero.uproject" ]
[2017.06.21-14.13.23:401][586]Warning: Starting HotReload took  0.0s.
[2017.06.21-14.13.30:628][422]CompilerResultsLog: New page: Compilation - 21 Jun 2017 16:13:30
[2017.06.21-14.13.30:629][422]CompilerResultsLog: Info Compiling game modules for hot reload
[2017.06.21-14.13.30:629][422]CompilerResultsLog: Info Target is up to date
[2017.06.21-14.13.30:629][422]CompilerResultsLog: Info Total build time: 6.71 seconds (NoActionsToExecute executor: 0.00 seconds)
[2017.06.21-14.13.30:629][422]LogMainFrame: MainFrame: Module compiling took 7.244 seconds
[2017.06.21-14.13.30:654][422]LogContentBrowser: Native class hierarchy populated in 0.0105 seconds. Added 2251 classes and 459 folders.
[2017.06.21-14.13.30:654][422]Display: HotReload took  7.3s.
[2017.06.21-14.13.34:672][895]LogTemp: Repeting last play command: Selected Viewport
[2017.06.21-14.13.34:683][895]LogPlayLevel: PlayLevel: No blueprints needed recompiling
[2017.06.21-14.13.34:683][895]PIE: New page: PIE session: Start (21 Jun 2017 16:13:34)
[2017.06.21-14.13.34:684][895]LogPlayLevel: Creating play world package: /Game/Maps/UEDPIE_0_Start
[2017.06.21-14.13.34:686][895]LogPlayLevel: PIE: StaticDuplicateObject took: (0.002379s)
[2017.06.21-14.13.34:687][895]LogAIModule: Creating AISystem for world Start
[2017.06.21-14.13.34:687][895]LogPlayLevel: PIE: World Init took: (0.000658s)
[2017.06.21-14.13.34:687][895]LogPlayLevel: PIE: Created PIE world by copying editor world from /Game/Maps/Start.Start to /Game/Maps/UEDPIE_0_Start.Start (0.003429s)
[2017.06.21-14.13.34:696][895]LogInit: XAudio2 using 'Digital Audio (S/PDIF) (High Definition Audio Device)' : 2 channels at 44.1 kHz using 16 bits per sample (channel mask 0x3)
[2017.06.21-14.13.34:703][895]LogInit: FAudioDevice initialized.
[2017.06.21-14.13.34:764][895]LogLoad: Game class is 'My_UE4_ZeroGameModeBase_C'
[2017.06.21-14.13.34:766][895]LogWorld: Bringing World /Game/Maps/UEDPIE_0_Start.Start up for play (max tick rate 0) at 2017.06.21-15.13.34
[2017.06.21-14.13.34:766][895]LogWorld: Bringing up level for play took: 0.000997
[2017.06.21-14.13.34:932][895]LogContentBrowser: Native class hierarchy updated for 'MovieSceneCapture' in 0.0025 seconds. Added 11 classes and 0 folders.
[2017.06.21-14.13.34:933][895]PIE: Info Play in editor start time for /Game/Maps/UEDPIE_0_Start 0.732
[2017.06.21-14.14.02:802][200]Recompiling UE4_Zero...
[2017.06.21-14.14.02:802][200]Launching UnrealBuildTool... [C:/Program Files/Epic Games/UE_4.15/Engine/Binaries/DotNET/UnrealBuildTool.exe UE4_Zero -ModuleWithSuffix UE4_Zero 8060 Win64 Development -editorrecompile -canskiplink "C:/Users/Marcus/Desktop/GitHub/UE4-Zero/UE4_Zero/UE4_Zero.uproject" ]
[2017.06.21-14.14.02:807][200]Warning: Starting HotReload took  0.0s.
[2017.06.21-14.14.24:555][720]CompilerResultsLog: New page: Compilation - 21 Jun 2017 16:14:24
[2017.06.21-14.14.24:555][720]CompilerResultsLog: Info Compiling game modules for hot reload
[2017.06.21-14.14.24:555][720]CompilerResultsLog: Info Parsing headers for UE4_ZeroEditor
[2017.06.21-14.14.24:555][720]CompilerResultsLog: Info   Running UnrealHeaderTool "C:\Users\Marcus\Desktop\GitHub\UE4-Zero\UE4_Zero\UE4_Zero.uproject" "C:\Users\Marcus\Desktop\GitHub\UE4-Zero\UE4_Zero\Intermediate\Build\Win64\UE4_ZeroEditor\Development\UE4_ZeroEditor.uhtmanifest" -LogCmds="loginit warning, logexit warning, logdatabase error" -Unattended -WarningsAsErrors -installed
[2017.06.21-14.14.24:556][720]CompilerResultsLog: Info Reflection code generated for UE4_ZeroEditor in 8.0229426 seconds
[2017.06.21-14.14.24:556][720]CompilerResultsLog: Info Performing 3 actions (4 in parallel)
[2017.06.21-14.14.24:556][720]CompilerResultsLog: Info PlayerZero.cpp
[2017.06.21-14.14.24:556][720]CompilerResultsLog: Info [2/3] Link UE4Editor-UE4_Zero-8060.dll
[2017.06.21-14.14.24:556][720]CompilerResultsLog: Info [3/3] Link UE4Editor-UE4_Zero-8060.lib
[2017.06.21-14.14.24:557][720]CompilerResultsLog: Info    Creating library C:\Users\Marcus\Desktop\GitHub\UE4-Zero\UE4_Zero\Intermediate\Build\Win64\UE4Editor\Development\UE4Editor-UE4_Zero-8060.lib and object C:\Users\Marcus\Desktop\GitHub\UE4-Zero\UE4_Zero\Intermediate\Build\Win64\UE4Editor\Development\UE4Editor-UE4_Zero-8060.exp
[2017.06.21-14.14.24:557][720]CompilerResultsLog: Info    Creating library C:\Users\Marcus\Desktop\GitHub\UE4-Zero\UE4_Zero\Intermediate\Build\Win64\UE4Editor\Development\UE4Editor-UE4_Zero-8060.suppressed.lib and object C:\Users\Marcus\Desktop\GitHub\UE4-Zero\UE4_Zero\Intermediate\Build\Win64\UE4Editor\Development\UE4Editor-UE4_Zero-8060.suppressed.exp
[2017.06.21-14.14.24:558][720]CompilerResultsLog: Info Total build time: 21.36 seconds (Local executor: 5.63 seconds)
[2017.06.21-14.14.24:558][720]LogMainFrame: MainFrame: Module compiling took 21.763 seconds
[2017.06.21-14.14.24:727][720]LogContentBrowser: Native class hierarchy updated for 'UE4_Zero' in 0.0027 seconds. Added 4 classes and 2 folders.
[2017.06.21-14.14.24:729][720]Display: HotReload successful (0 functions remapped  0 scriptstructs remapped)
[2017.06.21-14.14.24:791][720]LogContentBrowser: Native class hierarchy populated in 0.0108 seconds. Added 2251 classes and 459 folders.
[2017.06.21-14.14.24:791][720]Display: HotReload took 22.0s.
[2017.06.21-14.14.49:436][676]LogTemp: Repeting last play command: Selected Viewport
[2017.06.21-14.14.49:447][676]LogPlayLevel: PlayLevel: No blueprints needed recompiling
[2017.06.21-14.14.49:448][676]PIE: New page: PIE session: Start (21 Jun 2017 16:14:49)
[2017.06.21-14.14.49:448][676]LogPlayLevel: Creating play world package: /Game/Maps/UEDPIE_0_Start
[2017.06.21-14.14.49:450][676]LogPlayLevel: PIE: StaticDuplicateObject took: (0.002137s)
[2017.06.21-14.14.49:451][676]LogAIModule: Creating AISystem for world Start
[2017.06.21-14.14.49:451][676]LogPlayLevel: PIE: World Init took: (0.000863s)
[2017.06.21-14.14.49:451][676]LogPlayLevel: PIE: Created PIE world by copying editor world from /Game/Maps/Start.Start to /Game/Maps/UEDPIE_0_Start.Start (0.003400s)
[2017.06.21-14.14.49:462][676]LogInit: XAudio2 using 'Digital Audio (S/PDIF) (High Definition Audio Device)' : 2 channels at 44.1 kHz using 16 bits per sample (channel mask 0x3)
[2017.06.21-14.14.49:470][676]LogInit: FAudioDevice initialized.
[2017.06.21-14.14.49:498][676]LogLoad: Game class is 'My_UE4_ZeroGameModeBase_C'
[2017.06.21-14.14.49:500][676]LogWorld: Bringing World /Game/Maps/UEDPIE_0_Start.Start up for play (max tick rate 0) at 2017.06.21-15.14.49
[2017.06.21-14.14.49:501][676]LogWorld: Bringing up level for play took: 0.001226
[2017.06.21-14.14.49:502][676]PIE: Info Play in editor start time for /Game/Maps/UEDPIE_0_Start -0.7
[2017.06.21-14.27.41:514][904]Recompiling UE4_Zero...
[2017.06.21-14.27.41:514][904]Launching UnrealBuildTool... [C:/Program Files/Epic Games/UE_4.15/Engine/Binaries/DotNET/UnrealBuildTool.exe UE4_Zero -ModuleWithSuffix UE4_Zero 2665 Win64 Development -editorrecompile -canskiplink "C:/Users/Marcus/Desktop/GitHub/UE4-Zero/UE4_Zero/UE4_Zero.uproject" ]
[2017.06.21-14.27.41:520][904]Warning: Starting HotReload took  0.0s.
[2017.06.21-14.28.03:878][535]CompilerResultsLog: New page: Compilation - 21 Jun 2017 16:28:03
[2017.06.21-14.28.03:878][535]CompilerResultsLog: Info Compiling game modules for hot reload
[2017.06.21-14.28.03:878][535]CompilerResultsLog: Info Parsing headers for UE4_ZeroEditor
[2017.06.21-14.28.03:879][535]CompilerResultsLog: Info   Running UnrealHeaderTool "C:\Users\Marcus\Desktop\GitHub\UE4-Zero\UE4_Zero\UE4_Zero.uproject" "C:\Users\Marcus\Desktop\GitHub\UE4-Zero\UE4_Zero\Intermediate\Build\Win64\UE4_ZeroEditor\Development\UE4_ZeroEditor.uhtmanifest" -LogCmds="loginit warning, logexit warning, logdatabase error" -Unattended -WarningsAsErrors -installed
[2017.06.21-14.28.03:879][535]CompilerResultsLog: Info Reflection code generated for UE4_ZeroEditor in 8.1773176 seconds
[2017.06.21-14.28.03:879][535]CompilerResultsLog: Info Performing 3 actions (4 in parallel)
[2017.06.21-14.28.03:879][535]CompilerResultsLog: Info PlayerZero.cpp
[2017.06.21-14.28.03:879][535]CompilerResultsLog: Info [2/3] Link UE4Editor-UE4_Zero-2665.dll
[2017.06.21-14.28.03:879][535]CompilerResultsLog: Info [3/3] Link UE4Editor-UE4_Zero-2665.lib
[2017.06.21-14.28.03:879][535]CompilerResultsLog: Info    Creating library C:\Users\Marcus\Desktop\GitHub\UE4-Zero\UE4_Zero\Intermediate\Build\Win64\UE4Editor\Development\UE4Editor-UE4_Zero-2665.lib and object C:\Users\Marcus\Desktop\GitHub\UE4-Zero\UE4_Zero\Intermediate\Build\Win64\UE4Editor\Development\UE4Editor-UE4_Zero-2665.exp
[2017.06.21-14.28.03:880][535]CompilerResultsLog: Info    Creating library C:\Users\Marcus\Desktop\GitHub\UE4-Zero\UE4_Zero\Intermediate\Build\Win64\UE4Editor\Development\UE4Editor-UE4_Zero-2665.suppressed.lib and object C:\Users\Marcus\Desktop\GitHub\UE4-Zero\UE4_Zero\Intermediate\Build\Win64\UE4Editor\Development\UE4Editor-UE4_Zero-2665.suppressed.exp
[2017.06.21-14.28.03:880][535]CompilerResultsLog: Info Total build time: 22.00 seconds (Local executor: 6.21 seconds)
[2017.06.21-14.28.03:880][535]LogMainFrame: MainFrame: Module compiling took 22.373 seconds
[2017.06.21-14.29.40:208][535]LogMemory:Warning: Freeing 33554432 bytes from backup pool to handle out of memory.
[2017.06.21-14.30.13:272][535]LogMemory:Warning: MemoryStats:
	AvailablePhysical 1185153024
	 AvailableVirtual 140721387139072
	     UsedPhysical 3749425152
	 PeakUsedPhysical 11775324160
	      UsedVirtual 15112278016
	  PeakUsedVirtual 25383342080
[2017.06.21-14.30.13:273][535]Allocator Stats for TBB: (not implemented)
[2017.06.21-14.30.14:930][535]LogWindows: Windows GetLastError: The operation completed successfully. (0)
