Log file open, 06/13/17 21:14:19
LogInit:Display: Running engine for game: UE4_Zero
LogPlatformFile: Not using cached read wrapper
LogInit:Display: RandInit(-793157039) SRandInit(-793157039).
LogTaskGraph: Started task graph with 5 named threads and 8 total threads with 1 sets of task threads.
LogStats: Stats thread started at 0.094065
LogInit: Using libcurl 7.47.1
LogInit:  - built for x86_64-pc-win32
LogInit:  - supports SSL with OpenSSL/1.0.2g
LogInit:  - supports HTTP deflate (compression) using libz 1.2.8
LogInit:  - other features:
LogInit:      CURL_VERSION_SSL
LogInit:      CURL_VERSION_LIBZ
LogInit:      CURL_VERSION_IPV6
LogInit:      CURL_VERSION_ASYNCHDNS
LogInit:      CURL_VERSION_LARGEFILE
LogInit:      CURL_VERSION_IDN
LogInit:  CurlRequestOptions (configurable via config and command line):
LogInit:  - bVerifyPeer = false  - Libcurl will NOT verify peer certificate
LogInit:  - bUseHttpProxy = false  - Libcurl will NOT use HTTP proxy
LogInit:  - bDontReuseConnections = false  - Libcurl will reuse connections
LogInit:  - CertBundlePath = nullptr  - Libcurl will use whatever was configured at build time.
LogInit: Build: ++UE4+Release-4.15-CL-3416026
LogInit: Engine Version: 4.15.2-3416026+++UE4+Release-4.15
LogInit: Compatible Engine Version: 4.15.0-3299760+++UE4+Release-4.15
LogInit: Net CL: 3299760
LogDevObjectVersion: Number of dev versions registered: 14
LogDevObjectVersion:   Dev-Blueprints (B0D832E4-1F89-4F0D-ACCF-7EB736FD4AA2): 8
LogDevObjectVersion:   Dev-Build (E1C64328-A22C-4D53-A36C-8E866417BD8C): 0
LogDevObjectVersion:   Dev-Core (375EC13C-06E4-48FB-B500-84F0262A717E): 2
LogDevObjectVersion:   Dev-Editor (E4B068ED-F494-42E9-A231-DA0B2E46BB41): 14
LogDevObjectVersion:   Dev-Framework (CFFC743F-43B0-4480-9391-14DF171D2073): 22
LogDevObjectVersion:   Dev-Mobile (B02B49B5-BB20-44E9-A304-32B752E40360): 0
LogDevObjectVersion:   Dev-Networking (A4E4105C-59A1-49B5-A7C5-40C4547EDFEE): 0
LogDevObjectVersion:   Dev-Online (39C831C9-5AE6-47DC-9A44-9C173E1C8E7C): 0
LogDevObjectVersion:   Dev-Physics (78F01B33-EBEA-4F98-B9B4-84EACCB95AA2): 0
LogDevObjectVersion:   Dev-Platform (6631380F-2D4D-43E0-8009-CF276956A95A): 0
LogDevObjectVersion:   Dev-Rendering (12F88B9F-8875-4AFC-A67C-D90C383ABD29): 12
LogDevObjectVersion:   Dev-Sequencer (7B5AE74C-D270-4C10-A958-57980B212A5A): 3
LogDevObjectVersion:   Dev-VR (D7296918-1DD6-4BDD-9DE2-64A83CC13884): 0
LogDevObjectVersion:   Dev-LoadTimes (C2A15278-BFE7-4AFE-6C17-90FF531DF755): 1
LogInit: Compiled (64-bit): May  1 2017 13:11:28
LogInit: Compiled with Visual C++: 19.00.23026.00
LogInit: Build Configuration: Development
LogInit: Branch Name: ++UE4+Release-4.15
LogInit: Command line: -EpicPortal 
LogInit: Base directory: C:/Program Files/Epic Games/UE_4.15/Engine/Binaries/Win64/
LogInit: Installed Engine Build: 1
LogInit: Presizing for max 8388607 objects, including 0 objects not considered by GC, pre-allocating 0 bytes for permanent pool.
LogInit: Object subsystem initialized
[2017.06.13-20.14.21:119][  0]LogInit: Selected Device Profile: [Windows]
[2017.06.13-20.14.21:119][  0]LogInit: Applying CVar settings loaded from the selected device profile: [Windows]
[2017.06.13-20.14.21:129][  0]LogInit: Computer: DESKTOP-E3PDIQS
[2017.06.13-20.14.21:129][  0]LogInit: User: Marcus
[2017.06.13-20.14.21:129][  0]LogInit: CPU Page size=65536, Cores=4
[2017.06.13-20.14.21:129][  0]LogInit: High frequency timer resolution =2.929688 MHz
[2017.06.13-20.14.21:129][  0]LogMemory: Memory total: Physical=16.0GB (16GB approx)
[2017.06.13-20.14.21:129][  0]LogMemory: Platform Memory Stats for Windows
[2017.06.13-20.14.21:129][  0]LogMemory: Process Physical Memory: 263.81 MB used, 263.81 MB peak
[2017.06.13-20.14.21:129][  0]LogMemory: Process Virtual Memory: 262.37 MB used, 262.37 MB peak
[2017.06.13-20.14.21:129][  0]LogMemory: Physical Memory: 5882.90 MB used,  10453.53 MB free, 16336.43 MB total
[2017.06.13-20.14.21:129][  0]LogMemory: Virtual Memory: 644.24 MB used,  10453.53 MB free, 134217728.00 MB total
[2017.06.13-20.14.21:397][  0]LogTextLocalizationManager: No specific translations for ('en-GB') exist, so ('en') translations will be used.
[2017.06.13-20.14.22:252][  0]LogD3D11RHI: D3D11 adapters:
[2017.06.13-20.14.22:853][  0]LogD3D11RHI:    0. 'NVIDIA GeForce GTX 1050' (Feature Level 11_0)
[2017.06.13-20.14.22:853][  0]LogD3D11RHI:       2006/0/8168 MB DedicatedVideo/DedicatedSystem/SharedSystem, Outputs:2, VendorId:0x10de
[2017.06.13-20.14.22:855][  0]LogD3D11RHI:    1. 'Microsoft Basic Render Driver' (Feature Level 11_0)
[2017.06.13-20.14.22:855][  0]LogD3D11RHI:       0/0/8168 MB DedicatedVideo/DedicatedSystem/SharedSystem, Outputs:0, VendorId:0x1414
[2017.06.13-20.14.22:855][  0]LogD3D11RHI: Chosen D3D11 Adapter: 0
[2017.06.13-20.14.22:861][  0]LogD3D11RHI: Creating new Direct3DDevice
[2017.06.13-20.14.22:862][  0]LogD3D11RHI:     GPU DeviceId: 0x1c81 (for the marketing name, search the web for "GPU Device Id")
[2017.06.13-20.14.22:862][  0]LogWindows: EnumDisplayDevices:
[2017.06.13-20.14.22:862][  0]LogWindows:    0. 'NVIDIA GeForce GTX 1050' (P:1 D:1)
[2017.06.13-20.14.22:862][  0]LogWindows:    1. 'NVIDIA GeForce GTX 1050' (P:0 D:1)
[2017.06.13-20.14.22:862][  0]LogWindows:    2. 'NVIDIA GeForce GTX 1050' (P:0 D:0)
[2017.06.13-20.14.22:862][  0]LogWindows:    3. 'NVIDIA GeForce GTX 1050' (P:0 D:0)
[2017.06.13-20.14.22:862][  0]LogWindows: DebugString: FoundDriverCount:4 
[2017.06.13-20.14.22:862][  0]LogD3D11RHI:     Adapter Name: NVIDIA GeForce GTX 1050
[2017.06.13-20.14.22:862][  0]LogD3D11RHI:   Driver Version: 382.33 (internal:22.21.13.8233, unified:382.33)
[2017.06.13-20.14.22:862][  0]LogD3D11RHI:      Driver Date: 5-17-2017
[2017.06.13-20.14.22:862][  0]LogRHI: Texture pool is 1361 MB (70% of 1945 MB)
[2017.06.13-20.14.23:438][  0]LogD3D11RHI: [Aftermath] Aftermath enabled and primed
[2017.06.13-20.14.23:438][  0]LogD3D11RHI: Async texture creation enabled
[2017.06.13-20.14.23:467][  0]LogD3D11RHI: GPU Timing Frequency: 1000.000000 (Debug: 2 1)
[2017.06.13-20.14.23:469][  0]LogShaderCompilers: Guid format shader working directory is -16 characters bigger than the processId version (../../../../../../Users/Marcus/Desktop/GitHub/UE4-Zero/UE4_Zero/Intermediate/Shaders/WorkingDirectory/9480/).
[2017.06.13-20.14.23:469][  0]LogShaderCompilers: Cleaned the shader compiler working directory 'C:/Users/Marcus/AppData/Local/Temp/UnrealShaderWorkingDir/80FB07E34ED17A2E32E5CFB5798D1204/'.
[2017.06.13-20.14.23:469][  0]LogShaderCompilers:Display: Using Local Shader Compiler.
[2017.06.13-20.14.24:769][  0]LogTemp:Display: Loaded TP AllDesktopTargetPlatform
[2017.06.13-20.14.24:926][  0]LogTemp:Display: Loaded TP MacClientTargetPlatform
[2017.06.13-20.14.25:083][  0]LogTemp:Display: Loaded TP MacNoEditorTargetPlatform
[2017.06.13-20.14.25:242][  0]LogTemp:Display: Loaded TP MacServerTargetPlatform
[2017.06.13-20.14.25:402][  0]LogTemp:Display: Loaded TP MacTargetPlatform
[2017.06.13-20.14.25:564][  0]LogTemp:Display: Loaded TP WindowsClientTargetPlatform
[2017.06.13-20.14.25:725][  0]LogTemp:Display: Loaded TP WindowsNoEditorTargetPlatform
[2017.06.13-20.14.25:885][  0]LogTemp:Display: Loaded TP WindowsServerTargetPlatform
[2017.06.13-20.14.26:037][  0]LogTemp:Display: Loaded TP WindowsTargetPlatform
[2017.06.13-20.14.26:196][  0]LogTemp:Display: Loaded TP AndroidTargetPlatform
[2017.06.13-20.14.26:352][  0]LogTemp:Display: Loaded TP Android_ASTCTargetPlatform
[2017.06.13-20.14.26:517][  0]LogTemp:Display: Loaded TP Android_ATCTargetPlatform
[2017.06.13-20.14.26:672][  0]LogTemp:Display: Loaded TP Android_DXTTargetPlatform
[2017.06.13-20.14.26:832][  0]LogTemp:Display: Loaded TP Android_ETC1TargetPlatform
[2017.06.13-20.14.26:989][  0]LogTemp:Display: Loaded TP Android_ETC2TargetPlatform
[2017.06.13-20.14.27:301][  0]LogTemp:Display: Loaded TP Android_MultiTargetPlatform
[2017.06.13-20.14.27:301][  0]LogTemp:Display: Loaded TP Android_PVRTCTargetPlatform
[2017.06.13-20.14.27:443][  0]LogTemp:Display: Loaded TP HTML5TargetPlatform
[2017.06.13-20.14.27:708][  0]LogTemp:Display: Loaded TP IOSTargetPlatform
[2017.06.13-20.14.27:808][  0]LogTemp:Display: Loaded TP TVOSTargetPlatform
[2017.06.13-20.14.27:968][  0]LogTemp:Display: Loaded TP LinuxClientTargetPlatform
[2017.06.13-20.14.28:124][  0]LogTemp:Display: Loaded TP LinuxNoEditorTargetPlatform
[2017.06.13-20.14.28:279][  0]LogTemp:Display: Loaded TP LinuxServerTargetPlatform
[2017.06.13-20.14.28:439][  0]LogTemp:Display: Loaded TP LinuxTargetPlatform
[2017.06.13-20.14.28:439][  0]LogTargetPlatformManager:Display: Building Assets For Windows
[2017.06.13-20.14.30:075][  0]LogDerivedDataCache:Display: Max Cache Size: 512 MB
[2017.06.13-20.14.30:126][  0]LogDerivedDataCache: Loaded boot cache 0.05s 50MB C:/Users/Marcus/AppData/Local/UnrealEngine/4.15/DerivedDataCache/Boot.ddc.
[2017.06.13-20.14.30:126][  0]LogDerivedDataCache:Display: Loaded Boot cache: C:/Users/Marcus/AppData/Local/UnrealEngine/4.15/DerivedDataCache/Boot.ddc
[2017.06.13-20.14.30:126][  0]LogDerivedDataCache: FDerivedDataBackendGraph:  Pak pak cache file ../../../../../../Users/Marcus/Desktop/GitHub/UE4-Zero/UE4_Zero/DerivedDataCache/DDC.ddp not found, will not use a pak cache.
[2017.06.13-20.14.30:126][  0]LogDerivedDataCache: Unable to find inner node Pak for hierarchical cache Hierarchy.
[2017.06.13-20.14.30:126][  0]LogDerivedDataCache: FDerivedDataBackendGraph:  CompressedPak pak cache file ../../../../../../Users/Marcus/Desktop/GitHub/UE4-Zero/UE4_Zero/DerivedDataCache/Compressed.ddp not found, will not use a pak cache.
[2017.06.13-20.14.30:126][  0]LogDerivedDataCache: Unable to find inner node CompressedPak for hierarchical cache Hierarchy.
[2017.06.13-20.14.30:142][  0]LogDerivedDataCache:Display: Pak cache opened for reading ../../../Engine/DerivedDataCache/Compressed.ddp.
[2017.06.13-20.14.30:155][  0]LogDerivedDataCache: Using Local data cache path C:/Users/Marcus/AppData/Local/UnrealEngine/Common/DerivedDataCache: Writable
[2017.06.13-20.14.30:164][  0]LogSlate: Using Freetype 2.6.0
[2017.06.13-20.14.30:165][  0]LogSlate: SlateFontCache - WITH_FREETYPE: 1, WITH_HARFBUZZ: 1
[2017.06.13-20.14.30:165][  0]LogSlate: SlateFontCache - WITH_FREETYPE: 1, WITH_HARFBUZZ: 1
[2017.06.13-20.14.30:473][  0]LogInit: Selected Device Profile: [Windows]
[2017.06.13-20.14.30:475][  0]LogContentStreaming: Texture pool size is 0.00 MB
[2017.06.13-20.14.30:966][  0]LogMeshUtilities: Using QuadricMeshReduction for automatic static mesh reduction
[2017.06.13-20.14.31:124][  0]LogSimplygon: Simplygon DLL not present - disabling.
[2017.06.13-20.14.31:283][  0]LogMeshUtilities: Using SimplygonSwarm for distributed automatic mesh merging
[2017.06.13-20.14.31:283][  0]LogMeshUtilities: No automatic skeletal mesh reduction module available
[2017.06.13-20.14.31:283][  0]LogMeshUtilities: No automatic mesh merging module available
[2017.06.13-20.14.32:238][  0]LogNetVersion: GetLocalNetworkVersion: CL: 3299760, ProjectName: ue4_zero, ProjectVersion: , EngineNetworkVersion: 2, GameNetworkVersion: 0, NetworkChecksum: 276590260
[2017.06.13-20.14.32:345][  0]LogAssetRegistry: FAssetRegistry took 0.0218 seconds to start up
[2017.06.13-20.14.32:474][  0]LogPackageLocalizationCache: Processed 3 localized package path(s) for 2 prioritized culture(s) in 0.037576 seconds
[2017.06.13-20.14.32:479][  0]LogUObjectArray: 32493 objects as part of root set at end of initial load.
[2017.06.13-20.14.32:479][  0]LogUObjectAllocator: 7077032 out of 0 bytes used by permanent object pool.
[2017.06.13-20.14.32:479][  0]LogUObjectArray: CloseDisregardForGC: 0/0 objects in disregard for GC pool
[2017.06.13-20.14.32:747][  0]LogInit: WinSock: version 1.1 (2.2), MaxSocks=32767, MaxUdp=65467
[2017.06.13-20.14.37:378][  0]LogTcpMessaging: Initializing TcpMessaging bridge
[2017.06.13-20.14.37:493][  0]LogUdpMessaging: Initializing bridge on interface 0.0.0.0:0 to multicast group 230.0.0.1:6666.
[2017.06.13-20.14.39:009][  0]LogMaterial: Uniform references updated for custom material expression Custom.
[2017.06.13-20.14.40:180][  0]SourceControl: Info Source control is disabled
[2017.06.13-20.14.40:181][  0]SourceControl: Info Source control is disabled
[2017.06.13-20.14.40:344][  0]SourceControl: Info Source control is disabled
[2017.06.13-20.14.40:504][  0]SourceControl: Info Source control is disabled
[2017.06.13-20.14.44:768][  0]LogEngine: Initializing Engine...
[2017.06.13-20.14.44:768][  0]LogHMD: Failed to initialize OpenVR with code 110
[2017.06.13-20.14.44:880][  0]LogStats: UGameplayTagsManager::ConstructGameplayTagTree: Construct from data asset -  0.000 s
[2017.06.13-20.14.44:880][  0]LogStats: UGameplayTagsManager::ConstructGameplayTagTree: GameplayTagTreeChangedEvent.Broadcast -  0.000 s
[2017.06.13-20.14.45:326][  0]LogAIModule: Creating AISystem for world Untitled
[2017.06.13-20.14.45:332][  0]LogInit: XAudio2 using 'Digital Audio (S/PDIF) (High Definition Audio Device)' : 2 channels at 44.1 kHz using 16 bits per sample (channel mask 0x3)
[2017.06.13-20.14.45:352][  0]LogInit: FAudioDevice initialized.
[2017.06.13-20.14.45:376][  0]LogDerivedDataCache: Saved boot cache 0.02s 50MB C:/Users/Marcus/AppData/Local/UnrealEngine/4.15/DerivedDataCache/Boot.ddc.
[2017.06.13-20.14.45:381][  0]LogInit: Texture streaming: Enabled
[2017.06.13-20.14.45:762][  0]LogEngineSessionManager: EngineSessionManager initialized
[2017.06.13-20.14.46:071][  0]LogInit: Transaction tracking system initialized
[2017.06.13-20.14.47:370][  0]BlueprintLog: New page: Editor Load
[2017.06.13-20.14.50:677][  0]LocalizationService: Info Localization service is disabled
[2017.06.13-20.14.53:073][  0]LogConsoleResponse:Display: 
[2017.06.13-20.14.53:288][  0]LogCook:Display: Max memory allowance for cook 16384mb min free memory 0mb
[2017.06.13-20.14.53:288][  0]LogCook:Display: Mobile HDR setting 1
[2017.06.13-20.14.53:796][  0]LogFileCache: Scanning file cache for directory 'C:/Users/Marcus/Desktop/GitHub/UE4-Zero/UE4_Zero/Content/' took 0.01s
[2017.06.13-20.14.56:972][  0]SourceControl: Info Source control is disabled
[2017.06.13-20.14.56:972][  0]Cmd: MAP LOAD FILE="../../../../../../Users/Marcus/Desktop/GitHub/UE4-Zero/UE4_Zero/Content/Maps/Start.umap" TEMPLATE=0 SHOWPROGRESS=1 FEATURELEVEL=3
[2017.06.13-20.14.56:973][  0]LightingResults: New page: Lighting Build
[2017.06.13-20.14.57:119][  0]MapCheck: New page: Map Check
[2017.06.13-20.14.57:119][  0]LightingResults: New page: Lighting Build
[2017.06.13-20.14.57:321][  0]LogAIModule: Creating AISystem for world Start
[2017.06.13-20.14.57:344][  0]LogEditorServer: Finished looking for orphan Actors (0.000 secs)
[2017.06.13-20.14.57:345][  0]Cmd: MAP CHECKDEP NOCLEARLOG
[2017.06.13-20.14.57:437][  0]MapCheck: Info Map check complete: 0 Error(s), 0 Warning(s), took 92.591ms to complete.
[2017.06.13-20.14.57:437][  0]LogFileHelpers: Loading map 'Start' took 0.465
[2017.06.13-20.14.57:511][  0]LogWindowsTextInputMethodSystem:Display: IME system now deactivated.
[2017.06.13-20.14.57:696][  0]LogCollectionManager: Loaded 0 collections in 0.002506 seconds
[2017.06.13-20.14.57:889][  0]LogFileCache: Scanning file cache for directory 'C:/Users/Marcus/Desktop/GitHub/UE4-Zero/UE4_Zero/Saved/Collections/' took 0.01s
[2017.06.13-20.14.57:889][  0]LogFileCache: Scanning file cache for directory 'C:/Users/Marcus/Desktop/GitHub/UE4-Zero/UE4_Zero/Content/Developers/Marcus/Collections/' took 0.01s
[2017.06.13-20.14.57:889][  0]LogFileCache: Scanning file cache for directory 'C:/Users/Marcus/Desktop/GitHub/UE4-Zero/UE4_Zero/Content/Collections/' took 0.01s
[2017.06.13-20.14.57:889][  0]LogCollectionManager: Rebuilt the GUID cache for 0 collections in 0.000001 seconds
[2017.06.13-20.14.57:900][  0]LogContentBrowser: Native class hierarchy populated in 0.0103 seconds. Added 2247 classes and 455 folders.
[2017.06.13-20.14.58:141][  0]LogContentBrowser: Native class hierarchy updated for 'WidgetCarousel' in 0.0029 seconds. Added 0 classes and 0 folders.
[2017.06.13-20.14.58:216][  0]LogContentBrowser: Native class hierarchy updated for 'AddContentDialog' in 0.0025 seconds. Added 0 classes and 0 folders.
[2017.06.13-20.14.58:377][  0]LogContentBrowser: Native class hierarchy updated for 'SceneOutliner' in 0.0025 seconds. Added 1 classes and 2 folders.
[2017.06.13-20.14.58:550][  0]LogCrashTracker: Crashtracker disabled due to settings.
[2017.06.13-20.14.58:558][  0]LogUObjectGlobals:Warning: Failed to find object 'Class None.'
[2017.06.13-20.14.58:734][  0]LogContentBrowser: Native class hierarchy updated for 'HierarchicalLODOutliner' in 0.0028 seconds. Added 1 classes and 2 folders.
[2017.06.13-20.14.58:734][  0]LogLoad: (Engine Initialization) Total time: 41.21 seconds
[2017.06.13-20.14.58:734][  0]LogLoad: (Engine Initialization) Total Blueprint compile time: 0.20 seconds
[2017.06.13-20.14.58:734][  0]LogExternalProfiler: Found external profiler: VSPerf
[2017.06.13-20.14.58:734][  0]LogExternalProfiler: Using external profiler: VSPerf
[2017.06.13-20.14.58:744][  0]LogOcInput: OculusInput pre-init called
[2017.06.13-20.14.58:765][  0]LogContentStreaming: Texture pool size now 1000 MB
[2017.06.13-20.14.58:766][  0]LogSlate: Took 0.000307 seconds to synchronously load lazily loaded font '../../../Engine/Content/Slate/Fonts/Roboto-Regular.ttf' (155K)
[2017.06.13-20.14.58:769][  0]LogSlate: Took 0.000301 seconds to synchronously load lazily loaded font '../../../Engine/Content/Slate/Fonts/Roboto-Bold.ttf' (160K)
[2017.06.13-20.14.58:774][  0]LogSlate: Took 0.000280 seconds to synchronously load lazily loaded font '../../../Engine/Content/Editor/Slate/Fonts/FontAwesome.ttf' (139K)
[2017.06.13-20.14.58:883][  0]LogSlate: Took 0.000213 seconds to synchronously load lazily loaded font '../../../Engine/Content/Slate/Fonts/Roboto-Light.ttf' (159K)
[2017.06.13-20.14.58:927][  0]LogRenderer: Reallocating scene render targets to support 1208x576 NumSamples 1 (Frame:2).
[2017.06.13-20.14.58:988][  1]LogAssetRegistry: Asset discovery search completed in 26.6642 seconds
[2017.06.13-20.14.58:988][  1]LogCollectionManager: Rebuilt the object cache for 0 collections in 0.000003 seconds (found 0 objects)
[2017.06.13-20.14.58:988][  1]LogCollectionManager: Fixed up redirectors for 0 collections in 0.000046 seconds (updated 0 objects)
[2017.06.13-20.14.59:764][ 81]LogSlate: Took 0.000262 seconds to synchronously load lazily loaded font '../../../Engine/Content/Slate/Fonts/Roboto-Light.ttf' (159K)
[2017.06.13-20.15.05:178][728]LogTemp: Repeting last play command: Selected Viewport
[2017.06.13-20.15.05:188][728]LogPlayLevel: PlayLevel: No blueprints needed recompiling
[2017.06.13-20.15.05:188][728]PIE: New page: PIE session: Start (13 Jun 2017 22:15:05)
[2017.06.13-20.15.05:188][728]LogPlayLevel: Creating play world package: /Game/Maps/UEDPIE_0_Start
[2017.06.13-20.15.05:190][728]LogPlayLevel: PIE: StaticDuplicateObject took: (0.001818s)
[2017.06.13-20.15.05:191][728]LogAIModule: Creating AISystem for world Start
[2017.06.13-20.15.05:191][728]LogPlayLevel: PIE: World Init took: (0.000883s)
[2017.06.13-20.15.05:191][728]LogPlayLevel: PIE: Created PIE world by copying editor world from /Game/Maps/Start.Start to /Game/Maps/UEDPIE_0_Start.Start (0.002902s)
[2017.06.13-20.15.05:203][728]LogInit: XAudio2 using 'Digital Audio (S/PDIF) (High Definition Audio Device)' : 2 channels at 44.1 kHz using 16 bits per sample (channel mask 0x3)
[2017.06.13-20.15.05:210][728]LogInit: FAudioDevice initialized.
[2017.06.13-20.15.05:257][728]LogLoad: Game class is 'My_UE4_ZeroGameModeBase_C'
[2017.06.13-20.15.05:259][728]LogWorld: Bringing World /Game/Maps/UEDPIE_0_Start.Start up for play (max tick rate 0) at 2017.06.13-21.15.05
[2017.06.13-20.15.05:259][728]LogWorld: Bringing up level for play took: 0.001521
[2017.06.13-20.15.05:410][728]LogContentBrowser: Native class hierarchy updated for 'MovieSceneCapture' in 0.0024 seconds. Added 11 classes and 0 folders.
[2017.06.13-20.15.05:412][728]PIE: Info Play in editor start time for /Game/Maps/UEDPIE_0_Start 1.209
[2017.06.13-20.15.25:272][  1]LogEditorActor: Deleted Actor: My_ZeroCharicter_C
[2017.06.13-20.15.25:279][  1]LogEditorActor: Deleted 1 Actors (0.033 secs)
[2017.06.13-20.15.27:752][297]LogTemp: Repeting last play command: Selected Viewport
[2017.06.13-20.15.27:761][297]LogPlayLevel: PlayLevel: No blueprints needed recompiling
[2017.06.13-20.15.27:761][297]PIE: New page: PIE session: Start (13 Jun 2017 22:15:27)
[2017.06.13-20.15.27:762][297]LogPlayLevel: Creating play world package: /Game/Maps/UEDPIE_0_Start
[2017.06.13-20.15.27:763][297]LogPlayLevel: PIE: StaticDuplicateObject took: (0.001584s)
[2017.06.13-20.15.27:764][297]LogAIModule: Creating AISystem for world Start
[2017.06.13-20.15.27:764][297]LogPlayLevel: PIE: World Init took: (0.000651s)
[2017.06.13-20.15.27:764][297]LogPlayLevel: PIE: Created PIE world by copying editor world from /Game/Maps/Start.Start to /Game/Maps/UEDPIE_0_Start.Start (0.002434s)
[2017.06.13-20.15.27:773][297]LogInit: XAudio2 using 'Digital Audio (S/PDIF) (High Definition Audio Device)' : 2 channels at 44.1 kHz using 16 bits per sample (channel mask 0x3)
[2017.06.13-20.15.27:781][297]LogInit: FAudioDevice initialized.
[2017.06.13-20.15.27:809][297]LogLoad: Game class is 'My_UE4_ZeroGameModeBase_C'
[2017.06.13-20.15.27:811][297]LogWorld: Bringing World /Game/Maps/UEDPIE_0_Start.Start up for play (max tick rate 0) at 2017.06.13-21.15.27
[2017.06.13-20.15.27:811][297]LogWorld: Bringing up level for play took: 0.001055
[2017.06.13-20.15.27:812][297]PIE: Info Play in editor start time for /Game/Maps/UEDPIE_0_Start -0.391
[2017.06.13-20.18.49:965][918]LogSlate: Only BGRA pngs, bmps or icos are supported in by External Image Picker
[2017.06.13-20.18.50:047][921]LogTemp:Display: Executing iPhonePackager certificates Engine -bundlename com.YourCompany.UE4Zero

[2017.06.13-20.18.50:047][921]LogTemp:Display: CWD: C:\Program Files\Epic Games\UE_4.15\Engine\Binaries\DotNET\IOS

[2017.06.13-20.18.50:047][921]LogTemp:Display: Initial Dir: C:\Program Files\Epic Games\UE_4.15

[2017.06.13-20.18.50:047][921]LogTemp:Display: Env CWD: C:\Program Files\Epic Games\UE_4.15\Engine\Binaries\DotNET\IOS

[2017.06.13-20.18.50:047][921]LogTemp:Display: BranchPath = DESKTOP-E3PDIQS/C/Program Files/Epic Games/UE_4.15/Engine/Binaries --- GameBranchPath = DESKTOP-E3PDIQS/C/Program Files/Epic Games/UE_4.15/Engine/Binaries

[2017.06.13-20.18.50:061][922]LogTemp:Display: IPP ERROR: Application exception: System.IO.DirectoryNotFoundException: Could not find a part of the path 'C:\Users\Marcus\AppData\Local\Apple Computer\MobileDevice\Provisioning Profiles'.

[2017.06.13-20.18.50:061][922]LogTemp:Display:    at System.IO.__Error.WinIOError(Int32 errorCode, String maybeFullPath)

[2017.06.13-20.18.50:061][922]LogTemp:Display:    at System.IO.FileSystemEnumerableIterator`1.CommonInit()

[2017.06.13-20.18.50:061][922]LogTemp:Display:    at System.IO.Directory.EnumerateFiles(String path, String searchPattern)

[2017.06.13-20.18.50:061][922]LogTemp:Display:    at iPhonePackager.CodeSignatureBuilder.FindProvisions(String CFBundleIdentifier)

[2017.06.13-20.18.50:061][922]LogTemp:Display:    at iPhonePackager.Program.Main(String[] args)

[2017.06.13-20.23.38:058][383]LogSlate: Took 0.000180 seconds to synchronously load lazily loaded font '../../../Engine/Content/Slate/Fonts/Roboto-Light.ttf' (159K)
[2017.06.13-20.23.38:157][383]Cmd: OBJ SAVEPACKAGE PACKAGE="/Game/Maps/Start" FILE="../../../../../../Users/Marcus/Desktop/GitHub/UE4-Zero/UE4_Zero/Content/Maps/Start.umap" SILENT=true AUTOSAVING=false KEEPDIRTY=false
[2017.06.13-20.23.38:208][383]LogSavePackage: Save=26.09ms
[2017.06.13-20.23.38:208][383]LogSavePackage: Moving '../../../../../../Users/Marcus/Desktop/GitHub/UE4-Zero/UE4_Zero/Saved/StartEA6B4370425F12927EAE69A7B3B5040A.tmp' to '../../../../../../Users/Marcus/Desktop/GitHub/UE4-Zero/UE4_Zero/Content/Maps/Start.umap'
[2017.06.13-20.23.38:214][383]LogSavePackage:Display: Finished SavePackage ../../../../../../Users/Marcus/Desktop/GitHub/UE4-Zero/UE4_Zero/Content/Maps/Start.umap
[2017.06.13-20.23.38:232][383]LogFileHelpers: Saving map 'Start' took 0.165
[2017.06.13-20.45.36:190][203]LogActorFactory: Actor Factory created Cube
[2017.06.13-20.45.37:055][304]LogActorFactory: Actor Factory created Cube
[2017.06.13-20.45.41:785][871]LogActorFactory: Actor Factory created Cube
[2017.06.13-20.45.58:822][860]MapCheck: New page: Map Check
[2017.06.13-20.45.58:833][860]Cmd: MAP REBUILD ALLVISIBLE
[2017.06.13-20.45.58:833][860]LogEditorServer: Rebuildmap Clear paths rebuilt
[2017.06.13-20.45.59:053][860]LogMaterial: Missing cached shader map for material FDebugViewModeMaterialProxy WorldGridMaterial, compiling. Is special engine material.
[2017.06.13-20.45.59:082][860]LogTemp:Display: Added material ShaderMap 0x0000021C45A95D00 with Material 0x0000021C13361C00 to ShaderMapsBeingCompiled
[2017.06.13-20.45.59:086][860]LogTemp:Display: Kicking off shader compilation for FDebugViewModeMaterialProxy WorldGridMaterial, GameThreadShaderMap 0x0000021C45A95D00
[2017.06.13-20.45.59:089][860]LogMaterial: Missing cached shader map for material FDebugViewModeMaterialProxy DefaultMaterial, compiling. 
[2017.06.13-20.45.59:090][860]LogTemp:Display: Added material ShaderMap 0x0000021C45A95600 with Material 0x0000021C13362500 to ShaderMapsBeingCompiled
[2017.06.13-20.45.59:092][860]LogTemp:Display: Kicking off shader compilation for FDebugViewModeMaterialProxy DefaultMaterial, GameThreadShaderMap 0x0000021C45A95600
[2017.06.13-20.45.59:094][860]LogMaterial: Missing cached shader map for material FDebugViewModeMaterialProxy MaterialInstanceDynamic_1, compiling. 
[2017.06.13-20.45.59:095][860]LogTemp:Display: Added material ShaderMap 0x0000021C45A94800 with Material 0x0000021C49816800 to ShaderMapsBeingCompiled
[2017.06.13-20.45.59:096][860]LogTemp:Display: Kicking off shader compilation for FDebugViewModeMaterialProxy MaterialInstanceDynamic_1, GameThreadShaderMap 0x0000021C45A94800
[2017.06.13-20.45.59:099][860]LogMaterial: Missing cached shader map for material FDebugViewModeMaterialProxy BasicShapeMaterial, compiling. 
[2017.06.13-20.45.59:100][860]LogTemp:Display: Added material ShaderMap 0x0000021C1FD9BC80 with Material 0x0000021C184CA800 to ShaderMapsBeingCompiled
[2017.06.13-20.45.59:101][860]LogTemp:Display: Kicking off shader compilation for FDebugViewModeMaterialProxy BasicShapeMaterial, GameThreadShaderMap 0x0000021C1FD9BC80
[2017.06.13-20.45.59:702][860]LogTemp:Display: Finished compile of shader map 0x0000021C45A94800
[2017.06.13-20.45.59:702][860]LogTemp:Display: Shader map FDebugViewModeMaterialProxy MaterialInstanceDynamic_1 complete, GameThreadShaderMap 0x0000021C45A94800, marking material FDebugViewModeMaterialProxy MaterialInstanceDynamic_1 as finished
[2017.06.13-20.45.59:703][860]LogTemp:Display: Marking material as finished 0x0000021C49816800
[2017.06.13-20.45.59:714][860]LogTemp:Display: Finished compile of shader map 0x0000021C45A95D00
[2017.06.13-20.45.59:714][860]LogTemp:Display: Shader map FDebugViewModeMaterialProxy WorldGridMaterial complete, GameThreadShaderMap 0x0000021C45A95D00, marking material FDebugViewModeMaterialProxy WorldGridMaterial as finished
[2017.06.13-20.45.59:715][860]LogTemp:Display: Marking material as finished 0x0000021C13361C00
[2017.06.13-20.45.59:716][860]LogTemp:Display: Finished compile of shader map 0x0000021C45A95600
[2017.06.13-20.45.59:716][860]LogTemp:Display: Shader map FDebugViewModeMaterialProxy DefaultMaterial complete, GameThreadShaderMap 0x0000021C45A95600, marking material FDebugViewModeMaterialProxy DefaultMaterial as finished
[2017.06.13-20.45.59:716][860]LogTemp:Display: Marking material as finished 0x0000021C13362500
[2017.06.13-20.45.59:792][860]LogTemp:Display: Finished compile of shader map 0x0000021C1FD9BC80
[2017.06.13-20.45.59:792][860]LogTemp:Display: Shader map FDebugViewModeMaterialProxy BasicShapeMaterial complete, GameThreadShaderMap 0x0000021C1FD9BC80, marking material FDebugViewModeMaterialProxy BasicShapeMaterial as finished
[2017.06.13-20.45.59:792][860]LogTemp:Display: Marking material as finished 0x0000021C184CA800
[2017.06.13-20.45.59:793][860]TextureStreamingBuild:Display: Compiling optional shaders took 0.745 seconds.
[2017.06.13-20.45.59:835][860]LogLevel:Display: Export Material TexCoord Scales took 0.042 seconds.
[2017.06.13-20.45.59:838][860]TextureStreamingBuild:Display: Build Texture Streaming took 0.002 seconds.
[2017.06.13-20.45.59:853][860]LightingResults: New page: Lighting Build - 13 Jun 2017 22:45:59
[2017.06.13-20.46.00:078][860]LogSwarmInterface: [OpenConnection] Registering TCP channel ...
[2017.06.13-20.46.00:527][860]LogSwarmInterface: [OpenConnection] Connecting to agent ...
[2017.06.13-20.46.00:637][860]LogSwarmInterface: [TryOpenConnection] Testing the Agent
[2017.06.13-20.46.03:352][860]LogSwarmInterface:Error: [TryOpenConnection] Waiting for the agent to start up ...
[2017.06.13-20.46.03:393][860]LogSwarmInterface:Error: System.Net.Sockets.SocketException (0x80004005): No connection could be made because the target machine actively refused it 127.0.0.1:8008

Server stack trace: 
   at System.Net.Sockets.Socket.DoConnect(EndPoint endPointSnapshot, SocketAddress socketAddress)
   at System.Net.Sockets.Socket.Connect(EndPoint remoteEP)
   at System.Runtime.Remoting.Channels.RemoteConnection.CreateNewSocket(EndPoint ipEndPoint)
   at System.Runtime.Remoting.Channels.SocketCache.GetSocket(String machinePortAndSid, Boolean openNew)
   at System.Runtime.Remoting.Channels.Tcp.TcpClientTransportSink.SendRequestWithRetry(IMessage msg, ITransportHeaders requestHeaders, Stream requestStream)
   at System.Runtime.Remoting.Channels.Tcp.TcpClientTransportSink.AsyncProcessRequest(IClientChannelSinkStack sinkStack, IMessage msg, ITransportHeaders headers, Stream stream)
   at System.Runtime.Remoting.Channels.BinaryClientFormatterSink.AsyncProcessMessage(IMessage msg, IMessageSink replySink)

Exception rethrown at [0]: 
   at System.Runtime.Remoting.Proxies.RealProxy.HandleReturnMessage(IMessage reqMsg, IMessage retMsg)
   at System.Runtime.Remoting.Proxies.RealProxy.PrivateInvoke(MessageData& msgData, Int32 type)
   at NSwarm.IAgentInterfaceWrapper.MethodDelegate.EndInvoke(Hashtable& OutParameters, IAsyncResult result)
   at NSwarm.FSwarmInterface.TryOpenConnection(FConnectionCallback CallbackFunc, IntPtr CallbackData, ELogFlags LoggingFlags)
[2017.06.13-20.46.08:438][860]LogSwarmInterface: [TryOpenConnection] Opening Connection to Agent
[2017.06.13-20.46.08:438][860]LogSwarmInterface: [TryOpenConnection] Local Process ID is 9480
[2017.06.13-20.46.13:430][860]LogStaticLightingSystem:Warning: No importance volume found, so the scene bounding box was used.  You can optimize your scene's quality and lighting build times by adding importance volumes.
[2017.06.13-20.46.13:433][860]LogStaticLightingSystem: Running Lightmass w/ ImmediateImport mode ENABLED
[2017.06.13-20.46.13:433][860]LogStaticLightingSystem: Running Lightmass w/ ImmediateProcess mode ENABLED
[2017.06.13-20.46.13:433][860]LogStaticLightingSystem: Running Lightmass w/ Sorting mode ENABLED
[2017.06.13-20.46.13:433][860]LogStaticLightingSystem: Running Lightmass w/ Mapping paddings ENABLED
[2017.06.13-20.46.13:433][860]LogStaticLightingSystem: Running Lightmass w/ Mapping debug paddings DISABLED
[2017.06.13-20.46.13:895][860]Cmd: MAP CHECK DONTDISPLAYDIALOG
[2017.06.13-20.46.13:895][860]MapCheck: New page: Start - 13 Jun 2017 22:46:13
[2017.06.13-20.46.13:908][860]MapCheck:Error: Error WorldSettings_1 Maps need lighting rebuilt 
[2017.06.13-20.46.14:007][860]MapCheck: Info Map check complete: 1 Error(s), 0 Warning(s), took 112.893ms to complete.
[2017.06.13-20.46.14:030][860]LogEditorBuildUtils: Build time 0:15
[2017.06.13-20.46.14:054][860]LogMaterial: Missing cached shader map for material FLightmassMaterialRenderer DefaultMaterial, compiling. 
[2017.06.13-20.46.14:055][860]LogTemp:Display: Added material ShaderMap 0x0000021C30438480 with Material 0x0000021C1096A200 to ShaderMapsBeingCompiled
[2017.06.13-20.46.14:058][860]LogTemp:Display: Kicking off shader compilation for FLightmassMaterialRenderer DefaultMaterial, GameThreadShaderMap 0x0000021C30438480
[2017.06.13-20.46.14:061][860]LogMaterial: Missing cached shader map for material FLightmassMaterialRenderer DefaultMaterial, compiling. 
[2017.06.13-20.46.14:062][860]LogTemp:Display: Added material ShaderMap 0x0000021C11C23200 with Material 0x0000021C1096AE00 to ShaderMapsBeingCompiled
[2017.06.13-20.46.14:064][860]LogTemp:Display: Kicking off shader compilation for FLightmassMaterialRenderer DefaultMaterial, GameThreadShaderMap 0x0000021C11C23200
[2017.06.13-20.46.14:164][861]LogMaterial: Missing cached shader map for material FLightmassMaterialRenderer MaterialInstanceDynamic_1, compiling. 
[2017.06.13-20.46.14:165][861]LogTemp:Display: Added material ShaderMap 0x0000021C35444100 with Material 0x0000021C48D29000 to ShaderMapsBeingCompiled
[2017.06.13-20.46.14:168][861]LogTemp:Display: Kicking off shader compilation for FLightmassMaterialRenderer MaterialInstanceDynamic_1, GameThreadShaderMap 0x0000021C35444100
[2017.06.13-20.46.14:170][861]LogMaterial: Missing cached shader map for material FLightmassMaterialRenderer MaterialInstanceDynamic_1, compiling. 
[2017.06.13-20.46.14:172][861]LogTemp:Display: Added material ShaderMap 0x0000021C478E8100 with Material 0x0000021C43159F00 to ShaderMapsBeingCompiled
[2017.06.13-20.46.14:174][861]LogTemp:Display: Kicking off shader compilation for FLightmassMaterialRenderer MaterialInstanceDynamic_1, GameThreadShaderMap 0x0000021C478E8100
[2017.06.13-20.46.14:203][862]LogMaterial: Missing cached shader map for material FLightmassMaterialRenderer BasicShapeMaterial, compiling. 
[2017.06.13-20.46.14:204][862]LogTemp:Display: Added material ShaderMap 0x0000021C48C12E80 with Material 0x0000021C48D2B100 to ShaderMapsBeingCompiled
[2017.06.13-20.46.14:206][862]LogTemp:Display: Kicking off shader compilation for FLightmassMaterialRenderer BasicShapeMaterial, GameThreadShaderMap 0x0000021C48C12E80
[2017.06.13-20.46.14:209][862]LogMaterial: Missing cached shader map for material FLightmassMaterialRenderer BasicShapeMaterial, compiling. 
[2017.06.13-20.46.14:209][862]LogTemp:Display: Added material ShaderMap 0x0000021C48C13900 with Material 0x0000021C465C6200 to ShaderMapsBeingCompiled
[2017.06.13-20.46.14:212][862]LogTemp:Display: Kicking off shader compilation for FLightmassMaterialRenderer BasicShapeMaterial, GameThreadShaderMap 0x0000021C48C13900
[2017.06.13-20.46.14:238][863]LogMaterial: Missing cached shader map for material FLightmassMaterialRenderer WorldGridMaterial, compiling. Is special engine material.
[2017.06.13-20.46.14:238][863]LogTemp:Display: Added material ShaderMap 0x0000021C48C11D00 with Material 0x0000021C45A61000 to ShaderMapsBeingCompiled
[2017.06.13-20.46.14:241][863]LogTemp:Display: Kicking off shader compilation for FLightmassMaterialRenderer WorldGridMaterial, GameThreadShaderMap 0x0000021C48C11D00
[2017.06.13-20.46.14:244][863]LogMaterial: Missing cached shader map for material FLightmassMaterialRenderer WorldGridMaterial, compiling. Is special engine material.
[2017.06.13-20.46.14:245][863]LogTemp:Display: Added material ShaderMap 0x0000021C131D7580 with Material 0x0000021C45A62B00 to ShaderMapsBeingCompiled
[2017.06.13-20.46.14:247][863]LogTemp:Display: Kicking off shader compilation for FLightmassMaterialRenderer WorldGridMaterial, GameThreadShaderMap 0x0000021C131D7580
[2017.06.13-20.46.15:655][864]LogTemp:Display: Finished compile of shader map 0x0000021C35444100
[2017.06.13-20.46.15:655][864]LogTemp:Display: Shader map FLightmassMaterialRenderer MaterialInstanceDynamic_1 complete, GameThreadShaderMap 0x0000021C35444100, marking material FLightmassMaterialRenderer MaterialInstanceDynamic_1 as finished
[2017.06.13-20.46.15:655][864]LogTemp:Display: Marking material as finished 0x0000021C48D29000
[2017.06.13-20.46.15:658][864]LogTemp:Display: Finished compile of shader map 0x0000021C478E8100
[2017.06.13-20.46.15:658][864]LogTemp:Display: Shader map FLightmassMaterialRenderer MaterialInstanceDynamic_1 complete, GameThreadShaderMap 0x0000021C478E8100, marking material FLightmassMaterialRenderer MaterialInstanceDynamic_1 as finished
[2017.06.13-20.46.15:658][864]LogTemp:Display: Marking material as finished 0x0000021C43159F00
[2017.06.13-20.46.15:660][864]LogTemp:Display: Finished compile of shader map 0x0000021C11C23200
[2017.06.13-20.46.15:660][864]LogTemp:Display: Shader map FLightmassMaterialRenderer DefaultMaterial complete, GameThreadShaderMap 0x0000021C11C23200, marking material FLightmassMaterialRenderer DefaultMaterial as finished
[2017.06.13-20.46.15:660][864]LogTemp:Display: Marking material as finished 0x0000021C1096AE00
[2017.06.13-20.46.15:662][864]LogTemp:Display: Finished compile of shader map 0x0000021C30438480
[2017.06.13-20.46.15:662][864]LogTemp:Display: Shader map FLightmassMaterialRenderer DefaultMaterial complete, GameThreadShaderMap 0x0000021C30438480, marking material FLightmassMaterialRenderer DefaultMaterial as finished
[2017.06.13-20.46.15:662][864]LogTemp:Display: Marking material as finished 0x0000021C1096A200
[2017.06.13-20.46.15:664][864]LogTemp:Display: Finished compile of shader map 0x0000021C48C12E80
[2017.06.13-20.46.15:665][864]LogTemp:Display: Shader map FLightmassMaterialRenderer BasicShapeMaterial complete, GameThreadShaderMap 0x0000021C48C12E80, marking material FLightmassMaterialRenderer BasicShapeMaterial as finished
[2017.06.13-20.46.15:665][864]LogTemp:Display: Marking material as finished 0x0000021C48D2B100
[2017.06.13-20.46.15:667][864]LogTemp:Display: Finished compile of shader map 0x0000021C48C13900
[2017.06.13-20.46.15:667][864]LogTemp:Display: Shader map FLightmassMaterialRenderer BasicShapeMaterial complete, GameThreadShaderMap 0x0000021C48C13900, marking material FLightmassMaterialRenderer BasicShapeMaterial as finished
[2017.06.13-20.46.15:667][864]LogTemp:Display: Marking material as finished 0x0000021C465C6200
[2017.06.13-20.46.15:669][864]LogTemp:Display: Finished compile of shader map 0x0000021C48C11D00
[2017.06.13-20.46.15:669][864]LogTemp:Display: Shader map FLightmassMaterialRenderer WorldGridMaterial complete, GameThreadShaderMap 0x0000021C48C11D00, marking material FLightmassMaterialRenderer WorldGridMaterial as finished
[2017.06.13-20.46.15:669][864]LogTemp:Display: Marking material as finished 0x0000021C45A61000
[2017.06.13-20.46.15:672][864]LogTemp:Display: Finished compile of shader map 0x0000021C131D7580
[2017.06.13-20.46.15:672][864]LogTemp:Display: Shader map FLightmassMaterialRenderer WorldGridMaterial complete, GameThreadShaderMap 0x0000021C131D7580, marking material FLightmassMaterialRenderer WorldGridMaterial as finished
[2017.06.13-20.46.15:672][864]LogTemp:Display: Marking material as finished 0x0000021C45A62B00
[2017.06.13-20.46.18:531][872]LogSavePackage: Save=34.64ms
[2017.06.13-20.46.18:531][872]LogSavePackage: Moving '../../../../../../Users/Marcus/Desktop/GitHub/UE4-Zero/UE4_Zero/Saved/Start_Auto15BA385404C587DFEA2401CA7C64BA754.tmp' to '../../../../../../Users/Marcus/Desktop/GitHub/UE4-Zero/UE4_Zero/Saved/Autosaves/Game/Maps/Start_Auto1.umap'
[2017.06.13-20.46.18:536][872]LogSavePackage:Display: Finished SavePackage ../../../../../../Users/Marcus/Desktop/GitHub/UE4-Zero/UE4_Zero/Saved/Autosaves/Game/Maps/Start_Auto1.umap
[2017.06.13-20.46.18:542][872]LogFileHelpers: Editor autosave (incl. sublevels) for '/Game/Maps/Start' took 0.076
[2017.06.13-20.46.18:542][872]LogFileHelpers: Editor autosave (incl. sublevels) for all levels took 0.076
[2017.06.13-20.46.21:083][880]Job is a success!
[2017.06.13-20.46.21:579][881]LogTexture:Display: Building textures: HQ_Lightmap0_1 (AutoDXT, 256X256) - 81 MB total VRAM
[2017.06.13-20.46.21:579][881]LogTexture:Display: Building textures: LQ_Lightmap_0_1 (DXT1, 256X256) - 81 MB total VRAM
[2017.06.13-20.46.21:579][881]LogTexture:Display: Building textures: HQ_Lightmap0_2 (AutoDXT, 64X64) - 81 MB total VRAM
[2017.06.13-20.46.21:579][881]LogTexture:Display: Building textures: LQ_Lightmap_0_2 (DXT1, 64X64) - 81 MB total VRAM
[2017.06.13-20.46.21:579][881]LogTexture:Display: Building textures: ShadowMapTexture2D_1 (G8, 32X32) - 81 MB total VRAM
[2017.06.13-20.46.21:579][881]LogTexture:Display: Building textures: ShadowMapTexture2D_0 (G8, 256X128) - 81 MB total VRAM
[2017.06.13-20.46.21:628][881]Lightmass on DESKTOP-E3PDIQS: 986 ms total, 99 ms importing, 18 ms setup, 123 ms photons, 702 ms processing, 0 ms extra exporting [3/3 mappings]. Threads: 2.77 sec total, 204 ms processing.
[2017.06.13-20.46.21:644][881]LogStaticLightingSystem: Illumination: 21.4 sec (46 ms encoding lightmaps, 12 ms encoding shadowmaps)
[2017.06.13-20.46.21:644][881]LogStaticLightingSystem: Lightmap texture memory:  0.1 MB (0.1 MB streaming, 0.0 MB non-streaming), 4 textures
[2017.06.13-20.46.21:644][881]LogStaticLightingSystem: Shadowmap texture memory: 0.0 MB (0.0 MB streaming, 0.0 MB non-streaming), 2 textures
[2017.06.13-20.46.22:097][881]DumpUnbuiltLightIteractions
[2017.06.13-20.46.22:097][881]Lights with unbuilt interactions: 0
[2017.06.13-20.46.22:097][881]
[2017.06.13-20.46.22:097][881]Primitives with unbuilt interactions: 0
[2017.06.13-20.46.22:104][882]Cmd: MAP CHECK NOTIFYRESULTS
[2017.06.13-20.46.22:104][882]MapCheck: New page: Start - 13 Jun 2017 22:46:22
[2017.06.13-20.46.22:201][882]MapCheck: Info Map check complete: 0 Error(s), 0 Warning(s), took 96.653ms to complete.
[2017.06.13-20.46.26:384][106]LogTemp: Repeting last play command: Selected Viewport
[2017.06.13-20.46.26:394][106]LogPlayLevel: PlayLevel: No blueprints needed recompiling
[2017.06.13-20.46.26:394][106]PIE: New page: PIE session: Start (13 Jun 2017 22:46:26)
[2017.06.13-20.46.26:395][106]LogPlayLevel: Creating play world package: /Game/Maps/UEDPIE_0_Start
[2017.06.13-20.46.26:396][106]LogPlayLevel: PIE: StaticDuplicateObject took: (0.001896s)
[2017.06.13-20.46.26:397][106]LogAIModule: Creating AISystem for world Start
[2017.06.13-20.46.26:398][106]LogPlayLevel: PIE: World Init took: (0.000968s)
[2017.06.13-20.46.26:398][106]LogPlayLevel: PIE: Created PIE world by copying editor world from /Game/Maps/Start.Start to /Game/Maps/UEDPIE_0_Start.Start (0.003076s)
[2017.06.13-20.46.26:409][106]LogInit: XAudio2 using 'Digital Audio (S/PDIF) (High Definition Audio Device)' : 2 channels at 44.1 kHz using 16 bits per sample (channel mask 0x3)
[2017.06.13-20.46.26:416][106]LogInit: FAudioDevice initialized.
[2017.06.13-20.46.26:447][106]LogLoad: Game class is 'My_UE4_ZeroGameModeBase_C'
[2017.06.13-20.46.26:449][106]LogWorld: Bringing World /Game/Maps/UEDPIE_0_Start.Start up for play (max tick rate 0) at 2017.06.13-21.46.26
[2017.06.13-20.46.26:449][106]LogWorld: Bringing up level for play took: 0.000912
[2017.06.13-20.46.26:450][106]PIE: Info Play in editor start time for /Game/Maps/UEDPIE_0_Start 0.248
[2017.06.13-20.56.29:159][683]LogSavePackage: Save=23.47ms
[2017.06.13-20.56.29:159][683]LogSavePackage: Moving '../../../../../../Users/Marcus/Desktop/GitHub/UE4-Zero/UE4_Zero/Saved/Start_Auto29D233A7F42CDEE5DFCFBDBB5A241EA8E.tmp' to '../../../../../../Users/Marcus/Desktop/GitHub/UE4-Zero/UE4_Zero/Saved/Autosaves/Game/Maps/Start_Auto2.umap'
[2017.06.13-20.56.29:163][683]LogSavePackage:Display: Finished SavePackage ../../../../../../Users/Marcus/Desktop/GitHub/UE4-Zero/UE4_Zero/Saved/Autosaves/Game/Maps/Start_Auto2.umap
[2017.06.13-20.56.29:166][683]LogFileHelpers: Editor autosave (incl. sublevels) for '/Game/Maps/Start' took 0.074
[2017.06.13-20.56.29:166][683]LogFileHelpers: Editor autosave (incl. sublevels) for all levels took 0.074
[2017.06.13-20.56.29:169][683]OBJ SavePackage: Generating thumbnails for [0] asset(s) in package [/Game/Maps/Start_BuiltData] ([1] browsable assets)...
[2017.06.13-20.56.29:169][683]OBJ SavePackage: Finished generating thumbnails for package [/Game/Maps/Start_BuiltData]
[2017.06.13-20.56.29:179][683]LogSavePackage: Save=6.72ms
[2017.06.13-20.56.29:179][683]LogSavePackage: Moving '../../../../../../Users/Marcus/Desktop/GitHub/UE4-Zero/UE4_Zero/Saved/Start_BuiltData_Auto2AFA2358747A1B633C8241798A584DA85.tmp' to '../../../../../../Users/Marcus/Desktop/GitHub/UE4-Zero/UE4_Zero/Saved/Autosaves/Game/Maps/Start_BuiltData_Auto2.uasset'
[2017.06.13-20.56.29:182][683]LogSavePackage:Display: Finished SavePackage ../../../../../../Users/Marcus/Desktop/GitHub/UE4-Zero/UE4_Zero/Saved/Autosaves/Game/Maps/Start_BuiltData_Auto2.uasset
[2017.06.13-20.56.29:182][683]LogFileHelpers: Auto-saving content packages took 0.016
[2017.06.13-21.08.45:566][884]Cmd: OBJ SAVEPACKAGE PACKAGE="/Game/Maps/Start" FILE="../../../../../../Users/Marcus/Desktop/GitHub/UE4-Zero/UE4_Zero/Content/Maps/Start.umap" SILENT=true AUTOSAVING=false KEEPDIRTY=false
[2017.06.13-21.08.45:613][884]LogSavePackage: Save=19.30ms
[2017.06.13-21.08.45:613][884]LogSavePackage: Moving '../../../../../../Users/Marcus/Desktop/GitHub/UE4-Zero/UE4_Zero/Saved/Start81544A694B52FEE0C2F4248C237AECC4.tmp' to '../../../../../../Users/Marcus/Desktop/GitHub/UE4-Zero/UE4_Zero/Content/Maps/Start.umap'
[2017.06.13-21.08.45:618][884]LogSavePackage:Display: Finished SavePackage ../../../../../../Users/Marcus/Desktop/GitHub/UE4-Zero/UE4_Zero/Content/Maps/Start.umap
[2017.06.13-21.08.45:635][884]LogFileHelpers: Saving map 'Start' took 0.171
[2017.06.13-21.08.45:639][884]Cmd: OBJ SAVEPACKAGE PACKAGE="/Game/Maps/Start_BuiltData" FILE="../../../../../../Users/Marcus/Desktop/GitHub/UE4-Zero/UE4_Zero/Content/Maps/Start_BuiltData.uasset" SILENT=true
[2017.06.13-21.08.45:653][884]LogSavePackage: Save=10.69ms
[2017.06.13-21.08.45:653][884]LogSavePackage: Moving '../../../../../../Users/Marcus/Desktop/GitHub/UE4-Zero/UE4_Zero/Saved/Start_BuiltDataDBABD08640C87E4B2CEEB9A9A9FD6ED3.tmp' to '../../../../../../Users/Marcus/Desktop/GitHub/UE4-Zero/UE4_Zero/Content/Maps/Start_BuiltData.uasset'
[2017.06.13-21.08.45:658][884]LogSavePackage:Display: Finished SavePackage ../../../../../../Users/Marcus/Desktop/GitHub/UE4-Zero/UE4_Zero/Content/Maps/Start_BuiltData.uasset
[2017.06.13-21.08.45:902][885]Cmd: QUIT_EDITOR
[2017.06.13-21.08.46:185][885]LogWindowsTextInputMethodSystem:Display: IME system now deactivated.
[2017.06.13-21.08.46:212][885]LogExit: Preparing to exit.
[2017.06.13-21.08.46:648][885]LogDirectoryWatcher: A directory notification for 'C:/Users/Marcus/Desktop/GitHub/UE4-Zero/UE4_Zero/Content/' was aborted.
[2017.06.13-21.08.46:760][885]LogExit: Editor shut down
[2017.06.13-21.08.46:760][885]LogExit: Transaction tracking system shut down
[2017.06.13-21.08.46:814][885]LogObj: Freed 0b from 0 cluster array pools.
[2017.06.13-21.08.46:814][885]LogExit: Object subsystem successfully closed.
[2017.06.13-21.08.46:831][885]LogD3D11RHI: Shutdown
[2017.06.13-21.08.46:831][885]LogD3D11RHI: CleanupD3DDevice
[2017.06.13-21.08.46:880][885]LogD3D11RHI: ~FD3D11DynamicRHI
[2017.06.13-21.08.46:922][885]LogModuleManager: Shutting down and abandoning module HierarchicalLODUtilities (506)
[2017.06.13-21.08.46:922][885]LogModuleManager: Shutting down and abandoning module ExternalImagePicker (504)
[2017.06.13-21.08.46:922][885]LogModuleManager: Shutting down and abandoning module MovieSceneCapture (502)
[2017.06.13-21.08.46:922][885]LogModuleManager: Shutting down and abandoning module HierarchicalLODOutliner (500)
[2017.06.13-21.08.46:922][885]LogModuleManager: Shutting down and abandoning module CrashTracker (498)
[2017.06.13-21.08.46:922][885]LogModuleManager: Shutting down and abandoning module SceneOutliner (496)
[2017.06.13-21.08.46:922][885]LogModuleManager: Shutting down and abandoning module AddContentDialog (494)
[2017.06.13-21.08.46:923][885]LogDirectoryWatcher: A directory notification for 'C:/Program Files/Epic Games/UE_4.15/FeaturePacks/' was aborted.
[2017.06.13-21.08.46:923][885]LogModuleManager: Shutting down and abandoning module WidgetCarousel (493)
[2017.06.13-21.08.46:923][885]LogModuleManager: Shutting down and abandoning module EditorWidgets (490)
[2017.06.13-21.08.46:923][885]LogModuleManager: Shutting down and abandoning module CollectionManager (488)
[2017.06.13-21.08.46:923][885]LogDirectoryWatcher: A directory notification for 'C:/Users/Marcus/Desktop/GitHub/UE4-Zero/UE4_Zero/Content/Collections/' was aborted.
[2017.06.13-21.08.46:923][885]LogDirectoryWatcher: A directory notification for 'C:/Users/Marcus/Desktop/GitHub/UE4-Zero/UE4_Zero/Content/Developers/Marcus/Collections/' was aborted.
[2017.06.13-21.08.46:924][885]LogDirectoryWatcher: A directory notification for 'C:/Users/Marcus/Desktop/GitHub/UE4-Zero/UE4_Zero/Saved/Collections/' was aborted.
[2017.06.13-21.08.46:924][885]LogModuleManager: Shutting down and abandoning module StatsViewer (486)
[2017.06.13-21.08.46:924][885]LogModuleManager: Shutting down and abandoning module FoliageEdit (484)
[2017.06.13-21.08.46:924][885]LogModuleManager: Shutting down and abandoning module LandscapeEditor (482)
[2017.06.13-21.08.46:924][885]LogModuleManager: Shutting down and abandoning module SceneDepthPickerMode (480)
[2017.06.13-21.08.46:924][885]LogModuleManager: Shutting down and abandoning module ActorPickerMode (478)
[2017.06.13-21.08.46:924][885]LogModuleManager: Shutting down and abandoning module GeometryMode (476)
[2017.06.13-21.08.46:924][885]LogModuleManager: Shutting down and abandoning module TextureAlignMode (474)
[2017.06.13-21.08.46:924][885]LogModuleManager: Shutting down and abandoning module BspMode (472)
[2017.06.13-21.08.46:924][885]LogModuleManager: Shutting down and abandoning module HardwareSurvey (470)
[2017.06.13-21.08.46:924][885]LogModuleManager: Shutting down and abandoning module SequenceRecorderSections (468)
[2017.06.13-21.08.46:924][885]LogModuleManager: Shutting down and abandoning module AutomationWorker (466)
[2017.06.13-21.08.46:924][885]LogModuleManager: Shutting down and abandoning module MatineeToLevelSequence (464)
[2017.06.13-21.08.46:924][885]LogModuleManager: Shutting down and abandoning module LevelSequenceEditor (462)
[2017.06.13-21.08.46:924][885]LogModuleManager: Shutting down and abandoning module PlacementMode (461)
[2017.06.13-21.08.46:924][885]LogModuleManager: Shutting down and abandoning module WmfMediaFactory (458)
[2017.06.13-21.08.46:924][885]LogModuleManager: Shutting down and abandoning module WmfMediaEditor (456)
[2017.06.13-21.08.46:924][885]LogModuleManager: Shutting down and abandoning module MfMediaFactory (454)
[2017.06.13-21.08.46:924][885]LogModuleManager: Shutting down and abandoning module MfMediaEditor (452)
[2017.06.13-21.08.46:924][885]LogModuleManager: Shutting down and abandoning module AvfMediaFactory (450)
[2017.06.13-21.08.46:924][885]LogModuleManager: Shutting down and abandoning module AvfMediaEditor (448)
[2017.06.13-21.08.46:924][885]LogModuleManager: Shutting down and abandoning module AndroidMediaFactory (446)
[2017.06.13-21.08.46:924][885]LogModuleManager: Shutting down and abandoning module Media (445)
[2017.06.13-21.08.46:924][885]LogModuleManager: Shutting down and abandoning module AndroidMediaEditor (442)
[2017.06.13-21.08.46:924][885]LogModuleManager: Shutting down and abandoning module CharacterAI (440)
[2017.06.13-21.08.46:924][885]LogModuleManager: Shutting down and abandoning module AudioCapture (438)
[2017.06.13-21.08.46:924][885]LogModuleManager: Shutting down and abandoning module SequenceRecorder (437)
[2017.06.13-21.08.46:924][885]LogModuleManager: Shutting down and abandoning module SmartSnapping (434)
[2017.06.13-21.08.46:924][885]LogModuleManager: Shutting down and abandoning module SessionServices (432)
[2017.06.13-21.08.46:924][885]LogModuleManager: Shutting down and abandoning module ViewportSnapping (430)
[2017.06.13-21.08.46:924][885]LogModuleManager: Shutting down and abandoning module ViewportInteraction (428)
[2017.06.13-21.08.46:924][885]LogModuleManager: Shutting down and abandoning module LogVisualizer (426)
[2017.06.13-21.08.46:924][885]LogModuleManager: Shutting down and abandoning module IntroTutorials (424)
[2017.06.13-21.08.46:924][885]LogModuleManager: Shutting down and abandoning module GameProjectGeneration (423)
[2017.06.13-21.08.46:924][885]LogModuleManager: Shutting down and abandoning module EditorLiveStreaming (420)
[2017.06.13-21.08.46:924][885]LogModuleManager: Shutting down and abandoning module IOSPlatformEditor (418)
[2017.06.13-21.08.46:924][885]LogModuleManager: Shutting down and abandoning module HTML5PlatformEditor (416)
[2017.06.13-21.08.46:924][885]LogModuleManager: Shutting down and abandoning module AndroidPlatformEditor (414)
[2017.06.13-21.08.46:924][885]LogModuleManager: Shutting down and abandoning module AndroidDeviceDetection (413)
[2017.06.13-21.08.47:377][885]LogModuleManager: Shutting down and abandoning module IOSRuntimeSettings (410)
[2017.06.13-21.08.47:377][885]LogModuleManager: Shutting down and abandoning module AndroidRuntimeSettings (408)
[2017.06.13-21.08.47:377][885]LogModuleManager: Shutting down and abandoning module InputBindingEditor (406)
[2017.06.13-21.08.47:377][885]LogModuleManager: Shutting down and abandoning module NiagaraEditor (404)
[2017.06.13-21.08.47:377][885]LogModuleManager: Shutting down and abandoning module MergeActors (402)
[2017.06.13-21.08.47:377][885]LogModuleManager: Shutting down and abandoning module SizeMap (400)
[2017.06.13-21.08.47:377][885]LogModuleManager: Shutting down and abandoning module TreeMap (398)
[2017.06.13-21.08.47:377][885]LogModuleManager: Shutting down and abandoning module ReferenceViewer (396)
[2017.06.13-21.08.47:377][885]LogModuleManager: Shutting down and abandoning module LocalizationDashboard (394)
[2017.06.13-21.08.47:377][885]LogModuleManager: Shutting down and abandoning module LocalizationService (393)
[2017.06.13-21.08.47:377][885]LogModuleManager: Shutting down and abandoning module HardwareTargeting (390)
[2017.06.13-21.08.47:377][885]LogModuleManager: Shutting down and abandoning module DeviceProfileEditor (388)
[2017.06.13-21.08.47:377][885]LogModuleManager: Shutting down and abandoning module UndoHistory (386)
[2017.06.13-21.08.47:377][885]LogModuleManager: Shutting down and abandoning module UserFeedback (384)
[2017.06.13-21.08.47:377][885]LogModuleManager: Shutting down and abandoning module XmlParser (382)
[2017.06.13-21.08.47:377][885]LogModuleManager: Shutting down and abandoning module Blutility (380)
[2017.06.13-21.08.47:377][885]LogModuleManager: Shutting down and abandoning module ProjectSettingsViewer (378)
[2017.06.13-21.08.47:377][885]LogModuleManager: Shutting down and abandoning module ProjectTargetPlatformEditor (377)
[2017.06.13-21.08.47:378][885]LogModuleManager: Shutting down and abandoning module EditorSettingsViewer (374)
[2017.06.13-21.08.47:378][885]LogModuleManager: Shutting down and abandoning module SettingsEditor (372)
[2017.06.13-21.08.47:378][885]LogModuleManager: Shutting down and abandoning module ProjectLauncher (370)
[2017.06.13-21.08.47:378][885]LogModuleManager: Shutting down and abandoning module SessionFrontend (368)
[2017.06.13-21.08.47:378][885]LogModuleManager: Shutting down and abandoning module ProfilerClient (366)
[2017.06.13-21.08.47:378][885]LogModuleManager: Shutting down and abandoning module DeviceManager (364)
[2017.06.13-21.08.47:378][885]LogModuleManager: Shutting down and abandoning module TargetDeviceServices (363)
[2017.06.13-21.08.47:421][885]LogModuleManager: Shutting down and abandoning module AutomationController (360)
[2017.06.13-21.08.47:421][885]LogModuleManager: Shutting down and abandoning module AutomationWindow (358)
[2017.06.13-21.08.47:421][885]LogModuleManager: Shutting down and abandoning module Layers (356)
[2017.06.13-21.08.47:421][885]LogModuleManager: Shutting down and abandoning module ComponentVisualizers (354)
[2017.06.13-21.08.47:421][885]LogModuleManager: Shutting down and abandoning module DetailCustomizations (352)
[2017.06.13-21.08.47:421][885]LogModuleManager: Shutting down and abandoning module PackagesDialog (350)
[2017.06.13-21.08.47:421][885]LogModuleManager: Shutting down and abandoning module Persona (348)
[2017.06.13-21.08.47:421][885]LogModuleManager: Shutting down and abandoning module AnimGraph (347)
[2017.06.13-21.08.47:421][885]LogModuleManager: Shutting down and abandoning module Kismet (344)
[2017.06.13-21.08.47:421][885]LogModuleManager: Shutting down and abandoning module GraphEditor (342)
[2017.06.13-21.08.47:421][885]LogModuleManager: Shutting down and abandoning module ClassViewer (340)
[2017.06.13-21.08.47:421][885]LogModuleManager: Shutting down and abandoning module Toolbox (338)
[2017.06.13-21.08.47:421][885]LogModuleManager: Shutting down and abandoning module ModuleUI (336)
[2017.06.13-21.08.47:421][885]LogModuleManager: Shutting down and abandoning module MovieSceneTools (334)
[2017.06.13-21.08.47:421][885]LogModuleManager: Shutting down and abandoning module OutputLog (332)
[2017.06.13-21.08.47:421][885]LogModuleManager: Shutting down and abandoning module GammaUI (330)
[2017.06.13-21.08.47:421][885]LogModuleManager: Shutting down and abandoning module Documentation (328)
[2017.06.13-21.08.47:421][885]LogModuleManager: Shutting down and abandoning module Niagara (326)
[2017.06.13-21.08.47:421][885]LogModuleManager: Shutting down and abandoning module StreamingPauseRendering (324)
[2017.06.13-21.08.47:421][885]LogModuleManager: Shutting down and abandoning module AnalyticsET (322)
[2017.06.13-21.08.47:421][885]LogModuleManager: Shutting down and abandoning module PortalServices (320)
[2017.06.13-21.08.47:421][885]LogModuleManager: Shutting down and abandoning module PortalRpc (318)
[2017.06.13-21.08.47:421][885]LogModuleManager: Shutting down and abandoning module MessagingRpc (316)
[2017.06.13-21.08.47:421][885]LogModuleManager: Shutting down and abandoning module AIModule (314)
[2017.06.13-21.08.47:421][885]LogModuleManager: Shutting down and abandoning module GameplayDebugger (313)
[2017.06.13-21.08.47:421][885]LogModuleManager: Shutting down and abandoning module AITestSuite (311)
[2017.06.13-21.08.47:422][885]LogModuleManager: Shutting down and abandoning module ProfilerService (308)
[2017.06.13-21.08.47:597][885]LogModuleManager: Shutting down and abandoning module TaskGraph (306)
[2017.06.13-21.08.47:597][885]LogModuleManager: Shutting down and abandoning module SteamVRController (304)
[2017.06.13-21.08.47:597][885]LogModuleManager: Shutting down and abandoning module SteamVR (302)
[2017.06.13-21.08.47:597][885]LogModuleManager: Shutting down and abandoning module ProceduralMeshComponentEditor (300)
[2017.06.13-21.08.47:597][885]LogModuleManager: Shutting down and abandoning module ProceduralMeshComponent (298)
[2017.06.13-21.08.47:597][885]LogModuleManager: Shutting down and abandoning module OculusLibrary (296)
[2017.06.13-21.08.47:597][885]LogModuleManager: Shutting down and abandoning module OculusInput (294)
[2017.06.13-21.08.47:597][885]LogModuleManager: Shutting down and abandoning module MobilePatchingUtils (292)
[2017.06.13-21.08.47:597][885]LogModuleManager: Shutting down and abandoning module CustomMeshComponent (290)
[2017.06.13-21.08.47:597][885]LogModuleManager: Shutting down and abandoning module CableComponent (288)
[2017.06.13-21.08.47:597][885]LogModuleManager: Shutting down and abandoning module ArchVisCharacter (286)
[2017.06.13-21.08.47:597][885]LogModuleManager: Shutting down and abandoning module MediaPlayerEditor (282)
[2017.06.13-21.08.47:597][885]LogModuleManager: Shutting down and abandoning module HTML5Networking (280)
[2017.06.13-21.08.47:597][885]LogModuleManager: Shutting down and abandoning module AlembicImporter (278)
[2017.06.13-21.08.47:597][885]LogModuleManager: Shutting down and abandoning module AlembicLibrary (277)
[2017.06.13-21.08.47:597][885]LogModuleManager: Shutting down and abandoning module GeometryCache (276)
[2017.06.13-21.08.47:597][885]LogModuleManager: Shutting down and abandoning module GeometryCacheEd (275)
[2017.06.13-21.08.47:597][885]LogModuleManager: Shutting down and abandoning module SuperSearchEditor (270)
[2017.06.13-21.08.47:597][885]LogModuleManager: Shutting down and abandoning module SuperSearch (269)
[2017.06.13-21.08.47:597][885]LogModuleManager: Shutting down and abandoning module SpeedTreeImporter (266)
[2017.06.13-21.08.47:597][885]LogModuleManager: Shutting down and abandoning module PluginBrowser (264)
[2017.06.13-21.08.47:597][885]LogModuleManager: Shutting down and abandoning module MobileLauncherProfileWizard (262)
[2017.06.13-21.08.47:597][885]LogModuleManager: Shutting down and abandoning module EpicSurvey (260)
[2017.06.13-21.08.47:597][885]LogModuleManager: Shutting down and abandoning module VisualStudioSourceCodeAccess (258)
[2017.06.13-21.08.47:597][885]LogModuleManager: Shutting down and abandoning module DesktopPlatform (257)
[2017.06.13-21.08.47:597][885]LogModuleManager: Shutting down and abandoning module UObjectPlugin (254)
[2017.06.13-21.08.47:597][885]LogModuleManager: Shutting down and abandoning module SubversionSourceControl (252)
[2017.06.13-21.08.47:597][885]LogModuleManager: Shutting down and abandoning module PerforceSourceControl (250)
[2017.06.13-21.08.47:597][885]LogModuleManager: Shutting down and abandoning module GitSourceControl (248)
[2017.06.13-21.08.47:597][885]LogModuleManager: Shutting down and abandoning module SourceControl (247)
[2017.06.13-21.08.47:598][885]LogModuleManager: Shutting down and abandoning module LightPropagationVolumeEditor (244)
[2017.06.13-21.08.47:598][885]LogModuleManager: Shutting down and abandoning module PaperTiledImporter (242)
[2017.06.13-21.08.47:598][885]LogModuleManager: Shutting down and abandoning module PaperSpriteSheetImporter (240)
[2017.06.13-21.08.47:598][885]LogModuleManager: Shutting down and abandoning module Paper2DEditor (238)
[2017.06.13-21.08.47:598][885]LogModuleManager: Shutting down and abandoning module MeshPaint (237)
[2017.06.13-21.08.47:598][885]LogModuleManager: Shutting down and abandoning module LevelEditor (235)
[2017.06.13-21.08.47:598][885]LogModuleManager: Shutting down and abandoning module PixelInspectorModule (234)
[2017.06.13-21.08.47:598][885]LogModuleManager: Shutting down and abandoning module MainFrame (232)
[2017.06.13-21.08.47:598][885]LogModuleManager: Shutting down and abandoning module HotReload (231)
[2017.06.13-21.08.47:598][885]LogDirectoryWatcher: A directory notification for 'C:/Users/Marcus/Desktop/GitHub/UE4-Zero/UE4_Zero/Binaries/Win64' was aborted.
[2017.06.13-21.08.47:599][885]LogModuleManager: Shutting down and abandoning module ContentBrowser (227)
[2017.06.13-21.08.47:600][885]LogModuleManager: Shutting down and abandoning module UE4_Zero (224)
[2017.06.13-21.08.47:600][885]LogModuleManager: Shutting down and abandoning module PhysXVehiclesEditor (222)
[2017.06.13-21.08.47:600][885]LogModuleManager: Shutting down and abandoning module PhysXVehicles (220)
[2017.06.13-21.08.47:600][885]LogModuleManager: Shutting down and abandoning module LocationServicesBPLibrary (218)
[2017.06.13-21.08.47:600][885]LogModuleManager: Shutting down and abandoning module UdpMessaging (216)
[2017.06.13-21.08.47:700][885]LogModuleManager: Shutting down and abandoning module TcpMessaging (214)
[2017.06.13-21.08.47:800][885]LogModuleManager: Shutting down and abandoning module GameplayTagsEditor (212)
[2017.06.13-21.08.47:800][885]LogModuleManager: Shutting down and abandoning module FacialAnimationEditor (210)
[2017.06.13-21.08.47:800][885]LogModuleManager: Shutting down and abandoning module FacialAnimation (208)
[2017.06.13-21.08.47:800][885]LogModuleManager: Shutting down and abandoning module LightPropagationVolumeRuntime (206)
[2017.06.13-21.08.47:800][885]LogModuleManager: Shutting down and abandoning module Paper2D (204)
[2017.06.13-21.08.47:800][885]LogModuleManager: Shutting down and abandoning module WindowsMoviePlayer (202)
[2017.06.13-21.08.47:800][885]LogModuleManager: Shutting down and abandoning module WmfMedia (200)
[2017.06.13-21.08.47:800][885]LogModuleManager: Shutting down and abandoning module MfMedia (198)
[2017.06.13-21.08.47:800][885]LogModuleManager: Shutting down and abandoning module MediaAssets (196)
[2017.06.13-21.08.47:800][885]LogModuleManager: Shutting down and abandoning module GameLiveStreaming (194)
[2017.06.13-21.08.47:800][885]LogModuleManager: Shutting down and abandoning module VREditor (192)
[2017.06.13-21.08.47:800][885]LogModuleManager: Shutting down and abandoning module GameplayTasksEditor (190)
[2017.06.13-21.08.47:800][885]LogModuleManager: Shutting down and abandoning module BehaviorTreeEditor (188)
[2017.06.13-21.08.47:800][885]LogModuleManager: Shutting down and abandoning module FunctionalTesting (186)
[2017.06.13-21.08.47:800][885]LogModuleManager: Shutting down and abandoning module CollisionAnalyzer (184)
[2017.06.13-21.08.47:800][885]LogModuleManager: Shutting down and abandoning module UMG (182)
[2017.06.13-21.08.47:800][885]LogModuleManager: Shutting down and abandoning module UMGEditor (181)
[2017.06.13-21.08.47:800][885]LogModuleManager: Shutting down and abandoning module Sequencer (180)
[2017.06.13-21.08.47:800][885]LogModuleManager: Shutting down and abandoning module AssetTools (178)
[2017.06.13-21.08.47:800][885]LogModuleManager: Shutting down and abandoning module MessageLog (177)
[2017.06.13-21.08.47:800][885]LogModuleManager: Shutting down and abandoning module WorkspaceMenuStructure (176)
[2017.06.13-21.08.47:800][885]LogModuleManager: Shutting down and abandoning module SlateReflector (170)
[2017.06.13-21.08.47:800][885]LogModuleManager: Shutting down and abandoning module Slate (168)
[2017.06.13-21.08.47:800][885]LogModuleManager: Shutting down and abandoning module EditorStyle (166)
[2017.06.13-21.08.47:806][885]LogModuleManager: Shutting down and abandoning module SourceCodeAccess (164)
[2017.06.13-21.08.47:806][885]LogModuleManager: Shutting down and abandoning module HeadMountedDisplay (162)
[2017.06.13-21.08.47:806][885]LogModuleManager: Shutting down and abandoning module XAudio2 (160)
[2017.06.13-21.08.47:806][885]LogModuleManager: Shutting down and abandoning module Networking (158)
[2017.06.13-21.08.47:806][885]LogModuleManager: Shutting down and abandoning module Core (154)
[2017.06.13-21.08.47:806][885]LogModuleManager: Shutting down and abandoning module AssetRegistry (152)
[2017.06.13-21.08.47:981][885]LogDirectoryWatcher: A directory notification for '../../../Engine/Content/' was aborted.
[2017.06.13-21.08.47:981][885]LogDirectoryWatcher: A directory notification for '../../../../../../Users/Marcus/Desktop/GitHub/UE4-Zero/UE4_Zero/Content/' was aborted.
[2017.06.13-21.08.47:981][885]LogDirectoryWatcher: A directory notification for '../../../Engine/Plugins/2D/Paper2D/Content/' was aborted.
[2017.06.13-21.08.47:981][885]LogModuleManager: Shutting down and abandoning module DirectoryWatcher (151)
[2017.06.13-21.08.47:982][885]LogModuleManager: Shutting down and abandoning module KismetCompiler (148)
[2017.06.13-21.08.47:982][885]LogModuleManager: Shutting down and abandoning module PhysXFormats (146)
[2017.06.13-21.08.47:982][885]LogModuleManager: Shutting down and abandoning module MeshUtilities (144)
[2017.06.13-21.08.47:982][885]LogModuleManager: Shutting down and abandoning module SimplygonSwarm (143)
[2017.06.13-21.08.47:982][885]LogModuleManager: Shutting down and abandoning module SimplygonMeshReduction (141)
[2017.06.13-21.08.47:982][885]LogModuleManager: Shutting down and abandoning module QuadricMeshReduction (139)
[2017.06.13-21.08.47:982][885]LogModuleManager: Shutting down and abandoning module PropertyEditor (137)
[2017.06.13-21.08.47:982][885]LogModuleManager: Shutting down and abandoning module DerivedDataCache (134)
[2017.06.13-21.08.48:054][885]LogDerivedDataCache: Shutdown
[2017.06.13-21.08.48:054][885]LogModuleManager: Shutting down and abandoning module TargetPlatform (132)
[2017.06.13-21.08.48:054][885]LogModuleManager: Shutting down and abandoning module VulkanShaderFormat (131)
[2017.06.13-21.08.48:054][885]LogModuleManager: Shutting down and abandoning module ShaderFormatOpenGL (129)
[2017.06.13-21.08.48:054][885]LogModuleManager: Shutting down and abandoning module ShaderFormatD3D (127)
[2017.06.13-21.08.48:054][885]LogModuleManager: Shutting down and abandoning module MetalShaderFormat (125)
[2017.06.13-21.08.48:054][885]LogModuleManager: Shutting down and abandoning module TextureFormatUncompressed (123)
[2017.06.13-21.08.48:054][885]LogModuleManager: Shutting down and abandoning module TextureFormatPVR (121)
[2017.06.13-21.08.48:054][885]LogModuleManager: Shutting down and abandoning module TextureFormatDXT (119)
[2017.06.13-21.08.48:054][885]LogModuleManager: Shutting down and abandoning module TextureFormatIntelISPCTexComp (117)
[2017.06.13-21.08.48:054][885]LogModuleManager: Shutting down and abandoning module TextureFormatASTC (115)
[2017.06.13-21.08.48:054][885]LogModuleManager: Shutting down and abandoning module ImageWrapper (114)
[2017.06.13-21.08.48:054][885]LogModuleManager: Shutting down and abandoning module TextureFormatAndroid (111)
[2017.06.13-21.08.48:054][885]LogModuleManager: Shutting down and abandoning module AudioFormatOpus (109)
[2017.06.13-21.08.48:054][885]LogModuleManager: Shutting down and abandoning module AudioFormatOgg (107)
[2017.06.13-21.08.48:054][885]LogModuleManager: Shutting down and abandoning module AudioFormatADPCM (105)
[2017.06.13-21.08.48:054][885]LogModuleManager: Shutting down and abandoning module LinuxTargetPlatform (103)
[2017.06.13-21.08.48:054][885]LogModuleManager: Shutting down and abandoning module LinuxServerTargetPlatform (101)
[2017.06.13-21.08.48:054][885]LogModuleManager: Shutting down and abandoning module LinuxNoEditorTargetPlatform (99)
[2017.06.13-21.08.48:054][885]LogModuleManager: Shutting down and abandoning module LinuxClientTargetPlatform (97)
[2017.06.13-21.08.48:054][885]LogModuleManager: Shutting down and abandoning module TVOSTargetPlatform (95)
[2017.06.13-21.08.48:054][885]LogModuleManager: Shutting down and abandoning module Messaging (93)
[2017.06.13-21.08.48:054][885]LogModuleManager: Shutting down and abandoning module IOSTargetPlatform (91)
[2017.06.13-21.08.48:054][885]LogModuleManager: Shutting down and abandoning module HTML5TargetPlatform (89)
[2017.06.13-21.08.48:055][885]LogModuleManager: Shutting down and abandoning module Android_PVRTCTargetPlatform (87)
[2017.06.13-21.08.48:055][885]LogModuleManager: Shutting down and abandoning module Android_MultiTargetPlatform (85)
[2017.06.13-21.08.48:055][885]LogModuleManager: Shutting down and abandoning module Android_ETC2TargetPlatform (83)
[2017.06.13-21.08.48:055][885]LogModuleManager: Shutting down and abandoning module Android_ETC1TargetPlatform (81)
[2017.06.13-21.08.48:055][885]LogModuleManager: Shutting down and abandoning module Android_DXTTargetPlatform (79)
[2017.06.13-21.08.48:055][885]LogModuleManager: Shutting down and abandoning module Android_ATCTargetPlatform (77)
[2017.06.13-21.08.48:055][885]LogModuleManager: Shutting down and abandoning module Android_ASTCTargetPlatform (75)
[2017.06.13-21.08.48:055][885]LogModuleManager: Shutting down and abandoning module AndroidTargetPlatform (73)
[2017.06.13-21.08.48:055][885]LogModuleManager: Shutting down and abandoning module WindowsTargetPlatform (71)
[2017.06.13-21.08.48:055][885]LogModuleManager: Shutting down and abandoning module WindowsServerTargetPlatform (69)
[2017.06.13-21.08.48:055][885]LogModuleManager: Shutting down and abandoning module WindowsNoEditorTargetPlatform (67)
[2017.06.13-21.08.48:055][885]LogModuleManager: Shutting down and abandoning module WindowsClientTargetPlatform (65)
[2017.06.13-21.08.48:055][885]LogModuleManager: Shutting down and abandoning module MacTargetPlatform (63)
[2017.06.13-21.08.48:055][885]LogModuleManager: Shutting down and abandoning module MacServerTargetPlatform (61)
[2017.06.13-21.08.48:055][885]LogModuleManager: Shutting down and abandoning module MacNoEditorTargetPlatform (59)
[2017.06.13-21.08.48:055][885]LogModuleManager: Shutting down and abandoning module MacClientTargetPlatform (57)
[2017.06.13-21.08.48:055][885]LogModuleManager: Shutting down and abandoning module AllDesktopTargetPlatform (55)
[2017.06.13-21.08.48:055][885]LogModuleManager: Shutting down and abandoning module InputCore (52)
[2017.06.13-21.08.48:055][885]LogModuleManager: Shutting down and abandoning module Settings (50)
[2017.06.13-21.08.48:055][885]LogModuleManager: Shutting down and abandoning module OculusRift (48)
[2017.06.13-21.08.48:055][885]LogModuleManager: Shutting down and abandoning module GearVR (46)
[2017.06.13-21.08.48:055][885]LogModuleManager: Shutting down and abandoning module ExampleDeviceProfileSelector (44)
[2017.06.13-21.08.48:055][885]LogModuleManager: Shutting down and abandoning module OnlineBlueprintSupport (42)
[2017.06.13-21.08.48:055][885]LogModuleManager: Shutting down and abandoning module OnlineSubsystem (38)
[2017.06.13-21.08.48:055][885]LogOnline:Display: Unloading online subsystem: NULL
[2017.06.13-21.08.48:055][885]LogModuleManager: Shutting down and abandoning module XMPP (37)
[2017.06.13-21.08.48:055][885]LogModuleManager: Shutting down and abandoning module HTTP (35)
[2017.06.13-21.08.48:055][885]LogHttp:Display: Http module shutting down, but needs to wait on 1 outstanding Http requests:
[2017.06.13-21.08.48:055][885]LogHttp:Display: 	verb=[POST] url=[https://datarouter.ol.epicgames.com/datarouter/api/v1/public/data?SessionID=%7B4FABC6A8-4C55-A2C0-B12E-1081B12409CB%7D&AppID=UEEditor.Rocket.Release&AppVersion=4.15.2-3416026%2B%2B%2BUE4%2BRelease-4.15&UserID=97d3f40d403ff4a258d6f980a741b4dc%7C969837ba78db4a5a8b4180254925176e%7C81706c51-5e4d-4c53-8181-bc8c50ced6a7&AppEnvironment=datacollector-binary&UploadType=eteventstream] status=Processing
[2017.06.13-21.08.48:088][885]LogModuleManager: Shutting down and abandoning module SSL (34)
[2017.06.13-21.08.48:089][885]LogModuleManager: Shutting down and abandoning module AudioEditor (30)
[2017.06.13-21.08.48:089][885]LogModuleManager: Shutting down and abandoning module TextureCompressor (28)
[2017.06.13-21.08.48:089][885]LogModuleManager: Shutting down and abandoning module ShaderCore (26)
[2017.06.13-21.08.48:089][885]LogModuleManager: Shutting down and abandoning module Landscape (24)
[2017.06.13-21.08.48:089][885]LogModuleManager: Shutting down and abandoning module SlateRHIRenderer (22)
[2017.06.13-21.08.48:090][885]LogModuleManager: Shutting down and abandoning module OpenGLDrv (20)
[2017.06.13-21.08.48:090][885]LogModuleManager: Shutting down and abandoning module D3D11RHI (18)
[2017.06.13-21.08.48:090][885]LogModuleManager: Shutting down and abandoning module AnimGraphRuntime (16)
[2017.06.13-21.08.48:090][885]LogModuleManager: Shutting down and abandoning module Renderer (14)
[2017.06.13-21.08.48:090][885]LogModuleManager: Shutting down and abandoning module Engine (12)
[2017.06.13-21.08.48:090][885]LogModuleManager: Shutting down and abandoning module CoreUObject (10)
[2017.06.13-21.08.48:090][885]LogModuleManager: Shutting down and abandoning module NetworkFile (8)
[2017.06.13-21.08.48:090][885]LogModuleManager: Shutting down and abandoning module StreamingFile (6)
[2017.06.13-21.08.48:090][885]LogModuleManager: Shutting down and abandoning module SandboxFile (4)
[2017.06.13-21.08.48:090][885]LogModuleManager: Shutting down and abandoning module PakFile (2)
[2017.06.13-21.08.48:091][885]LogExit: Exiting.
[2017.06.13-21.08.48:100][885]Log file closed, 06/13/17 22:08:48
