Log file open, 06/14/17 12:46:28
LogInit:Display: Running engine for game: UE4_Zero
LogPlatformFile: Not using cached read wrapper
LogInit:Display: RandInit(-32226664) SRandInit(-32226664).
LogTaskGraph: Started task graph with 5 named threads and 8 total threads with 1 sets of task threads.
LogStats: Stats thread started at 0.099721
LogInit: Using libcurl 7.47.1
LogInit:  - built for x86_64-pc-win32
LogInit:  - supports SSL with OpenSSL/1.0.2g
LogInit:  - supports HTTP deflate (compression) using libz 1.2.8
LogInit:  - other features:
LogInit:      CURL_VERSION_SSL
LogInit:      CURL_VERSION_LIBZ
LogInit:      CURL_VERSION_IPV6
LogInit:      CURL_VERSION_ASYNCHDNS
LogInit:      CURL_VERSION_LARGEFILE
LogInit:      CURL_VERSION_IDN
LogInit:  CurlRequestOptions (configurable via config and command line):
LogInit:  - bVerifyPeer = false  - Libcurl will NOT verify peer certificate
LogInit:  - bUseHttpProxy = false  - Libcurl will NOT use HTTP proxy
LogInit:  - bDontReuseConnections = false  - Libcurl will reuse connections
LogInit:  - CertBundlePath = nullptr  - Libcurl will use whatever was configured at build time.
LogInit: Build: ++UE4+Release-4.15-CL-3416026
LogInit: Engine Version: 4.15.2-3416026+++UE4+Release-4.15
LogInit: Compatible Engine Version: 4.15.0-3299760+++UE4+Release-4.15
LogInit: Net CL: 3299760
LogDevObjectVersion: Number of dev versions registered: 14
LogDevObjectVersion:   Dev-Blueprints (B0D832E4-1F89-4F0D-ACCF-7EB736FD4AA2): 8
LogDevObjectVersion:   Dev-Build (E1C64328-A22C-4D53-A36C-8E866417BD8C): 0
LogDevObjectVersion:   Dev-Core (375EC13C-06E4-48FB-B500-84F0262A717E): 2
LogDevObjectVersion:   Dev-Editor (E4B068ED-F494-42E9-A231-DA0B2E46BB41): 14
LogDevObjectVersion:   Dev-Framework (CFFC743F-43B0-4480-9391-14DF171D2073): 22
LogDevObjectVersion:   Dev-Mobile (B02B49B5-BB20-44E9-A304-32B752E40360): 0
LogDevObjectVersion:   Dev-Networking (A4E4105C-59A1-49B5-A7C5-40C4547EDFEE): 0
LogDevObjectVersion:   Dev-Online (39C831C9-5AE6-47DC-9A44-9C173E1C8E7C): 0
LogDevObjectVersion:   Dev-Physics (78F01B33-EBEA-4F98-B9B4-84EACCB95AA2): 0
LogDevObjectVersion:   Dev-Platform (6631380F-2D4D-43E0-8009-CF276956A95A): 0
LogDevObjectVersion:   Dev-Rendering (12F88B9F-8875-4AFC-A67C-D90C383ABD29): 12
LogDevObjectVersion:   Dev-Sequencer (7B5AE74C-D270-4C10-A958-57980B212A5A): 3
LogDevObjectVersion:   Dev-VR (D7296918-1DD6-4BDD-9DE2-64A83CC13884): 0
LogDevObjectVersion:   Dev-LoadTimes (C2A15278-BFE7-4AFE-6C17-90FF531DF755): 1
LogInit: Compiled (64-bit): May  1 2017 13:11:28
LogInit: Compiled with Visual C++: 19.00.23026.00
LogInit: Build Configuration: Development
LogInit: Branch Name: ++UE4+Release-4.15
LogInit: Command line:  
LogInit: Base directory: C:/Program Files/Epic Games/UE_4.15/Engine/Binaries/Win64/
LogInit: Installed Engine Build: 1
LogInit: Presizing for max 8388607 objects, including 0 objects not considered by GC, pre-allocating 0 bytes for permanent pool.
LogInit: Object subsystem initialized
[2017.06.14-11.46.30:181][  0]LogInit: Selected Device Profile: [Windows]
[2017.06.14-11.46.30:181][  0]LogInit: Applying CVar settings loaded from the selected device profile: [Windows]
[2017.06.14-11.46.30:191][  0]LogInit: Computer: DESKTOP-E3PDIQS
[2017.06.14-11.46.30:191][  0]LogInit: User: Marcus
[2017.06.14-11.46.30:191][  0]LogInit: CPU Page size=65536, Cores=4
[2017.06.14-11.46.30:191][  0]LogInit: High frequency timer resolution =2.929686 MHz
[2017.06.14-11.46.30:192][  0]LogMemory: Memory total: Physical=16.0GB (16GB approx)
[2017.06.14-11.46.30:192][  0]LogMemory: Platform Memory Stats for Windows
[2017.06.14-11.46.30:192][  0]LogMemory: Process Physical Memory: 263.11 MB used, 263.11 MB peak
[2017.06.14-11.46.30:192][  0]LogMemory: Process Virtual Memory: 262.18 MB used, 262.18 MB peak
[2017.06.14-11.46.30:192][  0]LogMemory: Physical Memory: 5519.90 MB used,  10816.53 MB free, 16336.43 MB total
[2017.06.14-11.46.30:192][  0]LogMemory: Virtual Memory: 644.23 MB used,  10816.53 MB free, 134217728.00 MB total
[2017.06.14-11.46.30:464][  0]LogTextLocalizationManager: No specific translations for ('en-GB') exist, so ('en') translations will be used.
[2017.06.14-11.46.31:319][  0]LogD3D11RHI: D3D11 adapters:
[2017.06.14-11.46.31:920][  0]LogD3D11RHI:    0. 'NVIDIA GeForce GTX 1050' (Feature Level 11_0)
[2017.06.14-11.46.31:920][  0]LogD3D11RHI:       2006/0/8168 MB DedicatedVideo/DedicatedSystem/SharedSystem, Outputs:2, VendorId:0x10de
[2017.06.14-11.46.31:922][  0]LogD3D11RHI:    1. 'Microsoft Basic Render Driver' (Feature Level 11_0)
[2017.06.14-11.46.31:922][  0]LogD3D11RHI:       0/0/8168 MB DedicatedVideo/DedicatedSystem/SharedSystem, Outputs:0, VendorId:0x1414
[2017.06.14-11.46.31:922][  0]LogD3D11RHI: Chosen D3D11 Adapter: 0
[2017.06.14-11.46.31:928][  0]LogD3D11RHI: Creating new Direct3DDevice
[2017.06.14-11.46.31:928][  0]LogD3D11RHI:     GPU DeviceId: 0x1c81 (for the marketing name, search the web for "GPU Device Id")
[2017.06.14-11.46.31:929][  0]LogWindows: EnumDisplayDevices:
[2017.06.14-11.46.31:929][  0]LogWindows:    0. 'NVIDIA GeForce GTX 1050' (P:1 D:1)
[2017.06.14-11.46.31:929][  0]LogWindows:    1. 'NVIDIA GeForce GTX 1050' (P:0 D:1)
[2017.06.14-11.46.31:929][  0]LogWindows:    2. 'NVIDIA GeForce GTX 1050' (P:0 D:0)
[2017.06.14-11.46.31:929][  0]LogWindows:    3. 'NVIDIA GeForce GTX 1050' (P:0 D:0)
[2017.06.14-11.46.31:929][  0]LogWindows: DebugString: FoundDriverCount:4 
[2017.06.14-11.46.31:929][  0]LogD3D11RHI:     Adapter Name: NVIDIA GeForce GTX 1050
[2017.06.14-11.46.31:929][  0]LogD3D11RHI:   Driver Version: 382.33 (internal:22.21.13.8233, unified:382.33)
[2017.06.14-11.46.31:929][  0]LogD3D11RHI:      Driver Date: 5-17-2017
[2017.06.14-11.46.31:929][  0]LogRHI: Texture pool is 1361 MB (70% of 1945 MB)
[2017.06.14-11.46.32:504][  0]LogD3D11RHI: [Aftermath] Aftermath enabled and primed
[2017.06.14-11.46.32:504][  0]LogD3D11RHI: Async texture creation enabled
[2017.06.14-11.46.32:544][  0]LogD3D11RHI: GPU Timing Frequency: 1000.000000 (Debug: 2 1)
[2017.06.14-11.46.32:546][  0]LogShaderCompilers: Guid format shader working directory is -16 characters bigger than the processId version (../../../../../../Users/Marcus/Desktop/GitHub/UE4-Zero/UE4_Zero/Intermediate/Shaders/WorkingDirectory/5144/).
[2017.06.14-11.46.32:546][  0]LogShaderCompilers: Cleaned the shader compiler working directory 'C:/Users/Marcus/AppData/Local/Temp/UnrealShaderWorkingDir/4CEEB75D4EFCEB5A3585FF9B3B813532/'.
[2017.06.14-11.46.32:546][  0]LogShaderCompilers:Display: Using Local Shader Compiler.
[2017.06.14-11.46.33:867][  0]LogTemp:Display: Loaded TP AllDesktopTargetPlatform
[2017.06.14-11.46.34:030][  0]LogTemp:Display: Loaded TP MacClientTargetPlatform
[2017.06.14-11.46.34:190][  0]LogTemp:Display: Loaded TP MacNoEditorTargetPlatform
[2017.06.14-11.46.34:355][  0]LogTemp:Display: Loaded TP MacServerTargetPlatform
[2017.06.14-11.46.34:517][  0]LogTemp:Display: Loaded TP MacTargetPlatform
[2017.06.14-11.46.34:680][  0]LogTemp:Display: Loaded TP WindowsClientTargetPlatform
[2017.06.14-11.46.34:844][  0]LogTemp:Display: Loaded TP WindowsNoEditorTargetPlatform
[2017.06.14-11.46.35:011][  0]LogTemp:Display: Loaded TP WindowsServerTargetPlatform
[2017.06.14-11.46.35:164][  0]LogTemp:Display: Loaded TP WindowsTargetPlatform
[2017.06.14-11.46.35:323][  0]LogTemp:Display: Loaded TP AndroidTargetPlatform
[2017.06.14-11.46.35:485][  0]LogTemp:Display: Loaded TP Android_ASTCTargetPlatform
[2017.06.14-11.46.35:646][  0]LogTemp:Display: Loaded TP Android_ATCTargetPlatform
[2017.06.14-11.46.35:810][  0]LogTemp:Display: Loaded TP Android_DXTTargetPlatform
[2017.06.14-11.46.35:971][  0]LogTemp:Display: Loaded TP Android_ETC1TargetPlatform
[2017.06.14-11.46.36:133][  0]LogTemp:Display: Loaded TP Android_ETC2TargetPlatform
[2017.06.14-11.46.36:456][  0]LogTemp:Display: Loaded TP Android_MultiTargetPlatform
[2017.06.14-11.46.36:456][  0]LogTemp:Display: Loaded TP Android_PVRTCTargetPlatform
[2017.06.14-11.46.36:603][  0]LogTemp:Display: Loaded TP HTML5TargetPlatform
[2017.06.14-11.46.36:877][  0]LogTemp:Display: Loaded TP IOSTargetPlatform
[2017.06.14-11.46.36:979][  0]LogTemp:Display: Loaded TP TVOSTargetPlatform
[2017.06.14-11.46.37:144][  0]LogTemp:Display: Loaded TP LinuxClientTargetPlatform
[2017.06.14-11.46.37:307][  0]LogTemp:Display: Loaded TP LinuxNoEditorTargetPlatform
[2017.06.14-11.46.37:469][  0]LogTemp:Display: Loaded TP LinuxServerTargetPlatform
[2017.06.14-11.46.37:632][  0]LogTemp:Display: Loaded TP LinuxTargetPlatform
[2017.06.14-11.46.37:632][  0]LogTargetPlatformManager:Display: Building Assets For Windows
[2017.06.14-11.46.39:294][  0]LogDerivedDataCache:Display: Max Cache Size: 512 MB
[2017.06.14-11.46.39:344][  0]LogDerivedDataCache: Loaded boot cache 0.05s 50MB C:/Users/Marcus/AppData/Local/UnrealEngine/4.15/DerivedDataCache/Boot.ddc.
[2017.06.14-11.46.39:344][  0]LogDerivedDataCache:Display: Loaded Boot cache: C:/Users/Marcus/AppData/Local/UnrealEngine/4.15/DerivedDataCache/Boot.ddc
[2017.06.14-11.46.39:344][  0]LogDerivedDataCache: FDerivedDataBackendGraph:  Pak pak cache file ../../../../../../Users/Marcus/Desktop/GitHub/UE4-Zero/UE4_Zero/DerivedDataCache/DDC.ddp not found, will not use a pak cache.
[2017.06.14-11.46.39:344][  0]LogDerivedDataCache: Unable to find inner node Pak for hierarchical cache Hierarchy.
[2017.06.14-11.46.39:344][  0]LogDerivedDataCache: FDerivedDataBackendGraph:  CompressedPak pak cache file ../../../../../../Users/Marcus/Desktop/GitHub/UE4-Zero/UE4_Zero/DerivedDataCache/Compressed.ddp not found, will not use a pak cache.
[2017.06.14-11.46.39:344][  0]LogDerivedDataCache: Unable to find inner node CompressedPak for hierarchical cache Hierarchy.
[2017.06.14-11.46.39:361][  0]LogDerivedDataCache:Display: Pak cache opened for reading ../../../Engine/DerivedDataCache/Compressed.ddp.
[2017.06.14-11.46.39:374][  0]LogDerivedDataCache: Using Local data cache path C:/Users/Marcus/AppData/Local/UnrealEngine/Common/DerivedDataCache: Writable
[2017.06.14-11.46.39:382][  0]LogSlate: Using Freetype 2.6.0
[2017.06.14-11.46.39:383][  0]LogSlate: SlateFontCache - WITH_FREETYPE: 1, WITH_HARFBUZZ: 1
[2017.06.14-11.46.39:383][  0]LogSlate: SlateFontCache - WITH_FREETYPE: 1, WITH_HARFBUZZ: 1
[2017.06.14-11.46.39:696][  0]LogInit: Selected Device Profile: [Windows]
[2017.06.14-11.46.39:698][  0]LogContentStreaming: Texture pool size is 0.00 MB
[2017.06.14-11.46.40:203][  0]LogMeshUtilities: Using QuadricMeshReduction for automatic static mesh reduction
[2017.06.14-11.46.40:366][  0]LogSimplygon: Simplygon DLL not present - disabling.
[2017.06.14-11.46.40:534][  0]LogMeshUtilities: Using SimplygonSwarm for distributed automatic mesh merging
[2017.06.14-11.46.40:534][  0]LogMeshUtilities: No automatic skeletal mesh reduction module available
[2017.06.14-11.46.40:534][  0]LogMeshUtilities: No automatic mesh merging module available
[2017.06.14-11.46.41:538][  0]LogNetVersion: GetLocalNetworkVersion: CL: 3299760, ProjectName: ue4_zero, ProjectVersion: , EngineNetworkVersion: 2, GameNetworkVersion: 0, NetworkChecksum: 276590260
[2017.06.14-11.46.41:647][  0]LogAssetRegistry: FAssetRegistry took 0.0224 seconds to start up
[2017.06.14-11.46.41:771][  0]LogPackageLocalizationCache: Processed 3 localized package path(s) for 2 prioritized culture(s) in 0.035794 seconds
[2017.06.14-11.46.41:776][  0]LogUObjectArray: 32493 objects as part of root set at end of initial load.
[2017.06.14-11.46.41:776][  0]LogUObjectAllocator: 7077024 out of 0 bytes used by permanent object pool.
[2017.06.14-11.46.41:776][  0]LogUObjectArray: CloseDisregardForGC: 0/0 objects in disregard for GC pool
[2017.06.14-11.46.42:063][  0]LogInit: WinSock: version 1.1 (2.2), MaxSocks=32767, MaxUdp=65467
[2017.06.14-11.46.46:785][  0]LogTcpMessaging: Initializing TcpMessaging bridge
[2017.06.14-11.46.46:901][  0]LogUdpMessaging: Initializing bridge on interface 0.0.0.0:0 to multicast group 230.0.0.1:6666.
[2017.06.14-11.46.48:484][  0]LogMaterial: Uniform references updated for custom material expression Custom.
[2017.06.14-11.46.49:701][  0]SourceControl: Info Source control is disabled
[2017.06.14-11.46.49:703][  0]SourceControl: Info Source control is disabled
[2017.06.14-11.46.49:875][  0]SourceControl: Info Source control is disabled
[2017.06.14-11.46.50:046][  0]SourceControl: Info Source control is disabled
[2017.06.14-11.46.54:430][  0]LogEngine: Initializing Engine...
[2017.06.14-11.46.54:431][  0]LogHMD: Failed to initialize OpenVR with code 110
[2017.06.14-11.46.54:551][  0]LogStats: UGameplayTagsManager::ConstructGameplayTagTree: Construct from data asset -  0.000 s
[2017.06.14-11.46.54:551][  0]LogStats: UGameplayTagsManager::ConstructGameplayTagTree: GameplayTagTreeChangedEvent.Broadcast -  0.000 s
[2017.06.14-11.46.55:014][  0]LogAIModule: Creating AISystem for world Untitled
[2017.06.14-11.46.55:021][  0]LogInit: XAudio2 using 'Digital Audio (S/PDIF) (High Definition Audio Device)' : 2 channels at 44.1 kHz using 16 bits per sample (channel mask 0x3)
[2017.06.14-11.46.55:041][  0]LogInit: FAudioDevice initialized.
[2017.06.14-11.46.55:067][  0]LogDerivedDataCache: Saved boot cache 0.03s 50MB C:/Users/Marcus/AppData/Local/UnrealEngine/4.15/DerivedDataCache/Boot.ddc.
[2017.06.14-11.46.55:072][  0]LogInit: Texture streaming: Enabled
[2017.06.14-11.46.55:455][  0]LogEngineSessionManager: EngineSessionManager initialized
[2017.06.14-11.46.55:774][  0]LogInit: Transaction tracking system initialized
[2017.06.14-11.46.57:119][  0]BlueprintLog: New page: Editor Load
[2017.06.14-11.47.00:537][  0]LocalizationService: Info Localization service is disabled
[2017.06.14-11.47.03:042][  0]LogConsoleResponse:Display: 
[2017.06.14-11.47.03:263][  0]LogCook:Display: Max memory allowance for cook 16384mb min free memory 0mb
[2017.06.14-11.47.03:263][  0]LogCook:Display: Mobile HDR setting 1
[2017.06.14-11.47.03:772][  0]LogFileCache: Scanning file cache for directory 'C:/Users/Marcus/Desktop/GitHub/UE4-Zero/UE4_Zero/Content/' took 0.02s
[2017.06.14-11.47.06:980][  0]SourceControl: Info Source control is disabled
[2017.06.14-11.47.06:980][  0]Cmd: MAP LOAD FILE="../../../../../../Users/Marcus/Desktop/GitHub/UE4-Zero/UE4_Zero/Content/Maps/Start.umap" TEMPLATE=0 SHOWPROGRESS=1 FEATURELEVEL=3
[2017.06.14-11.47.06:982][  0]LightingResults: New page: Lighting Build
[2017.06.14-11.47.07:134][  0]MapCheck: New page: Map Check
[2017.06.14-11.47.07:134][  0]LightingResults: New page: Lighting Build
[2017.06.14-11.47.07:281][  0]LogBlueprint:Warning: USimpleConstructionScript::FixupRootNodeParentReferences() - Couldn't find native parent component 'Camera' for 'DefaultSceneRoot' in BlueprintGeneratedClass 'My_zeroPawn_BP_C' (it may have been removed)
[2017.06.14-11.47.07:345][  0]LogAIModule: Creating AISystem for world Start
[2017.06.14-11.47.07:368][  0]LogEditorServer: Finished looking for orphan Actors (0.000 secs)
[2017.06.14-11.47.07:369][  0]Cmd: MAP CHECKDEP NOCLEARLOG
[2017.06.14-11.47.07:464][  0]MapCheck: Info Map check complete: 0 Error(s), 0 Warning(s), took 94.482ms to complete.
[2017.06.14-11.47.07:464][  0]LogFileHelpers: Loading map 'Start' took 0.484
[2017.06.14-11.47.07:529][  0]LogWindowsTextInputMethodSystem:Display: IME system now deactivated.
[2017.06.14-11.47.07:714][  0]LogCollectionManager: Loaded 0 collections in 0.001900 seconds
[2017.06.14-11.47.07:910][  0]LogFileCache: Scanning file cache for directory 'C:/Users/Marcus/Desktop/GitHub/UE4-Zero/UE4_Zero/Saved/Collections/' took 0.01s
[2017.06.14-11.47.07:910][  0]LogFileCache: Scanning file cache for directory 'C:/Users/Marcus/Desktop/GitHub/UE4-Zero/UE4_Zero/Content/Developers/Marcus/Collections/' took 0.01s
[2017.06.14-11.47.07:910][  0]LogFileCache: Scanning file cache for directory 'C:/Users/Marcus/Desktop/GitHub/UE4-Zero/UE4_Zero/Content/Collections/' took 0.01s
[2017.06.14-11.47.07:910][  0]LogCollectionManager: Rebuilt the GUID cache for 0 collections in 0.000002 seconds
[2017.06.14-11.47.07:921][  0]LogContentBrowser: Native class hierarchy populated in 0.0108 seconds. Added 2248 classes and 455 folders.
[2017.06.14-11.47.08:162][  0]LogContentBrowser: Native class hierarchy updated for 'WidgetCarousel' in 0.0026 seconds. Added 0 classes and 0 folders.
[2017.06.14-11.47.08:238][  0]LogContentBrowser: Native class hierarchy updated for 'AddContentDialog' in 0.0026 seconds. Added 0 classes and 0 folders.
[2017.06.14-11.47.08:406][  0]LogContentBrowser: Native class hierarchy updated for 'SceneOutliner' in 0.0027 seconds. Added 1 classes and 2 folders.
[2017.06.14-11.47.08:578][  0]LogCrashTracker: Crashtracker disabled due to settings.
[2017.06.14-11.47.08:584][  0]LogUObjectGlobals:Warning: Failed to find object 'Class None.'
[2017.06.14-11.47.08:766][  0]LogContentBrowser: Native class hierarchy updated for 'HierarchicalLODOutliner' in 0.0029 seconds. Added 1 classes and 2 folders.
[2017.06.14-11.47.08:767][  0]LogLoad: (Engine Initialization) Total time: 42.48 seconds
[2017.06.14-11.47.08:767][  0]LogLoad: (Engine Initialization) Total Blueprint compile time: 0.20 seconds
[2017.06.14-11.47.08:767][  0]LogExternalProfiler: Found external profiler: VSPerf
[2017.06.14-11.47.08:767][  0]LogExternalProfiler: Using external profiler: VSPerf
[2017.06.14-11.47.08:777][  0]LogOcInput: OculusInput pre-init called
[2017.06.14-11.47.08:797][  0]LogContentStreaming: Texture pool size now 1000 MB
[2017.06.14-11.47.08:799][  0]LogSlate: Took 0.000328 seconds to synchronously load lazily loaded font '../../../Engine/Content/Slate/Fonts/Roboto-Regular.ttf' (155K)
[2017.06.14-11.47.08:802][  0]LogSlate: Took 0.000319 seconds to synchronously load lazily loaded font '../../../Engine/Content/Slate/Fonts/Roboto-Bold.ttf' (160K)
[2017.06.14-11.47.08:807][  0]LogSlate: Took 0.000307 seconds to synchronously load lazily loaded font '../../../Engine/Content/Editor/Slate/Fonts/FontAwesome.ttf' (139K)
[2017.06.14-11.47.08:919][  0]LogSlate: Took 0.000268 seconds to synchronously load lazily loaded font '../../../Engine/Content/Slate/Fonts/Roboto-Light.ttf' (159K)
[2017.06.14-11.47.08:963][  0]LogRenderer: Reallocating scene render targets to support 1208x576 NumSamples 1 (Frame:2).
[2017.06.14-11.47.09:097][  1]LogAssetRegistry: Asset discovery search completed in 27.4728 seconds
[2017.06.14-11.47.09:097][  1]LogCollectionManager: Rebuilt the object cache for 0 collections in 0.000004 seconds (found 0 objects)
[2017.06.14-11.47.09:097][  1]LogCollectionManager: Fixed up redirectors for 0 collections in 0.000024 seconds (updated 0 objects)
[2017.06.14-11.47.09:794][ 62]LogSlate: Took 0.000266 seconds to synchronously load lazily loaded font '../../../Engine/Content/Slate/Fonts/Roboto-Light.ttf' (159K)
[2017.06.14-11.47.15:109][692]LogSlate: Took 0.000273 seconds to synchronously load lazily loaded font '../../../Engine/Content/Editor/Slate/Fonts/Roboto-Italic.ttf' (157K)
[2017.06.14-11.47.41:236][784]LogTemp: Repeting last play command: Selected Viewport
[2017.06.14-11.47.41:246][784]LogPlayLevel: PlayLevel: No blueprints needed recompiling
[2017.06.14-11.47.41:246][784]PIE: New page: PIE session: Start (14 Jun 2017 13:47:41)
[2017.06.14-11.47.41:247][784]LogPlayLevel: Creating play world package: /Game/Maps/UEDPIE_0_Start
[2017.06.14-11.47.41:249][784]LogPlayLevel: PIE: StaticDuplicateObject took: (0.002662s)
[2017.06.14-11.47.41:250][784]LogAIModule: Creating AISystem for world Start
[2017.06.14-11.47.41:250][784]LogPlayLevel: PIE: World Init took: (0.000833s)
[2017.06.14-11.47.41:250][784]LogPlayLevel: PIE: Created PIE world by copying editor world from /Game/Maps/Start.Start to /Game/Maps/UEDPIE_0_Start.Start (0.003720s)
[2017.06.14-11.47.41:264][784]LogInit: XAudio2 using 'Digital Audio (S/PDIF) (High Definition Audio Device)' : 2 channels at 44.1 kHz using 16 bits per sample (channel mask 0x3)
[2017.06.14-11.47.41:270][784]LogInit: FAudioDevice initialized.
[2017.06.14-11.47.41:318][784]LogLoad: Game class is 'My_UE4_ZeroGameModeBase_C'
[2017.06.14-11.47.41:320][784]LogWorld: Bringing World /Game/Maps/UEDPIE_0_Start.Start up for play (max tick rate 0) at 2017.06.14-12.47.41
[2017.06.14-11.47.41:320][784]LogWorld: Bringing up level for play took: 0.001168
[2017.06.14-11.47.41:479][784]LogContentBrowser: Native class hierarchy updated for 'MovieSceneCapture' in 0.0027 seconds. Added 11 classes and 0 folders.
[2017.06.14-11.47.41:480][784]PIE: Info Play in editor start time for /Game/Maps/UEDPIE_0_Start 0.278
[2017.06.14-11.47.52:010][890]LogSlate: Only BGRA pngs, bmps or icos are supported in by External Image Picker
[2017.06.14-11.47.52:120][895]LogTemp:Display: Executing iPhonePackager certificates Engine -bundlename com.YourCompany.UE4Zero

[2017.06.14-11.47.52:121][895]LogTemp:Display: CWD: C:\Program Files\Epic Games\UE_4.15\Engine\Binaries\DotNET\IOS

[2017.06.14-11.47.52:121][895]LogTemp:Display: Initial Dir: C:\Program Files\Epic Games\UE_4.15

[2017.06.14-11.47.52:121][895]LogTemp:Display: Env CWD: C:\Program Files\Epic Games\UE_4.15\Engine\Binaries\DotNET\IOS

[2017.06.14-11.47.52:121][895]LogTemp:Display: BranchPath = DESKTOP-E3PDIQS/C/Program Files/Epic Games/UE_4.15/Engine/Binaries --- GameBranchPath = DESKTOP-E3PDIQS/C/Program Files/Epic Games/UE_4.15/Engine/Binaries

[2017.06.14-11.47.52:164][896]LogTemp:Display: IPP ERROR: Application exception: System.IO.DirectoryNotFoundException: Could not find a part of the path 'C:\Users\Marcus\AppData\Local\Apple Computer\MobileDevice\Provisioning Profiles'.

[2017.06.14-11.47.52:164][896]LogTemp:Display:    at System.IO.__Error.WinIOError(Int32 errorCode, String maybeFullPath)

[2017.06.14-11.47.52:164][896]LogTemp:Display:    at System.IO.FileSystemEnumerableIterator`1.CommonInit()

[2017.06.14-11.47.52:164][896]LogTemp:Display:    at System.IO.Directory.EnumerateFiles(String path, String searchPattern)

[2017.06.14-11.47.52:164][896]LogTemp:Display:    at iPhonePackager.CodeSignatureBuilder.FindProvisions(String CFBundleIdentifier)

[2017.06.14-11.47.52:164][896]LogTemp:Display:    at iPhonePackager.Program.Main(String[] args)

[2017.06.14-11.47.57:968][534]LogSlate: Took 0.000238 seconds to synchronously load lazily loaded font '../../../Engine/Content/Slate/Fonts/Roboto-Light.ttf' (159K)
[2017.06.14-11.48.03:566][173]LogVSAccessor:Warning: Couldn't access Visual Studio
[2017.06.14-11.48.03:573][173]Recompiling UE4_Zero...
[2017.06.14-11.48.03:574][173]Launching UnrealBuildTool... [C:/Program Files/Epic Games/UE_4.15/Engine/Binaries/DotNET/UnrealBuildTool.exe UE4_Zero -ModuleWithSuffix UE4_Zero 9438 Win64 Development -editorrecompile -canskiplink "C:/Users/Marcus/Desktop/GitHub/UE4-Zero/UE4_Zero/UE4_Zero.uproject" ]
[2017.06.14-11.48.03:579][173]Warning: Starting HotReload took  0.0s.
[2017.06.14-11.48.09:312][761]CompilerResultsLog: New page: Compilation - 14 Jun 2017 13:48:09
[2017.06.14-11.48.09:312][761]CompilerResultsLog: Info Compiling game modules for hot reload
[2017.06.14-11.48.09:312][761]CompilerResultsLog: Info Target is up to date
[2017.06.14-11.48.09:312][761]CompilerResultsLog: Info Total build time: 5.16 seconds (NoActionsToExecute executor: 0.01 seconds)
[2017.06.14-11.48.09:312][761]LogMainFrame: MainFrame: Module compiling took 5.746 seconds
[2017.06.14-11.48.09:334][761]LogContentBrowser: Native class hierarchy populated in 0.0109 seconds. Added 2250 classes and 459 folders.
[2017.06.14-11.48.09:335][761]Display: HotReload took  5.8s.
[2017.06.14-11.48.47:515][229]LogTemp: Repeting last play command: Selected Viewport
[2017.06.14-11.48.47:527][229]LogPlayLevel: PlayLevel: No blueprints needed recompiling
[2017.06.14-11.48.47:528][229]PIE: New page: PIE session: Start (14 Jun 2017 13:48:47)
[2017.06.14-11.48.47:528][229]LogPlayLevel: Creating play world package: /Game/Maps/UEDPIE_0_Start
[2017.06.14-11.48.47:530][229]LogPlayLevel: PIE: StaticDuplicateObject took: (0.002383s)
[2017.06.14-11.48.47:531][229]LogAIModule: Creating AISystem for world Start
[2017.06.14-11.48.47:531][229]LogPlayLevel: PIE: World Init took: (0.001145s)
[2017.06.14-11.48.47:531][229]LogPlayLevel: PIE: Created PIE world by copying editor world from /Game/Maps/Start.Start to /Game/Maps/UEDPIE_0_Start.Start (0.003737s)
[2017.06.14-11.48.47:569][229]LogInit: XAudio2 using 'Digital Audio (S/PDIF) (High Definition Audio Device)' : 2 channels at 44.1 kHz using 16 bits per sample (channel mask 0x3)
[2017.06.14-11.48.47:576][229]LogInit: FAudioDevice initialized.
[2017.06.14-11.48.47:609][229]LogLoad: Game class is 'My_UE4_ZeroGameModeBase_C'
[2017.06.14-11.48.47:611][229]LogWorld: Bringing World /Game/Maps/UEDPIE_0_Start.Start up for play (max tick rate 0) at 2017.06.14-12.48.47
[2017.06.14-11.48.47:612][229]LogWorld: Bringing up level for play took: 0.001270
[2017.06.14-11.48.47:613][229]PIE: Info Play in editor start time for /Game/Maps/UEDPIE_0_Start 0.411
[2017.06.14-11.49.04:075][727]Cmd: OBJ SAVEPACKAGE PACKAGE="/Game/Maps/Start" FILE="../../../../../../Users/Marcus/Desktop/GitHub/UE4-Zero/UE4_Zero/Content/Maps/Start.umap" SILENT=true AUTOSAVING=false KEEPDIRTY=false
[2017.06.14-11.49.04:127][727]LogSavePackage: Save=22.97ms
[2017.06.14-11.49.04:127][727]LogSavePackage: Moving '../../../../../../Users/Marcus/Desktop/GitHub/UE4-Zero/UE4_Zero/Saved/StartD00ED06748CA02A1E5F488AAC373CA47.tmp' to '../../../../../../Users/Marcus/Desktop/GitHub/UE4-Zero/UE4_Zero/Content/Maps/Start.umap'
[2017.06.14-11.49.04:132][727]LogSavePackage:Display: Finished SavePackage ../../../../../../Users/Marcus/Desktop/GitHub/UE4-Zero/UE4_Zero/Content/Maps/Start.umap
[2017.06.14-11.49.04:156][727]Cmd: OBJ SAVEPACKAGE PACKAGE="/Game/Maps/Start_BuiltData" FILE="../../../../../../Users/Marcus/Desktop/GitHub/UE4-Zero/UE4_Zero/Content/Maps/Start_BuiltData.uasset" SILENT=true
[2017.06.14-11.49.04:190][727]LogSavePackage: Save=10.75ms
[2017.06.14-11.49.04:190][727]LogSavePackage: Moving '../../../../../../Users/Marcus/Desktop/GitHub/UE4-Zero/UE4_Zero/Saved/Start_BuiltData3C92DBB64DCF1496F3AED3A86EA21080.tmp' to '../../../../../../Users/Marcus/Desktop/GitHub/UE4-Zero/UE4_Zero/Content/Maps/Start_BuiltData.uasset'
[2017.06.14-11.49.04:193][727]LogSavePackage:Display: Finished SavePackage ../../../../../../Users/Marcus/Desktop/GitHub/UE4-Zero/UE4_Zero/Content/Maps/Start_BuiltData.uasset
[2017.06.14-11.49.23:675][173]LogTemp: Repeting last play command: Selected Viewport
[2017.06.14-11.49.23:688][173]LogPlayLevel: PlayLevel: No blueprints needed recompiling
[2017.06.14-11.49.23:688][173]PIE: New page: PIE session: Start (14 Jun 2017 13:49:23)
[2017.06.14-11.49.23:688][173]LogPlayLevel: Creating play world package: /Game/Maps/UEDPIE_0_Start
[2017.06.14-11.49.23:691][173]LogPlayLevel: PIE: StaticDuplicateObject took: (0.002000s)
[2017.06.14-11.49.23:691][173]LogAIModule: Creating AISystem for world Start
[2017.06.14-11.49.23:691][173]LogPlayLevel: PIE: World Init took: (0.000688s)
[2017.06.14-11.49.23:691][173]LogPlayLevel: PIE: Created PIE world by copying editor world from /Game/Maps/Start.Start to /Game/Maps/UEDPIE_0_Start.Start (0.002913s)
[2017.06.14-11.49.23:702][173]LogInit: XAudio2 using 'Digital Audio (S/PDIF) (High Definition Audio Device)' : 2 channels at 44.1 kHz using 16 bits per sample (channel mask 0x3)
[2017.06.14-11.49.23:748][173]LogInit: FAudioDevice initialized.
[2017.06.14-11.49.23:779][173]LogLoad: Game class is 'My_UE4_ZeroGameModeBase_C'
[2017.06.14-11.49.23:785][173]LogWorld: Bringing World /Game/Maps/UEDPIE_0_Start.Start up for play (max tick rate 0) at 2017.06.14-12.49.23
[2017.06.14-11.49.23:786][173]LogWorld: Bringing up level for play took: 0.001107
[2017.06.14-11.49.23:787][173]PIE: Info Play in editor start time for /Game/Maps/UEDPIE_0_Start 0.585
[2017.06.14-11.59.05:654][704]LogFileHelpers: Editor autosave (incl. sublevels) for '/Game/Maps/Start' took 0.008
[2017.06.14-11.59.05:657][704]OBJ SavePackage: Generating thumbnails for [0] asset(s) in package [/Game/Blueprints/My_UE4_ZeroGameModeBase] ([1] browsable assets)...
[2017.06.14-11.59.05:657][704]OBJ SavePackage: Finished generating thumbnails for package [/Game/Blueprints/My_UE4_ZeroGameModeBase]
[2017.06.14-11.59.05:687][704]LogSavePackage: Save=8.03ms
[2017.06.14-11.59.05:687][704]LogSavePackage: Moving '../../../../../../Users/Marcus/Desktop/GitHub/UE4-Zero/UE4_Zero/Saved/My_UE4_ZeroGameModeBase_Auto1F491CFA049BEABA68CE5DFA3285BD263.tmp' to '../../../../../../Users/Marcus/Desktop/GitHub/UE4-Zero/UE4_Zero/Saved/Autosaves/Game/Blueprints/My_UE4_ZeroGameModeBase_Auto1.uasset'
[2017.06.14-11.59.05:690][704]LogSavePackage:Display: Finished SavePackage ../../../../../../Users/Marcus/Desktop/GitHub/UE4-Zero/UE4_Zero/Saved/Autosaves/Game/Blueprints/My_UE4_ZeroGameModeBase_Auto1.uasset
[2017.06.14-11.59.05:690][704]LogFileHelpers: Auto-saving content packages took 0.035
[2017.06.14-12.00.56:338][953]LogTemp: Repeting last play command: Selected Viewport
[2017.06.14-12.00.56:350][953]LogPlayLevel: PlayLevel: No blueprints needed recompiling
[2017.06.14-12.00.56:350][953]PIE: New page: PIE session: Start (14 Jun 2017 14:00:56)
[2017.06.14-12.00.56:350][953]LogPlayLevel: Creating play world package: /Game/Maps/UEDPIE_0_Start
[2017.06.14-12.00.56:352][953]LogPlayLevel: PIE: StaticDuplicateObject took: (0.002223s)
[2017.06.14-12.00.56:353][953]LogAIModule: Creating AISystem for world Start
[2017.06.14-12.00.56:353][953]LogPlayLevel: PIE: World Init took: (0.000861s)
[2017.06.14-12.00.56:353][953]LogPlayLevel: PIE: Created PIE world by copying editor world from /Game/Maps/Start.Start to /Game/Maps/UEDPIE_0_Start.Start (0.003312s)
[2017.06.14-12.00.56:365][953]LogInit: XAudio2 using 'Digital Audio (S/PDIF) (High Definition Audio Device)' : 2 channels at 44.1 kHz using 16 bits per sample (channel mask 0x3)
[2017.06.14-12.00.56:373][953]LogInit: FAudioDevice initialized.
[2017.06.14-12.00.56:407][953]LogLoad: Game class is 'My_UE4_ZeroGameModeBase_C'
[2017.06.14-12.00.56:409][953]LogWorld: Bringing World /Game/Maps/UEDPIE_0_Start.Start up for play (max tick rate 0) at 2017.06.14-13.00.56
[2017.06.14-12.00.56:409][953]LogWorld: Bringing up level for play took: 0.001404
[2017.06.14-12.00.56:410][953]PIE: Info Play in editor start time for /Game/Maps/UEDPIE_0_Start -0.792
[2017.06.14-12.09.54:103][ 16]LogTemp: Repeting last play command: Selected Viewport
[2017.06.14-12.09.54:114][ 16]LogPlayLevel: PlayLevel: No blueprints needed recompiling
[2017.06.14-12.09.54:114][ 16]PIE: New page: PIE session: Start (14 Jun 2017 14:09:54)
[2017.06.14-12.09.54:114][ 16]LogPlayLevel: Creating play world package: /Game/Maps/UEDPIE_0_Start
[2017.06.14-12.09.54:117][ 16]LogPlayLevel: PIE: StaticDuplicateObject took: (0.002292s)
[2017.06.14-12.09.54:117][ 16]LogAIModule: Creating AISystem for world Start
[2017.06.14-12.09.54:117][ 16]LogPlayLevel: PIE: World Init took: (0.000806s)
[2017.06.14-12.09.54:118][ 16]LogPlayLevel: PIE: Created PIE world by copying editor world from /Game/Maps/Start.Start to /Game/Maps/UEDPIE_0_Start.Start (0.003358s)
[2017.06.14-12.09.54:128][ 16]LogInit: XAudio2 using 'Digital Audio (S/PDIF) (High Definition Audio Device)' : 2 channels at 44.1 kHz using 16 bits per sample (channel mask 0x3)
[2017.06.14-12.09.54:135][ 16]LogInit: FAudioDevice initialized.
[2017.06.14-12.09.54:166][ 16]LogLoad: Game class is 'My_UE4_ZeroGameModeBase_C'
[2017.06.14-12.09.54:168][ 16]LogWorld: Bringing World /Game/Maps/UEDPIE_0_Start.Start up for play (max tick rate 0) at 2017.06.14-13.09.54
[2017.06.14-12.09.54:169][ 16]LogWorld: Bringing up level for play took: 0.001270
[2017.06.14-12.09.54:170][ 16]PIE: Info Play in editor start time for /Game/Maps/UEDPIE_0_Start 0.968
[2017.06.14-12.10.35:233][609]LogEditorViewport: Clicking on Actor (LMB): PlayerStart (Player Start)
[2017.06.14-12.10.45:806][792]LogSlate: Took 0.015740 seconds to synchronously load lazily loaded font '../../../Engine/Content/Editor/Slate/Fonts/Roboto-BoldCondensed.ttf' (158K)
[2017.06.14-12.10.52:656][476]Cmd: SELECT NONE
[2017.06.14-12.10.57:110][923]Cmd: TRANSACTION UNDO
[2017.06.14-12.10.57:110][923]LogEditorTransaction: Undo Select None
[2017.06.14-12.10.57:602][971]Cmd: TRANSACTION UNDO
[2017.06.14-12.10.57:602][971]LogEditorTransaction: Undo Set Actor Visibility
[2017.06.14-12.11.01:203][355]Cmd: TRANSACTION UNDO
[2017.06.14-12.11.01:203][355]LogEditorTransaction: Undo Set Actor Visibility
[2017.06.14-12.11.03:580][587]LogTemp: Repeting last play command: Selected Viewport
[2017.06.14-12.11.03:592][587]LogPlayLevel: PlayLevel: No blueprints needed recompiling
[2017.06.14-12.11.03:592][587]PIE: New page: PIE session: Start (14 Jun 2017 14:11:03)
[2017.06.14-12.11.03:592][587]LogPlayLevel: Creating play world package: /Game/Maps/UEDPIE_0_Start
[2017.06.14-12.11.03:595][587]LogPlayLevel: PIE: StaticDuplicateObject took: (0.002436s)
[2017.06.14-12.11.03:596][587]LogAIModule: Creating AISystem for world Start
[2017.06.14-12.11.03:596][587]LogPlayLevel: PIE: World Init took: (0.000993s)
[2017.06.14-12.11.03:596][587]LogPlayLevel: PIE: Created PIE world by copying editor world from /Game/Maps/Start.Start to /Game/Maps/UEDPIE_0_Start.Start (0.003822s)
[2017.06.14-12.11.03:608][587]LogInit: XAudio2 using 'Digital Audio (S/PDIF) (High Definition Audio Device)' : 2 channels at 44.1 kHz using 16 bits per sample (channel mask 0x3)
[2017.06.14-12.11.03:616][587]LogInit: FAudioDevice initialized.
[2017.06.14-12.11.03:644][587]LogLoad: Game class is 'My_UE4_ZeroGameModeBase_C'
[2017.06.14-12.11.03:646][587]LogWorld: Bringing World /Game/Maps/UEDPIE_0_Start.Start up for play (max tick rate 0) at 2017.06.14-13.11.03
[2017.06.14-12.11.03:647][587]LogWorld: Bringing up level for play took: 0.001243
[2017.06.14-12.11.03:648][587]PIE: Info Play in editor start time for /Game/Maps/UEDPIE_0_Start 0.446
[2017.06.14-12.11.10:340][344]LogEditorViewport: Clicking on Actor (LMB): BP_Sky_Sphere_C (Sky Sphere)
[2017.06.14-12.11.17:909][215]LogEditorViewport: Clicking on Actor (LMB): My_zeroPawn_BP_C (My_zeroPawn_BP)
[2017.06.14-12.11.18:557][282]LogEditorViewport: Clicking on Actor (context menu): My_zeroPawn_BP_C (My_zeroPawn_BP)
[2017.06.14-12.11.28:104][270]Cmd: SELECT NONE
[2017.06.14-12.11.30:680][573]Cmd: TRANSACTION UNDO
[2017.06.14-12.11.30:680][573]LogEditorTransaction: Undo Select None
[2017.06.14-12.11.31:482][660]Cmd: TRANSACTION UNDO
[2017.06.14-12.11.31:482][660]LogEditorTransaction: Undo Clicking on Actors (context menu)
[2017.06.14-12.11.31:850][702]Cmd: TRANSACTION UNDO
[2017.06.14-12.11.31:850][702]LogEditorTransaction: Undo Clicking on Actors
[2017.06.14-12.11.32:044][716]Cmd: TRANSACTION UNDO
[2017.06.14-12.11.32:044][716]LogEditorTransaction: Undo Clicking on Actors
[2017.06.14-12.11.32:266][742]Cmd: TRANSACTION UNDO
[2017.06.14-12.11.32:266][742]LogEditorTransaction: Undo Clicking on Actors
[2017.06.14-12.11.32:465][761]Cmd: TRANSACTION UNDO
[2017.06.14-12.11.32:465][761]LogEditorTransaction: Undo Clicking on Actors
[2017.06.14-12.11.32:703][785]Cmd: TRANSACTION UNDO
[2017.06.14-12.11.32:703][785]LogEditorTransaction: Undo Clicking on Actors
[2017.06.14-12.11.36:929][  8]Cmd: QUIT_EDITOR
[2017.06.14-12.11.37:725][  8]LogWindowsTextInputMethodSystem:Display: IME system now deactivated.
[2017.06.14-12.11.37:749][  8]LogExit: Preparing to exit.
[2017.06.14-12.11.38:281][  8]LogDirectoryWatcher: A directory notification for 'C:/Users/Marcus/Desktop/GitHub/UE4-Zero/UE4_Zero/Content/' was aborted.
[2017.06.14-12.11.38:297][  8]LogExit: Editor shut down
[2017.06.14-12.11.38:297][  8]LogExit: Transaction tracking system shut down
[2017.06.14-12.11.38:348][  8]LogObj: Freed 0b from 0 cluster array pools.
[2017.06.14-12.11.38:348][  8]LogExit: Object subsystem successfully closed.
[2017.06.14-12.11.38:362][  8]LogD3D11RHI: Shutdown
[2017.06.14-12.11.38:362][  8]LogD3D11RHI: CleanupD3DDevice
[2017.06.14-12.11.38:414][  8]LogD3D11RHI: ~FD3D11DynamicRHI
[2017.06.14-12.11.38:457][  8]LogModuleManager: Shutting down and abandoning module ExternalImagePicker (504)
[2017.06.14-12.11.38:457][  8]LogModuleManager: Shutting down and abandoning module MovieSceneCapture (502)
[2017.06.14-12.11.38:457][  8]LogModuleManager: Shutting down and abandoning module HierarchicalLODOutliner (500)
[2017.06.14-12.11.38:458][  8]LogModuleManager: Shutting down and abandoning module CrashTracker (498)
[2017.06.14-12.11.38:458][  8]LogModuleManager: Shutting down and abandoning module SceneOutliner (496)
[2017.06.14-12.11.38:458][  8]LogModuleManager: Shutting down and abandoning module AddContentDialog (494)
[2017.06.14-12.11.38:458][  8]LogDirectoryWatcher: A directory notification for 'C:/Program Files/Epic Games/UE_4.15/FeaturePacks/' was aborted.
[2017.06.14-12.11.38:458][  8]LogModuleManager: Shutting down and abandoning module WidgetCarousel (493)
[2017.06.14-12.11.38:458][  8]LogModuleManager: Shutting down and abandoning module EditorWidgets (490)
[2017.06.14-12.11.38:458][  8]LogModuleManager: Shutting down and abandoning module CollectionManager (488)
[2017.06.14-12.11.38:458][  8]LogDirectoryWatcher: A directory notification for 'C:/Users/Marcus/Desktop/GitHub/UE4-Zero/UE4_Zero/Content/Collections/' was aborted.
[2017.06.14-12.11.38:458][  8]LogDirectoryWatcher: A directory notification for 'C:/Users/Marcus/Desktop/GitHub/UE4-Zero/UE4_Zero/Content/Developers/Marcus/Collections/' was aborted.
[2017.06.14-12.11.38:459][  8]LogDirectoryWatcher: A directory notification for 'C:/Users/Marcus/Desktop/GitHub/UE4-Zero/UE4_Zero/Saved/Collections/' was aborted.
[2017.06.14-12.11.38:459][  8]LogModuleManager: Shutting down and abandoning module StatsViewer (486)
[2017.06.14-12.11.38:459][  8]LogModuleManager: Shutting down and abandoning module FoliageEdit (484)
[2017.06.14-12.11.38:459][  8]LogModuleManager: Shutting down and abandoning module LandscapeEditor (482)
[2017.06.14-12.11.38:459][  8]LogModuleManager: Shutting down and abandoning module SceneDepthPickerMode (480)
[2017.06.14-12.11.38:459][  8]LogModuleManager: Shutting down and abandoning module ActorPickerMode (478)
[2017.06.14-12.11.38:459][  8]LogModuleManager: Shutting down and abandoning module GeometryMode (476)
[2017.06.14-12.11.38:459][  8]LogModuleManager: Shutting down and abandoning module TextureAlignMode (474)
[2017.06.14-12.11.38:459][  8]LogModuleManager: Shutting down and abandoning module BspMode (472)
[2017.06.14-12.11.38:459][  8]LogModuleManager: Shutting down and abandoning module HardwareSurvey (470)
[2017.06.14-12.11.38:459][  8]LogModuleManager: Shutting down and abandoning module SequenceRecorderSections (468)
[2017.06.14-12.11.38:459][  8]LogModuleManager: Shutting down and abandoning module AutomationWorker (466)
[2017.06.14-12.11.38:459][  8]LogModuleManager: Shutting down and abandoning module MatineeToLevelSequence (464)
[2017.06.14-12.11.38:459][  8]LogModuleManager: Shutting down and abandoning module LevelSequenceEditor (462)
[2017.06.14-12.11.38:459][  8]LogModuleManager: Shutting down and abandoning module PlacementMode (461)
[2017.06.14-12.11.38:459][  8]LogModuleManager: Shutting down and abandoning module WmfMediaFactory (458)
[2017.06.14-12.11.38:459][  8]LogModuleManager: Shutting down and abandoning module WmfMediaEditor (456)
[2017.06.14-12.11.38:459][  8]LogModuleManager: Shutting down and abandoning module MfMediaFactory (454)
[2017.06.14-12.11.38:459][  8]LogModuleManager: Shutting down and abandoning module MfMediaEditor (452)
[2017.06.14-12.11.38:459][  8]LogModuleManager: Shutting down and abandoning module AvfMediaFactory (450)
[2017.06.14-12.11.38:459][  8]LogModuleManager: Shutting down and abandoning module AvfMediaEditor (448)
[2017.06.14-12.11.38:459][  8]LogModuleManager: Shutting down and abandoning module AndroidMediaFactory (446)
[2017.06.14-12.11.38:459][  8]LogModuleManager: Shutting down and abandoning module Media (445)
[2017.06.14-12.11.38:459][  8]LogModuleManager: Shutting down and abandoning module AndroidMediaEditor (442)
[2017.06.14-12.11.38:459][  8]LogModuleManager: Shutting down and abandoning module CharacterAI (440)
[2017.06.14-12.11.38:459][  8]LogModuleManager: Shutting down and abandoning module AudioCapture (438)
[2017.06.14-12.11.38:459][  8]LogModuleManager: Shutting down and abandoning module SequenceRecorder (437)
[2017.06.14-12.11.38:459][  8]LogModuleManager: Shutting down and abandoning module SmartSnapping (434)
[2017.06.14-12.11.38:459][  8]LogModuleManager: Shutting down and abandoning module SessionServices (432)
[2017.06.14-12.11.38:459][  8]LogModuleManager: Shutting down and abandoning module ViewportSnapping (430)
[2017.06.14-12.11.38:459][  8]LogModuleManager: Shutting down and abandoning module ViewportInteraction (428)
[2017.06.14-12.11.38:459][  8]LogModuleManager: Shutting down and abandoning module LogVisualizer (426)
[2017.06.14-12.11.38:459][  8]LogModuleManager: Shutting down and abandoning module IntroTutorials (424)
[2017.06.14-12.11.38:459][  8]LogModuleManager: Shutting down and abandoning module GameProjectGeneration (423)
[2017.06.14-12.11.38:459][  8]LogModuleManager: Shutting down and abandoning module EditorLiveStreaming (420)
[2017.06.14-12.11.38:459][  8]LogModuleManager: Shutting down and abandoning module IOSPlatformEditor (418)
[2017.06.14-12.11.38:459][  8]LogModuleManager: Shutting down and abandoning module HTML5PlatformEditor (416)
[2017.06.14-12.11.38:459][  8]LogModuleManager: Shutting down and abandoning module AndroidPlatformEditor (414)
[2017.06.14-12.11.38:459][  8]LogModuleManager: Shutting down and abandoning module AndroidDeviceDetection (413)
[2017.06.14-12.11.39:193][  8]LogModuleManager: Shutting down and abandoning module IOSRuntimeSettings (410)
[2017.06.14-12.11.39:193][  8]LogModuleManager: Shutting down and abandoning module AndroidRuntimeSettings (408)
[2017.06.14-12.11.39:193][  8]LogModuleManager: Shutting down and abandoning module InputBindingEditor (406)
[2017.06.14-12.11.39:193][  8]LogModuleManager: Shutting down and abandoning module NiagaraEditor (404)
[2017.06.14-12.11.39:193][  8]LogModuleManager: Shutting down and abandoning module MergeActors (402)
[2017.06.14-12.11.39:193][  8]LogModuleManager: Shutting down and abandoning module SizeMap (400)
[2017.06.14-12.11.39:193][  8]LogModuleManager: Shutting down and abandoning module TreeMap (398)
[2017.06.14-12.11.39:193][  8]LogModuleManager: Shutting down and abandoning module ReferenceViewer (396)
[2017.06.14-12.11.39:193][  8]LogModuleManager: Shutting down and abandoning module LocalizationDashboard (394)
[2017.06.14-12.11.39:193][  8]LogModuleManager: Shutting down and abandoning module LocalizationService (393)
[2017.06.14-12.11.39:193][  8]LogModuleManager: Shutting down and abandoning module HardwareTargeting (390)
[2017.06.14-12.11.39:193][  8]LogModuleManager: Shutting down and abandoning module DeviceProfileEditor (388)
[2017.06.14-12.11.39:193][  8]LogModuleManager: Shutting down and abandoning module UndoHistory (386)
[2017.06.14-12.11.39:193][  8]LogModuleManager: Shutting down and abandoning module UserFeedback (384)
[2017.06.14-12.11.39:193][  8]LogModuleManager: Shutting down and abandoning module XmlParser (382)
[2017.06.14-12.11.39:193][  8]LogModuleManager: Shutting down and abandoning module Blutility (380)
[2017.06.14-12.11.39:193][  8]LogModuleManager: Shutting down and abandoning module ProjectSettingsViewer (378)
[2017.06.14-12.11.39:193][  8]LogModuleManager: Shutting down and abandoning module ProjectTargetPlatformEditor (377)
[2017.06.14-12.11.39:193][  8]LogModuleManager: Shutting down and abandoning module EditorSettingsViewer (374)
[2017.06.14-12.11.39:193][  8]LogModuleManager: Shutting down and abandoning module SettingsEditor (372)
[2017.06.14-12.11.39:194][  8]LogModuleManager: Shutting down and abandoning module ProjectLauncher (370)
[2017.06.14-12.11.39:194][  8]LogModuleManager: Shutting down and abandoning module SessionFrontend (368)
[2017.06.14-12.11.39:194][  8]LogModuleManager: Shutting down and abandoning module ProfilerClient (366)
[2017.06.14-12.11.39:194][  8]LogModuleManager: Shutting down and abandoning module DeviceManager (364)
[2017.06.14-12.11.39:194][  8]LogModuleManager: Shutting down and abandoning module TargetDeviceServices (363)
[2017.06.14-12.11.39:238][  8]LogModuleManager: Shutting down and abandoning module AutomationController (360)
[2017.06.14-12.11.39:238][  8]LogModuleManager: Shutting down and abandoning module AutomationWindow (358)
[2017.06.14-12.11.39:238][  8]LogModuleManager: Shutting down and abandoning module Layers (356)
[2017.06.14-12.11.39:238][  8]LogModuleManager: Shutting down and abandoning module ComponentVisualizers (354)
[2017.06.14-12.11.39:238][  8]LogModuleManager: Shutting down and abandoning module DetailCustomizations (352)
[2017.06.14-12.11.39:238][  8]LogModuleManager: Shutting down and abandoning module PackagesDialog (350)
[2017.06.14-12.11.39:238][  8]LogModuleManager: Shutting down and abandoning module Persona (348)
[2017.06.14-12.11.39:238][  8]LogModuleManager: Shutting down and abandoning module AnimGraph (347)
[2017.06.14-12.11.39:238][  8]LogModuleManager: Shutting down and abandoning module Kismet (344)
[2017.06.14-12.11.39:238][  8]LogModuleManager: Shutting down and abandoning module GraphEditor (342)
[2017.06.14-12.11.39:239][  8]LogModuleManager: Shutting down and abandoning module ClassViewer (340)
[2017.06.14-12.11.39:240][  8]LogModuleManager: Shutting down and abandoning module Toolbox (338)
[2017.06.14-12.11.39:240][  8]LogModuleManager: Shutting down and abandoning module ModuleUI (336)
[2017.06.14-12.11.39:240][  8]LogModuleManager: Shutting down and abandoning module MovieSceneTools (334)
[2017.06.14-12.11.39:240][  8]LogModuleManager: Shutting down and abandoning module OutputLog (332)
[2017.06.14-12.11.39:240][  8]LogModuleManager: Shutting down and abandoning module GammaUI (330)
[2017.06.14-12.11.39:240][  8]LogModuleManager: Shutting down and abandoning module Documentation (328)
[2017.06.14-12.11.39:240][  8]LogModuleManager: Shutting down and abandoning module Niagara (326)
[2017.06.14-12.11.39:240][  8]LogModuleManager: Shutting down and abandoning module StreamingPauseRendering (324)
[2017.06.14-12.11.39:240][  8]LogModuleManager: Shutting down and abandoning module AnalyticsET (322)
[2017.06.14-12.11.39:240][  8]LogModuleManager: Shutting down and abandoning module PortalServices (320)
[2017.06.14-12.11.39:240][  8]LogModuleManager: Shutting down and abandoning module PortalRpc (318)
[2017.06.14-12.11.39:240][  8]LogModuleManager: Shutting down and abandoning module MessagingRpc (316)
[2017.06.14-12.11.39:240][  8]LogModuleManager: Shutting down and abandoning module AIModule (314)
[2017.06.14-12.11.39:240][  8]LogModuleManager: Shutting down and abandoning module GameplayDebugger (313)
[2017.06.14-12.11.39:240][  8]LogModuleManager: Shutting down and abandoning module AITestSuite (311)
[2017.06.14-12.11.39:240][  8]LogModuleManager: Shutting down and abandoning module ProfilerService (308)
[2017.06.14-12.11.39:447][  8]LogModuleManager: Shutting down and abandoning module TaskGraph (306)
[2017.06.14-12.11.39:447][  8]LogModuleManager: Shutting down and abandoning module SteamVRController (304)
[2017.06.14-12.11.39:447][  8]LogModuleManager: Shutting down and abandoning module SteamVR (302)
[2017.06.14-12.11.39:447][  8]LogModuleManager: Shutting down and abandoning module ProceduralMeshComponentEditor (300)
[2017.06.14-12.11.39:447][  8]LogModuleManager: Shutting down and abandoning module ProceduralMeshComponent (298)
[2017.06.14-12.11.39:447][  8]LogModuleManager: Shutting down and abandoning module OculusLibrary (296)
[2017.06.14-12.11.39:447][  8]LogModuleManager: Shutting down and abandoning module OculusInput (294)
[2017.06.14-12.11.39:447][  8]LogModuleManager: Shutting down and abandoning module MobilePatchingUtils (292)
[2017.06.14-12.11.39:447][  8]LogModuleManager: Shutting down and abandoning module CustomMeshComponent (290)
[2017.06.14-12.11.39:447][  8]LogModuleManager: Shutting down and abandoning module CableComponent (288)
[2017.06.14-12.11.39:447][  8]LogModuleManager: Shutting down and abandoning module ArchVisCharacter (286)
[2017.06.14-12.11.39:447][  8]LogModuleManager: Shutting down and abandoning module MediaPlayerEditor (282)
[2017.06.14-12.11.39:448][  8]LogModuleManager: Shutting down and abandoning module HTML5Networking (280)
[2017.06.14-12.11.39:448][  8]LogModuleManager: Shutting down and abandoning module AlembicImporter (278)
[2017.06.14-12.11.39:448][  8]LogModuleManager: Shutting down and abandoning module AlembicLibrary (277)
[2017.06.14-12.11.39:448][  8]LogModuleManager: Shutting down and abandoning module GeometryCache (276)
[2017.06.14-12.11.39:448][  8]LogModuleManager: Shutting down and abandoning module GeometryCacheEd (275)
[2017.06.14-12.11.39:448][  8]LogModuleManager: Shutting down and abandoning module SuperSearchEditor (270)
[2017.06.14-12.11.39:448][  8]LogModuleManager: Shutting down and abandoning module SuperSearch (269)
[2017.06.14-12.11.39:448][  8]LogModuleManager: Shutting down and abandoning module SpeedTreeImporter (266)
[2017.06.14-12.11.39:448][  8]LogModuleManager: Shutting down and abandoning module PluginBrowser (264)
[2017.06.14-12.11.39:448][  8]LogModuleManager: Shutting down and abandoning module MobileLauncherProfileWizard (262)
[2017.06.14-12.11.39:448][  8]LogModuleManager: Shutting down and abandoning module EpicSurvey (260)
[2017.06.14-12.11.39:448][  8]LogModuleManager: Shutting down and abandoning module VisualStudioSourceCodeAccess (258)
[2017.06.14-12.11.39:448][  8]LogModuleManager: Shutting down and abandoning module DesktopPlatform (257)
[2017.06.14-12.11.39:448][  8]LogModuleManager: Shutting down and abandoning module UObjectPlugin (254)
[2017.06.14-12.11.39:448][  8]LogModuleManager: Shutting down and abandoning module SubversionSourceControl (252)
[2017.06.14-12.11.39:448][  8]LogModuleManager: Shutting down and abandoning module PerforceSourceControl (250)
[2017.06.14-12.11.39:448][  8]LogModuleManager: Shutting down and abandoning module GitSourceControl (248)
[2017.06.14-12.11.39:448][  8]LogModuleManager: Shutting down and abandoning module SourceControl (247)
[2017.06.14-12.11.39:448][  8]LogModuleManager: Shutting down and abandoning module LightPropagationVolumeEditor (244)
[2017.06.14-12.11.39:448][  8]LogModuleManager: Shutting down and abandoning module PaperTiledImporter (242)
[2017.06.14-12.11.39:448][  8]LogModuleManager: Shutting down and abandoning module PaperSpriteSheetImporter (240)
[2017.06.14-12.11.39:448][  8]LogModuleManager: Shutting down and abandoning module Paper2DEditor (238)
[2017.06.14-12.11.39:448][  8]LogModuleManager: Shutting down and abandoning module MeshPaint (237)
[2017.06.14-12.11.39:448][  8]LogModuleManager: Shutting down and abandoning module LevelEditor (235)
[2017.06.14-12.11.39:449][  8]LogModuleManager: Shutting down and abandoning module PixelInspectorModule (234)
[2017.06.14-12.11.39:449][  8]LogModuleManager: Shutting down and abandoning module MainFrame (232)
[2017.06.14-12.11.39:449][  8]LogModuleManager: Shutting down and abandoning module HotReload (231)
[2017.06.14-12.11.39:449][  8]LogDirectoryWatcher: A directory notification for 'C:/Users/Marcus/Desktop/GitHub/UE4-Zero/UE4_Zero/Binaries/Win64' was aborted.
[2017.06.14-12.11.39:450][  8]LogModuleManager: Shutting down and abandoning module ContentBrowser (227)
[2017.06.14-12.11.39:451][  8]LogModuleManager: Shutting down and abandoning module UE4_Zero (224)
[2017.06.14-12.11.39:451][  8]LogModuleManager: Shutting down and abandoning module PhysXVehiclesEditor (222)
[2017.06.14-12.11.39:451][  8]LogModuleManager: Shutting down and abandoning module PhysXVehicles (220)
[2017.06.14-12.11.39:451][  8]LogModuleManager: Shutting down and abandoning module LocationServicesBPLibrary (218)
[2017.06.14-12.11.39:451][  8]LogModuleManager: Shutting down and abandoning module UdpMessaging (216)
[2017.06.14-12.11.39:552][  8]LogModuleManager: Shutting down and abandoning module TcpMessaging (214)
[2017.06.14-12.11.39:653][  8]LogModuleManager: Shutting down and abandoning module GameplayTagsEditor (212)
[2017.06.14-12.11.39:653][  8]LogModuleManager: Shutting down and abandoning module FacialAnimationEditor (210)
[2017.06.14-12.11.39:653][  8]LogModuleManager: Shutting down and abandoning module FacialAnimation (208)
[2017.06.14-12.11.39:653][  8]LogModuleManager: Shutting down and abandoning module LightPropagationVolumeRuntime (206)
[2017.06.14-12.11.39:653][  8]LogModuleManager: Shutting down and abandoning module Paper2D (204)
[2017.06.14-12.11.39:653][  8]LogModuleManager: Shutting down and abandoning module WindowsMoviePlayer (202)
[2017.06.14-12.11.39:653][  8]LogModuleManager: Shutting down and abandoning module WmfMedia (200)
[2017.06.14-12.11.39:653][  8]LogModuleManager: Shutting down and abandoning module MfMedia (198)
[2017.06.14-12.11.39:653][  8]LogModuleManager: Shutting down and abandoning module MediaAssets (196)
[2017.06.14-12.11.39:653][  8]LogModuleManager: Shutting down and abandoning module GameLiveStreaming (194)
[2017.06.14-12.11.39:653][  8]LogModuleManager: Shutting down and abandoning module VREditor (192)
[2017.06.14-12.11.39:653][  8]LogModuleManager: Shutting down and abandoning module GameplayTasksEditor (190)
[2017.06.14-12.11.39:653][  8]LogModuleManager: Shutting down and abandoning module BehaviorTreeEditor (188)
[2017.06.14-12.11.39:653][  8]LogModuleManager: Shutting down and abandoning module FunctionalTesting (186)
[2017.06.14-12.11.39:653][  8]LogModuleManager: Shutting down and abandoning module CollisionAnalyzer (184)
[2017.06.14-12.11.39:653][  8]LogModuleManager: Shutting down and abandoning module UMG (182)
[2017.06.14-12.11.39:653][  8]LogModuleManager: Shutting down and abandoning module UMGEditor (181)
[2017.06.14-12.11.39:653][  8]LogModuleManager: Shutting down and abandoning module Sequencer (180)
[2017.06.14-12.11.39:653][  8]LogModuleManager: Shutting down and abandoning module AssetTools (178)
[2017.06.14-12.11.39:653][  8]LogModuleManager: Shutting down and abandoning module MessageLog (177)
[2017.06.14-12.11.39:653][  8]LogModuleManager: Shutting down and abandoning module WorkspaceMenuStructure (176)
[2017.06.14-12.11.39:653][  8]LogModuleManager: Shutting down and abandoning module SlateReflector (170)
[2017.06.14-12.11.39:653][  8]LogModuleManager: Shutting down and abandoning module Slate (168)
[2017.06.14-12.11.39:653][  8]LogModuleManager: Shutting down and abandoning module EditorStyle (166)
[2017.06.14-12.11.39:657][  8]LogModuleManager: Shutting down and abandoning module SourceCodeAccess (164)
[2017.06.14-12.11.39:657][  8]LogModuleManager: Shutting down and abandoning module HeadMountedDisplay (162)
[2017.06.14-12.11.39:657][  8]LogModuleManager: Shutting down and abandoning module XAudio2 (160)
[2017.06.14-12.11.39:657][  8]LogModuleManager: Shutting down and abandoning module Networking (158)
[2017.06.14-12.11.39:657][  8]LogModuleManager: Shutting down and abandoning module Core (154)
[2017.06.14-12.11.39:657][  8]LogModuleManager: Shutting down and abandoning module AssetRegistry (152)
[2017.06.14-12.11.39:743][  8]LogDirectoryWatcher: A directory notification for '../../../Engine/Content/' was aborted.
[2017.06.14-12.11.39:743][  8]LogDirectoryWatcher: A directory notification for '../../../../../../Users/Marcus/Desktop/GitHub/UE4-Zero/UE4_Zero/Content/' was aborted.
[2017.06.14-12.11.39:743][  8]LogDirectoryWatcher: A directory notification for '../../../Engine/Plugins/2D/Paper2D/Content/' was aborted.
[2017.06.14-12.11.39:743][  8]LogModuleManager: Shutting down and abandoning module DirectoryWatcher (151)
[2017.06.14-12.11.39:744][  8]LogModuleManager: Shutting down and abandoning module KismetCompiler (148)
[2017.06.14-12.11.39:744][  8]LogModuleManager: Shutting down and abandoning module PhysXFormats (146)
[2017.06.14-12.11.39:744][  8]LogModuleManager: Shutting down and abandoning module MeshUtilities (144)
[2017.06.14-12.11.39:744][  8]LogModuleManager: Shutting down and abandoning module SimplygonSwarm (143)
[2017.06.14-12.11.39:744][  8]LogModuleManager: Shutting down and abandoning module SimplygonMeshReduction (141)
[2017.06.14-12.11.39:744][  8]LogModuleManager: Shutting down and abandoning module QuadricMeshReduction (139)
[2017.06.14-12.11.39:744][  8]LogModuleManager: Shutting down and abandoning module PropertyEditor (137)
[2017.06.14-12.11.39:744][  8]LogModuleManager: Shutting down and abandoning module DerivedDataCache (134)
[2017.06.14-12.11.39:812][  8]LogDerivedDataCache: Shutdown
[2017.06.14-12.11.39:812][  8]LogModuleManager: Shutting down and abandoning module TargetPlatform (132)
[2017.06.14-12.11.39:812][  8]LogModuleManager: Shutting down and abandoning module VulkanShaderFormat (131)
[2017.06.14-12.11.39:812][  8]LogModuleManager: Shutting down and abandoning module ShaderFormatOpenGL (129)
[2017.06.14-12.11.39:812][  8]LogModuleManager: Shutting down and abandoning module ShaderFormatD3D (127)
[2017.06.14-12.11.39:812][  8]LogModuleManager: Shutting down and abandoning module MetalShaderFormat (125)
[2017.06.14-12.11.39:812][  8]LogModuleManager: Shutting down and abandoning module TextureFormatUncompressed (123)
[2017.06.14-12.11.39:812][  8]LogModuleManager: Shutting down and abandoning module TextureFormatPVR (121)
[2017.06.14-12.11.39:812][  8]LogModuleManager: Shutting down and abandoning module TextureFormatDXT (119)
[2017.06.14-12.11.39:812][  8]LogModuleManager: Shutting down and abandoning module TextureFormatIntelISPCTexComp (117)
[2017.06.14-12.11.39:812][  8]LogModuleManager: Shutting down and abandoning module TextureFormatASTC (115)
[2017.06.14-12.11.39:812][  8]LogModuleManager: Shutting down and abandoning module ImageWrapper (114)
[2017.06.14-12.11.39:812][  8]LogModuleManager: Shutting down and abandoning module TextureFormatAndroid (111)
[2017.06.14-12.11.39:812][  8]LogModuleManager: Shutting down and abandoning module AudioFormatOpus (109)
[2017.06.14-12.11.39:812][  8]LogModuleManager: Shutting down and abandoning module AudioFormatOgg (107)
[2017.06.14-12.11.39:812][  8]LogModuleManager: Shutting down and abandoning module AudioFormatADPCM (105)
[2017.06.14-12.11.39:812][  8]LogModuleManager: Shutting down and abandoning module LinuxTargetPlatform (103)
[2017.06.14-12.11.39:812][  8]LogModuleManager: Shutting down and abandoning module LinuxServerTargetPlatform (101)
[2017.06.14-12.11.39:812][  8]LogModuleManager: Shutting down and abandoning module LinuxNoEditorTargetPlatform (99)
[2017.06.14-12.11.39:812][  8]LogModuleManager: Shutting down and abandoning module LinuxClientTargetPlatform (97)
[2017.06.14-12.11.39:812][  8]LogModuleManager: Shutting down and abandoning module TVOSTargetPlatform (95)
[2017.06.14-12.11.39:812][  8]LogModuleManager: Shutting down and abandoning module Messaging (93)
[2017.06.14-12.11.39:812][  8]LogModuleManager: Shutting down and abandoning module IOSTargetPlatform (91)
[2017.06.14-12.11.39:812][  8]LogModuleManager: Shutting down and abandoning module HTML5TargetPlatform (89)
[2017.06.14-12.11.39:812][  8]LogModuleManager: Shutting down and abandoning module Android_PVRTCTargetPlatform (87)
[2017.06.14-12.11.39:812][  8]LogModuleManager: Shutting down and abandoning module Android_MultiTargetPlatform (85)
[2017.06.14-12.11.39:812][  8]LogModuleManager: Shutting down and abandoning module Android_ETC2TargetPlatform (83)
[2017.06.14-12.11.39:812][  8]LogModuleManager: Shutting down and abandoning module Android_ETC1TargetPlatform (81)
[2017.06.14-12.11.39:812][  8]LogModuleManager: Shutting down and abandoning module Android_DXTTargetPlatform (79)
[2017.06.14-12.11.39:812][  8]LogModuleManager: Shutting down and abandoning module Android_ATCTargetPlatform (77)
[2017.06.14-12.11.39:812][  8]LogModuleManager: Shutting down and abandoning module Android_ASTCTargetPlatform (75)
[2017.06.14-12.11.39:812][  8]LogModuleManager: Shutting down and abandoning module AndroidTargetPlatform (73)
[2017.06.14-12.11.39:812][  8]LogModuleManager: Shutting down and abandoning module WindowsTargetPlatform (71)
[2017.06.14-12.11.39:812][  8]LogModuleManager: Shutting down and abandoning module WindowsServerTargetPlatform (69)
[2017.06.14-12.11.39:813][  8]LogModuleManager: Shutting down and abandoning module WindowsNoEditorTargetPlatform (67)
[2017.06.14-12.11.39:813][  8]LogModuleManager: Shutting down and abandoning module WindowsClientTargetPlatform (65)
[2017.06.14-12.11.39:813][  8]LogModuleManager: Shutting down and abandoning module MacTargetPlatform (63)
[2017.06.14-12.11.39:813][  8]LogModuleManager: Shutting down and abandoning module MacServerTargetPlatform (61)
[2017.06.14-12.11.39:813][  8]LogModuleManager: Shutting down and abandoning module MacNoEditorTargetPlatform (59)
[2017.06.14-12.11.39:813][  8]LogModuleManager: Shutting down and abandoning module MacClientTargetPlatform (57)
[2017.06.14-12.11.39:813][  8]LogModuleManager: Shutting down and abandoning module AllDesktopTargetPlatform (55)
[2017.06.14-12.11.39:813][  8]LogModuleManager: Shutting down and abandoning module InputCore (52)
[2017.06.14-12.11.39:813][  8]LogModuleManager: Shutting down and abandoning module Settings (50)
[2017.06.14-12.11.39:813][  8]LogModuleManager: Shutting down and abandoning module OculusRift (48)
[2017.06.14-12.11.39:813][  8]LogModuleManager: Shutting down and abandoning module GearVR (46)
[2017.06.14-12.11.39:813][  8]LogModuleManager: Shutting down and abandoning module ExampleDeviceProfileSelector (44)
[2017.06.14-12.11.39:813][  8]LogModuleManager: Shutting down and abandoning module OnlineBlueprintSupport (42)
[2017.06.14-12.11.39:813][  8]LogModuleManager: Shutting down and abandoning module OnlineSubsystem (38)
[2017.06.14-12.11.39:813][  8]LogOnline:Display: Unloading online subsystem: NULL
[2017.06.14-12.11.39:813][  8]LogModuleManager: Shutting down and abandoning module XMPP (37)
[2017.06.14-12.11.39:813][  8]LogModuleManager: Shutting down and abandoning module HTTP (35)
[2017.06.14-12.11.39:813][  8]LogHttp:Display: Http module shutting down, but needs to wait on 1 outstanding Http requests:
[2017.06.14-12.11.39:813][  8]LogHttp:Display: 	verb=[POST] url=[https://datarouter.ol.epicgames.com/datarouter/api/v1/public/data?SessionID=%7BFE1417FF-41ED-0320-A1F9-A4AC52E321F2%7D&AppID=UEEditor.Rocket.Release&AppVersion=4.15.2-3416026%2B%2B%2BUE4%2BRelease-4.15&UserID=97d3f40d403ff4a258d6f980a741b4dc%7C969837ba78db4a5a8b4180254925176e%7C81706c51-5e4d-4c53-8181-bc8c50ced6a7&AppEnvironment=datacollector-binary&UploadType=eteventstream] status=Processing
[2017.06.14-12.11.39:837][  8]LogModuleManager: Shutting down and abandoning module SSL (34)
[2017.06.14-12.11.39:838][  8]LogModuleManager: Shutting down and abandoning module AudioEditor (30)
[2017.06.14-12.11.39:838][  8]LogModuleManager: Shutting down and abandoning module TextureCompressor (28)
[2017.06.14-12.11.39:838][  8]LogModuleManager: Shutting down and abandoning module ShaderCore (26)
[2017.06.14-12.11.39:838][  8]LogModuleManager: Shutting down and abandoning module Landscape (24)
[2017.06.14-12.11.39:839][  8]LogModuleManager: Shutting down and abandoning module SlateRHIRenderer (22)
[2017.06.14-12.11.39:839][  8]LogModuleManager: Shutting down and abandoning module OpenGLDrv (20)
[2017.06.14-12.11.39:839][  8]LogModuleManager: Shutting down and abandoning module D3D11RHI (18)
[2017.06.14-12.11.39:839][  8]LogModuleManager: Shutting down and abandoning module AnimGraphRuntime (16)
[2017.06.14-12.11.39:839][  8]LogModuleManager: Shutting down and abandoning module Renderer (14)
[2017.06.14-12.11.39:839][  8]LogModuleManager: Shutting down and abandoning module Engine (12)
[2017.06.14-12.11.39:839][  8]LogModuleManager: Shutting down and abandoning module CoreUObject (10)
[2017.06.14-12.11.39:839][  8]LogModuleManager: Shutting down and abandoning module NetworkFile (8)
[2017.06.14-12.11.39:839][  8]LogModuleManager: Shutting down and abandoning module StreamingFile (6)
[2017.06.14-12.11.39:839][  8]LogModuleManager: Shutting down and abandoning module SandboxFile (4)
[2017.06.14-12.11.39:839][  8]LogModuleManager: Shutting down and abandoning module PakFile (2)
[2017.06.14-12.11.39:841][  8]LogExit: Exiting.
[2017.06.14-12.11.39:842][  8]Log file closed, 06/14/17 13:11:39
