Log file open, 06/16/17 18:21:12
LogInit:Display: Running engine for game: UE4_Zero
LogPlatformFile: Not using cached read wrapper
LogInit:Display: RandInit(556844007) SRandInit(556844007).
LogTaskGraph: Started task graph with 5 named threads and 8 total threads with 1 sets of task threads.
LogStats: Stats thread started at 0.091096
LogInit: Using libcurl 7.47.1
LogInit:  - built for x86_64-pc-win32
LogInit:  - supports SSL with OpenSSL/1.0.2g
LogInit:  - supports HTTP deflate (compression) using libz 1.2.8
LogInit:  - other features:
LogInit:      CURL_VERSION_SSL
LogInit:      CURL_VERSION_LIBZ
LogInit:      CURL_VERSION_IPV6
LogInit:      CURL_VERSION_ASYNCHDNS
LogInit:      CURL_VERSION_LARGEFILE
LogInit:      CURL_VERSION_IDN
LogInit:  CurlRequestOptions (configurable via config and command line):
LogInit:  - bVerifyPeer = false  - Libcurl will NOT verify peer certificate
LogInit:  - bUseHttpProxy = false  - Libcurl will NOT use HTTP proxy
LogInit:  - bDontReuseConnections = false  - Libcurl will reuse connections
LogInit:  - CertBundlePath = nullptr  - Libcurl will use whatever was configured at build time.
LogInit: Build: ++UE4+Release-4.15-CL-3450819
LogInit: Engine Version: 4.15.3-3450819+++UE4+Release-4.15
LogInit: Compatible Engine Version: 4.15.0-3299760+++UE4+Release-4.15
LogInit: Net CL: 3299760
LogDevObjectVersion: Number of dev versions registered: 14
LogDevObjectVersion:   Dev-Blueprints (B0D832E4-1F89-4F0D-ACCF-7EB736FD4AA2): 8
LogDevObjectVersion:   Dev-Build (E1C64328-A22C-4D53-A36C-8E866417BD8C): 0
LogDevObjectVersion:   Dev-Core (375EC13C-06E4-48FB-B500-84F0262A717E): 2
LogDevObjectVersion:   Dev-Editor (E4B068ED-F494-42E9-A231-DA0B2E46BB41): 14
LogDevObjectVersion:   Dev-Framework (CFFC743F-43B0-4480-9391-14DF171D2073): 22
LogDevObjectVersion:   Dev-Mobile (B02B49B5-BB20-44E9-A304-32B752E40360): 0
LogDevObjectVersion:   Dev-Networking (A4E4105C-59A1-49B5-A7C5-40C4547EDFEE): 0
LogDevObjectVersion:   Dev-Online (39C831C9-5AE6-47DC-9A44-9C173E1C8E7C): 0
LogDevObjectVersion:   Dev-Physics (78F01B33-EBEA-4F98-B9B4-84EACCB95AA2): 0
LogDevObjectVersion:   Dev-Platform (6631380F-2D4D-43E0-8009-CF276956A95A): 0
LogDevObjectVersion:   Dev-Rendering (12F88B9F-8875-4AFC-A67C-D90C383ABD29): 12
LogDevObjectVersion:   Dev-Sequencer (7B5AE74C-D270-4C10-A958-57980B212A5A): 3
LogDevObjectVersion:   Dev-VR (D7296918-1DD6-4BDD-9DE2-64A83CC13884): 0
LogDevObjectVersion:   Dev-LoadTimes (C2A15278-BFE7-4AFE-6C17-90FF531DF755): 1
LogInit: Compiled (64-bit): May 21 2017 11:02:34
LogInit: Compiled with Visual C++: 19.00.23026.00
LogInit: Build Configuration: Development
LogInit: Branch Name: ++UE4+Release-4.15
LogInit: Command line:  
LogInit: Base directory: C:/Program Files/Epic Games/UE_4.15/Engine/Binaries/Win64/
LogInit: Installed Engine Build: 1
LogInit: Presizing for max 8388607 objects, including 0 objects not considered by GC, pre-allocating 0 bytes for permanent pool.
LogInit: Object subsystem initialized
[2017.06.16-17.21.13:681][  0]LogInit: Selected Device Profile: [Windows]
[2017.06.16-17.21.13:681][  0]LogInit: Applying CVar settings loaded from the selected device profile: [Windows]
[2017.06.16-17.21.13:691][  0]LogInit: Computer: DESKTOP-E3PDIQS
[2017.06.16-17.21.13:691][  0]LogInit: User: Marcus
[2017.06.16-17.21.13:691][  0]LogInit: CPU Page size=65536, Cores=4
[2017.06.16-17.21.13:691][  0]LogInit: High frequency timer resolution =2.929686 MHz
[2017.06.16-17.21.13:691][  0]LogMemory: Memory total: Physical=16.0GB (16GB approx)
[2017.06.16-17.21.13:691][  0]LogMemory: Platform Memory Stats for Windows
[2017.06.16-17.21.13:692][  0]LogMemory: Process Physical Memory: 263.78 MB used, 263.78 MB peak
[2017.06.16-17.21.13:692][  0]LogMemory: Process Virtual Memory: 262.11 MB used, 262.11 MB peak
[2017.06.16-17.21.13:692][  0]LogMemory: Physical Memory: 7425.03 MB used,  8911.40 MB free, 16336.43 MB total
[2017.06.16-17.21.13:692][  0]LogMemory: Virtual Memory: 644.24 MB used,  8911.40 MB free, 134217728.00 MB total
[2017.06.16-17.21.13:975][  0]LogTextLocalizationManager: No specific translations for ('en-GB') exist, so ('en') translations will be used.
[2017.06.16-17.21.14:810][  0]LogD3D11RHI: D3D11 adapters:
[2017.06.16-17.21.15:382][  0]LogD3D11RHI:    0. 'NVIDIA GeForce GTX 1050' (Feature Level 11_0)
[2017.06.16-17.21.15:382][  0]LogD3D11RHI:       2006/0/8168 MB DedicatedVideo/DedicatedSystem/SharedSystem, Outputs:2, VendorId:0x10de
[2017.06.16-17.21.15:384][  0]LogD3D11RHI:    1. 'Microsoft Basic Render Driver' (Feature Level 11_0)
[2017.06.16-17.21.15:384][  0]LogD3D11RHI:       0/0/8168 MB DedicatedVideo/DedicatedSystem/SharedSystem, Outputs:0, VendorId:0x1414
[2017.06.16-17.21.15:384][  0]LogD3D11RHI: Chosen D3D11 Adapter: 0
[2017.06.16-17.21.15:389][  0]LogD3D11RHI: Creating new Direct3DDevice
[2017.06.16-17.21.15:389][  0]LogD3D11RHI:     GPU DeviceId: 0x1c81 (for the marketing name, search the web for "GPU Device Id")
[2017.06.16-17.21.15:389][  0]LogWindows: EnumDisplayDevices:
[2017.06.16-17.21.15:389][  0]LogWindows:    0. 'NVIDIA GeForce GTX 1050' (P:1 D:1)
[2017.06.16-17.21.15:389][  0]LogWindows:    1. 'NVIDIA GeForce GTX 1050' (P:0 D:1)
[2017.06.16-17.21.15:390][  0]LogWindows:    2. 'NVIDIA GeForce GTX 1050' (P:0 D:0)
[2017.06.16-17.21.15:390][  0]LogWindows:    3. 'NVIDIA GeForce GTX 1050' (P:0 D:0)
[2017.06.16-17.21.15:390][  0]LogWindows: DebugString: FoundDriverCount:4 
[2017.06.16-17.21.15:390][  0]LogD3D11RHI:     Adapter Name: NVIDIA GeForce GTX 1050
[2017.06.16-17.21.15:390][  0]LogD3D11RHI:   Driver Version: 382.33 (internal:22.21.13.8233, unified:382.33)
[2017.06.16-17.21.15:390][  0]LogD3D11RHI:      Driver Date: 5-17-2017
[2017.06.16-17.21.15:390][  0]LogRHI: Texture pool is 1361 MB (70% of 1945 MB)
[2017.06.16-17.21.15:947][  0]LogD3D11RHI: Async texture creation enabled
[2017.06.16-17.21.15:977][  0]LogD3D11RHI: GPU Timing Frequency: 1000.000000 (Debug: 2 1)
[2017.06.16-17.21.15:979][  0]LogShaderCompilers: Guid format shader working directory is -17 characters bigger than the processId version (../../../../../../Users/Marcus/Desktop/GitHub/UE4-Zero/UE4_Zero/Intermediate/Shaders/WorkingDirectory/12060/).
[2017.06.16-17.21.15:979][  0]LogShaderCompilers: Cleaned the shader compiler working directory 'C:/Users/Marcus/AppData/Local/Temp/UnrealShaderWorkingDir/A4AE94774B153A587DFB9F899314C559/'.
[2017.06.16-17.21.15:979][  0]LogShaderCompilers:Display: Using Local Shader Compiler.
[2017.06.16-17.21.17:296][  0]LogTemp:Display: Loaded TP AllDesktopTargetPlatform
[2017.06.16-17.21.17:461][  0]LogTemp:Display: Loaded TP MacClientTargetPlatform
[2017.06.16-17.21.17:620][  0]LogTemp:Display: Loaded TP MacNoEditorTargetPlatform
[2017.06.16-17.21.17:778][  0]LogTemp:Display: Loaded TP MacServerTargetPlatform
[2017.06.16-17.21.17:937][  0]LogTemp:Display: Loaded TP MacTargetPlatform
[2017.06.16-17.21.18:095][  0]LogTemp:Display: Loaded TP WindowsClientTargetPlatform
[2017.06.16-17.21.18:255][  0]LogTemp:Display: Loaded TP WindowsNoEditorTargetPlatform
[2017.06.16-17.21.18:415][  0]LogTemp:Display: Loaded TP WindowsServerTargetPlatform
[2017.06.16-17.21.18:563][  0]LogTemp:Display: Loaded TP WindowsTargetPlatform
[2017.06.16-17.21.18:723][  0]LogTemp:Display: Loaded TP AndroidTargetPlatform
[2017.06.16-17.21.18:885][  0]LogTemp:Display: Loaded TP Android_ASTCTargetPlatform
[2017.06.16-17.21.19:050][  0]LogTemp:Display: Loaded TP Android_ATCTargetPlatform
[2017.06.16-17.21.19:216][  0]LogTemp:Display: Loaded TP Android_DXTTargetPlatform
[2017.06.16-17.21.19:377][  0]LogTemp:Display: Loaded TP Android_ETC1TargetPlatform
[2017.06.16-17.21.19:539][  0]LogTemp:Display: Loaded TP Android_ETC2TargetPlatform
[2017.06.16-17.21.19:859][  0]LogTemp:Display: Loaded TP Android_MultiTargetPlatform
[2017.06.16-17.21.19:859][  0]LogTemp:Display: Loaded TP Android_PVRTCTargetPlatform
[2017.06.16-17.21.20:004][  0]LogTemp:Display: Loaded TP HTML5TargetPlatform
[2017.06.16-17.21.20:276][  0]LogTemp:Display: Loaded TP IOSTargetPlatform
[2017.06.16-17.21.20:381][  0]LogTemp:Display: Loaded TP TVOSTargetPlatform
[2017.06.16-17.21.20:547][  0]LogTemp:Display: Loaded TP LinuxClientTargetPlatform
[2017.06.16-17.21.20:714][  0]LogTemp:Display: Loaded TP LinuxNoEditorTargetPlatform
[2017.06.16-17.21.20:870][  0]LogTemp:Display: Loaded TP LinuxServerTargetPlatform
[2017.06.16-17.21.21:029][  0]LogTemp:Display: Loaded TP LinuxTargetPlatform
[2017.06.16-17.21.21:029][  0]LogTargetPlatformManager:Display: Building Assets For Windows
[2017.06.16-17.21.22:679][  0]LogDerivedDataCache:Display: Max Cache Size: 512 MB
[2017.06.16-17.21.22:730][  0]LogDerivedDataCache: Loaded boot cache 0.05s 60MB C:/Users/Marcus/AppData/Local/UnrealEngine/4.15/DerivedDataCache/Boot.ddc.
[2017.06.16-17.21.22:730][  0]LogDerivedDataCache:Display: Loaded Boot cache: C:/Users/Marcus/AppData/Local/UnrealEngine/4.15/DerivedDataCache/Boot.ddc
[2017.06.16-17.21.22:731][  0]LogDerivedDataCache: FDerivedDataBackendGraph:  Pak pak cache file ../../../../../../Users/Marcus/Desktop/GitHub/UE4-Zero/UE4_Zero/DerivedDataCache/DDC.ddp not found, will not use a pak cache.
[2017.06.16-17.21.22:731][  0]LogDerivedDataCache: Unable to find inner node Pak for hierarchical cache Hierarchy.
[2017.06.16-17.21.22:731][  0]LogDerivedDataCache: FDerivedDataBackendGraph:  CompressedPak pak cache file ../../../../../../Users/Marcus/Desktop/GitHub/UE4-Zero/UE4_Zero/DerivedDataCache/Compressed.ddp not found, will not use a pak cache.
[2017.06.16-17.21.22:731][  0]LogDerivedDataCache: Unable to find inner node CompressedPak for hierarchical cache Hierarchy.
[2017.06.16-17.21.22:747][  0]LogDerivedDataCache:Display: Pak cache opened for reading ../../../Engine/DerivedDataCache/Compressed.ddp.
[2017.06.16-17.21.22:760][  0]LogDerivedDataCache: Using Local data cache path C:/Users/Marcus/AppData/Local/UnrealEngine/Common/DerivedDataCache: Writable
[2017.06.16-17.21.22:807][  0]LogSlate: Using Freetype 2.6.0
[2017.06.16-17.21.22:807][  0]LogSlate: SlateFontCache - WITH_FREETYPE: 1, WITH_HARFBUZZ: 1
[2017.06.16-17.21.22:807][  0]LogSlate: SlateFontCache - WITH_FREETYPE: 1, WITH_HARFBUZZ: 1
[2017.06.16-17.21.23:116][  0]LogInit: Selected Device Profile: [Windows]
[2017.06.16-17.21.23:118][  0]LogContentStreaming: Texture pool size is 0.00 MB
[2017.06.16-17.21.23:689][  0]LogMeshUtilities: Using QuadricMeshReduction for automatic static mesh reduction
[2017.06.16-17.21.23:859][  0]LogSimplygon: Simplygon DLL not present - disabling.
[2017.06.16-17.21.24:025][  0]LogMeshUtilities: Using SimplygonSwarm for distributed automatic mesh merging
[2017.06.16-17.21.24:025][  0]LogMeshUtilities: No automatic skeletal mesh reduction module available
[2017.06.16-17.21.24:025][  0]LogMeshUtilities: No automatic mesh merging module available
[2017.06.16-17.21.25:148][  0]LogNetVersion: GetLocalNetworkVersion: CL: 3299760, ProjectName: ue4_zero, ProjectVersion: , EngineNetworkVersion: 2, GameNetworkVersion: 0, NetworkChecksum: 276590260
[2017.06.16-17.21.25:258][  0]LogAssetRegistry: FAssetRegistry took 0.0216 seconds to start up
[2017.06.16-17.21.25:397][  0]LogPackageLocalizationCache: Processed 3 localized package path(s) for 2 prioritized culture(s) in 0.045131 seconds
[2017.06.16-17.21.25:402][  0]LogUObjectArray: 32493 objects as part of root set at end of initial load.
[2017.06.16-17.21.25:402][  0]LogUObjectAllocator: 7077024 out of 0 bytes used by permanent object pool.
[2017.06.16-17.21.25:402][  0]LogUObjectArray: CloseDisregardForGC: 0/0 objects in disregard for GC pool
[2017.06.16-17.21.25:687][  0]LogInit: WinSock: version 1.1 (2.2), MaxSocks=32767, MaxUdp=65467
[2017.06.16-17.21.30:413][  0]LogTcpMessaging: Initializing TcpMessaging bridge
[2017.06.16-17.21.30:535][  0]LogUdpMessaging: Initializing bridge on interface 0.0.0.0:0 to multicast group 230.0.0.1:6666.
[2017.06.16-17.21.32:240][  0]LogMaterial: Uniform references updated for custom material expression Custom.
[2017.06.16-17.21.33:595][  0]SourceControl: Info Source control is disabled
[2017.06.16-17.21.33:597][  0]SourceControl: Info Source control is disabled
[2017.06.16-17.21.33:766][  0]SourceControl: Info Source control is disabled
[2017.06.16-17.21.33:939][  0]SourceControl: Info Source control is disabled
[2017.06.16-17.21.38:285][  0]LogEngine: Initializing Engine...
[2017.06.16-17.21.38:286][  0]LogHMD: Failed to initialize OpenVR with code 110
[2017.06.16-17.21.38:497][  0]LogStats: UGameplayTagsManager::ConstructGameplayTagTree: Construct from data asset -  0.000 s
[2017.06.16-17.21.38:497][  0]LogStats: UGameplayTagsManager::ConstructGameplayTagTree: GameplayTagTreeChangedEvent.Broadcast -  0.000 s
[2017.06.16-17.21.38:945][  0]LogAIModule: Creating AISystem for world Untitled
[2017.06.16-17.21.38:950][  0]LogInit: XAudio2 using 'Digital Audio (S/PDIF) (High Definition Audio Device)' : 2 channels at 44.1 kHz using 16 bits per sample (channel mask 0x3)
[2017.06.16-17.21.38:968][  0]LogInit: FAudioDevice initialized.
[2017.06.16-17.21.38:996][  0]LogDerivedDataCache: Saved boot cache 0.03s 60MB C:/Users/Marcus/AppData/Local/UnrealEngine/4.15/DerivedDataCache/Boot.ddc.
[2017.06.16-17.21.39:002][  0]LogInit: Texture streaming: Enabled
[2017.06.16-17.21.39:373][  0]LogEngineSessionManager: EngineSessionManager initialized
[2017.06.16-17.21.39:679][  0]LogInit: Transaction tracking system initialized
[2017.06.16-17.21.40:995][  0]BlueprintLog: New page: Editor Load
[2017.06.16-17.21.44:397][  0]LocalizationService: Info Localization service is disabled
[2017.06.16-17.21.46:990][  0]LogConsoleResponse:Display: 
[2017.06.16-17.21.47:285][  0]LogCook:Display: Max memory allowance for cook 16384mb min free memory 0mb
[2017.06.16-17.21.47:285][  0]LogCook:Display: Mobile HDR setting 1
[2017.06.16-17.21.47:881][  0]LogFileCache: Scanning file cache for directory 'C:/Users/Marcus/Desktop/GitHub/UE4-Zero/UE4_Zero/Content/' took 0.02s
[2017.06.16-17.21.51:366][  0]SourceControl: Info Source control is disabled
[2017.06.16-17.21.51:366][  0]Cmd: MAP LOAD FILE="../../../../../../Users/Marcus/Desktop/GitHub/UE4-Zero/UE4_Zero/Content/Maps/Start.umap" TEMPLATE=0 SHOWPROGRESS=1 FEATURELEVEL=3
[2017.06.16-17.21.51:366][  0]LightingResults: New page: Lighting Build
[2017.06.16-17.21.51:522][  0]MapCheck: New page: Map Check
[2017.06.16-17.21.51:522][  0]LightingResults: New page: Lighting Build
[2017.06.16-17.21.51:740][  0]LogAIModule: Creating AISystem for world Start
[2017.06.16-17.21.51:762][  0]LogEditorServer: Finished looking for orphan Actors (0.000 secs)
[2017.06.16-17.21.51:762][  0]Cmd: MAP CHECKDEP NOCLEARLOG
[2017.06.16-17.21.51:863][  0]MapCheck: Info Map check complete: 0 Error(s), 0 Warning(s), took 101.027ms to complete.
[2017.06.16-17.21.51:863][  0]LogFileHelpers: Loading map 'Start' took 0.498
[2017.06.16-17.21.51:924][  0]LogWindowsTextInputMethodSystem:Display: IME system now deactivated.
[2017.06.16-17.21.52:108][  0]LogCollectionManager: Loaded 0 collections in 0.001849 seconds
[2017.06.16-17.21.52:309][  0]LogFileCache: Scanning file cache for directory 'C:/Users/Marcus/Desktop/GitHub/UE4-Zero/UE4_Zero/Saved/Collections/' took 0.01s
[2017.06.16-17.21.52:309][  0]LogFileCache: Scanning file cache for directory 'C:/Users/Marcus/Desktop/GitHub/UE4-Zero/UE4_Zero/Content/Developers/Marcus/Collections/' took 0.01s
[2017.06.16-17.21.52:309][  0]LogFileCache: Scanning file cache for directory 'C:/Users/Marcus/Desktop/GitHub/UE4-Zero/UE4_Zero/Content/Collections/' took 0.01s
[2017.06.16-17.21.52:309][  0]LogCollectionManager: Rebuilt the GUID cache for 0 collections in 0.000002 seconds
[2017.06.16-17.21.52:319][  0]LogContentBrowser: Native class hierarchy populated in 0.0101 seconds. Added 2249 classes and 455 folders.
[2017.06.16-17.21.52:565][  0]LogContentBrowser: Native class hierarchy updated for 'WidgetCarousel' in 0.0027 seconds. Added 0 classes and 0 folders.
[2017.06.16-17.21.52:638][  0]LogContentBrowser: Native class hierarchy updated for 'AddContentDialog' in 0.0026 seconds. Added 0 classes and 0 folders.
[2017.06.16-17.21.52:800][  0]LogContentBrowser: Native class hierarchy updated for 'SceneOutliner' in 0.0026 seconds. Added 1 classes and 2 folders.
[2017.06.16-17.21.52:963][  0]LogCrashTracker: Crashtracker disabled due to settings.
[2017.06.16-17.21.52:968][  0]LogUObjectGlobals:Warning: Failed to find object 'Class None.'
[2017.06.16-17.21.53:142][  0]LogContentBrowser: Native class hierarchy updated for 'HierarchicalLODOutliner' in 0.0026 seconds. Added 1 classes and 2 folders.
[2017.06.16-17.21.53:142][  0]LogLoad: (Engine Initialization) Total time: 43.18 seconds
[2017.06.16-17.21.53:142][  0]LogLoad: (Engine Initialization) Total Blueprint compile time: 0.20 seconds
[2017.06.16-17.21.53:142][  0]LogExternalProfiler: Found external profiler: VSPerf
[2017.06.16-17.21.53:142][  0]LogExternalProfiler: Using external profiler: VSPerf
[2017.06.16-17.21.53:153][  0]LogOcInput: OculusInput pre-init called
[2017.06.16-17.21.53:169][  0]LogAssetRegistry: Asset discovery search completed in 27.9316 seconds
[2017.06.16-17.21.53:169][  0]LogCollectionManager: Rebuilt the object cache for 0 collections in 0.000003 seconds (found 0 objects)
[2017.06.16-17.21.53:169][  0]LogCollectionManager: Fixed up redirectors for 0 collections in 0.000019 seconds (updated 0 objects)
[2017.06.16-17.21.53:173][  0]LogContentStreaming: Texture pool size now 1000 MB
[2017.06.16-17.21.53:181][  0]LogSlate: Took 0.000216 seconds to synchronously load lazily loaded font '../../../Engine/Content/Slate/Fonts/Roboto-Regular.ttf' (155K)
[2017.06.16-17.21.53:184][  0]LogSlate: Took 0.000329 seconds to synchronously load lazily loaded font '../../../Engine/Content/Slate/Fonts/Roboto-Bold.ttf' (160K)
[2017.06.16-17.21.53:189][  0]LogSlate: Took 0.000287 seconds to synchronously load lazily loaded font '../../../Engine/Content/Editor/Slate/Fonts/FontAwesome.ttf' (139K)
[2017.06.16-17.21.53:291][  0]LogSlate: Took 0.000322 seconds to synchronously load lazily loaded font '../../../Engine/Content/Slate/Fonts/Roboto-Light.ttf' (159K)
[2017.06.16-17.21.53:337][  0]LogRenderer: Reallocating scene render targets to support 1208x576 NumSamples 1 (Frame:2).
[2017.06.16-17.31.44:300][175]LogSlate: Took 0.000308 seconds to synchronously load lazily loaded font '../../../Engine/Content/Slate/Fonts/Roboto-Light.ttf' (159K)
[2017.06.16-17.31.53:630][203]LogSlate: Took 0.000182 seconds to synchronously load lazily loaded font '../../../Engine/Content/Slate/Fonts/Roboto-Light.ttf' (159K)
[2017.06.16-17.31.53:750][203]LogSavePackage: Save=32.28ms
[2017.06.16-17.31.53:750][203]LogSavePackage: Moving '../../../../../../Users/Marcus/Desktop/GitHub/UE4-Zero/UE4_Zero/Saved/Start_Auto166F403B645045868F947AB8668D1D7E7.tmp' to '../../../../../../Users/Marcus/Desktop/GitHub/UE4-Zero/UE4_Zero/Saved/Autosaves/Game/Maps/Start_Auto1.umap'
[2017.06.16-17.31.53:755][203]LogSavePackage:Display: Finished SavePackage ../../../../../../Users/Marcus/Desktop/GitHub/UE4-Zero/UE4_Zero/Saved/Autosaves/Game/Maps/Start_Auto1.umap
[2017.06.16-17.31.53:757][203]LogFileHelpers: Editor autosave (incl. sublevels) for '/Game/Maps/Start' took 0.091
[2017.06.16-17.31.53:757][203]LogFileHelpers: Editor autosave (incl. sublevels) for all levels took 0.091
[2017.06.16-18.15.04:320][976]LogHttp:Warning: 0000022CAB78EE00: request failed, libcurl error: 6 (Couldn't resolve host name)
[2017.06.16-18.15.04:320][976]LogHttp:Warning: 0000022CAB78EE00: libcurl info message cache 0 (Found bundle for host datarouter.ol.epicgames.com: 0x22cc65e3fe8 [can pipeline])
[2017.06.16-18.15.04:320][976]LogHttp:Warning: 0000022CAB78EE00: libcurl info message cache 1 (Re-using existing connection! (#7) with host datarouter.ol.epicgames.com)
[2017.06.16-18.15.04:320][976]LogHttp:Warning: 0000022CAB78EE00: libcurl info message cache 2 (Connected to datarouter.ol.epicgames.com (34.198.55.107) port 443 (#7))
[2017.06.16-18.15.04:320][976]LogHttp:Warning: 0000022CAB78EE00: libcurl info message cache 3 (upload completely sent off: 182 out of 182 bytes)
[2017.06.16-18.15.04:320][976]LogHttp:Warning: 0000022CAB78EE00: libcurl info message cache 4 (TLSv1.2 (IN), TLS alert, Client hello (1):)
[2017.06.16-18.15.04:320][976]LogHttp:Warning: 0000022CAB78EE00: libcurl info message cache 5 (Connection died, retrying a fresh connect)
[2017.06.16-18.15.04:320][976]LogHttp:Warning: 0000022CAB78EE00: libcurl info message cache 6 (Closing connection 7)
[2017.06.16-18.15.04:320][976]LogHttp:Warning: 0000022CAB78EE00: libcurl info message cache 7 (TLSv1.2 (OUT), TLS alert, Client hello (1):)
[2017.06.16-18.15.04:320][976]LogHttp:Warning: 0000022CAB78EE00: libcurl info message cache 8 (Issue another request to this URL: 'https://datarouter.ol.epicgames.com/datarouter/api/v1/public/data?SessionID=%7BAE65E56C-4CD6-2D23-842A-EC938EC1D734%7D&AppID=UEEditor.Rocket.Release&AppVersion=4.15.3-3450819%2B%2B%2BUE4%2BRelease-4.15&UserID=97d3f40d403ff4a258d6f980a741b4dc%7C969837ba78db4a5a8b4180254925176e%7C81706c51-5e4d-4c53-8181-bc8c50ced6a7&AppEnvironment=datacollector-binary&UploadType=eteventstream')
[2017.06.16-18.15.04:320][976]LogHttp:Warning: 0000022CAB78EE00: libcurl info message cache 9 (Could not resolve host: datarouter.ol.epicgames.com)
[2017.06.16-18.15.04:320][976]LogHttp:Warning: 0000022CAB78EE00: libcurl info message cache 10 (Closing connection 8)
