Log file open, 06/18/17 09:38:43
LogInit:Display: Running engine for game: UE4_Zero
LogPlatformFile: Not using cached read wrapper
LogInit:Display: RandInit(-1623748893) SRandInit(-1623748893).
LogTaskGraph: Started task graph with 5 named threads and 8 total threads with 1 sets of task threads.
LogStats: Stats thread started at 0.096285
LogInit: Using libcurl 7.47.1
LogInit:  - built for x86_64-pc-win32
LogInit:  - supports SSL with OpenSSL/1.0.2g
LogInit:  - supports HTTP deflate (compression) using libz 1.2.8
LogInit:  - other features:
LogInit:      CURL_VERSION_SSL
LogInit:      CURL_VERSION_LIBZ
LogInit:      CURL_VERSION_IPV6
LogInit:      CURL_VERSION_ASYNCHDNS
LogInit:      CURL_VERSION_LARGEFILE
LogInit:      CURL_VERSION_IDN
LogInit:  CurlRequestOptions (configurable via config and command line):
LogInit:  - bVerifyPeer = false  - Libcurl will NOT verify peer certificate
LogInit:  - bUseHttpProxy = false  - Libcurl will NOT use HTTP proxy
LogInit:  - bDontReuseConnections = false  - Libcurl will reuse connections
LogInit:  - CertBundlePath = nullptr  - Libcurl will use whatever was configured at build time.
LogInit: Build: ++UE4+Release-4.15-CL-3450819
LogInit: Engine Version: 4.15.3-3450819+++UE4+Release-4.15
LogInit: Compatible Engine Version: 4.15.0-3299760+++UE4+Release-4.15
LogInit: Net CL: 3299760
LogDevObjectVersion: Number of dev versions registered: 14
LogDevObjectVersion:   Dev-Blueprints (B0D832E4-1F89-4F0D-ACCF-7EB736FD4AA2): 8
LogDevObjectVersion:   Dev-Build (E1C64328-A22C-4D53-A36C-8E866417BD8C): 0
LogDevObjectVersion:   Dev-Core (375EC13C-06E4-48FB-B500-84F0262A717E): 2
LogDevObjectVersion:   Dev-Editor (E4B068ED-F494-42E9-A231-DA0B2E46BB41): 14
LogDevObjectVersion:   Dev-Framework (CFFC743F-43B0-4480-9391-14DF171D2073): 22
LogDevObjectVersion:   Dev-Mobile (B02B49B5-BB20-44E9-A304-32B752E40360): 0
LogDevObjectVersion:   Dev-Networking (A4E4105C-59A1-49B5-A7C5-40C4547EDFEE): 0
LogDevObjectVersion:   Dev-Online (39C831C9-5AE6-47DC-9A44-9C173E1C8E7C): 0
LogDevObjectVersion:   Dev-Physics (78F01B33-EBEA-4F98-B9B4-84EACCB95AA2): 0
LogDevObjectVersion:   Dev-Platform (6631380F-2D4D-43E0-8009-CF276956A95A): 0
LogDevObjectVersion:   Dev-Rendering (12F88B9F-8875-4AFC-A67C-D90C383ABD29): 12
LogDevObjectVersion:   Dev-Sequencer (7B5AE74C-D270-4C10-A958-57980B212A5A): 3
LogDevObjectVersion:   Dev-VR (D7296918-1DD6-4BDD-9DE2-64A83CC13884): 0
LogDevObjectVersion:   Dev-LoadTimes (C2A15278-BFE7-4AFE-6C17-90FF531DF755): 1
LogInit: Compiled (64-bit): May 21 2017 11:02:34
LogInit: Compiled with Visual C++: 19.00.23026.00
LogInit: Build Configuration: Development
LogInit: Branch Name: ++UE4+Release-4.15
LogInit: Command line: -EpicPortal 
LogInit: Base directory: C:/Program Files/Epic Games/UE_4.15/Engine/Binaries/Win64/
LogInit: Installed Engine Build: 1
LogInit: Presizing for max 8388607 objects, including 0 objects not considered by GC, pre-allocating 0 bytes for permanent pool.
LogInit: Object subsystem initialized
[2017.06.18-08.38.45:281][  0]LogInit: Selected Device Profile: [Windows]
[2017.06.18-08.38.45:281][  0]LogInit: Applying CVar settings loaded from the selected device profile: [Windows]
[2017.06.18-08.38.45:332][  0]LogInit: Computer: DESKTOP-E3PDIQS
[2017.06.18-08.38.45:332][  0]LogInit: User: Marcus
[2017.06.18-08.38.45:332][  0]LogInit: CPU Page size=65536, Cores=4
[2017.06.18-08.38.45:332][  0]LogInit: High frequency timer resolution =2.929686 MHz
[2017.06.18-08.38.45:333][  0]LogMemory: Memory total: Physical=16.0GB (16GB approx)
[2017.06.18-08.38.45:333][  0]LogMemory: Platform Memory Stats for Windows
[2017.06.18-08.38.45:333][  0]LogMemory: Process Physical Memory: 263.19 MB used, 263.19 MB peak
[2017.06.18-08.38.45:333][  0]LogMemory: Process Virtual Memory: 262.20 MB used, 262.20 MB peak
[2017.06.18-08.38.45:333][  0]LogMemory: Physical Memory: 3860.54 MB used,  12475.89 MB free, 16336.43 MB total
[2017.06.18-08.38.45:333][  0]LogMemory: Virtual Memory: 644.24 MB used,  12475.89 MB free, 134217728.00 MB total
[2017.06.18-08.38.45:601][  0]LogTextLocalizationManager: No specific translations for ('en-GB') exist, so ('en') translations will be used.
[2017.06.18-08.38.46:455][  0]LogD3D11RHI: D3D11 adapters:
[2017.06.18-08.38.47:155][  0]LogD3D11RHI:    0. 'NVIDIA GeForce GTX 1050' (Feature Level 11_0)
[2017.06.18-08.38.47:155][  0]LogD3D11RHI:       2006/0/8168 MB DedicatedVideo/DedicatedSystem/SharedSystem, Outputs:2, VendorId:0x10de
[2017.06.18-08.38.47:157][  0]LogD3D11RHI:    1. 'Microsoft Basic Render Driver' (Feature Level 11_0)
[2017.06.18-08.38.47:157][  0]LogD3D11RHI:       0/0/8168 MB DedicatedVideo/DedicatedSystem/SharedSystem, Outputs:0, VendorId:0x1414
[2017.06.18-08.38.47:157][  0]LogD3D11RHI: Chosen D3D11 Adapter: 0
[2017.06.18-08.38.47:163][  0]LogD3D11RHI: Creating new Direct3DDevice
[2017.06.18-08.38.47:163][  0]LogD3D11RHI:     GPU DeviceId: 0x1c81 (for the marketing name, search the web for "GPU Device Id")
[2017.06.18-08.38.47:163][  0]LogWindows: EnumDisplayDevices:
[2017.06.18-08.38.47:163][  0]LogWindows:    0. 'NVIDIA GeForce GTX 1050' (P:1 D:1)
[2017.06.18-08.38.47:163][  0]LogWindows:    1. 'NVIDIA GeForce GTX 1050' (P:0 D:1)
[2017.06.18-08.38.47:163][  0]LogWindows:    2. 'NVIDIA GeForce GTX 1050' (P:0 D:0)
[2017.06.18-08.38.47:163][  0]LogWindows:    3. 'NVIDIA GeForce GTX 1050' (P:0 D:0)
[2017.06.18-08.38.47:163][  0]LogWindows: DebugString: FoundDriverCount:4 
[2017.06.18-08.38.47:163][  0]LogD3D11RHI:     Adapter Name: NVIDIA GeForce GTX 1050
[2017.06.18-08.38.47:163][  0]LogD3D11RHI:   Driver Version: 382.33 (internal:22.21.13.8233, unified:382.33)
[2017.06.18-08.38.47:163][  0]LogD3D11RHI:      Driver Date: 5-17-2017
[2017.06.18-08.38.47:163][  0]LogRHI: Texture pool is 1361 MB (70% of 1945 MB)
[2017.06.18-08.38.47:734][  0]LogD3D11RHI: Async texture creation enabled
[2017.06.18-08.38.47:768][  0]LogD3D11RHI: GPU Timing Frequency: 1000.000000 (Debug: 2 1)
[2017.06.18-08.38.47:771][  0]LogShaderCompilers: Guid format shader working directory is -17 characters bigger than the processId version (../../../../../../Users/Marcus/Desktop/GitHub/UE4-Zero/UE4_Zero/Intermediate/Shaders/WorkingDirectory/14572/).
[2017.06.18-08.38.47:771][  0]LogShaderCompilers: Cleaned the shader compiler working directory 'C:/Users/Marcus/AppData/Local/Temp/UnrealShaderWorkingDir/8A5BEA934D7A1DBD5E761EB2F48A2917/'.
[2017.06.18-08.38.47:771][  0]LogShaderCompilers:Display: Using Local Shader Compiler.
[2017.06.18-08.38.49:129][  0]LogTemp:Display: Loaded TP AllDesktopTargetPlatform
[2017.06.18-08.38.49:294][  0]LogTemp:Display: Loaded TP MacClientTargetPlatform
[2017.06.18-08.38.49:463][  0]LogTemp:Display: Loaded TP MacNoEditorTargetPlatform
[2017.06.18-08.38.49:627][  0]LogTemp:Display: Loaded TP MacServerTargetPlatform
[2017.06.18-08.38.49:795][  0]LogTemp:Display: Loaded TP MacTargetPlatform
[2017.06.18-08.38.49:959][  0]LogTemp:Display: Loaded TP WindowsClientTargetPlatform
[2017.06.18-08.38.50:125][  0]LogTemp:Display: Loaded TP WindowsNoEditorTargetPlatform
[2017.06.18-08.38.50:384][  0]LogTemp:Display: Loaded TP WindowsServerTargetPlatform
[2017.06.18-08.38.51:316][  0]LogTemp:Display: Loaded TP WindowsTargetPlatform
[2017.06.18-08.38.51:527][  0]LogTemp:Display: Loaded TP AndroidTargetPlatform
[2017.06.18-08.38.51:742][  0]LogTemp:Display: Loaded TP Android_ASTCTargetPlatform
[2017.06.18-08.38.51:910][  0]LogTemp:Display: Loaded TP Android_ATCTargetPlatform
[2017.06.18-08.38.52:073][  0]LogTemp:Display: Loaded TP Android_DXTTargetPlatform
[2017.06.18-08.38.52:300][  0]LogTemp:Display: Loaded TP Android_ETC1TargetPlatform
[2017.06.18-08.38.52:507][  0]LogTemp:Display: Loaded TP Android_ETC2TargetPlatform
[2017.06.18-08.38.52:844][  0]LogTemp:Display: Loaded TP Android_MultiTargetPlatform
[2017.06.18-08.38.52:844][  0]LogTemp:Display: Loaded TP Android_PVRTCTargetPlatform
[2017.06.18-08.38.53:002][  0]LogTemp:Display: Loaded TP HTML5TargetPlatform
[2017.06.18-08.38.53:278][  0]LogTemp:Display: Loaded TP IOSTargetPlatform
[2017.06.18-08.38.53:382][  0]LogTemp:Display: Loaded TP TVOSTargetPlatform
[2017.06.18-08.38.53:548][  0]LogTemp:Display: Loaded TP LinuxClientTargetPlatform
[2017.06.18-08.38.53:714][  0]LogTemp:Display: Loaded TP LinuxNoEditorTargetPlatform
[2017.06.18-08.38.53:876][  0]LogTemp:Display: Loaded TP LinuxServerTargetPlatform
[2017.06.18-08.38.54:043][  0]LogTemp:Display: Loaded TP LinuxTargetPlatform
[2017.06.18-08.38.54:043][  0]LogTargetPlatformManager:Display: Building Assets For Windows
[2017.06.18-08.38.55:785][  0]LogDerivedDataCache:Display: Max Cache Size: 512 MB
[2017.06.18-08.38.55:832][  0]LogDerivedDataCache: Loaded boot cache 0.05s 51MB C:/Users/Marcus/AppData/Local/UnrealEngine/4.15/DerivedDataCache/Boot.ddc.
[2017.06.18-08.38.55:832][  0]LogDerivedDataCache:Display: Loaded Boot cache: C:/Users/Marcus/AppData/Local/UnrealEngine/4.15/DerivedDataCache/Boot.ddc
[2017.06.18-08.38.55:833][  0]LogDerivedDataCache: FDerivedDataBackendGraph:  Pak pak cache file ../../../../../../Users/Marcus/Desktop/GitHub/UE4-Zero/UE4_Zero/DerivedDataCache/DDC.ddp not found, will not use a pak cache.
[2017.06.18-08.38.55:833][  0]LogDerivedDataCache: Unable to find inner node Pak for hierarchical cache Hierarchy.
[2017.06.18-08.38.55:833][  0]LogDerivedDataCache: FDerivedDataBackendGraph:  CompressedPak pak cache file ../../../../../../Users/Marcus/Desktop/GitHub/UE4-Zero/UE4_Zero/DerivedDataCache/Compressed.ddp not found, will not use a pak cache.
[2017.06.18-08.38.55:833][  0]LogDerivedDataCache: Unable to find inner node CompressedPak for hierarchical cache Hierarchy.
[2017.06.18-08.38.55:849][  0]LogDerivedDataCache:Display: Pak cache opened for reading ../../../Engine/DerivedDataCache/Compressed.ddp.
[2017.06.18-08.38.55:862][  0]LogDerivedDataCache: Using Local data cache path C:/Users/Marcus/AppData/Local/UnrealEngine/Common/DerivedDataCache: Writable
[2017.06.18-08.38.55:870][  0]LogSlate: Using Freetype 2.6.0
[2017.06.18-08.38.55:871][  0]LogSlate: SlateFontCache - WITH_FREETYPE: 1, WITH_HARFBUZZ: 1
[2017.06.18-08.38.55:871][  0]LogSlate: SlateFontCache - WITH_FREETYPE: 1, WITH_HARFBUZZ: 1
[2017.06.18-08.38.56:505][  0]LogInit: Selected Device Profile: [Windows]
[2017.06.18-08.38.56:508][  0]LogContentStreaming: Texture pool size is 0.00 MB
[2017.06.18-08.38.57:033][  0]LogMeshUtilities: Using QuadricMeshReduction for automatic static mesh reduction
[2017.06.18-08.38.57:265][  0]LogSimplygon: Simplygon DLL not present - disabling.
[2017.06.18-08.38.57:496][  0]LogMeshUtilities: Using SimplygonSwarm for distributed automatic mesh merging
[2017.06.18-08.38.57:496][  0]LogMeshUtilities: No automatic skeletal mesh reduction module available
[2017.06.18-08.38.57:496][  0]LogMeshUtilities: No automatic mesh merging module available
[2017.06.18-08.38.58:567][  0]LogNetVersion: GetLocalNetworkVersion: CL: 3299760, ProjectName: ue4_zero, ProjectVersion: , EngineNetworkVersion: 2, GameNetworkVersion: 0, NetworkChecksum: 276590260
[2017.06.18-08.38.58:686][  0]LogAssetRegistry: FAssetRegistry took 0.0222 seconds to start up
[2017.06.18-08.38.58:820][  0]LogPackageLocalizationCache: Processed 3 localized package path(s) for 2 prioritized culture(s) in 0.035471 seconds
[2017.06.18-08.38.58:825][  0]LogUObjectArray: 32493 objects as part of root set at end of initial load.
[2017.06.18-08.38.58:825][  0]LogUObjectAllocator: 7077024 out of 0 bytes used by permanent object pool.
[2017.06.18-08.38.58:825][  0]LogUObjectArray: CloseDisregardForGC: 0/0 objects in disregard for GC pool
[2017.06.18-08.38.59:107][  0]LogInit: WinSock: version 1.1 (2.2), MaxSocks=32767, MaxUdp=65467
[2017.06.18-08.39.03:806][  0]LogTcpMessaging: Initializing TcpMessaging bridge
[2017.06.18-08.39.03:924][  0]LogUdpMessaging: Initializing bridge on interface 0.0.0.0:0 to multicast group 230.0.0.1:6666.
[2017.06.18-08.39.05:752][  0]LogMaterial: Uniform references updated for custom material expression Custom.
[2017.06.18-08.39.06:990][  0]SourceControl: Info Source control is disabled
[2017.06.18-08.39.06:992][  0]SourceControl: Info Source control is disabled
[2017.06.18-08.39.07:163][  0]SourceControl: Info Source control is disabled
[2017.06.18-08.39.07:338][  0]SourceControl: Info Source control is disabled
[2017.06.18-08.39.12:008][  0]LogEngine: Initializing Engine...
[2017.06.18-08.39.12:009][  0]LogHMD: Failed to initialize OpenVR with code 110
[2017.06.18-08.39.12:131][  0]LogStats: UGameplayTagsManager::ConstructGameplayTagTree: Construct from data asset -  0.000 s
[2017.06.18-08.39.12:131][  0]LogStats: UGameplayTagsManager::ConstructGameplayTagTree: GameplayTagTreeChangedEvent.Broadcast -  0.000 s
[2017.06.18-08.39.12:627][  0]LogAIModule: Creating AISystem for world Untitled
[2017.06.18-08.39.12:676][  0]LogInit: XAudio2 using 'Digital Audio (S/PDIF) (High Definition Audio Device)' : 2 channels at 44.1 kHz using 16 bits per sample (channel mask 0x3)
[2017.06.18-08.39.12:697][  0]LogInit: FAudioDevice initialized.
[2017.06.18-08.39.12:722][  0]LogDerivedDataCache: Saved boot cache 0.03s 51MB C:/Users/Marcus/AppData/Local/UnrealEngine/4.15/DerivedDataCache/Boot.ddc.
[2017.06.18-08.39.12:729][  0]LogInit: Texture streaming: Enabled
[2017.06.18-08.39.13:142][  0]LogEngineSessionManager: EngineSessionManager initialized
[2017.06.18-08.39.13:522][  0]LogInit: Transaction tracking system initialized
[2017.06.18-08.39.14:923][  0]BlueprintLog: New page: Editor Load
[2017.06.18-08.39.18:725][  0]LocalizationService: Info Localization service is disabled
[2017.06.18-08.39.21:567][  0]LogConsoleResponse:Display: 
[2017.06.18-08.39.21:849][  0]LogCook:Display: Max memory allowance for cook 16384mb min free memory 0mb
[2017.06.18-08.39.21:849][  0]LogCook:Display: Mobile HDR setting 1
[2017.06.18-08.39.22:049][  0]LogFileCache: Scanning file cache for directory 'C:/Users/Marcus/Desktop/GitHub/UE4-Zero/UE4_Zero/Content/' took 0.02s
[2017.06.18-08.39.25:739][  0]SourceControl: Info Source control is disabled
[2017.06.18-08.39.25:739][  0]Cmd: MAP LOAD FILE="../../../../../../Users/Marcus/Desktop/GitHub/UE4-Zero/UE4_Zero/Content/Maps/Start.umap" TEMPLATE=0 SHOWPROGRESS=1 FEATURELEVEL=3
[2017.06.18-08.39.25:740][  0]LightingResults: New page: Lighting Build
[2017.06.18-08.39.25:897][  0]MapCheck: New page: Map Check
[2017.06.18-08.39.25:897][  0]LightingResults: New page: Lighting Build
[2017.06.18-08.39.26:909][  0]LogAIModule: Creating AISystem for world Start
[2017.06.18-08.39.27:045][  0]LogEditorServer: Finished looking for orphan Actors (0.000 secs)
[2017.06.18-08.39.27:072][  0]Cmd: MAP CHECKDEP NOCLEARLOG
[2017.06.18-08.39.27:175][  0]MapCheck: Info Map check complete: 0 Error(s), 0 Warning(s), took 102.988ms to complete.
[2017.06.18-08.39.27:175][  0]LogFileHelpers: Loading map 'Start' took 1.436
[2017.06.18-08.39.27:275][  0]LogWindowsTextInputMethodSystem:Display: IME system now deactivated.
[2017.06.18-08.39.27:953][  0]LogCollectionManager: Loaded 0 collections in 0.001994 seconds
[2017.06.18-08.39.28:336][  0]LogFileCache: Scanning file cache for directory 'C:/Users/Marcus/Desktop/GitHub/UE4-Zero/UE4_Zero/Saved/Collections/' took 0.01s
[2017.06.18-08.39.28:336][  0]LogFileCache: Scanning file cache for directory 'C:/Users/Marcus/Desktop/GitHub/UE4-Zero/UE4_Zero/Content/Developers/Marcus/Collections/' took 0.01s
[2017.06.18-08.39.28:336][  0]LogFileCache: Scanning file cache for directory 'C:/Users/Marcus/Desktop/GitHub/UE4-Zero/UE4_Zero/Content/Collections/' took 0.01s
[2017.06.18-08.39.28:336][  0]LogCollectionManager: Rebuilt the GUID cache for 0 collections in 0.000001 seconds
[2017.06.18-08.39.28:348][  0]LogContentBrowser: Native class hierarchy populated in 0.0113 seconds. Added 2251 classes and 455 folders.
[2017.06.18-08.39.28:619][  0]LogContentBrowser: Native class hierarchy updated for 'WidgetCarousel' in 0.0026 seconds. Added 0 classes and 0 folders.
[2017.06.18-08.39.30:053][  0]LogContentBrowser: Native class hierarchy updated for 'AddContentDialog' in 0.0029 seconds. Added 0 classes and 0 folders.
[2017.06.18-08.39.30:396][  0]LogContentBrowser: Native class hierarchy updated for 'SceneOutliner' in 0.0029 seconds. Added 1 classes and 2 folders.
[2017.06.18-08.39.31:561][  0]LogCrashTracker: Crashtracker disabled due to settings.
[2017.06.18-08.39.35:284][  0]LogSlate: Only BGRA pngs, bmps or icos are supported in by External Image Picker
[2017.06.18-08.39.35:808][  0]LogUObjectGlobals:Warning: Failed to find object 'Class None.'
[2017.06.18-08.39.36:020][  0]LogTemp:Display: Executing iPhonePackager certificates Engine -bundlename com.YourCompany.UE4Zero

[2017.06.18-08.39.36:020][  0]LogTemp:Display: CWD: C:\Program Files\Epic Games\UE_4.15\Engine\Binaries\DotNET\IOS

[2017.06.18-08.39.36:020][  0]LogTemp:Display: Initial Dir: C:\Program Files\Epic Games\UE_4.15

[2017.06.18-08.39.36:020][  0]LogTemp:Display: Env CWD: C:\Program Files\Epic Games\UE_4.15\Engine\Binaries\DotNET\IOS

[2017.06.18-08.39.36:020][  0]LogTemp:Display: BranchPath = DESKTOP-E3PDIQS/C/Program Files/Epic Games/UE_4.15/Engine/Binaries --- GameBranchPath = DESKTOP-E3PDIQS/C/Program Files/Epic Games/UE_4.15/Engine/Binaries

[2017.06.18-08.39.36:020][  0]LogTemp:Display: IPP ERROR: Application exception: System.IO.DirectoryNotFoundException: Could not find a part of the path 'C:\Users\Marcus\AppData\Local\Apple Computer\MobileDevice\Provisioning Profiles'.

[2017.06.18-08.39.36:020][  0]LogTemp:Display:    at System.IO.__Error.WinIOError(Int32 errorCode, String maybeFullPath)

[2017.06.18-08.39.36:020][  0]LogTemp:Display:    at System.IO.FileSystemEnumerableIterator`1.CommonInit()

[2017.06.18-08.39.36:020][  0]LogTemp:Display:    at System.IO.Directory.EnumerateFiles(String path, String searchPattern)

[2017.06.18-08.39.36:020][  0]LogTemp:Display:    at iPhonePackager.CodeSignatureBuilder.FindProvisions(String CFBundleIdentifier)

[2017.06.18-08.39.36:020][  0]LogTemp:Display:    at iPhonePackager.Program.Main(String[] args)

[2017.06.18-08.39.36:020][  0]LogContentBrowser: Native class hierarchy updated for 'HierarchicalLODOutliner' in 0.0028 seconds. Added 1 classes and 2 folders.
[2017.06.18-08.39.36:020][  0]LogLoad: (Engine Initialization) Total time: 55.70 seconds
[2017.06.18-08.39.36:020][  0]LogLoad: (Engine Initialization) Total Blueprint compile time: 0.22 seconds
[2017.06.18-08.39.36:020][  0]LogExternalProfiler: Found external profiler: VSPerf
[2017.06.18-08.39.36:020][  0]LogExternalProfiler: Using external profiler: VSPerf
[2017.06.18-08.39.36:031][  0]LogOcInput: OculusInput pre-init called
[2017.06.18-08.39.36:187][  0]LogContentStreaming: Texture pool size now 1000 MB
[2017.06.18-08.39.36:188][  0]LogSlate: Took 0.000308 seconds to synchronously load lazily loaded font '../../../Engine/Content/Slate/Fonts/Roboto-Regular.ttf' (155K)
[2017.06.18-08.39.36:192][  0]LogSlate: Took 0.000264 seconds to synchronously load lazily loaded font '../../../Engine/Content/Slate/Fonts/Roboto-Bold.ttf' (160K)
[2017.06.18-08.39.36:338][  0]LogSlate: Took 0.039302 seconds to synchronously load lazily loaded font '../../../Engine/Content/Editor/Slate/Fonts/FontAwesome.ttf' (139K)
[2017.06.18-08.39.36:951][  0]LogSlate: Took 0.031247 seconds to synchronously load lazily loaded font '../../../Engine/Content/Slate/Fonts/Roboto-Light.ttf' (159K)
[2017.06.18-08.39.37:004][  0]LogRenderer: Reallocating scene render targets to support 1208x576 NumSamples 1 (Frame:2).
[2017.06.18-08.39.37:412][  1]LogAssetRegistry: Asset discovery search completed in 38.7483 seconds
[2017.06.18-08.39.37:412][  1]LogCollectionManager: Rebuilt the object cache for 0 collections in 0.000005 seconds (found 0 objects)
[2017.06.18-08.39.37:412][  1]LogCollectionManager: Fixed up redirectors for 0 collections in 0.000022 seconds (updated 0 objects)
[2017.06.18-08.41.30:676][158]LogTemp: Repeting last play command: Selected Viewport
[2017.06.18-08.41.30:688][158]LogPlayLevel: PlayLevel: No blueprints needed recompiling
[2017.06.18-08.41.30:851][158]PIE: New page: PIE session: Start (18 Jun 2017 10:41:30)
[2017.06.18-08.41.30:851][158]LogPlayLevel: Creating play world package: /Game/Maps/UEDPIE_0_Start
[2017.06.18-08.41.30:898][158]LogPlayLevel: PIE: StaticDuplicateObject took: (0.046864s)
[2017.06.18-08.41.30:899][158]LogAIModule: Creating AISystem for world Start
[2017.06.18-08.41.30:899][158]LogPlayLevel: PIE: World Init took: (0.001123s)
[2017.06.18-08.41.30:900][158]LogPlayLevel: PIE: Created PIE world by copying editor world from /Game/Maps/Start.Start to /Game/Maps/UEDPIE_0_Start.Start (0.048282s)
[2017.06.18-08.41.30:915][158]LogInit: XAudio2 using 'Digital Audio (S/PDIF) (High Definition Audio Device)' : 2 channels at 44.1 kHz using 16 bits per sample (channel mask 0x3)
[2017.06.18-08.41.30:922][158]LogInit: FAudioDevice initialized.
[2017.06.18-08.41.31:171][158]LogLoad: Game class is 'My_UE4_ZeroGameModeBase_C'
[2017.06.18-08.41.31:259][158]LogWorld: Bringing World /Game/Maps/UEDPIE_0_Start.Start up for play (max tick rate 0) at 2017.06.18-09.41.31
[2017.06.18-08.41.31:358][158]LogWorld: Bringing up level for play took: 0.100185
[2017.06.18-08.41.31:803][158]LogContentBrowser: Native class hierarchy updated for 'MovieSceneCapture' in 0.0028 seconds. Added 11 classes and 0 folders.
[2017.06.18-08.41.31:804][158]PIE: Info Play in editor start time for /Game/Maps/UEDPIE_0_Start 0.965
[2017.06.18-08.41.48:037][819]LogSlate: Took 0.000251 seconds to synchronously load lazily loaded font '../../../Engine/Content/Slate/Fonts/Roboto-Light.ttf' (159K)
[2017.06.18-08.41.48:662][819]LogVSAccessor:Warning: Couldn't goto line number '0' in 'C:/Users/Marcus/Desktop/GitHub/UE4-Zero/UE4_Zero/Source/UE4_Zero/my_Controler.h'
[2017.06.18-08.41.48:761][819]LogVSAccessor:Warning: Couldn't goto line number '0' in 'C:/Users/Marcus/Desktop/GitHub/UE4-Zero/UE4_Zero/Source/UE4_Zero/my_Controler.cpp'
[2017.06.18-08.41.56:546][973]LogVSAccessor:Warning: Couldn't goto line number '0' in 'C:/Users/Marcus/Desktop/GitHub/UE4-Zero/UE4_Zero/Source/UE4_Zero/My_PlayerController.h'
[2017.06.18-08.41.56:670][973]LogVSAccessor:Warning: Couldn't goto line number '0' in 'C:/Users/Marcus/Desktop/GitHub/UE4-Zero/UE4_Zero/Source/UE4_Zero/My_PlayerController.cpp'
[2017.06.18-08.58.10:033][334]Recompiling UE4_Zero...
[2017.06.18-08.58.10:034][334]Launching UnrealBuildTool... [C:/Program Files/Epic Games/UE_4.15/Engine/Binaries/DotNET/UnrealBuildTool.exe UE4_Zero -ModuleWithSuffix UE4_Zero 4686 Win64 Development -editorrecompile -canskiplink "C:/Users/Marcus/Desktop/GitHub/UE4-Zero/UE4_Zero/UE4_Zero.uproject" ]
[2017.06.18-08.58.10:098][334]Warning: Starting HotReload took  0.1s.
[2017.06.18-08.59.35:312][292]CompilerResultsLog: New page: Compilation - 18 Jun 2017 10:59:35
[2017.06.18-08.59.35:312][292]CompilerResultsLog: Info Compiling game modules for hot reload
[2017.06.18-08.59.35:312][292]CompilerResultsLog: Info Parsing headers for UE4_ZeroEditor
[2017.06.18-08.59.35:312][292]CompilerResultsLog: Info   Running UnrealHeaderTool "C:\Users\Marcus\Desktop\GitHub\UE4-Zero\UE4_Zero\UE4_Zero.uproject" "C:\Users\Marcus\Desktop\GitHub\UE4-Zero\UE4_Zero\Intermediate\Build\Win64\UE4_ZeroEditor\Development\UE4_ZeroEditor.uhtmanifest" -LogCmds="loginit warning, logexit warning, logdatabase error" -Unattended -WarningsAsErrors -installed
[2017.06.18-08.59.35:312][292]CompilerResultsLog: Info Reflection code generated for UE4_ZeroEditor in 5.181899 seconds
[2017.06.18-08.59.35:312][292]CompilerResultsLog: Info Performing 6 actions (4 in parallel)
[2017.06.18-08.59.35:312][292]CompilerResultsLog: Info ZeroCharicter.cpp
[2017.06.18-08.59.35:312][292]CompilerResultsLog: Info My_PlayerController.cpp
[2017.06.18-08.59.35:312][292]CompilerResultsLog: Info UE4_Zero.generated.cpp
[2017.06.18-08.59.35:312][292]CompilerResultsLog: Info my_Controler.cpp
[2017.06.18-08.59.35:312][292]CompilerResultsLog:Error: Error C:\Users\Marcus\Desktop\GitHub\UE4-Zero\UE4_Zero\Source\UE4_Zero\My_PlayerController.cpp(19) : error C4002: too many actual parameters for macro 'TEXT'
[2017.06.18-08.59.35:312][292]CompilerResultsLog: Info ERROR: UBT ERROR: Failed to produce item: C:\Users\Marcus\Desktop\GitHub\UE4-Zero\UE4_Zero\Binaries\Win64\UE4Editor-UE4_Zero-4686.dll
[2017.06.18-08.59.35:312][292]CompilerResultsLog: Info Total build time: 84.62 seconds (Local executor: 0.00 seconds)
[2017.06.18-08.59.35:312][292]LogMainFrame: MainFrame: Module compiling took 85.285 seconds
[2017.06.18-08.59.35:312][292]Warning: HotReload failed, recompile failed
[2017.06.18-09.01.42:440][453]Recompiling UE4_Zero...
[2017.06.18-09.01.42:441][453]Launching UnrealBuildTool... [C:/Program Files/Epic Games/UE_4.15/Engine/Binaries/DotNET/UnrealBuildTool.exe UE4_Zero -ModuleWithSuffix UE4_Zero 8582 Win64 Development -editorrecompile -canskiplink "C:/Users/Marcus/Desktop/GitHub/UE4-Zero/UE4_Zero/UE4_Zero.uproject" ]
[2017.06.18-09.01.42:447][453]Warning: Starting HotReload took  0.0s.
[2017.06.18-09.01.54:503][726]CompilerResultsLog: New page: Compilation - 18 Jun 2017 11:01:54
[2017.06.18-09.01.54:503][726]CompilerResultsLog: Info Compiling game modules for hot reload
[2017.06.18-09.01.54:503][726]CompilerResultsLog: Info Parsing headers for UE4_ZeroEditor
[2017.06.18-09.01.54:503][726]CompilerResultsLog: Info   Running UnrealHeaderTool "C:\Users\Marcus\Desktop\GitHub\UE4-Zero\UE4_Zero\UE4_Zero.uproject" "C:\Users\Marcus\Desktop\GitHub\UE4-Zero\UE4_Zero\Intermediate\Build\Win64\UE4_ZeroEditor\Development\UE4_ZeroEditor.uhtmanifest" -LogCmds="loginit warning, logexit warning, logdatabase error" -Unattended -WarningsAsErrors -installed
[2017.06.18-09.01.54:503][726]CompilerResultsLog: Info Reflection code generated for UE4_ZeroEditor in 4.4927077 seconds
[2017.06.18-09.01.54:503][726]CompilerResultsLog: Info Performing 3 actions (4 in parallel)
[2017.06.18-09.01.54:503][726]CompilerResultsLog: Info My_PlayerController.cpp
[2017.06.18-09.01.54:503][726]CompilerResultsLog:Error: Error C:\Users\Marcus\Desktop\GitHub\UE4-Zero\UE4_Zero\Source\UE4_Zero\My_PlayerController.cpp(19) : error C4002: too many actual parameters for macro 'TEXT'
[2017.06.18-09.01.54:503][726]CompilerResultsLog: Info ERROR: UBT ERROR: Failed to produce item: C:\Users\Marcus\Desktop\GitHub\UE4-Zero\UE4_Zero\Binaries\Win64\UE4Editor-UE4_Zero-8582.dll
[2017.06.18-09.01.54:503][726]CompilerResultsLog: Info Total build time: 11.49 seconds (Local executor: 0.00 seconds)
[2017.06.18-09.01.54:503][726]LogMainFrame: MainFrame: Module compiling took 12.068 seconds
[2017.06.18-09.01.54:503][726]Warning: HotReload failed, recompile failed
[2017.06.18-09.01.58:639][208]LogSlate: Took 0.036121 seconds to synchronously load lazily loaded font '../../../Engine/Content/Editor/Slate/Fonts/Roboto-Italic.ttf' (157K)
[2017.06.18-09.11.39:762][384]LogTemp: Repeting last play command: Selected Viewport
[2017.06.18-09.11.39:773][384]LogPlayLevel: PlayLevel: No blueprints needed recompiling
[2017.06.18-09.11.39:773][384]PIE: New page: PIE session: Start (18 Jun 2017 11:11:39)
[2017.06.18-09.11.39:773][384]LogPlayLevel: Creating play world package: /Game/Maps/UEDPIE_0_Start
[2017.06.18-09.11.39:776][384]LogPlayLevel: PIE: StaticDuplicateObject took: (0.002691s)
[2017.06.18-09.11.39:777][384]LogAIModule: Creating AISystem for world Start
[2017.06.18-09.11.39:777][384]LogPlayLevel: PIE: World Init took: (0.001020s)
[2017.06.18-09.11.39:778][384]LogPlayLevel: PIE: Created PIE world by copying editor world from /Game/Maps/Start.Start to /Game/Maps/UEDPIE_0_Start.Start (0.003940s)
[2017.06.18-09.11.39:817][384]LogInit: XAudio2 using 'Digital Audio (S/PDIF) (High Definition Audio Device)' : 2 channels at 44.1 kHz using 16 bits per sample (channel mask 0x3)
[2017.06.18-09.11.39:824][384]LogInit: FAudioDevice initialized.
[2017.06.18-09.11.39:856][384]LogLoad: Game class is 'My_UE4_ZeroGameModeBase_C'
[2017.06.18-09.11.39:858][384]LogWorld: Bringing World /Game/Maps/UEDPIE_0_Start.Start up for play (max tick rate 0) at 2017.06.18-10.11.39
[2017.06.18-09.11.39:858][384]LogWorld: Bringing up level for play took: 0.001178
[2017.06.18-09.11.39:859][384]PIE: Info Play in editor start time for /Game/Maps/UEDPIE_0_Start 1.019
[2017.06.18-09.12.15:635][678]Recompiling UE4_Zero...
[2017.06.18-09.12.15:635][678]Launching UnrealBuildTool... [C:/Program Files/Epic Games/UE_4.15/Engine/Binaries/DotNET/UnrealBuildTool.exe UE4_Zero -ModuleWithSuffix UE4_Zero 422 Win64 Development -editorrecompile -canskiplink "C:/Users/Marcus/Desktop/GitHub/UE4-Zero/UE4_Zero/UE4_Zero.uproject" ]
[2017.06.18-09.12.15:642][678]Warning: Starting HotReload took  0.0s.
[2017.06.18-09.12.31:620][422]CompilerResultsLog: New page: Compilation - 18 Jun 2017 11:12:31
[2017.06.18-09.12.31:620][422]CompilerResultsLog: Info Compiling game modules for hot reload
[2017.06.18-09.12.31:620][422]CompilerResultsLog: Info Parsing headers for UE4_ZeroEditor
[2017.06.18-09.12.31:620][422]CompilerResultsLog: Info   Running UnrealHeaderTool "C:\Users\Marcus\Desktop\GitHub\UE4-Zero\UE4_Zero\UE4_Zero.uproject" "C:\Users\Marcus\Desktop\GitHub\UE4-Zero\UE4_Zero\Intermediate\Build\Win64\UE4_ZeroEditor\Development\UE4_ZeroEditor.uhtmanifest" -LogCmds="loginit warning, logexit warning, logdatabase error" -Unattended -WarningsAsErrors -installed
[2017.06.18-09.12.31:620][422]CompilerResultsLog: Info Reflection code generated for UE4_ZeroEditor in 4.6084587 seconds
[2017.06.18-09.12.31:620][422]CompilerResultsLog: Info Performing 3 actions (4 in parallel)
[2017.06.18-09.12.31:620][422]CompilerResultsLog: Info My_PlayerController.cpp
[2017.06.18-09.12.31:620][422]CompilerResultsLog: Info [2/3] Link UE4Editor-UE4_Zero-422.dll
[2017.06.18-09.12.31:620][422]CompilerResultsLog: Info [3/3] Link UE4Editor-UE4_Zero-422.lib
[2017.06.18-09.12.31:620][422]CompilerResultsLog: Info    Creating library C:\Users\Marcus\Desktop\GitHub\UE4-Zero\UE4_Zero\Intermediate\Build\Win64\UE4Editor\Development\UE4Editor-UE4_Zero-422.lib and object C:\Users\Marcus\Desktop\GitHub\UE4-Zero\UE4_Zero\Intermediate\Build\Win64\UE4Editor\Development\UE4Editor-UE4_Zero-422.exp
[2017.06.18-09.12.31:620][422]CompilerResultsLog: Info    Creating library C:\Users\Marcus\Desktop\GitHub\UE4-Zero\UE4_Zero\Intermediate\Build\Win64\UE4Editor\Development\UE4Editor-UE4_Zero-422.suppressed.lib and object C:\Users\Marcus\Desktop\GitHub\UE4-Zero\UE4_Zero\Intermediate\Build\Win64\UE4Editor\Development\UE4Editor-UE4_Zero-422.suppressed.exp
[2017.06.18-09.12.31:620][422]CompilerResultsLog: Info Total build time: 15.51 seconds (Local executor: 6.00 seconds)
[2017.06.18-09.12.31:620][422]LogMainFrame: MainFrame: Module compiling took 15.991 seconds
[2017.06.18-09.12.31:925][422]LogContentBrowser: Native class hierarchy updated for 'UE4_Zero' in 0.0030 seconds. Added 6 classes and 2 folders.
[2017.06.18-09.12.31:927][422]Display: HotReload successful (0 functions remapped  0 scriptstructs remapped)
[2017.06.18-09.12.31:989][422]LogContentBrowser: Native class hierarchy populated in 0.0111 seconds. Added 2253 classes and 459 folders.
[2017.06.18-09.12.32:001][422]Display: HotReload took 16.4s.
[2017.06.18-09.12.40:218][393]LogSlate: Took 0.001796 seconds to synchronously load lazily loaded font '../../../Engine/Content/Slate/Fonts/Roboto-Light.ttf' (159K)
[2017.06.18-09.12.49:239][448]LogFileHelpers: Editor autosave (incl. sublevels) for '/Game/Maps/Start' took 0.010
[2017.06.18-09.12.49:262][448]OBJ SavePackage: Generating thumbnails for [0] asset(s) in package [/Game/Blueprints/My_UE4_ZeroGameModeBase] ([1] browsable assets)...
[2017.06.18-09.12.49:262][448]OBJ SavePackage: Finished generating thumbnails for package [/Game/Blueprints/My_UE4_ZeroGameModeBase]
[2017.06.18-09.12.49:291][448]LogSavePackage: Save=7.97ms
[2017.06.18-09.12.49:291][448]LogSavePackage: Moving '../../../../../../Users/Marcus/Desktop/GitHub/UE4-Zero/UE4_Zero/Saved/My_UE4_ZeroGameModeBase_Auto16A73D5A445BC7BE3E104518E2089CF79.tmp' to '../../../../../../Users/Marcus/Desktop/GitHub/UE4-Zero/UE4_Zero/Saved/Autosaves/Game/Blueprints/My_UE4_ZeroGameModeBase_Auto1.uasset'
[2017.06.18-09.12.49:294][448]LogSavePackage:Display: Finished SavePackage ../../../../../../Users/Marcus/Desktop/GitHub/UE4-Zero/UE4_Zero/Saved/Autosaves/Game/Blueprints/My_UE4_ZeroGameModeBase_Auto1.uasset
[2017.06.18-09.12.49:294][448]LogFileHelpers: Auto-saving content packages took 0.055
[2017.06.18-09.14.01:471][ 90]LogTemp: Repeting last play command: Selected Viewport
[2017.06.18-09.14.01:483][ 90]LogPlayLevel: PlayLevel: No blueprints needed recompiling
[2017.06.18-09.14.01:483][ 90]PIE: New page: PIE session: Start (18 Jun 2017 11:14:01)
[2017.06.18-09.14.01:483][ 90]LogPlayLevel: Creating play world package: /Game/Maps/UEDPIE_0_Start
[2017.06.18-09.14.01:485][ 90]LogPlayLevel: PIE: StaticDuplicateObject took: (0.002213s)
[2017.06.18-09.14.01:486][ 90]LogAIModule: Creating AISystem for world Start
[2017.06.18-09.14.01:486][ 90]LogPlayLevel: PIE: World Init took: (0.000850s)
[2017.06.18-09.14.01:486][ 90]LogPlayLevel: PIE: Created PIE world by copying editor world from /Game/Maps/Start.Start to /Game/Maps/UEDPIE_0_Start.Start (0.003289s)
[2017.06.18-09.14.01:524][ 90]LogInit: XAudio2 using 'Digital Audio (S/PDIF) (High Definition Audio Device)' : 2 channels at 44.1 kHz using 16 bits per sample (channel mask 0x3)
[2017.06.18-09.14.01:531][ 90]LogInit: FAudioDevice initialized.
[2017.06.18-09.14.01:564][ 90]LogLoad: Game class is 'My_UE4_ZeroGameModeBase_C'
[2017.06.18-09.14.01:566][ 90]LogWorld: Bringing World /Game/Maps/UEDPIE_0_Start.Start up for play (max tick rate 0) at 2017.06.18-10.14.01
[2017.06.18-09.14.01:566][ 90]LogWorld: Bringing up level for play took: 0.001222
[2017.06.18-09.14.01:567][ 90]PIE: Info Play in editor start time for /Game/Maps/UEDPIE_0_Start 0.727
[2017.06.18-09.14.14:362][600]LogTemp: Repeting last play command: Selected Viewport
[2017.06.18-09.14.14:372][600]LogPlayLevel: PlayLevel: No blueprints needed recompiling
[2017.06.18-09.14.14:372][600]PIE: New page: PIE session: Start (18 Jun 2017 11:14:14)
[2017.06.18-09.14.14:372][600]LogPlayLevel: Creating play world package: /Game/Maps/UEDPIE_0_Start
[2017.06.18-09.14.14:374][600]LogPlayLevel: PIE: StaticDuplicateObject took: (0.001935s)
[2017.06.18-09.14.14:374][600]LogAIModule: Creating AISystem for world Start
[2017.06.18-09.14.14:375][600]LogPlayLevel: PIE: World Init took: (0.000709s)
[2017.06.18-09.14.14:375][600]LogPlayLevel: PIE: Created PIE world by copying editor world from /Game/Maps/Start.Start to /Game/Maps/UEDPIE_0_Start.Start (0.002896s)
[2017.06.18-09.14.14:411][600]LogInit: XAudio2 using 'Digital Audio (S/PDIF) (High Definition Audio Device)' : 2 channels at 44.1 kHz using 16 bits per sample (channel mask 0x3)
[2017.06.18-09.14.14:417][600]LogInit: FAudioDevice initialized.
[2017.06.18-09.14.14:450][600]LogLoad: Game class is 'My_UE4_ZeroGameModeBase_C'
[2017.06.18-09.14.14:452][600]LogWorld: Bringing World /Game/Maps/UEDPIE_0_Start.Start up for play (max tick rate 0) at 2017.06.18-10.14.14
[2017.06.18-09.14.14:452][600]LogWorld: Bringing up level for play took: 0.001136
[2017.06.18-09.14.14:453][600]PIE: Info Play in editor start time for /Game/Maps/UEDPIE_0_Start -0.387
[2017.06.18-09.25.40:796][667]LogTemp: Repeting last play command: Selected Viewport
[2017.06.18-09.25.40:809][667]LogPlayLevel: PlayLevel: No blueprints needed recompiling
[2017.06.18-09.25.40:809][667]PIE: New page: PIE session: Start (18 Jun 2017 11:25:40)
[2017.06.18-09.25.40:809][667]LogPlayLevel: Creating play world package: /Game/Maps/UEDPIE_0_Start
[2017.06.18-09.25.40:812][667]LogPlayLevel: PIE: StaticDuplicateObject took: (0.002500s)
[2017.06.18-09.25.40:812][667]LogAIModule: Creating AISystem for world Start
[2017.06.18-09.25.40:812][667]LogPlayLevel: PIE: World Init took: (0.000839s)
[2017.06.18-09.25.40:813][667]LogPlayLevel: PIE: Created PIE world by copying editor world from /Game/Maps/Start.Start to /Game/Maps/UEDPIE_0_Start.Start (0.003584s)
[2017.06.18-09.25.40:851][667]LogInit: XAudio2 using 'Digital Audio (S/PDIF) (High Definition Audio Device)' : 2 channels at 44.1 kHz using 16 bits per sample (channel mask 0x3)
[2017.06.18-09.25.40:858][667]LogInit: FAudioDevice initialized.
[2017.06.18-09.25.40:890][667]LogLoad: Game class is 'My_UE4_ZeroGameModeBase_C'
[2017.06.18-09.25.40:892][667]LogWorld: Bringing World /Game/Maps/UEDPIE_0_Start.Start up for play (max tick rate 0) at 2017.06.18-10.25.40
[2017.06.18-09.25.40:893][667]LogWorld: Bringing up level for play took: 0.001327
[2017.06.18-09.25.40:893][667]PIE: Info Play in editor start time for /Game/Maps/UEDPIE_0_Start 0.054
[2017.06.18-09.26.19:442][219]LogEditorViewport: Clicking on Actor (LMB): BP_Sky_Sphere_C (Sky Sphere)
[2017.06.18-09.26.20:316][315]LogEditorViewport: Clicking on Actor (LMB): BP_Sky_Sphere_C (Sky Sphere)
[2017.06.18-09.26.20:820][374]LogEditorViewport: Clicking on Actor (LMB): BP_PlayerZero_C (BP_PlayerZero)
[2017.06.18-09.26.22:396][548]LogTemp: Repeting last play command: Selected Viewport
[2017.06.18-09.26.22:407][548]LogPlayLevel: PlayLevel: No blueprints needed recompiling
[2017.06.18-09.26.22:407][548]PIE: New page: PIE session: Start (18 Jun 2017 11:26:22)
[2017.06.18-09.26.22:407][548]LogPlayLevel: Creating play world package: /Game/Maps/UEDPIE_0_Start
[2017.06.18-09.26.22:409][548]LogPlayLevel: PIE: StaticDuplicateObject took: (0.001978s)
[2017.06.18-09.26.22:410][548]LogAIModule: Creating AISystem for world Start
[2017.06.18-09.26.22:410][548]LogPlayLevel: PIE: World Init took: (0.000768s)
[2017.06.18-09.26.22:410][548]LogPlayLevel: PIE: Created PIE world by copying editor world from /Game/Maps/Start.Start to /Game/Maps/UEDPIE_0_Start.Start (0.002945s)
[2017.06.18-09.26.22:448][548]LogInit: XAudio2 using 'Digital Audio (S/PDIF) (High Definition Audio Device)' : 2 channels at 44.1 kHz using 16 bits per sample (channel mask 0x3)
[2017.06.18-09.26.22:454][548]LogInit: FAudioDevice initialized.
[2017.06.18-09.26.22:486][548]LogLoad: Game class is 'My_UE4_ZeroGameModeBase_C'
[2017.06.18-09.26.22:488][548]LogWorld: Bringing World /Game/Maps/UEDPIE_0_Start.Start up for play (max tick rate 0) at 2017.06.18-10.26.22
[2017.06.18-09.26.22:488][548]LogWorld: Bringing up level for play took: 0.001107
[2017.06.18-09.26.22:489][548]PIE: Info Play in editor start time for /Game/Maps/UEDPIE_0_Start -0.35
[2017.06.18-09.26.24:276][742]Cmd: SELECT NONE
[2017.06.18-09.26.27:092][ 75]LogSlate:Warning: Prevented a slow task dialog from being summoned while a context menu was open
[2017.06.18-09.26.32:312][653]LogEditorActor: Deleted Actor: BP_PlayerZero_C
[2017.06.18-09.26.32:320][653]LogEditorActor: Deleted 1 Actors (0.010 secs)
[2017.06.18-09.26.34:027][858]LogTemp: Repeting last play command: Selected Viewport
[2017.06.18-09.26.34:037][858]LogPlayLevel: PlayLevel: No blueprints needed recompiling
[2017.06.18-09.26.34:038][858]PIE: New page: PIE session: Start (18 Jun 2017 11:26:34)
[2017.06.18-09.26.34:038][858]LogPlayLevel: Creating play world package: /Game/Maps/UEDPIE_0_Start
[2017.06.18-09.26.34:039][858]LogPlayLevel: PIE: StaticDuplicateObject took: (0.001612s)
[2017.06.18-09.26.34:040][858]LogAIModule: Creating AISystem for world Start
[2017.06.18-09.26.34:040][858]LogPlayLevel: PIE: World Init took: (0.000671s)
[2017.06.18-09.26.34:040][858]LogPlayLevel: PIE: Created PIE world by copying editor world from /Game/Maps/Start.Start to /Game/Maps/UEDPIE_0_Start.Start (0.002467s)
[2017.06.18-09.26.34:049][858]LogInit: XAudio2 using 'Digital Audio (S/PDIF) (High Definition Audio Device)' : 2 channels at 44.1 kHz using 16 bits per sample (channel mask 0x3)
[2017.06.18-09.26.34:055][858]LogInit: FAudioDevice initialized.
[2017.06.18-09.26.34:086][858]LogLoad: Game class is 'My_UE4_ZeroGameModeBase_C'
[2017.06.18-09.26.34:087][858]LogWorld: Bringing World /Game/Maps/UEDPIE_0_Start.Start up for play (max tick rate 0) at 2017.06.18-10.26.34
[2017.06.18-09.26.34:088][858]LogWorld: Bringing up level for play took: 0.000893
[2017.06.18-09.26.34:089][858]PIE: Info Play in editor start time for /Game/Maps/UEDPIE_0_Start -0.75
[2017.06.18-09.27.02:927][310]LogActorFactory: Actor Factory created Cube
[2017.06.18-09.27.04:197][458]LogActorFactory: Actor Factory created Cube
[2017.06.18-09.27.29:279][289]MapCheck: New page: Map Check
[2017.06.18-09.27.29:292][289]LightingResults: New page: Lighting Build - 18 Jun 2017 11:27:29
[2017.06.18-09.27.29:478][289]LogSwarmInterface: [OpenConnection] Registering TCP channel ...
[2017.06.18-09.27.29:689][289]LogSwarmInterface: [OpenConnection] Connecting to agent ...
[2017.06.18-09.27.29:723][289]LogSwarmInterface: [TryOpenConnection] Testing the Agent
[2017.06.18-09.27.30:736][289]LogSwarmInterface: [TryOpenConnection] Opening Connection to Agent
[2017.06.18-09.27.30:736][289]LogSwarmInterface: [TryOpenConnection] Local Process ID is 14572
[2017.06.18-09.27.35:575][289]LogStaticLightingSystem:Warning: No importance volume found, so the scene bounding box was used.  You can optimize your scene's quality and lighting build times by adding importance volumes.
[2017.06.18-09.27.35:575][289]LogStaticLightingSystem: Running Lightmass w/ ImmediateImport mode ENABLED
[2017.06.18-09.27.35:575][289]LogStaticLightingSystem: Running Lightmass w/ ImmediateProcess mode ENABLED
[2017.06.18-09.27.35:575][289]LogStaticLightingSystem: Running Lightmass w/ Sorting mode ENABLED
[2017.06.18-09.27.35:575][289]LogStaticLightingSystem: Running Lightmass w/ Mapping paddings ENABLED
[2017.06.18-09.27.35:575][289]LogStaticLightingSystem: Running Lightmass w/ Mapping debug paddings DISABLED
[2017.06.18-09.27.36:202][289]LogEditorBuildUtils: Build time 0:06
[2017.06.18-09.27.38:644][445]Job is a success!
[2017.06.18-09.27.38:808][446]LogTexture:Display: Building textures: HQ_Lightmap1_1 (AutoDXT, 256X256) - 211 MB total VRAM
[2017.06.18-09.27.38:808][446]LogTexture:Display: Building textures: LQ_Lightmap_1_1 (DXT1, 256X256) - 211 MB total VRAM
[2017.06.18-09.27.38:808][446]LogTexture:Display: Building textures: HQ_Lightmap1_2 (AutoDXT, 64X64) - 211 MB total VRAM
[2017.06.18-09.27.38:808][446]LogTexture:Display: Building textures: LQ_Lightmap_1_2 (DXT1, 64X64) - 211 MB total VRAM
[2017.06.18-09.27.38:808][446]LogTexture:Display: Building textures: ShadowMapTexture2D_1 (G8, 32X32) - 212 MB total VRAM
[2017.06.18-09.27.38:808][446]LogTexture:Display: Building textures: ShadowMapTexture2D_0 (G8, 256X128) - 212 MB total VRAM
[2017.06.18-09.27.38:863][446]Lightmass on DESKTOP-E3PDIQS: 1.09 sec total, 286 ms importing, 58 ms setup, 148 ms photons, 528 ms processing, 0 ms extra exporting [4/4 mappings]. Threads: 2.05 sec total, 692 ms processing.
[2017.06.18-09.27.38:880][446]LogStaticLightingSystem: Illumination: 9.57 sec (32 ms encoding lightmaps, 10 ms encoding shadowmaps)
[2017.06.18-09.27.38:880][446]LogStaticLightingSystem: Lightmap texture memory:  0.1 MB (0.1 MB streaming, 0.0 MB non-streaming), 4 textures
[2017.06.18-09.27.38:880][446]LogStaticLightingSystem: Shadowmap texture memory: 0.0 MB (0.0 MB streaming, 0.0 MB non-streaming), 2 textures
[2017.06.18-09.27.39:575][446]DumpUnbuiltLightIteractions
[2017.06.18-09.27.39:575][446]Lights with unbuilt interactions: 0
[2017.06.18-09.27.39:575][446]
[2017.06.18-09.27.39:575][446]Primitives with unbuilt interactions: 0
[2017.06.18-09.27.39:586][447]Cmd: MAP CHECK NOTIFYRESULTS
[2017.06.18-09.27.39:586][447]MapCheck: New page: Start - 18 Jun 2017 11:27:39
[2017.06.18-09.27.39:700][447]MapCheck: Info Map check complete: 0 Error(s), 0 Warning(s), took 113.451ms to complete.
[2017.06.18-09.27.53:381][ 67]LogSavePackage: Save=19.58ms
[2017.06.18-09.27.53:381][ 67]LogSavePackage: Moving '../../../../../../Users/Marcus/Desktop/GitHub/UE4-Zero/UE4_Zero/Saved/Start_Auto22348CE254A5F531B03B0CFAB794BA33B.tmp' to '../../../../../../Users/Marcus/Desktop/GitHub/UE4-Zero/UE4_Zero/Saved/Autosaves/Game/Maps/Start_Auto2.umap'
[2017.06.18-09.27.53:384][ 67]LogSavePackage:Display: Finished SavePackage ../../../../../../Users/Marcus/Desktop/GitHub/UE4-Zero/UE4_Zero/Saved/Autosaves/Game/Maps/Start_Auto2.umap
[2017.06.18-09.27.53:387][ 67]LogFileHelpers: Editor autosave (incl. sublevels) for '/Game/Maps/Start' took 0.059
[2017.06.18-09.27.53:387][ 67]LogFileHelpers: Editor autosave (incl. sublevels) for all levels took 0.059
[2017.06.18-09.27.53:389][ 67]OBJ SavePackage: Generating thumbnails for [0] asset(s) in package [/Game/Maps/Start_BuiltData] ([1] browsable assets)...
[2017.06.18-09.27.53:389][ 67]OBJ SavePackage: Finished generating thumbnails for package [/Game/Maps/Start_BuiltData]
[2017.06.18-09.27.53:417][ 67]LogSavePackage: Save=4.14ms
[2017.06.18-09.27.53:417][ 67]LogSavePackage: Moving '../../../../../../Users/Marcus/Desktop/GitHub/UE4-Zero/UE4_Zero/Saved/Start_BuiltData_Auto2B95BD59949014549CA6F4B9092678651.tmp' to '../../../../../../Users/Marcus/Desktop/GitHub/UE4-Zero/UE4_Zero/Saved/Autosaves/Game/Maps/Start_BuiltData_Auto2.uasset'
[2017.06.18-09.27.53:421][ 67]LogSavePackage:Display: Finished SavePackage ../../../../../../Users/Marcus/Desktop/GitHub/UE4-Zero/UE4_Zero/Saved/Autosaves/Game/Maps/Start_BuiltData_Auto2.uasset
[2017.06.18-09.27.53:421][ 67]LogFileHelpers: Auto-saving content packages took 0.034
[2017.06.18-09.27.56:212][397]LogTemp: Repeting last play command: Selected Viewport
[2017.06.18-09.27.56:222][397]LogPlayLevel: PlayLevel: No blueprints needed recompiling
[2017.06.18-09.27.56:222][397]PIE: New page: PIE session: Start (18 Jun 2017 11:27:56)
[2017.06.18-09.27.56:222][397]LogPlayLevel: Creating play world package: /Game/Maps/UEDPIE_0_Start
[2017.06.18-09.27.56:224][397]LogPlayLevel: PIE: StaticDuplicateObject took: (0.001674s)
[2017.06.18-09.27.56:224][397]LogAIModule: Creating AISystem for world Start
[2017.06.18-09.27.56:224][397]LogPlayLevel: PIE: World Init took: (0.000703s)
[2017.06.18-09.27.56:224][397]LogPlayLevel: PIE: Created PIE world by copying editor world from /Game/Maps/Start.Start to /Game/Maps/UEDPIE_0_Start.Start (0.002588s)
[2017.06.18-09.27.56:234][397]LogInit: XAudio2 using 'Digital Audio (S/PDIF) (High Definition Audio Device)' : 2 channels at 44.1 kHz using 16 bits per sample (channel mask 0x3)
[2017.06.18-09.27.56:240][397]LogInit: FAudioDevice initialized.
[2017.06.18-09.27.56:273][397]LogLoad: Game class is 'My_UE4_ZeroGameModeBase_C'
[2017.06.18-09.27.56:275][397]LogWorld: Bringing World /Game/Maps/UEDPIE_0_Start.Start up for play (max tick rate 0) at 2017.06.18-10.27.56
[2017.06.18-09.27.56:275][397]LogWorld: Bringing up level for play took: 0.000862
[2017.06.18-09.27.56:277][397]PIE: Info Play in editor start time for /Game/Maps/UEDPIE_0_Start -0.563
[2017.06.18-09.28.41:849][311]LogTemp: Repeting last play command: Selected Viewport
[2017.06.18-09.28.41:861][311]LogPlayLevel: PlayLevel: No blueprints needed recompiling
[2017.06.18-09.28.41:861][311]PIE: New page: PIE session: Start (18 Jun 2017 11:28:41)
[2017.06.18-09.28.41:861][311]LogPlayLevel: Creating play world package: /Game/Maps/UEDPIE_0_Start
[2017.06.18-09.28.41:863][311]LogPlayLevel: PIE: StaticDuplicateObject took: (0.001823s)
[2017.06.18-09.28.41:863][311]LogAIModule: Creating AISystem for world Start
[2017.06.18-09.28.41:863][311]LogPlayLevel: PIE: World Init took: (0.000804s)
[2017.06.18-09.28.41:864][311]LogPlayLevel: PIE: Created PIE world by copying editor world from /Game/Maps/Start.Start to /Game/Maps/UEDPIE_0_Start.Start (0.002837s)
[2017.06.18-09.28.41:874][311]LogInit: XAudio2 using 'Digital Audio (S/PDIF) (High Definition Audio Device)' : 2 channels at 44.1 kHz using 16 bits per sample (channel mask 0x3)
[2017.06.18-09.28.41:882][311]LogInit: FAudioDevice initialized.
[2017.06.18-09.28.41:913][311]LogLoad: Game class is 'My_UE4_ZeroGameModeBase_C'
[2017.06.18-09.28.41:915][311]LogWorld: Bringing World /Game/Maps/UEDPIE_0_Start.Start up for play (max tick rate 0) at 2017.06.18-10.28.41
[2017.06.18-09.28.41:915][311]LogWorld: Bringing up level for play took: 0.000993
[2017.06.18-09.28.41:916][311]PIE: Info Play in editor start time for /Game/Maps/UEDPIE_0_Start -0.923
[2017.06.18-09.28.49:452][139]LogTemp: Repeting last play command: Selected Viewport
[2017.06.18-09.28.49:463][139]LogPlayLevel: PlayLevel: No blueprints needed recompiling
[2017.06.18-09.28.49:463][139]PIE: New page: PIE session: Start (18 Jun 2017 11:28:49)
[2017.06.18-09.28.49:463][139]LogPlayLevel: Creating play world package: /Game/Maps/UEDPIE_0_Start
[2017.06.18-09.28.49:465][139]LogPlayLevel: PIE: StaticDuplicateObject took: (0.001527s)
[2017.06.18-09.28.49:465][139]LogAIModule: Creating AISystem for world Start
[2017.06.18-09.28.49:466][139]LogPlayLevel: PIE: World Init took: (0.000631s)
[2017.06.18-09.28.49:466][139]LogPlayLevel: PIE: Created PIE world by copying editor world from /Game/Maps/Start.Start to /Game/Maps/UEDPIE_0_Start.Start (0.002361s)
[2017.06.18-09.28.49:475][139]LogInit: XAudio2 using 'Digital Audio (S/PDIF) (High Definition Audio Device)' : 2 channels at 44.1 kHz using 16 bits per sample (channel mask 0x3)
[2017.06.18-09.28.49:482][139]LogInit: FAudioDevice initialized.
[2017.06.18-09.28.49:514][139]LogLoad: Game class is 'My_UE4_ZeroGameModeBase_C'
[2017.06.18-09.28.49:516][139]LogWorld: Bringing World /Game/Maps/UEDPIE_0_Start.Start up for play (max tick rate 0) at 2017.06.18-10.28.49
[2017.06.18-09.28.49:516][139]LogWorld: Bringing up level for play took: 0.000954
[2017.06.18-09.28.49:517][139]PIE: Info Play in editor start time for /Game/Maps/UEDPIE_0_Start 0.678
[2017.06.18-09.30.32:507][688]Recompiling UE4_Zero...
[2017.06.18-09.30.32:507][688]Launching UnrealBuildTool... [C:/Program Files/Epic Games/UE_4.15/Engine/Binaries/DotNET/UnrealBuildTool.exe UE4_Zero -ModuleWithSuffix UE4_Zero 5369 Win64 Development -editorrecompile -canskiplink "C:/Users/Marcus/Desktop/GitHub/UE4-Zero/UE4_Zero/UE4_Zero.uproject" ]
[2017.06.18-09.30.32:513][688]Warning: Starting HotReload took  0.0s.
[2017.06.18-09.30.45:858][911]CompilerResultsLog: New page: Compilation - 18 Jun 2017 11:30:45
[2017.06.18-09.30.45:858][911]CompilerResultsLog: Info Compiling game modules for hot reload
[2017.06.18-09.30.45:858][911]CompilerResultsLog: Info Parsing headers for UE4_ZeroEditor
[2017.06.18-09.30.45:858][911]CompilerResultsLog: Info   Running UnrealHeaderTool "C:\Users\Marcus\Desktop\GitHub\UE4-Zero\UE4_Zero\UE4_Zero.uproject" "C:\Users\Marcus\Desktop\GitHub\UE4-Zero\UE4_Zero\Intermediate\Build\Win64\UE4_ZeroEditor\Development\UE4_ZeroEditor.uhtmanifest" -LogCmds="loginit warning, logexit warning, logdatabase error" -Unattended -WarningsAsErrors -installed
[2017.06.18-09.30.45:858][911]CompilerResultsLog: Info Reflection code generated for UE4_ZeroEditor in 4.0697139 seconds
[2017.06.18-09.30.45:858][911]CompilerResultsLog: Info Performing 3 actions (4 in parallel)
[2017.06.18-09.30.45:858][911]CompilerResultsLog: Info PlayerZero.cpp
[2017.06.18-09.30.45:858][911]CompilerResultsLog: Info [2/3] Link UE4Editor-UE4_Zero-5369.dll
[2017.06.18-09.30.45:858][911]CompilerResultsLog: Info [3/3] Link UE4Editor-UE4_Zero-5369.lib
[2017.06.18-09.30.45:858][911]CompilerResultsLog: Info    Creating library C:\Users\Marcus\Desktop\GitHub\UE4-Zero\UE4_Zero\Intermediate\Build\Win64\UE4Editor\Development\UE4Editor-UE4_Zero-5369.lib and object C:\Users\Marcus\Desktop\GitHub\UE4-Zero\UE4_Zero\Intermediate\Build\Win64\UE4Editor\Development\UE4Editor-UE4_Zero-5369.exp
[2017.06.18-09.30.45:858][911]CompilerResultsLog: Info    Creating library C:\Users\Marcus\Desktop\GitHub\UE4-Zero\UE4_Zero\Intermediate\Build\Win64\UE4Editor\Development\UE4Editor-UE4_Zero-5369.suppressed.lib and object C:\Users\Marcus\Desktop\GitHub\UE4-Zero\UE4_Zero\Intermediate\Build\Win64\UE4Editor\Development\UE4Editor-UE4_Zero-5369.suppressed.exp
[2017.06.18-09.30.45:858][911]CompilerResultsLog: Info Total build time: 12.74 seconds (Local executor: 4.30 seconds)
[2017.06.18-09.30.45:858][911]LogMainFrame: MainFrame: Module compiling took 13.358 seconds
[2017.06.18-09.30.46:056][911]LogContentBrowser: Native class hierarchy updated for 'UE4_Zero' in 0.0029 seconds. Added 6 classes and 2 folders.
[2017.06.18-09.30.46:058][911]Display: HotReload successful (0 functions remapped  0 scriptstructs remapped)
[2017.06.18-09.30.46:091][911]LogContentBrowser: Native class hierarchy populated in 0.0116 seconds. Added 2253 classes and 459 folders.
[2017.06.18-09.30.46:092][911]Display: HotReload took 13.6s.
[2017.06.18-09.31.02:808][ 37]LogTemp: Repeting last play command: Selected Viewport
[2017.06.18-09.31.02:819][ 37]LogPlayLevel: PlayLevel: No blueprints needed recompiling
[2017.06.18-09.31.02:819][ 37]PIE: New page: PIE session: Start (18 Jun 2017 11:31:02)
[2017.06.18-09.31.02:819][ 37]LogPlayLevel: Creating play world package: /Game/Maps/UEDPIE_0_Start
[2017.06.18-09.31.02:821][ 37]LogPlayLevel: PIE: StaticDuplicateObject took: (0.001885s)
[2017.06.18-09.31.02:822][ 37]LogAIModule: Creating AISystem for world Start
[2017.06.18-09.31.02:822][ 37]LogPlayLevel: PIE: World Init took: (0.000812s)
[2017.06.18-09.31.02:822][ 37]LogPlayLevel: PIE: Created PIE world by copying editor world from /Game/Maps/Start.Start to /Game/Maps/UEDPIE_0_Start.Start (0.002920s)
[2017.06.18-09.31.02:835][ 37]LogInit: XAudio2 using 'Digital Audio (S/PDIF) (High Definition Audio Device)' : 2 channels at 44.1 kHz using 16 bits per sample (channel mask 0x3)
[2017.06.18-09.31.02:843][ 37]LogInit: FAudioDevice initialized.
[2017.06.18-09.31.02:872][ 37]LogLoad: Game class is 'My_UE4_ZeroGameModeBase_C'
[2017.06.18-09.31.02:874][ 37]LogWorld: Bringing World /Game/Maps/UEDPIE_0_Start.Start up for play (max tick rate 0) at 2017.06.18-10.31.02
[2017.06.18-09.31.02:874][ 37]LogWorld: Bringing up level for play took: 0.000967
[2017.06.18-09.31.02:876][ 37]PIE: Info Play in editor start time for /Game/Maps/UEDPIE_0_Start 0.037
[2017.06.18-09.31.12:563][183]LogTemp: Repeting last play command: Selected Viewport
[2017.06.18-09.31.12:574][183]LogPlayLevel: PlayLevel: No blueprints needed recompiling
[2017.06.18-09.31.12:574][183]PIE: New page: PIE session: Start (18 Jun 2017 11:31:12)
[2017.06.18-09.31.12:574][183]LogPlayLevel: Creating play world package: /Game/Maps/UEDPIE_0_Start
[2017.06.18-09.31.12:576][183]LogPlayLevel: PIE: StaticDuplicateObject took: (0.001494s)
[2017.06.18-09.31.12:576][183]LogAIModule: Creating AISystem for world Start
[2017.06.18-09.31.12:577][183]LogPlayLevel: PIE: World Init took: (0.000803s)
[2017.06.18-09.31.12:577][183]LogPlayLevel: PIE: Created PIE world by copying editor world from /Game/Maps/Start.Start to /Game/Maps/UEDPIE_0_Start.Start (0.002533s)
[2017.06.18-09.31.12:586][183]LogInit: XAudio2 using 'Digital Audio (S/PDIF) (High Definition Audio Device)' : 2 channels at 44.1 kHz using 16 bits per sample (channel mask 0x3)
[2017.06.18-09.31.12:593][183]LogInit: FAudioDevice initialized.
[2017.06.18-09.31.12:621][183]LogLoad: Game class is 'My_UE4_ZeroGameModeBase_C'
[2017.06.18-09.31.12:623][183]LogWorld: Bringing World /Game/Maps/UEDPIE_0_Start.Start up for play (max tick rate 0) at 2017.06.18-10.31.12
[2017.06.18-09.31.12:623][183]LogWorld: Bringing up level for play took: 0.000876
[2017.06.18-09.31.12:624][183]PIE: Info Play in editor start time for /Game/Maps/UEDPIE_0_Start -0.215
[2017.06.18-09.31.25:397][667]Cmd: OBJ SAVEPACKAGE PACKAGE="/Game/Blueprints/My_UE4_ZeroGameModeBase" FILE="../../../../../../Users/Marcus/Desktop/GitHub/UE4-Zero/UE4_Zero/Content/Blueprints/My_UE4_ZeroGameModeBase.uasset" SILENT=true
[2017.06.18-09.31.25:431][667]LogSavePackage: Save=8.45ms
[2017.06.18-09.31.25:431][667]LogSavePackage: Moving '../../../../../../Users/Marcus/Desktop/GitHub/UE4-Zero/UE4_Zero/Saved/My_UE4_ZeroGameModeBaseDBCFBA374D470570476BC4947C645751.tmp' to '../../../../../../Users/Marcus/Desktop/GitHub/UE4-Zero/UE4_Zero/Content/Blueprints/My_UE4_ZeroGameModeBase.uasset'
[2017.06.18-09.31.25:437][667]LogSavePackage:Display: Finished SavePackage ../../../../../../Users/Marcus/Desktop/GitHub/UE4-Zero/UE4_Zero/Content/Blueprints/My_UE4_ZeroGameModeBase.uasset
[2017.06.18-09.34.03:407][556]LogTemp: Repeting last play command: Selected Viewport
[2017.06.18-09.34.03:418][556]LogPlayLevel: PlayLevel: No blueprints needed recompiling
[2017.06.18-09.34.03:418][556]PIE: New page: PIE session: Start (18 Jun 2017 11:34:03)
[2017.06.18-09.34.03:418][556]LogPlayLevel: Creating play world package: /Game/Maps/UEDPIE_0_Start
[2017.06.18-09.34.03:421][556]LogPlayLevel: PIE: StaticDuplicateObject took: (0.002333s)
[2017.06.18-09.34.03:421][556]LogAIModule: Creating AISystem for world Start
[2017.06.18-09.34.03:421][556]LogPlayLevel: PIE: World Init took: (0.000801s)
[2017.06.18-09.34.03:422][556]LogPlayLevel: PIE: Created PIE world by copying editor world from /Game/Maps/Start.Start to /Game/Maps/UEDPIE_0_Start.Start (0.003366s)
[2017.06.18-09.34.03:459][556]LogInit: XAudio2 using 'Digital Audio (S/PDIF) (High Definition Audio Device)' : 2 channels at 44.1 kHz using 16 bits per sample (channel mask 0x3)
[2017.06.18-09.34.03:466][556]LogInit: FAudioDevice initialized.
[2017.06.18-09.34.03:498][556]LogLoad: Game class is 'My_UE4_ZeroGameModeBase_C'
[2017.06.18-09.34.03:500][556]LogWorld: Bringing World /Game/Maps/UEDPIE_0_Start.Start up for play (max tick rate 0) at 2017.06.18-10.34.03
[2017.06.18-09.34.03:500][556]LogWorld: Bringing up level for play took: 0.001183
[2017.06.18-09.34.03:501][556]PIE: Info Play in editor start time for /Game/Maps/UEDPIE_0_Start 0.662
[2017.06.18-09.34.08:717][158]Cmd: DELETE
[2017.06.18-09.34.08:717][158]Cmd: ACTOR DELETE
[2017.06.18-09.34.08:717][158]LogEditorActor: Deleted Actor: BP_PlayerZero_C
[2017.06.18-09.34.08:749][158]LogEditorActor: Deleted 1 Actors (0.032 secs)
[2017.06.18-09.34.09:150][204]Cmd: OBJ SAVEPACKAGE PACKAGE="/Game/Maps/Start" FILE="../../../../../../Users/Marcus/Desktop/GitHub/UE4-Zero/UE4_Zero/Content/Maps/Start.umap" SILENT=true AUTOSAVING=false KEEPDIRTY=false
[2017.06.18-09.34.09:198][204]LogSavePackage: Save=18.60ms
[2017.06.18-09.34.09:198][204]LogSavePackage: Moving '../../../../../../Users/Marcus/Desktop/GitHub/UE4-Zero/UE4_Zero/Saved/Start8F73B21F48F02A3F7CDDAEB390977515.tmp' to '../../../../../../Users/Marcus/Desktop/GitHub/UE4-Zero/UE4_Zero/Content/Maps/Start.umap'
[2017.06.18-09.34.09:204][204]LogSavePackage:Display: Finished SavePackage ../../../../../../Users/Marcus/Desktop/GitHub/UE4-Zero/UE4_Zero/Content/Maps/Start.umap
[2017.06.18-09.34.09:227][204]Cmd: OBJ SAVEPACKAGE PACKAGE="/Game/Maps/Start_BuiltData" FILE="../../../../../../Users/Marcus/Desktop/GitHub/UE4-Zero/UE4_Zero/Content/Maps/Start_BuiltData.uasset" SILENT=true
[2017.06.18-09.34.09:258][204]LogSavePackage: Save=9.53ms
[2017.06.18-09.34.09:258][204]LogSavePackage: Moving '../../../../../../Users/Marcus/Desktop/GitHub/UE4-Zero/UE4_Zero/Saved/Start_BuiltDataC58763084EF6AE80B0301A9D2166C00E.tmp' to '../../../../../../Users/Marcus/Desktop/GitHub/UE4-Zero/UE4_Zero/Content/Maps/Start_BuiltData.uasset'
[2017.06.18-09.34.09:264][204]LogSavePackage:Display: Finished SavePackage ../../../../../../Users/Marcus/Desktop/GitHub/UE4-Zero/UE4_Zero/Content/Maps/Start_BuiltData.uasset
[2017.06.18-09.38.18:197][289]LogTemp: Repeting last play command: Selected Viewport
[2017.06.18-09.38.18:208][289]LogPlayLevel: PlayLevel: No blueprints needed recompiling
[2017.06.18-09.38.18:208][289]PIE: New page: PIE session: Start (18 Jun 2017 11:38:18)
[2017.06.18-09.38.18:208][289]LogPlayLevel: Creating play world package: /Game/Maps/UEDPIE_0_Start
[2017.06.18-09.38.18:211][289]LogPlayLevel: PIE: StaticDuplicateObject took: (0.002401s)
[2017.06.18-09.38.18:212][289]LogAIModule: Creating AISystem for world Start
[2017.06.18-09.38.18:212][289]LogPlayLevel: PIE: World Init took: (0.001142s)
[2017.06.18-09.38.18:212][289]LogPlayLevel: PIE: Created PIE world by copying editor world from /Game/Maps/Start.Start to /Game/Maps/UEDPIE_0_Start.Start (0.003823s)
[2017.06.18-09.38.18:223][289]LogInit: XAudio2 using 'Digital Audio (S/PDIF) (High Definition Audio Device)' : 2 channels at 44.1 kHz using 16 bits per sample (channel mask 0x3)
[2017.06.18-09.38.18:230][289]LogInit: FAudioDevice initialized.
[2017.06.18-09.38.18:264][289]LogLoad: Game class is 'My_UE4_ZeroGameModeBase_C'
[2017.06.18-09.38.18:266][289]LogWorld: Bringing World /Game/Maps/UEDPIE_0_Start.Start up for play (max tick rate 0) at 2017.06.18-10.38.18
[2017.06.18-09.38.18:267][289]LogWorld: Bringing up level for play took: 0.001137
[2017.06.18-09.38.18:268][289]PIE: Info Play in editor start time for /Game/Maps/UEDPIE_0_Start -0.571
[2017.06.18-09.38.27:500][382]Recompiling UE4_Zero...
[2017.06.18-09.38.27:500][382]Launching UnrealBuildTool... [C:/Program Files/Epic Games/UE_4.15/Engine/Binaries/DotNET/UnrealBuildTool.exe UE4_Zero -ModuleWithSuffix UE4_Zero 2044 Win64 Development -editorrecompile -canskiplink "C:/Users/Marcus/Desktop/GitHub/UE4-Zero/UE4_Zero/UE4_Zero.uproject" ]
[2017.06.18-09.38.27:506][382]Warning: Starting HotReload took  0.0s.
[2017.06.18-09.38.38:992][722]CompilerResultsLog: New page: Compilation - 18 Jun 2017 11:38:38
[2017.06.18-09.38.38:992][722]CompilerResultsLog: Info Compiling game modules for hot reload
[2017.06.18-09.38.38:992][722]CompilerResultsLog: Info Parsing headers for UE4_ZeroEditor
[2017.06.18-09.38.38:992][722]CompilerResultsLog: Info   Running UnrealHeaderTool "C:\Users\Marcus\Desktop\GitHub\UE4-Zero\UE4_Zero\UE4_Zero.uproject" "C:\Users\Marcus\Desktop\GitHub\UE4-Zero\UE4_Zero\Intermediate\Build\Win64\UE4_ZeroEditor\Development\UE4_ZeroEditor.uhtmanifest" -LogCmds="loginit warning, logexit warning, logdatabase error" -Unattended -WarningsAsErrors -installed
[2017.06.18-09.38.38:992][722]CompilerResultsLog: Info Reflection code generated for UE4_ZeroEditor in 3.7150698 seconds
[2017.06.18-09.38.38:992][722]CompilerResultsLog: Info Performing 3 actions (4 in parallel)
[2017.06.18-09.38.38:992][722]CompilerResultsLog: Info PlayerZero.cpp
[2017.06.18-09.38.38:992][722]CompilerResultsLog: Info [2/3] Link UE4Editor-UE4_Zero-2044.dll
[2017.06.18-09.38.38:992][722]CompilerResultsLog: Info [3/3] Link UE4Editor-UE4_Zero-2044.lib
[2017.06.18-09.38.38:992][722]CompilerResultsLog: Info    Creating library C:\Users\Marcus\Desktop\GitHub\UE4-Zero\UE4_Zero\Intermediate\Build\Win64\UE4Editor\Development\UE4Editor-UE4_Zero-2044.lib and object C:\Users\Marcus\Desktop\GitHub\UE4-Zero\UE4_Zero\Intermediate\Build\Win64\UE4Editor\Development\UE4Editor-UE4_Zero-2044.exp
[2017.06.18-09.38.38:992][722]CompilerResultsLog: Info    Creating library C:\Users\Marcus\Desktop\GitHub\UE4-Zero\UE4_Zero\Intermediate\Build\Win64\UE4Editor\Development\UE4Editor-UE4_Zero-2044.suppressed.lib and object C:\Users\Marcus\Desktop\GitHub\UE4-Zero\UE4_Zero\Intermediate\Build\Win64\UE4Editor\Development\UE4Editor-UE4_Zero-2044.suppressed.exp
[2017.06.18-09.38.38:992][722]CompilerResultsLog: Info Total build time: 11.10 seconds (Local executor: 3.15 seconds)
[2017.06.18-09.38.38:992][722]LogMainFrame: MainFrame: Module compiling took 11.498 seconds
[2017.06.18-09.38.39:164][722]LogContentBrowser: Native class hierarchy updated for 'UE4_Zero' in 0.0028 seconds. Added 6 classes and 2 folders.
[2017.06.18-09.38.39:165][722]Display: HotReload successful (0 functions remapped  0 scriptstructs remapped)
[2017.06.18-09.38.39:194][722]LogContentBrowser: Native class hierarchy populated in 0.0109 seconds. Added 2253 classes and 459 folders.
[2017.06.18-09.38.39:194][722]Display: HotReload took 11.7s.
[2017.06.18-09.38.43:192][202]LogTemp: Repeting last play command: Selected Viewport
[2017.06.18-09.38.43:203][202]LogPlayLevel: PlayLevel: No blueprints needed recompiling
[2017.06.18-09.38.43:203][202]PIE: New page: PIE session: Start (18 Jun 2017 11:38:43)
[2017.06.18-09.38.43:203][202]LogPlayLevel: Creating play world package: /Game/Maps/UEDPIE_0_Start
[2017.06.18-09.38.43:205][202]LogPlayLevel: PIE: StaticDuplicateObject took: (0.001681s)
[2017.06.18-09.38.43:206][202]LogAIModule: Creating AISystem for world Start
[2017.06.18-09.38.43:206][202]LogPlayLevel: PIE: World Init took: (0.000796s)
[2017.06.18-09.38.43:206][202]LogPlayLevel: PIE: Created PIE world by copying editor world from /Game/Maps/Start.Start to /Game/Maps/UEDPIE_0_Start.Start (0.002676s)
[2017.06.18-09.38.43:217][202]LogInit: XAudio2 using 'Digital Audio (S/PDIF) (High Definition Audio Device)' : 2 channels at 44.1 kHz using 16 bits per sample (channel mask 0x3)
[2017.06.18-09.38.43:224][202]LogInit: FAudioDevice initialized.
[2017.06.18-09.38.43:256][202]LogLoad: Game class is 'My_UE4_ZeroGameModeBase_C'
[2017.06.18-09.38.43:258][202]LogWorld: Bringing World /Game/Maps/UEDPIE_0_Start.Start up for play (max tick rate 0) at 2017.06.18-10.38.43
[2017.06.18-09.38.43:258][202]LogWorld: Bringing up level for play took: 0.000923
[2017.06.18-09.38.43:259][202]PIE: Info Play in editor start time for /Game/Maps/UEDPIE_0_Start 0.42
[2017.06.18-09.38.59:352][ 62]LogSlate: Took 0.000222 seconds to synchronously load lazily loaded font '../../../Engine/Content/Slate/Fonts/Roboto-Regular.ttf' (155K)
[2017.06.18-09.38.59:695][ 62]LogContentBrowser: Native class hierarchy updated for 'BlueprintGraph' in 0.0030 seconds. Added 112 classes and 0 folders.
[2017.06.18-09.39.00:598][ 62]LogSlate: Took 0.012203 seconds to synchronously load lazily loaded font '../../../Engine/Content/Editor/Slate/Fonts/Roboto-BoldCondensed.ttf' (158K)
[2017.06.18-09.39.02:813][241]LogRenderer: Reallocating scene render targets to support 1208x900 NumSamples 1 (Frame:292745).
[2017.06.18-09.48.34:765][ 29]LogMetaData: Removing '/Game/Blueprints/BP_PlayerZero.BP_PlayerZero:UserConstructionScript.K2Node_FunctionEntry_0' ref from Metadata '/Game/BP_PlayerZero.PackageMetaData'
[2017.06.18-09.48.34:765][ 29]LogMetaData: Removing '/Game/Blueprints/BP_PlayerZero.BP_PlayerZero_C:UserConstructionScript' ref from Metadata '/Game/BP_PlayerZero.PackageMetaData'
[2017.06.18-09.48.34:765][ 29]LogMetaData: Removing '/Game/Blueprints/BP_PlayerZero.BP_PlayerZero_C' ref from Metadata '/Game/BP_PlayerZero.PackageMetaData'
[2017.06.18-09.48.34:765][ 29]LogMetaData: Removing '/Game/Blueprints/BP_PlayerZero.BP_PlayerZero:EventGraph.K2Node_Event_0' ref from Metadata '/Game/BP_PlayerZero.PackageMetaData'
[2017.06.18-09.48.34:765][ 29]LogMetaData: Removing '/Game/Blueprints/BP_PlayerZero.BP_PlayerZero:EventGraph.K2Node_Event_1' ref from Metadata '/Game/BP_PlayerZero.PackageMetaData'
[2017.06.18-09.48.34:765][ 29]LogMetaData: Removing '/Game/Blueprints/BP_PlayerZero.BP_PlayerZero:EventGraph.K2Node_Event_2' ref from Metadata '/Game/BP_PlayerZero.PackageMetaData'
[2017.06.18-09.48.34:765][ 29]LogMetaData: Removing '/Game/Blueprints/BP_PlayerZero.BP_PlayerZero_C:IMG_6438_Alpha_Sprite_4' ref from Metadata '/Game/BP_PlayerZero.PackageMetaData'
[2017.06.18-09.48.34:765][ 29]LogMetaData: Removing '/Game/Blueprints/BP_PlayerZero.SKEL_BP_PlayerZero_C:IMG_6438_Alpha_Sprite_4' ref from Metadata '/Game/BP_PlayerZero.PackageMetaData'
[2017.06.18-09.48.34:765][ 29]LogMetaData: Removing '/Game/Blueprints/BP_PlayerZero.SKEL_BP_PlayerZero_C:UserConstructionScript' ref from Metadata '/Game/BP_PlayerZero.PackageMetaData'
[2017.06.18-09.48.34:765][ 29]LogMetaData: Removing '/Game/Blueprints/BP_PlayerZero.SKEL_BP_PlayerZero_C' ref from Metadata '/Game/BP_PlayerZero.PackageMetaData'
[2017.06.18-09.48.34:783][ 29]Cmd: OBJ SAVEPACKAGE PACKAGE="/Game/Blueprints/BP_PlayerZero" FILE="../../../../../../Users/Marcus/Desktop/GitHub/UE4-Zero/UE4_Zero/Content/Blueprints/BP_PlayerZero.uasset" SILENT=true
[2017.06.18-09.48.34:802][ 29]LogSavePackage: Save=17.48ms
[2017.06.18-09.48.34:802][ 29]LogSavePackage: Moving '../../../../../../Users/Marcus/Desktop/GitHub/UE4-Zero/UE4_Zero/Saved/BP_PlayerZeroE06AE8F14C21549EBC9282A3A8053D00.tmp' to '../../../../../../Users/Marcus/Desktop/GitHub/UE4-Zero/UE4_Zero/Content/Blueprints/BP_PlayerZero.uasset'
[2017.06.18-09.48.34:808][ 29]LogSavePackage:Display: Finished SavePackage ../../../../../../Users/Marcus/Desktop/GitHub/UE4-Zero/UE4_Zero/Content/Blueprints/BP_PlayerZero.uasset
[2017.06.18-09.48.34:943][ 29]Cmd: OBJ SAVEPACKAGE PACKAGE="/Game/Blueprints/My_UE4_ZeroGameModeBase" FILE="../../../../../../Users/Marcus/Desktop/GitHub/UE4-Zero/UE4_Zero/Content/Blueprints/My_UE4_ZeroGameModeBase.uasset" SILENT=true
[2017.06.18-09.48.34:975][ 29]LogSavePackage: Save=7.98ms
[2017.06.18-09.48.34:975][ 29]LogSavePackage: Moving '../../../../../../Users/Marcus/Desktop/GitHub/UE4-Zero/UE4_Zero/Saved/My_UE4_ZeroGameModeBase7043CDBD470156E79823B4AAE71AEE78.tmp' to '../../../../../../Users/Marcus/Desktop/GitHub/UE4-Zero/UE4_Zero/Content/Blueprints/My_UE4_ZeroGameModeBase.uasset'
[2017.06.18-09.48.34:979][ 29]LogSavePackage:Display: Finished SavePackage ../../../../../../Users/Marcus/Desktop/GitHub/UE4-Zero/UE4_Zero/Content/Blueprints/My_UE4_ZeroGameModeBase.uasset
[2017.06.18-09.48.51:527][837]LogVSAccessor:Warning: Couldn't goto line number '0' in 'C:/Users/Marcus/Desktop/GitHub/UE4-Zero/UE4_Zero/Source/UE4_Zero/my_Controler.h'
[2017.06.18-09.48.51:607][837]LogVSAccessor:Warning: Couldn't goto line number '0' in 'C:/Users/Marcus/Desktop/GitHub/UE4-Zero/UE4_Zero/Source/UE4_Zero/my_Controler.cpp'
[2017.06.18-09.49.14:137][241]LogVSAccessor:Warning: Couldn't goto line number '0' in 'C:/Users/Marcus/Desktop/GitHub/UE4-Zero/UE4_Zero/Source/UE4_Zero/my_Controler.h'
[2017.06.18-09.49.14:206][241]LogVSAccessor:Warning: Couldn't goto line number '0' in 'C:/Users/Marcus/Desktop/GitHub/UE4-Zero/UE4_Zero/Source/UE4_Zero/my_Controler.cpp'
[2017.06.18-09.50.35:394][455]LogWindowsTextInputMethodSystem:Display: IME system now deactivated.
[2017.06.18-09.50.35:617][456]Cmd: QUIT_EDITOR
[2017.06.18-09.50.36:044][456]LogExit: Preparing to exit.
[2017.06.18-09.50.37:101][456]LogDirectoryWatcher: A directory notification for 'C:/Users/Marcus/Desktop/GitHub/UE4-Zero/UE4_Zero/Content/' was aborted.
[2017.06.18-09.50.37:126][456]LogExit: Editor shut down
[2017.06.18-09.50.37:127][456]LogExit: Transaction tracking system shut down
[2017.06.18-09.50.37:213][456]LogObj: Freed 0b from 0 cluster array pools.
[2017.06.18-09.50.37:213][456]LogExit: Object subsystem successfully closed.
[2017.06.18-09.50.37:223][456]LogD3D11RHI: Shutdown
[2017.06.18-09.50.37:223][456]LogD3D11RHI: CleanupD3DDevice
[2017.06.18-09.50.37:300][456]LogD3D11RHI: ~FD3D11DynamicRHI
[2017.06.18-09.50.37:347][456]LogModuleManager: Shutting down and abandoning module BlueprintGraph (511)
[2017.06.18-09.50.37:347][456]LogModuleManager: Shutting down and abandoning module BlueprintProfiler (509)
[2017.06.18-09.50.37:347][456]LogModuleManager: Shutting down and abandoning module UE4_Zero (507)
[2017.06.18-09.50.37:347][456]LogModuleManager: Shutting down and abandoning module MovieSceneCapture (504)
[2017.06.18-09.50.37:347][456]LogModuleManager: Shutting down and abandoning module HierarchicalLODOutliner (502)
[2017.06.18-09.50.37:347][456]LogModuleManager: Shutting down and abandoning module ExternalImagePicker (500)
[2017.06.18-09.50.37:347][456]LogModuleManager: Shutting down and abandoning module CrashTracker (498)
[2017.06.18-09.50.37:347][456]LogModuleManager: Shutting down and abandoning module SceneOutliner (496)
[2017.06.18-09.50.37:347][456]LogModuleManager: Shutting down and abandoning module AddContentDialog (494)
[2017.06.18-09.50.37:347][456]LogDirectoryWatcher: A directory notification for 'C:/Program Files/Epic Games/UE_4.15/FeaturePacks/' was aborted.
[2017.06.18-09.50.37:348][456]LogModuleManager: Shutting down and abandoning module WidgetCarousel (493)
[2017.06.18-09.50.37:348][456]LogModuleManager: Shutting down and abandoning module EditorWidgets (490)
[2017.06.18-09.50.37:348][456]LogModuleManager: Shutting down and abandoning module CollectionManager (488)
[2017.06.18-09.50.37:348][456]LogDirectoryWatcher: A directory notification for 'C:/Users/Marcus/Desktop/GitHub/UE4-Zero/UE4_Zero/Content/Collections/' was aborted.
[2017.06.18-09.50.37:348][456]LogDirectoryWatcher: A directory notification for 'C:/Users/Marcus/Desktop/GitHub/UE4-Zero/UE4_Zero/Content/Developers/Marcus/Collections/' was aborted.
[2017.06.18-09.50.37:348][456]LogDirectoryWatcher: A directory notification for 'C:/Users/Marcus/Desktop/GitHub/UE4-Zero/UE4_Zero/Saved/Collections/' was aborted.
[2017.06.18-09.50.37:348][456]LogModuleManager: Shutting down and abandoning module StatsViewer (486)
[2017.06.18-09.50.37:348][456]LogModuleManager: Shutting down and abandoning module FoliageEdit (484)
[2017.06.18-09.50.37:349][456]LogModuleManager: Shutting down and abandoning module LandscapeEditor (482)
[2017.06.18-09.50.37:349][456]LogModuleManager: Shutting down and abandoning module SceneDepthPickerMode (480)
[2017.06.18-09.50.37:349][456]LogModuleManager: Shutting down and abandoning module ActorPickerMode (478)
[2017.06.18-09.50.37:349][456]LogModuleManager: Shutting down and abandoning module GeometryMode (476)
[2017.06.18-09.50.37:349][456]LogModuleManager: Shutting down and abandoning module TextureAlignMode (474)
[2017.06.18-09.50.37:349][456]LogModuleManager: Shutting down and abandoning module BspMode (472)
[2017.06.18-09.50.37:349][456]LogModuleManager: Shutting down and abandoning module HardwareSurvey (470)
[2017.06.18-09.50.37:349][456]LogModuleManager: Shutting down and abandoning module SequenceRecorderSections (468)
[2017.06.18-09.50.37:349][456]LogModuleManager: Shutting down and abandoning module AutomationWorker (466)
[2017.06.18-09.50.37:349][456]LogModuleManager: Shutting down and abandoning module MatineeToLevelSequence (464)
[2017.06.18-09.50.37:349][456]LogModuleManager: Shutting down and abandoning module LevelSequenceEditor (462)
[2017.06.18-09.50.37:349][456]LogModuleManager: Shutting down and abandoning module PlacementMode (461)
[2017.06.18-09.50.37:349][456]LogModuleManager: Shutting down and abandoning module WmfMediaFactory (458)
[2017.06.18-09.50.37:349][456]LogModuleManager: Shutting down and abandoning module WmfMediaEditor (456)
[2017.06.18-09.50.37:349][456]LogModuleManager: Shutting down and abandoning module MfMediaFactory (454)
[2017.06.18-09.50.37:349][456]LogModuleManager: Shutting down and abandoning module MfMediaEditor (452)
[2017.06.18-09.50.37:349][456]LogModuleManager: Shutting down and abandoning module AvfMediaFactory (450)
[2017.06.18-09.50.37:349][456]LogModuleManager: Shutting down and abandoning module AvfMediaEditor (448)
[2017.06.18-09.50.37:349][456]LogModuleManager: Shutting down and abandoning module AndroidMediaFactory (446)
[2017.06.18-09.50.37:349][456]LogModuleManager: Shutting down and abandoning module Media (445)
[2017.06.18-09.50.37:349][456]LogModuleManager: Shutting down and abandoning module AndroidMediaEditor (442)
[2017.06.18-09.50.37:349][456]LogModuleManager: Shutting down and abandoning module CharacterAI (440)
[2017.06.18-09.50.37:349][456]LogModuleManager: Shutting down and abandoning module AudioCapture (438)
[2017.06.18-09.50.37:349][456]LogModuleManager: Shutting down and abandoning module SequenceRecorder (437)
[2017.06.18-09.50.37:349][456]LogModuleManager: Shutting down and abandoning module SmartSnapping (434)
[2017.06.18-09.50.37:349][456]LogModuleManager: Shutting down and abandoning module SessionServices (432)
[2017.06.18-09.50.37:349][456]LogModuleManager: Shutting down and abandoning module ViewportSnapping (430)
[2017.06.18-09.50.37:349][456]LogModuleManager: Shutting down and abandoning module ViewportInteraction (428)
[2017.06.18-09.50.37:349][456]LogModuleManager: Shutting down and abandoning module LogVisualizer (426)
[2017.06.18-09.50.37:349][456]LogModuleManager: Shutting down and abandoning module IntroTutorials (424)
[2017.06.18-09.50.37:349][456]LogModuleManager: Shutting down and abandoning module GameProjectGeneration (423)
[2017.06.18-09.50.37:349][456]LogModuleManager: Shutting down and abandoning module EditorLiveStreaming (420)
[2017.06.18-09.50.37:349][456]LogModuleManager: Shutting down and abandoning module IOSPlatformEditor (418)
[2017.06.18-09.50.37:349][456]LogModuleManager: Shutting down and abandoning module HTML5PlatformEditor (416)
[2017.06.18-09.50.37:349][456]LogModuleManager: Shutting down and abandoning module AndroidPlatformEditor (414)
[2017.06.18-09.50.37:349][456]LogModuleManager: Shutting down and abandoning module AndroidDeviceDetection (413)
[2017.06.18-09.50.37:493][456]LogModuleManager: Shutting down and abandoning module IOSRuntimeSettings (410)
[2017.06.18-09.50.37:493][456]LogModuleManager: Shutting down and abandoning module AndroidRuntimeSettings (408)
[2017.06.18-09.50.37:493][456]LogModuleManager: Shutting down and abandoning module InputBindingEditor (406)
[2017.06.18-09.50.37:493][456]LogModuleManager: Shutting down and abandoning module NiagaraEditor (404)
[2017.06.18-09.50.37:493][456]LogModuleManager: Shutting down and abandoning module MergeActors (402)
[2017.06.18-09.50.37:493][456]LogModuleManager: Shutting down and abandoning module SizeMap (400)
[2017.06.18-09.50.37:493][456]LogModuleManager: Shutting down and abandoning module TreeMap (398)
[2017.06.18-09.50.37:493][456]LogModuleManager: Shutting down and abandoning module ReferenceViewer (396)
[2017.06.18-09.50.37:493][456]LogModuleManager: Shutting down and abandoning module LocalizationDashboard (394)
[2017.06.18-09.50.37:493][456]LogModuleManager: Shutting down and abandoning module LocalizationService (393)
[2017.06.18-09.50.37:494][456]LogModuleManager: Shutting down and abandoning module HardwareTargeting (390)
[2017.06.18-09.50.37:494][456]LogModuleManager: Shutting down and abandoning module DeviceProfileEditor (388)
[2017.06.18-09.50.37:494][456]LogModuleManager: Shutting down and abandoning module UndoHistory (386)
[2017.06.18-09.50.37:494][456]LogModuleManager: Shutting down and abandoning module UserFeedback (384)
[2017.06.18-09.50.37:494][456]LogModuleManager: Shutting down and abandoning module XmlParser (382)
[2017.06.18-09.50.37:494][456]LogModuleManager: Shutting down and abandoning module Blutility (380)
[2017.06.18-09.50.37:494][456]LogModuleManager: Shutting down and abandoning module ProjectSettingsViewer (378)
[2017.06.18-09.50.37:494][456]LogModuleManager: Shutting down and abandoning module ProjectTargetPlatformEditor (377)
[2017.06.18-09.50.37:494][456]LogModuleManager: Shutting down and abandoning module EditorSettingsViewer (374)
[2017.06.18-09.50.37:494][456]LogModuleManager: Shutting down and abandoning module SettingsEditor (372)
[2017.06.18-09.50.37:494][456]LogModuleManager: Shutting down and abandoning module ProjectLauncher (370)
[2017.06.18-09.50.37:494][456]LogModuleManager: Shutting down and abandoning module SessionFrontend (368)
[2017.06.18-09.50.37:494][456]LogModuleManager: Shutting down and abandoning module ProfilerClient (366)
[2017.06.18-09.50.37:494][456]LogModuleManager: Shutting down and abandoning module DeviceManager (364)
[2017.06.18-09.50.37:494][456]LogModuleManager: Shutting down and abandoning module TargetDeviceServices (363)
[2017.06.18-09.50.37:538][456]LogModuleManager: Shutting down and abandoning module AutomationController (360)
[2017.06.18-09.50.37:538][456]LogModuleManager: Shutting down and abandoning module AutomationWindow (358)
[2017.06.18-09.50.37:538][456]LogModuleManager: Shutting down and abandoning module Layers (356)
[2017.06.18-09.50.37:538][456]LogModuleManager: Shutting down and abandoning module ComponentVisualizers (354)
[2017.06.18-09.50.37:538][456]LogModuleManager: Shutting down and abandoning module DetailCustomizations (352)
[2017.06.18-09.50.37:538][456]LogModuleManager: Shutting down and abandoning module PackagesDialog (350)
[2017.06.18-09.50.37:538][456]LogModuleManager: Shutting down and abandoning module Persona (348)
[2017.06.18-09.50.37:538][456]LogModuleManager: Shutting down and abandoning module AnimGraph (347)
[2017.06.18-09.50.37:538][456]LogModuleManager: Shutting down and abandoning module Kismet (344)
[2017.06.18-09.50.37:543][456]LogModuleManager: Shutting down and abandoning module GraphEditor (342)
[2017.06.18-09.50.37:543][456]LogModuleManager: Shutting down and abandoning module ClassViewer (340)
[2017.06.18-09.50.37:544][456]LogModuleManager: Shutting down and abandoning module Toolbox (338)
[2017.06.18-09.50.37:544][456]LogModuleManager: Shutting down and abandoning module ModuleUI (336)
[2017.06.18-09.50.37:544][456]LogModuleManager: Shutting down and abandoning module MovieSceneTools (334)
[2017.06.18-09.50.37:544][456]LogModuleManager: Shutting down and abandoning module OutputLog (332)
[2017.06.18-09.50.37:544][456]LogModuleManager: Shutting down and abandoning module GammaUI (330)
[2017.06.18-09.50.37:544][456]LogModuleManager: Shutting down and abandoning module Documentation (328)
[2017.06.18-09.50.37:544][456]LogModuleManager: Shutting down and abandoning module Niagara (326)
[2017.06.18-09.50.37:544][456]LogModuleManager: Shutting down and abandoning module StreamingPauseRendering (324)
[2017.06.18-09.50.37:544][456]LogModuleManager: Shutting down and abandoning module AnalyticsET (322)
[2017.06.18-09.50.37:544][456]LogModuleManager: Shutting down and abandoning module PortalServices (320)
[2017.06.18-09.50.37:544][456]LogModuleManager: Shutting down and abandoning module PortalRpc (318)
[2017.06.18-09.50.37:544][456]LogModuleManager: Shutting down and abandoning module MessagingRpc (316)
[2017.06.18-09.50.37:544][456]LogModuleManager: Shutting down and abandoning module AIModule (314)
[2017.06.18-09.50.37:544][456]LogModuleManager: Shutting down and abandoning module GameplayDebugger (313)
[2017.06.18-09.50.37:544][456]LogModuleManager: Shutting down and abandoning module AITestSuite (311)
[2017.06.18-09.50.37:544][456]LogModuleManager: Shutting down and abandoning module ProfilerService (308)
[2017.06.18-09.50.37:789][456]LogModuleManager: Shutting down and abandoning module TaskGraph (306)
[2017.06.18-09.50.37:789][456]LogModuleManager: Shutting down and abandoning module SteamVRController (304)
[2017.06.18-09.50.37:789][456]LogModuleManager: Shutting down and abandoning module SteamVR (302)
[2017.06.18-09.50.37:789][456]LogModuleManager: Shutting down and abandoning module ProceduralMeshComponentEditor (300)
[2017.06.18-09.50.37:789][456]LogModuleManager: Shutting down and abandoning module ProceduralMeshComponent (298)
[2017.06.18-09.50.37:789][456]LogModuleManager: Shutting down and abandoning module OculusLibrary (296)
[2017.06.18-09.50.37:789][456]LogModuleManager: Shutting down and abandoning module OculusInput (294)
[2017.06.18-09.50.37:789][456]LogModuleManager: Shutting down and abandoning module MobilePatchingUtils (292)
[2017.06.18-09.50.37:789][456]LogModuleManager: Shutting down and abandoning module CustomMeshComponent (290)
[2017.06.18-09.50.37:789][456]LogModuleManager: Shutting down and abandoning module CableComponent (288)
[2017.06.18-09.50.37:789][456]LogModuleManager: Shutting down and abandoning module ArchVisCharacter (286)
[2017.06.18-09.50.37:789][456]LogModuleManager: Shutting down and abandoning module MediaPlayerEditor (282)
[2017.06.18-09.50.37:789][456]LogModuleManager: Shutting down and abandoning module HTML5Networking (280)
[2017.06.18-09.50.37:789][456]LogModuleManager: Shutting down and abandoning module AlembicImporter (278)
[2017.06.18-09.50.37:789][456]LogModuleManager: Shutting down and abandoning module AlembicLibrary (277)
[2017.06.18-09.50.37:789][456]LogModuleManager: Shutting down and abandoning module GeometryCache (276)
[2017.06.18-09.50.37:789][456]LogModuleManager: Shutting down and abandoning module GeometryCacheEd (275)
[2017.06.18-09.50.37:789][456]LogModuleManager: Shutting down and abandoning module SuperSearchEditor (270)
[2017.06.18-09.50.37:789][456]LogModuleManager: Shutting down and abandoning module SuperSearch (269)
[2017.06.18-09.50.37:789][456]LogModuleManager: Shutting down and abandoning module SpeedTreeImporter (266)
[2017.06.18-09.50.37:789][456]LogModuleManager: Shutting down and abandoning module PluginBrowser (264)
[2017.06.18-09.50.37:789][456]LogModuleManager: Shutting down and abandoning module MobileLauncherProfileWizard (262)
[2017.06.18-09.50.37:789][456]LogModuleManager: Shutting down and abandoning module EpicSurvey (260)
[2017.06.18-09.50.37:789][456]LogModuleManager: Shutting down and abandoning module VisualStudioSourceCodeAccess (258)
[2017.06.18-09.50.37:790][456]LogModuleManager: Shutting down and abandoning module DesktopPlatform (257)
[2017.06.18-09.50.37:790][456]LogModuleManager: Shutting down and abandoning module UObjectPlugin (254)
[2017.06.18-09.50.37:790][456]LogModuleManager: Shutting down and abandoning module SubversionSourceControl (252)
[2017.06.18-09.50.37:790][456]LogModuleManager: Shutting down and abandoning module PerforceSourceControl (250)
[2017.06.18-09.50.37:790][456]LogModuleManager: Shutting down and abandoning module GitSourceControl (248)
[2017.06.18-09.50.37:790][456]LogModuleManager: Shutting down and abandoning module SourceControl (247)
[2017.06.18-09.50.37:790][456]LogModuleManager: Shutting down and abandoning module LightPropagationVolumeEditor (244)
[2017.06.18-09.50.37:790][456]LogModuleManager: Shutting down and abandoning module PaperTiledImporter (242)
[2017.06.18-09.50.37:790][456]LogModuleManager: Shutting down and abandoning module PaperSpriteSheetImporter (240)
[2017.06.18-09.50.37:790][456]LogModuleManager: Shutting down and abandoning module Paper2DEditor (238)
[2017.06.18-09.50.37:790][456]LogModuleManager: Shutting down and abandoning module MeshPaint (237)
[2017.06.18-09.50.37:790][456]LogModuleManager: Shutting down and abandoning module LevelEditor (235)
[2017.06.18-09.50.37:791][456]LogModuleManager: Shutting down and abandoning module PixelInspectorModule (234)
[2017.06.18-09.50.37:791][456]LogModuleManager: Shutting down and abandoning module MainFrame (232)
[2017.06.18-09.50.37:791][456]LogModuleManager: Shutting down and abandoning module HotReload (231)
[2017.06.18-09.50.37:791][456]LogDirectoryWatcher: A directory notification for 'C:/Users/Marcus/Desktop/GitHub/UE4-Zero/UE4_Zero/Binaries/Win64' was aborted.
[2017.06.18-09.50.37:791][456]LogModuleManager: Shutting down and abandoning module ContentBrowser (227)
[2017.06.18-09.50.37:792][456]LogModuleManager: Shutting down and abandoning module PhysXVehiclesEditor (222)
[2017.06.18-09.50.37:792][456]LogModuleManager: Shutting down and abandoning module PhysXVehicles (220)
[2017.06.18-09.50.37:792][456]LogModuleManager: Shutting down and abandoning module LocationServicesBPLibrary (218)
[2017.06.18-09.50.37:792][456]LogModuleManager: Shutting down and abandoning module UdpMessaging (216)
[2017.06.18-09.50.37:893][456]LogModuleManager: Shutting down and abandoning module TcpMessaging (214)
[2017.06.18-09.50.37:993][456]LogModuleManager: Shutting down and abandoning module GameplayTagsEditor (212)
[2017.06.18-09.50.37:993][456]LogModuleManager: Shutting down and abandoning module FacialAnimationEditor (210)
[2017.06.18-09.50.37:993][456]LogModuleManager: Shutting down and abandoning module FacialAnimation (208)
[2017.06.18-09.50.37:993][456]LogModuleManager: Shutting down and abandoning module LightPropagationVolumeRuntime (206)
[2017.06.18-09.50.37:993][456]LogModuleManager: Shutting down and abandoning module Paper2D (204)
[2017.06.18-09.50.37:993][456]LogModuleManager: Shutting down and abandoning module WindowsMoviePlayer (202)
[2017.06.18-09.50.37:993][456]LogModuleManager: Shutting down and abandoning module WmfMedia (200)
[2017.06.18-09.50.37:993][456]LogModuleManager: Shutting down and abandoning module MfMedia (198)
[2017.06.18-09.50.37:993][456]LogModuleManager: Shutting down and abandoning module MediaAssets (196)
[2017.06.18-09.50.37:993][456]LogModuleManager: Shutting down and abandoning module GameLiveStreaming (194)
[2017.06.18-09.50.37:993][456]LogModuleManager: Shutting down and abandoning module VREditor (192)
[2017.06.18-09.50.37:993][456]LogModuleManager: Shutting down and abandoning module GameplayTasksEditor (190)
[2017.06.18-09.50.37:993][456]LogModuleManager: Shutting down and abandoning module BehaviorTreeEditor (188)
[2017.06.18-09.50.37:993][456]LogModuleManager: Shutting down and abandoning module FunctionalTesting (186)
[2017.06.18-09.50.37:993][456]LogModuleManager: Shutting down and abandoning module CollisionAnalyzer (184)
[2017.06.18-09.50.37:993][456]LogModuleManager: Shutting down and abandoning module UMG (182)
[2017.06.18-09.50.37:993][456]LogModuleManager: Shutting down and abandoning module UMGEditor (181)
[2017.06.18-09.50.37:993][456]LogModuleManager: Shutting down and abandoning module Sequencer (180)
[2017.06.18-09.50.37:993][456]LogModuleManager: Shutting down and abandoning module AssetTools (178)
[2017.06.18-09.50.37:993][456]LogModuleManager: Shutting down and abandoning module MessageLog (177)
[2017.06.18-09.50.37:993][456]LogModuleManager: Shutting down and abandoning module WorkspaceMenuStructure (176)
[2017.06.18-09.50.37:993][456]LogModuleManager: Shutting down and abandoning module SlateReflector (170)
[2017.06.18-09.50.37:993][456]LogModuleManager: Shutting down and abandoning module Slate (168)
[2017.06.18-09.50.37:993][456]LogModuleManager: Shutting down and abandoning module EditorStyle (166)
[2017.06.18-09.50.37:999][456]LogModuleManager: Shutting down and abandoning module SourceCodeAccess (164)
[2017.06.18-09.50.37:999][456]LogModuleManager: Shutting down and abandoning module HeadMountedDisplay (162)
[2017.06.18-09.50.37:999][456]LogModuleManager: Shutting down and abandoning module XAudio2 (160)
[2017.06.18-09.50.37:999][456]LogModuleManager: Shutting down and abandoning module Networking (158)
[2017.06.18-09.50.37:999][456]LogModuleManager: Shutting down and abandoning module Core (154)
[2017.06.18-09.50.37:999][456]LogModuleManager: Shutting down and abandoning module AssetRegistry (152)
[2017.06.18-09.50.38:202][456]LogDirectoryWatcher: A directory notification for '../../../Engine/Content/' was aborted.
[2017.06.18-09.50.38:202][456]LogDirectoryWatcher: A directory notification for '../../../../../../Users/Marcus/Desktop/GitHub/UE4-Zero/UE4_Zero/Content/' was aborted.
[2017.06.18-09.50.38:202][456]LogDirectoryWatcher: A directory notification for '../../../Engine/Plugins/2D/Paper2D/Content/' was aborted.
[2017.06.18-09.50.38:202][456]LogModuleManager: Shutting down and abandoning module DirectoryWatcher (151)
[2017.06.18-09.50.38:203][456]LogModuleManager: Shutting down and abandoning module KismetCompiler (148)
[2017.06.18-09.50.38:203][456]LogModuleManager: Shutting down and abandoning module PhysXFormats (146)
[2017.06.18-09.50.38:203][456]LogModuleManager: Shutting down and abandoning module MeshUtilities (144)
[2017.06.18-09.50.38:203][456]LogModuleManager: Shutting down and abandoning module SimplygonSwarm (143)
[2017.06.18-09.50.38:203][456]LogModuleManager: Shutting down and abandoning module SimplygonMeshReduction (141)
[2017.06.18-09.50.38:203][456]LogModuleManager: Shutting down and abandoning module QuadricMeshReduction (139)
[2017.06.18-09.50.38:203][456]LogModuleManager: Shutting down and abandoning module PropertyEditor (137)
[2017.06.18-09.50.38:203][456]LogModuleManager: Shutting down and abandoning module DerivedDataCache (134)
[2017.06.18-09.50.38:270][456]LogDerivedDataCache: Shutdown
[2017.06.18-09.50.38:270][456]LogModuleManager: Shutting down and abandoning module TargetPlatform (132)
[2017.06.18-09.50.38:270][456]LogModuleManager: Shutting down and abandoning module VulkanShaderFormat (131)
[2017.06.18-09.50.38:270][456]LogModuleManager: Shutting down and abandoning module ShaderFormatOpenGL (129)
[2017.06.18-09.50.38:270][456]LogModuleManager: Shutting down and abandoning module ShaderFormatD3D (127)
[2017.06.18-09.50.38:270][456]LogModuleManager: Shutting down and abandoning module MetalShaderFormat (125)
[2017.06.18-09.50.38:270][456]LogModuleManager: Shutting down and abandoning module TextureFormatUncompressed (123)
[2017.06.18-09.50.38:270][456]LogModuleManager: Shutting down and abandoning module TextureFormatPVR (121)
[2017.06.18-09.50.38:270][456]LogModuleManager: Shutting down and abandoning module TextureFormatDXT (119)
[2017.06.18-09.50.38:270][456]LogModuleManager: Shutting down and abandoning module TextureFormatIntelISPCTexComp (117)
[2017.06.18-09.50.38:271][456]LogModuleManager: Shutting down and abandoning module TextureFormatASTC (115)
[2017.06.18-09.50.38:271][456]LogModuleManager: Shutting down and abandoning module ImageWrapper (114)
[2017.06.18-09.50.38:271][456]LogModuleManager: Shutting down and abandoning module TextureFormatAndroid (111)
[2017.06.18-09.50.38:271][456]LogModuleManager: Shutting down and abandoning module AudioFormatOpus (109)
[2017.06.18-09.50.38:271][456]LogModuleManager: Shutting down and abandoning module AudioFormatOgg (107)
[2017.06.18-09.50.38:271][456]LogModuleManager: Shutting down and abandoning module AudioFormatADPCM (105)
[2017.06.18-09.50.38:271][456]LogModuleManager: Shutting down and abandoning module LinuxTargetPlatform (103)
[2017.06.18-09.50.38:271][456]LogModuleManager: Shutting down and abandoning module LinuxServerTargetPlatform (101)
[2017.06.18-09.50.38:271][456]LogModuleManager: Shutting down and abandoning module LinuxNoEditorTargetPlatform (99)
[2017.06.18-09.50.38:271][456]LogModuleManager: Shutting down and abandoning module LinuxClientTargetPlatform (97)
[2017.06.18-09.50.38:271][456]LogModuleManager: Shutting down and abandoning module TVOSTargetPlatform (95)
[2017.06.18-09.50.38:271][456]LogModuleManager: Shutting down and abandoning module Messaging (93)
[2017.06.18-09.50.38:271][456]LogModuleManager: Shutting down and abandoning module IOSTargetPlatform (91)
[2017.06.18-09.50.38:271][456]LogModuleManager: Shutting down and abandoning module HTML5TargetPlatform (89)
[2017.06.18-09.50.38:271][456]LogModuleManager: Shutting down and abandoning module Android_PVRTCTargetPlatform (87)
[2017.06.18-09.50.38:271][456]LogModuleManager: Shutting down and abandoning module Android_MultiTargetPlatform (85)
[2017.06.18-09.50.38:271][456]LogModuleManager: Shutting down and abandoning module Android_ETC2TargetPlatform (83)
[2017.06.18-09.50.38:271][456]LogModuleManager: Shutting down and abandoning module Android_ETC1TargetPlatform (81)
[2017.06.18-09.50.38:271][456]LogModuleManager: Shutting down and abandoning module Android_DXTTargetPlatform (79)
[2017.06.18-09.50.38:271][456]LogModuleManager: Shutting down and abandoning module Android_ATCTargetPlatform (77)
[2017.06.18-09.50.38:271][456]LogModuleManager: Shutting down and abandoning module Android_ASTCTargetPlatform (75)
[2017.06.18-09.50.38:271][456]LogModuleManager: Shutting down and abandoning module AndroidTargetPlatform (73)
[2017.06.18-09.50.38:271][456]LogModuleManager: Shutting down and abandoning module WindowsTargetPlatform (71)
[2017.06.18-09.50.38:271][456]LogModuleManager: Shutting down and abandoning module WindowsServerTargetPlatform (69)
[2017.06.18-09.50.38:271][456]LogModuleManager: Shutting down and abandoning module WindowsNoEditorTargetPlatform (67)
[2017.06.18-09.50.38:271][456]LogModuleManager: Shutting down and abandoning module WindowsClientTargetPlatform (65)
[2017.06.18-09.50.38:271][456]LogModuleManager: Shutting down and abandoning module MacTargetPlatform (63)
[2017.06.18-09.50.38:271][456]LogModuleManager: Shutting down and abandoning module MacServerTargetPlatform (61)
[2017.06.18-09.50.38:271][456]LogModuleManager: Shutting down and abandoning module MacNoEditorTargetPlatform (59)
[2017.06.18-09.50.38:271][456]LogModuleManager: Shutting down and abandoning module MacClientTargetPlatform (57)
[2017.06.18-09.50.38:271][456]LogModuleManager: Shutting down and abandoning module AllDesktopTargetPlatform (55)
[2017.06.18-09.50.38:271][456]LogModuleManager: Shutting down and abandoning module InputCore (52)
[2017.06.18-09.50.38:271][456]LogModuleManager: Shutting down and abandoning module Settings (50)
[2017.06.18-09.50.38:271][456]LogModuleManager: Shutting down and abandoning module OculusRift (48)
[2017.06.18-09.50.38:271][456]LogModuleManager: Shutting down and abandoning module GearVR (46)
[2017.06.18-09.50.38:271][456]LogModuleManager: Shutting down and abandoning module ExampleDeviceProfileSelector (44)
[2017.06.18-09.50.38:271][456]LogModuleManager: Shutting down and abandoning module OnlineBlueprintSupport (42)
[2017.06.18-09.50.38:271][456]LogModuleManager: Shutting down and abandoning module OnlineSubsystem (38)
[2017.06.18-09.50.38:271][456]LogOnline:Display: Unloading online subsystem: NULL
[2017.06.18-09.50.38:271][456]LogModuleManager: Shutting down and abandoning module XMPP (37)
[2017.06.18-09.50.38:271][456]LogModuleManager: Shutting down and abandoning module HTTP (35)
[2017.06.18-09.50.38:271][456]LogHttp:Display: Http module shutting down, but needs to wait on 1 outstanding Http requests:
[2017.06.18-09.50.38:271][456]LogHttp:Display: 	verb=[POST] url=[https://datarouter.ol.epicgames.com/datarouter/api/v1/public/data?SessionID=%7B87AAF447-4566-1326-29D3-799EA7E1A6C5%7D&AppID=UEEditor.Rocket.Release&AppVersion=4.15.3-3450819%2B%2B%2BUE4%2BRelease-4.15&UserID=97d3f40d403ff4a258d6f980a741b4dc%7C969837ba78db4a5a8b4180254925176e%7C81706c51-5e4d-4c53-8181-bc8c50ced6a7&AppEnvironment=datacollector-binary&UploadType=eteventstream] status=Processing
[2017.06.18-09.50.38:286][456]LogModuleManager: Shutting down and abandoning module SSL (34)
[2017.06.18-09.50.38:287][456]LogModuleManager: Shutting down and abandoning module AudioEditor (30)
[2017.06.18-09.50.38:287][456]LogModuleManager: Shutting down and abandoning module TextureCompressor (28)
[2017.06.18-09.50.38:287][456]LogModuleManager: Shutting down and abandoning module ShaderCore (26)
[2017.06.18-09.50.38:287][456]LogModuleManager: Shutting down and abandoning module Landscape (24)
[2017.06.18-09.50.38:287][456]LogModuleManager: Shutting down and abandoning module SlateRHIRenderer (22)
[2017.06.18-09.50.38:289][456]LogModuleManager: Shutting down and abandoning module OpenGLDrv (20)
[2017.06.18-09.50.38:289][456]LogModuleManager: Shutting down and abandoning module D3D11RHI (18)
[2017.06.18-09.50.38:289][456]LogModuleManager: Shutting down and abandoning module AnimGraphRuntime (16)
[2017.06.18-09.50.38:289][456]LogModuleManager: Shutting down and abandoning module Renderer (14)
[2017.06.18-09.50.38:289][456]LogModuleManager: Shutting down and abandoning module Engine (12)
[2017.06.18-09.50.38:289][456]LogModuleManager: Shutting down and abandoning module CoreUObject (10)
[2017.06.18-09.50.38:289][456]LogModuleManager: Shutting down and abandoning module NetworkFile (8)
[2017.06.18-09.50.38:289][456]LogModuleManager: Shutting down and abandoning module StreamingFile (6)
[2017.06.18-09.50.38:289][456]LogModuleManager: Shutting down and abandoning module SandboxFile (4)
[2017.06.18-09.50.38:289][456]LogModuleManager: Shutting down and abandoning module PakFile (2)
[2017.06.18-09.50.38:292][456]LogExit: Exiting.
[2017.06.18-09.50.38:293][456]Log file closed, 06/18/17 10:50:38
