Log file open, 06/21/17 16:50:46
LogInit:Display: Running engine for game: UE4_Zero
LogPlatformFile: Not using cached read wrapper
LogInit:Display: RandInit(-319298324) SRandInit(-319298324).
LogTaskGraph: Started task graph with 5 named threads and 8 total threads with 1 sets of task threads.
LogStats: Stats thread started at 0.161764
LogInit: Using libcurl 7.47.1
LogInit:  - built for x86_64-pc-win32
LogInit:  - supports SSL with OpenSSL/1.0.2g
LogInit:  - supports HTTP deflate (compression) using libz 1.2.8
LogInit:  - other features:
LogInit:      CURL_VERSION_SSL
LogInit:      CURL_VERSION_LIBZ
LogInit:      CURL_VERSION_IPV6
LogInit:      CURL_VERSION_ASYNCHDNS
LogInit:      CURL_VERSION_LARGEFILE
LogInit:      CURL_VERSION_IDN
LogInit:  CurlRequestOptions (configurable via config and command line):
LogInit:  - bVerifyPeer = false  - Libcurl will NOT verify peer certificate
LogInit:  - bUseHttpProxy = false  - Libcurl will NOT use HTTP proxy
LogInit:  - bDontReuseConnections = false  - Libcurl will reuse connections
LogInit:  - CertBundlePath = nullptr  - Libcurl will use whatever was configured at build time.
LogInit: Build: ++UE4+Release-4.15-CL-3450819
LogInit: Engine Version: 4.15.3-3450819+++UE4+Release-4.15
LogInit: Compatible Engine Version: 4.15.0-3299760+++UE4+Release-4.15
LogInit: Net CL: 3299760
LogDevObjectVersion: Number of dev versions registered: 14
LogDevObjectVersion:   Dev-Blueprints (B0D832E4-1F89-4F0D-ACCF-7EB736FD4AA2): 8
LogDevObjectVersion:   Dev-Build (E1C64328-A22C-4D53-A36C-8E866417BD8C): 0
LogDevObjectVersion:   Dev-Core (375EC13C-06E4-48FB-B500-84F0262A717E): 2
LogDevObjectVersion:   Dev-Editor (E4B068ED-F494-42E9-A231-DA0B2E46BB41): 14
LogDevObjectVersion:   Dev-Framework (CFFC743F-43B0-4480-9391-14DF171D2073): 22
LogDevObjectVersion:   Dev-Mobile (B02B49B5-BB20-44E9-A304-32B752E40360): 0
LogDevObjectVersion:   Dev-Networking (A4E4105C-59A1-49B5-A7C5-40C4547EDFEE): 0
LogDevObjectVersion:   Dev-Online (39C831C9-5AE6-47DC-9A44-9C173E1C8E7C): 0
LogDevObjectVersion:   Dev-Physics (78F01B33-EBEA-4F98-B9B4-84EACCB95AA2): 0
LogDevObjectVersion:   Dev-Platform (6631380F-2D4D-43E0-8009-CF276956A95A): 0
LogDevObjectVersion:   Dev-Rendering (12F88B9F-8875-4AFC-A67C-D90C383ABD29): 12
LogDevObjectVersion:   Dev-Sequencer (7B5AE74C-D270-4C10-A958-57980B212A5A): 3
LogDevObjectVersion:   Dev-VR (D7296918-1DD6-4BDD-9DE2-64A83CC13884): 0
LogDevObjectVersion:   Dev-LoadTimes (C2A15278-BFE7-4AFE-6C17-90FF531DF755): 1
LogInit: Compiled (64-bit): May 21 2017 11:02:34
LogInit: Compiled with Visual C++: 19.00.23026.00
LogInit: Build Configuration: Development
LogInit: Branch Name: ++UE4+Release-4.15
LogInit: Command line:  
LogInit: Base directory: C:/Program Files/Epic Games/UE_4.15/Engine/Binaries/Win64/
LogInit: Installed Engine Build: 1
LogInit: Presizing for max 8388607 objects, including 0 objects not considered by GC, pre-allocating 0 bytes for permanent pool.
LogInit: Object subsystem initialized
[2017.06.21-15.50.50:398][  0]LogInit: Selected Device Profile: [Windows]
[2017.06.21-15.50.50:398][  0]LogInit: Applying CVar settings loaded from the selected device profile: [Windows]
[2017.06.21-15.50.50:432][  0]LogInit: Computer: DESKTOP-E3PDIQS
[2017.06.21-15.50.50:432][  0]LogInit: User: Marcus
[2017.06.21-15.50.50:432][  0]LogInit: CPU Page size=65536, Cores=4
[2017.06.21-15.50.50:432][  0]LogInit: High frequency timer resolution =2.929687 MHz
[2017.06.21-15.50.50:432][  0]LogMemory: Memory total: Physical=16.0GB (16GB approx)
[2017.06.21-15.50.50:432][  0]LogMemory: Platform Memory Stats for Windows
[2017.06.21-15.50.50:432][  0]LogMemory: Process Physical Memory: 263.28 MB used, 263.28 MB peak
[2017.06.21-15.50.50:432][  0]LogMemory: Process Virtual Memory: 262.33 MB used, 262.33 MB peak
[2017.06.21-15.50.50:432][  0]LogMemory: Physical Memory: 4984.00 MB used,  11352.43 MB free, 16336.43 MB total
[2017.06.21-15.50.50:432][  0]LogMemory: Virtual Memory: 644.24 MB used,  11352.43 MB free, 134217728.00 MB total
[2017.06.21-15.50.52:350][  0]LogTextLocalizationManager: No specific translations for ('en-GB') exist, so ('en') translations will be used.
[2017.06.21-15.50.57:005][  0]LogD3D11RHI: D3D11 adapters:
[2017.06.21-15.50.57:698][  0]LogD3D11RHI:    0. 'NVIDIA GeForce GTX 1050' (Feature Level 11_0)
[2017.06.21-15.50.57:698][  0]LogD3D11RHI:       2006/0/8168 MB DedicatedVideo/DedicatedSystem/SharedSystem, Outputs:2, VendorId:0x10de
[2017.06.21-15.50.57:700][  0]LogD3D11RHI:    1. 'Microsoft Basic Render Driver' (Feature Level 11_0)
[2017.06.21-15.50.57:700][  0]LogD3D11RHI:       0/0/8168 MB DedicatedVideo/DedicatedSystem/SharedSystem, Outputs:0, VendorId:0x1414
[2017.06.21-15.50.57:700][  0]LogD3D11RHI: Chosen D3D11 Adapter: 0
[2017.06.21-15.50.57:705][  0]LogD3D11RHI: Creating new Direct3DDevice
[2017.06.21-15.50.57:705][  0]LogD3D11RHI:     GPU DeviceId: 0x1c81 (for the marketing name, search the web for "GPU Device Id")
[2017.06.21-15.50.57:705][  0]LogWindows: EnumDisplayDevices:
[2017.06.21-15.50.57:705][  0]LogWindows:    0. 'NVIDIA GeForce GTX 1050' (P:1 D:1)
[2017.06.21-15.50.57:705][  0]LogWindows:    1. 'NVIDIA GeForce GTX 1050' (P:0 D:1)
[2017.06.21-15.50.57:706][  0]LogWindows:    2. 'NVIDIA GeForce GTX 1050' (P:0 D:0)
[2017.06.21-15.50.57:706][  0]LogWindows:    3. 'NVIDIA GeForce GTX 1050' (P:0 D:0)
[2017.06.21-15.50.57:706][  0]LogWindows: DebugString: FoundDriverCount:4 
[2017.06.21-15.50.57:706][  0]LogD3D11RHI:     Adapter Name: NVIDIA GeForce GTX 1050
[2017.06.21-15.50.57:706][  0]LogD3D11RHI:   Driver Version: 382.33 (internal:22.21.13.8233, unified:382.33)
[2017.06.21-15.50.57:706][  0]LogD3D11RHI:      Driver Date: 5-17-2017
[2017.06.21-15.50.57:706][  0]LogRHI: Texture pool is 1361 MB (70% of 1945 MB)
[2017.06.21-15.50.58:399][  0]LogD3D11RHI: Async texture creation enabled
[2017.06.21-15.50.58:595][  0]LogD3D11RHI: GPU Timing Frequency: 1000.000000 (Debug: 2 1)
[2017.06.21-15.50.58:597][  0]LogShaderCompilers: Guid format shader working directory is -16 characters bigger than the processId version (../../../../../../Users/Marcus/Desktop/GitHub/UE4-Zero/UE4_Zero/Intermediate/Shaders/WorkingDirectory/9572/).
[2017.06.21-15.50.58:598][  0]LogShaderCompilers: Cleaned the shader compiler working directory 'C:/Users/Marcus/AppData/Local/Temp/UnrealShaderWorkingDir/E2CB72E3463F2FC9858F2B82F34C629C/'.
[2017.06.21-15.50.58:598][  0]LogShaderCompilers:Display: Using Local Shader Compiler.
[2017.06.21-15.51.00:597][  0]LogTemp:Display: Loaded TP AllDesktopTargetPlatform
[2017.06.21-15.51.00:784][  0]LogTemp:Display: Loaded TP MacClientTargetPlatform
[2017.06.21-15.51.01:014][  0]LogTemp:Display: Loaded TP MacNoEditorTargetPlatform
[2017.06.21-15.51.01:442][  0]LogTemp:Display: Loaded TP MacServerTargetPlatform
[2017.06.21-15.51.01:764][  0]LogTemp:Display: Loaded TP MacTargetPlatform
[2017.06.21-15.51.02:130][  0]LogTemp:Display: Loaded TP WindowsClientTargetPlatform
[2017.06.21-15.51.02:394][  0]LogTemp:Display: Loaded TP WindowsNoEditorTargetPlatform
[2017.06.21-15.51.02:702][  0]LogTemp:Display: Loaded TP WindowsServerTargetPlatform
[2017.06.21-15.51.03:015][  0]LogTemp:Display: Loaded TP WindowsTargetPlatform
[2017.06.21-15.51.03:389][  0]LogTemp:Display: Loaded TP AndroidTargetPlatform
[2017.06.21-15.51.03:839][  0]LogTemp:Display: Loaded TP Android_ASTCTargetPlatform
[2017.06.21-15.51.04:542][  0]LogTemp:Display: Loaded TP Android_ATCTargetPlatform
[2017.06.21-15.51.04:961][  0]LogTemp:Display: Loaded TP Android_DXTTargetPlatform
[2017.06.21-15.51.05:180][  0]LogTemp:Display: Loaded TP Android_ETC1TargetPlatform
[2017.06.21-15.51.05:549][  0]LogTemp:Display: Loaded TP Android_ETC2TargetPlatform
[2017.06.21-15.51.06:433][  0]LogTemp:Display: Loaded TP Android_MultiTargetPlatform
[2017.06.21-15.51.06:433][  0]LogTemp:Display: Loaded TP Android_PVRTCTargetPlatform
[2017.06.21-15.51.06:694][  0]LogTemp:Display: Loaded TP HTML5TargetPlatform
[2017.06.21-15.51.07:933][  0]LogTemp:Display: Loaded TP IOSTargetPlatform
[2017.06.21-15.51.08:224][  0]LogTemp:Display: Loaded TP TVOSTargetPlatform
[2017.06.21-15.51.08:625][  0]LogTemp:Display: Loaded TP LinuxClientTargetPlatform
[2017.06.21-15.51.09:141][  0]LogTemp:Display: Loaded TP LinuxNoEditorTargetPlatform
[2017.06.21-15.51.09:623][  0]LogTemp:Display: Loaded TP LinuxServerTargetPlatform
[2017.06.21-15.51.10:014][  0]LogTemp:Display: Loaded TP LinuxTargetPlatform
[2017.06.21-15.51.10:014][  0]LogTargetPlatformManager:Display: Building Assets For Windows
[2017.06.21-15.51.15:921][  0]LogDerivedDataCache:Display: Max Cache Size: 512 MB
[2017.06.21-15.51.20:634][  0]LogDerivedDataCache: Loaded boot cache 4.71s 50MB C:/Users/Marcus/AppData/Local/UnrealEngine/4.15/DerivedDataCache/Boot.ddc.
[2017.06.21-15.51.20:634][  0]LogDerivedDataCache:Display: Loaded Boot cache: C:/Users/Marcus/AppData/Local/UnrealEngine/4.15/DerivedDataCache/Boot.ddc
[2017.06.21-15.51.20:634][  0]LogDerivedDataCache: FDerivedDataBackendGraph:  Pak pak cache file ../../../../../../Users/Marcus/Desktop/GitHub/UE4-Zero/UE4_Zero/DerivedDataCache/DDC.ddp not found, will not use a pak cache.
[2017.06.21-15.51.20:634][  0]LogDerivedDataCache: Unable to find inner node Pak for hierarchical cache Hierarchy.
[2017.06.21-15.51.20:634][  0]LogDerivedDataCache: FDerivedDataBackendGraph:  CompressedPak pak cache file ../../../../../../Users/Marcus/Desktop/GitHub/UE4-Zero/UE4_Zero/DerivedDataCache/Compressed.ddp not found, will not use a pak cache.
[2017.06.21-15.51.20:634][  0]LogDerivedDataCache: Unable to find inner node CompressedPak for hierarchical cache Hierarchy.
[2017.06.21-15.51.20:811][  0]LogDerivedDataCache:Display: Pak cache opened for reading ../../../Engine/DerivedDataCache/Compressed.ddp.
[2017.06.21-15.51.20:835][  0]LogDerivedDataCache: Using Local data cache path C:/Users/Marcus/AppData/Local/UnrealEngine/Common/DerivedDataCache: Writable
[2017.06.21-15.51.20:845][  0]LogSlate: Using Freetype 2.6.0
[2017.06.21-15.51.20:847][  0]LogSlate: SlateFontCache - WITH_FREETYPE: 1, WITH_HARFBUZZ: 1
[2017.06.21-15.51.20:847][  0]LogSlate: SlateFontCache - WITH_FREETYPE: 1, WITH_HARFBUZZ: 1
[2017.06.21-15.51.22:650][  0]LogInit: Selected Device Profile: [Windows]
[2017.06.21-15.51.22:656][  0]LogContentStreaming: Texture pool size is 0.00 MB
[2017.06.21-15.51.23:677][  0]LogMeshUtilities: Using QuadricMeshReduction for automatic static mesh reduction
[2017.06.21-15.51.23:893][  0]LogSimplygon: Simplygon DLL not present - disabling.
[2017.06.21-15.51.24:215][  0]LogMeshUtilities: Using SimplygonSwarm for distributed automatic mesh merging
[2017.06.21-15.51.24:215][  0]LogMeshUtilities: No automatic skeletal mesh reduction module available
[2017.06.21-15.51.24:215][  0]LogMeshUtilities: No automatic mesh merging module available
[2017.06.21-15.51.25:576][  0]LogNetVersion: GetLocalNetworkVersion: CL: 3299760, ProjectName: ue4_zero, ProjectVersion: , EngineNetworkVersion: 2, GameNetworkVersion: 0, NetworkChecksum: 276590260
[2017.06.21-15.51.25:766][  0]LogAssetRegistry: FAssetRegistry took 0.0212 seconds to start up
[2017.06.21-15.51.25:919][  0]LogPackageLocalizationCache: Processed 3 localized package path(s) for 2 prioritized culture(s) in 0.042890 seconds
[2017.06.21-15.51.25:924][  0]LogUObjectArray: 32493 objects as part of root set at end of initial load.
[2017.06.21-15.51.25:924][  0]LogUObjectAllocator: 7077032 out of 0 bytes used by permanent object pool.
[2017.06.21-15.51.25:924][  0]LogUObjectArray: CloseDisregardForGC: 0/0 objects in disregard for GC pool
[2017.06.21-15.51.26:392][  0]LogInit: WinSock: version 1.1 (2.2), MaxSocks=32767, MaxUdp=65467
[2017.06.21-15.51.38:813][  0]LogTcpMessaging: Initializing TcpMessaging bridge
[2017.06.21-15.51.38:986][  0]LogUdpMessaging: Initializing bridge on interface 0.0.0.0:0 to multicast group 230.0.0.1:6666.
[2017.06.21-15.51.44:656][  0]LogMaterial: Uniform references updated for custom material expression Custom.
[2017.06.21-15.51.49:081][  0]SourceControl: Info Source control is disabled
[2017.06.21-15.51.49:083][  0]SourceControl: Info Source control is disabled
[2017.06.21-15.51.49:614][  0]SourceControl: Info Source control is disabled
[2017.06.21-15.51.49:947][  0]SourceControl: Info Source control is disabled
[2017.06.21-15.51.59:184][  0]LogEngine: Initializing Engine...
[2017.06.21-15.51.59:184][  0]LogHMD: Failed to initialize OpenVR with code 110
[2017.06.21-15.52.00:238][  0]LogStats: UGameplayTagsManager::ConstructGameplayTagTree: Construct from data asset -  0.000 s
[2017.06.21-15.52.00:238][  0]LogStats: UGameplayTagsManager::ConstructGameplayTagTree: GameplayTagTreeChangedEvent.Broadcast -  0.000 s
[2017.06.21-15.52.00:945][  0]LogAIModule: Creating AISystem for world Untitled
[2017.06.21-15.52.00:988][  0]LogInit: XAudio2 using 'Digital Audio (S/PDIF) (High Definition Audio Device)' : 2 channels at 44.1 kHz using 16 bits per sample (channel mask 0x3)
[2017.06.21-15.52.01:012][  0]LogInit: FAudioDevice initialized.
[2017.06.21-15.52.01:035][  0]LogDerivedDataCache: Saved boot cache 0.02s 50MB C:/Users/Marcus/AppData/Local/UnrealEngine/4.15/DerivedDataCache/Boot.ddc.
[2017.06.21-15.52.01:040][  0]LogInit: Texture streaming: Enabled
[2017.06.21-15.52.01:778][  0]LogEngineSessionManager: EngineSessionManager initialized
[2017.06.21-15.52.01:807][  0]LogEngineSessionManager: EngineSessionManager sent abnormal shutdown report. Type=AbnormalShutdown, SessionId={D388C595-43A7-A32D-E062-5CA142918ABA}
[2017.06.21-15.52.03:801][  0]LogInit: Transaction tracking system initialized
[2017.06.21-15.52.09:443][  0]BlueprintLog: New page: Editor Load
[2017.06.21-15.52.14:418][  0]LocalizationService: Info Localization service is disabled
[2017.06.21-15.52.23:606][  0]LogConsoleResponse:Display: 
[2017.06.21-15.52.28:233][  0]LogCook:Display: Max memory allowance for cook 16384mb min free memory 0mb
[2017.06.21-15.52.28:233][  0]LogCook:Display: Mobile HDR setting 1
[2017.06.21-15.52.29:421][  0]LogFileCache: Scanning file cache for directory 'C:/Users/Marcus/Desktop/GitHub/UE4-Zero/UE4_Zero/Content/' took 0.02s
[2017.06.21-15.52.37:589][  0]SourceControl: Info Source control is disabled
[2017.06.21-15.52.37:589][  0]Cmd: MAP LOAD FILE="../../../../../../Users/Marcus/Desktop/GitHub/UE4-Zero/UE4_Zero/Content/Maps/Start.umap" TEMPLATE=0 SHOWPROGRESS=1 FEATURELEVEL=3
[2017.06.21-15.52.37:656][  0]LightingResults: New page: Lighting Build
[2017.06.21-15.52.37:818][  0]MapCheck: New page: Map Check
[2017.06.21-15.52.37:818][  0]LightingResults: New page: Lighting Build
[2017.06.21-15.52.40:326][  0]LogAIModule: Creating AISystem for world Start
[2017.06.21-15.52.40:409][  0]LogEditorServer: Finished looking for orphan Actors (0.000 secs)
[2017.06.21-15.52.40:410][  0]Cmd: MAP CHECKDEP NOCLEARLOG
[2017.06.21-15.52.40:521][  0]MapCheck: Info Map check complete: 0 Error(s), 0 Warning(s), took 111.294ms to complete.
[2017.06.21-15.52.40:522][  0]LogFileHelpers: Loading map 'Start' took 2.933
[2017.06.21-15.52.41:062][  0]LogCollectionManager: Loaded 0 collections in 0.002720 seconds
[2017.06.21-15.52.41:268][  0]LogFileCache: Scanning file cache for directory 'C:/Users/Marcus/Desktop/GitHub/UE4-Zero/UE4_Zero/Saved/Collections/' took 0.01s
[2017.06.21-15.52.41:268][  0]LogFileCache: Scanning file cache for directory 'C:/Users/Marcus/Desktop/GitHub/UE4-Zero/UE4_Zero/Content/Developers/Marcus/Collections/' took 0.01s
[2017.06.21-15.52.41:268][  0]LogFileCache: Scanning file cache for directory 'C:/Users/Marcus/Desktop/GitHub/UE4-Zero/UE4_Zero/Content/Collections/' took 0.01s
[2017.06.21-15.52.41:268][  0]LogCollectionManager: Rebuilt the GUID cache for 0 collections in 0.000002 seconds
[2017.06.21-15.52.41:279][  0]LogContentBrowser: Native class hierarchy populated in 0.0111 seconds. Added 2249 classes and 455 folders.
[2017.06.21-15.52.41:542][  0]LogContentBrowser: Native class hierarchy updated for 'WidgetCarousel' in 0.0028 seconds. Added 0 classes and 0 folders.
[2017.06.21-15.52.44:437][  0]LogContentBrowser: Native class hierarchy updated for 'AddContentDialog' in 0.0032 seconds. Added 0 classes and 0 folders.
[2017.06.21-15.52.44:867][  0]LogContentBrowser: Native class hierarchy updated for 'SceneOutliner' in 0.0046 seconds. Added 1 classes and 2 folders.
[2017.06.21-15.52.45:145][  0]LogCrashTracker: Crashtracker disabled due to settings.
[2017.06.21-15.52.45:157][  0]LogUObjectGlobals:Warning: Failed to find object 'Class None.'
[2017.06.21-15.52.45:392][  0]LogContentBrowser: Native class hierarchy updated for 'HierarchicalLODOutliner' in 0.0026 seconds. Added 1 classes and 2 folders.
[2017.06.21-15.52.45:392][  0]LogLoad: (Engine Initialization) Total time: 124.28 seconds
[2017.06.21-15.52.45:392][  0]LogLoad: (Engine Initialization) Total Blueprint compile time: 0.27 seconds
[2017.06.21-15.52.45:392][  0]LogExternalProfiler: Found external profiler: VSPerf
[2017.06.21-15.52.45:392][  0]LogExternalProfiler: Using external profiler: VSPerf
[2017.06.21-15.52.45:736][  0]LogOcInput: OculusInput pre-init called
[2017.06.21-15.52.45:763][  0]LogContentStreaming: Texture pool size now 1000 MB
[2017.06.21-15.52.45:790][  0]LogSlate: Took 0.026140 seconds to synchronously load lazily loaded font '../../../Engine/Content/Slate/Fonts/Roboto-Regular.ttf' (155K)
[2017.06.21-15.52.45:804][  0]LogSlate: Took 0.010088 seconds to synchronously load lazily loaded font '../../../Engine/Content/Slate/Fonts/Roboto-Bold.ttf' (160K)
[2017.06.21-15.52.45:841][  0]LogSlate: Took 0.030135 seconds to synchronously load lazily loaded font '../../../Engine/Content/Editor/Slate/Fonts/FontAwesome.ttf' (139K)
[2017.06.21-15.52.45:861][  0]LogSlate: Took 0.019280 seconds to synchronously load lazily loaded font '../../../Engine/Content/Editor/Slate/Fonts/DroidSansMono.ttf' (77K)
[2017.06.21-15.52.46:387][  0]LogRenderer: Reallocating scene render targets to support 1208x580 NumSamples 1 (Frame:2).
[2017.06.21-15.52.46:528][  1]LogAssetRegistry: Asset discovery search completed in 80.7831 seconds
[2017.06.21-15.52.46:528][  1]LogCollectionManager: Rebuilt the object cache for 0 collections in 0.000005 seconds (found 0 objects)
[2017.06.21-15.52.46:528][  1]LogCollectionManager: Fixed up redirectors for 0 collections in 0.000139 seconds (updated 0 objects)
[2017.06.21-15.53.13:430][ 67]Recompiling UE4_Zero...
[2017.06.21-15.53.13:430][ 67]Launching UnrealBuildTool... [C:/Program Files/Epic Games/UE_4.15/Engine/Binaries/DotNET/UnrealBuildTool.exe UE4_Zero -ModuleWithSuffix UE4_Zero 8190 Win64 Development -editorrecompile -canskiplink "C:/Users/Marcus/Desktop/GitHub/UE4-Zero/UE4_Zero/UE4_Zero.uproject" ]
[2017.06.21-15.53.13:437][ 67]Warning: Starting HotReload took  5.9s.
[2017.06.21-15.53.48:549][133]CompilerResultsLog: New page: Compilation - 21 Jun 2017 17:53:48
[2017.06.21-15.53.48:549][133]CompilerResultsLog: Info Compiling game modules for hot reload
[2017.06.21-15.53.48:549][133]CompilerResultsLog: Info Target is up to date
[2017.06.21-15.53.48:549][133]CompilerResultsLog: Info Total build time: 34.68 seconds (NoActionsToExecute executor: 0.00 seconds)
[2017.06.21-15.53.48:549][133]LogMainFrame: MainFrame: Module compiling took 35.126 seconds
[2017.06.21-15.53.48:576][133]LogContentBrowser: Native class hierarchy populated in 0.0109 seconds. Added 2251 classes and 459 folders.
[2017.06.21-15.53.48:919][133]Display: HotReload took 41.3s.
[2017.06.21-15.54.40:020][440]LogTemp: Repeting last play command: Selected Viewport
[2017.06.21-15.54.40:032][440]LogPlayLevel: PlayLevel: No blueprints needed recompiling
[2017.06.21-15.54.40:032][440]PIE: New page: PIE session: Start (21 Jun 2017 17:54:40)
[2017.06.21-15.54.40:032][440]LogPlayLevel: Creating play world package: /Game/Maps/UEDPIE_0_Start
[2017.06.21-15.54.40:035][440]LogPlayLevel: PIE: StaticDuplicateObject took: (0.002742s)
[2017.06.21-15.54.40:036][440]LogAIModule: Creating AISystem for world Start
[2017.06.21-15.54.40:036][440]LogPlayLevel: PIE: World Init took: (0.001104s)
[2017.06.21-15.54.40:037][440]LogPlayLevel: PIE: Created PIE world by copying editor world from /Game/Maps/Start.Start to /Game/Maps/UEDPIE_0_Start.Start (0.004377s)
[2017.06.21-15.54.40:050][440]LogInit: XAudio2 using 'Digital Audio (S/PDIF) (High Definition Audio Device)' : 2 channels at 44.1 kHz using 16 bits per sample (channel mask 0x3)
[2017.06.21-15.54.40:058][440]LogInit: FAudioDevice initialized.
[2017.06.21-15.54.40:325][440]LogLoad: Game class is 'My_UE4_ZeroGameModeBase_C'
[2017.06.21-15.54.40:327][440]LogWorld: Bringing World /Game/Maps/UEDPIE_0_Start.Start up for play (max tick rate 0) at 2017.06.21-16.54.40
[2017.06.21-15.54.40:327][440]LogWorld: Bringing up level for play took: 0.001222
[2017.06.21-15.54.40:509][440]LogContentBrowser: Native class hierarchy updated for 'MovieSceneCapture' in 0.0028 seconds. Added 11 classes and 0 folders.
[2017.06.21-15.54.40:510][440]PIE: Info Play in editor start time for /Game/Maps/UEDPIE_0_Start 0.308
[2017.06.21-15.55.00:875][406]LogTemp: Repeting last play command: Selected Viewport
[2017.06.21-15.55.00:887][406]LogPlayLevel: PlayLevel: No blueprints needed recompiling
[2017.06.21-15.55.00:887][406]PIE: New page: PIE session: Start (21 Jun 2017 17:55:00)
[2017.06.21-15.55.00:887][406]LogPlayLevel: Creating play world package: /Game/Maps/UEDPIE_0_Start
[2017.06.21-15.55.00:889][406]LogPlayLevel: PIE: StaticDuplicateObject took: (0.001720s)
[2017.06.21-15.55.00:890][406]LogAIModule: Creating AISystem for world Start
[2017.06.21-15.55.00:890][406]LogPlayLevel: PIE: World Init took: (0.000857s)
[2017.06.21-15.55.00:890][406]LogPlayLevel: PIE: Created PIE world by copying editor world from /Game/Maps/Start.Start to /Game/Maps/UEDPIE_0_Start.Start (0.003103s)
[2017.06.21-15.55.00:901][406]LogInit: XAudio2 using 'Digital Audio (S/PDIF) (High Definition Audio Device)' : 2 channels at 44.1 kHz using 16 bits per sample (channel mask 0x3)
[2017.06.21-15.55.00:913][406]LogInit: FAudioDevice initialized.
[2017.06.21-15.55.00:942][406]LogLoad: Game class is 'My_UE4_ZeroGameModeBase_C'
[2017.06.21-15.55.00:944][406]LogWorld: Bringing World /Game/Maps/UEDPIE_0_Start.Start up for play (max tick rate 0) at 2017.06.21-16.55.00
[2017.06.21-15.55.00:944][406]LogWorld: Bringing up level for play took: 0.001181
[2017.06.21-15.55.00:945][406]PIE: Info Play in editor start time for /Game/Maps/UEDPIE_0_Start 0.743
[2017.06.21-15.55.51:761][453]LogSlate: Took 0.027452 seconds to synchronously load lazily loaded font '../../../Engine/Content/Slate/Fonts/Roboto-Light.ttf' (159K)
[2017.06.21-15.56.09:888][682]LogTemp: Repeting last play command: Selected Viewport
[2017.06.21-15.56.09:899][682]LogPlayLevel: PlayLevel: No blueprints needed recompiling
[2017.06.21-15.56.09:900][682]PIE: New page: PIE session: Start (21 Jun 2017 17:56:09)
[2017.06.21-15.56.09:900][682]LogPlayLevel: Creating play world package: /Game/Maps/UEDPIE_0_Start
[2017.06.21-15.56.09:902][682]LogPlayLevel: PIE: StaticDuplicateObject took: (0.002137s)
[2017.06.21-15.56.09:903][682]LogAIModule: Creating AISystem for world Start
[2017.06.21-15.56.09:903][682]LogPlayLevel: PIE: World Init took: (0.000814s)
[2017.06.21-15.56.09:904][682]LogPlayLevel: PIE: Created PIE world by copying editor world from /Game/Maps/Start.Start to /Game/Maps/UEDPIE_0_Start.Start (0.003355s)
[2017.06.21-15.56.09:913][682]LogInit: XAudio2 using 'Digital Audio (S/PDIF) (High Definition Audio Device)' : 2 channels at 44.1 kHz using 16 bits per sample (channel mask 0x3)
[2017.06.21-15.56.09:920][682]LogInit: FAudioDevice initialized.
[2017.06.21-15.56.09:949][682]LogLoad: Game class is 'My_UE4_ZeroGameModeBase_C'
[2017.06.21-15.56.09:951][682]LogWorld: Bringing World /Game/Maps/UEDPIE_0_Start.Start up for play (max tick rate 0) at 2017.06.21-16.56.09
[2017.06.21-15.56.09:951][682]LogWorld: Bringing up level for play took: 0.001309
[2017.06.21-15.56.09:953][682]PIE: Info Play in editor start time for /Game/Maps/UEDPIE_0_Start -0.25
[2017.06.21-15.56.19:142][587]LogSlate: Took 0.027631 seconds to synchronously load lazily loaded font '../../../Engine/Content/Editor/Slate/Fonts/Roboto-Italic.ttf' (157K)
[2017.06.21-15.56.55:231][843]LogEditorViewport: Clicking on Actor (LMB): StaticMeshActor (Floor)
