Log file open, 06/17/17 17:40:21
LogInit:Display: Running engine for game: UE4_Zero
LogPlatformFile: Not using cached read wrapper
LogInit:Display: RandInit(1701060864) SRandInit(1701060864).
LogTaskGraph: Started task graph with 5 named threads and 8 total threads with 1 sets of task threads.
LogStats: Stats thread started at 0.096739
LogInit: Using libcurl 7.47.1
LogInit:  - built for x86_64-pc-win32
LogInit:  - supports SSL with OpenSSL/1.0.2g
LogInit:  - supports HTTP deflate (compression) using libz 1.2.8
LogInit:  - other features:
LogInit:      CURL_VERSION_SSL
LogInit:      CURL_VERSION_LIBZ
LogInit:      CURL_VERSION_IPV6
LogInit:      CURL_VERSION_ASYNCHDNS
LogInit:      CURL_VERSION_LARGEFILE
LogInit:      CURL_VERSION_IDN
LogInit:  CurlRequestOptions (configurable via config and command line):
LogInit:  - bVerifyPeer = false  - Libcurl will NOT verify peer certificate
LogInit:  - bUseHttpProxy = false  - Libcurl will NOT use HTTP proxy
LogInit:  - bDontReuseConnections = false  - Libcurl will reuse connections
LogInit:  - CertBundlePath = nullptr  - Libcurl will use whatever was configured at build time.
LogInit: Build: ++UE4+Release-4.15-CL-3450819
LogInit: Engine Version: 4.15.3-3450819+++UE4+Release-4.15
LogInit: Compatible Engine Version: 4.15.0-3299760+++UE4+Release-4.15
LogInit: Net CL: 3299760
LogDevObjectVersion: Number of dev versions registered: 14
LogDevObjectVersion:   Dev-Blueprints (B0D832E4-1F89-4F0D-ACCF-7EB736FD4AA2): 8
LogDevObjectVersion:   Dev-Build (E1C64328-A22C-4D53-A36C-8E866417BD8C): 0
LogDevObjectVersion:   Dev-Core (375EC13C-06E4-48FB-B500-84F0262A717E): 2
LogDevObjectVersion:   Dev-Editor (E4B068ED-F494-42E9-A231-DA0B2E46BB41): 14
LogDevObjectVersion:   Dev-Framework (CFFC743F-43B0-4480-9391-14DF171D2073): 22
LogDevObjectVersion:   Dev-Mobile (B02B49B5-BB20-44E9-A304-32B752E40360): 0
LogDevObjectVersion:   Dev-Networking (A4E4105C-59A1-49B5-A7C5-40C4547EDFEE): 0
LogDevObjectVersion:   Dev-Online (39C831C9-5AE6-47DC-9A44-9C173E1C8E7C): 0
LogDevObjectVersion:   Dev-Physics (78F01B33-EBEA-4F98-B9B4-84EACCB95AA2): 0
LogDevObjectVersion:   Dev-Platform (6631380F-2D4D-43E0-8009-CF276956A95A): 0
LogDevObjectVersion:   Dev-Rendering (12F88B9F-8875-4AFC-A67C-D90C383ABD29): 12
LogDevObjectVersion:   Dev-Sequencer (7B5AE74C-D270-4C10-A958-57980B212A5A): 3
LogDevObjectVersion:   Dev-VR (D7296918-1DD6-4BDD-9DE2-64A83CC13884): 0
LogDevObjectVersion:   Dev-LoadTimes (C2A15278-BFE7-4AFE-6C17-90FF531DF755): 1
LogInit: Compiled (64-bit): May 21 2017 11:02:34
LogInit: Compiled with Visual C++: 19.00.23026.00
LogInit: Build Configuration: Development
LogInit: Branch Name: ++UE4+Release-4.15
LogInit: Command line:  
LogInit: Base directory: C:/Program Files/Epic Games/UE_4.15/Engine/Binaries/Win64/
LogInit: Installed Engine Build: 1
LogInit: Presizing for max 8388607 objects, including 0 objects not considered by GC, pre-allocating 0 bytes for permanent pool.
LogInit: Object subsystem initialized
[2017.06.17-16.40.22:820][  0]LogInit: Selected Device Profile: [Windows]
[2017.06.17-16.40.22:820][  0]LogInit: Applying CVar settings loaded from the selected device profile: [Windows]
[2017.06.17-16.40.22:830][  0]LogInit: Computer: DESKTOP-E3PDIQS
[2017.06.17-16.40.22:830][  0]LogInit: User: Marcus
[2017.06.17-16.40.22:830][  0]LogInit: CPU Page size=65536, Cores=4
[2017.06.17-16.40.22:830][  0]LogInit: High frequency timer resolution =2.929686 MHz
[2017.06.17-16.40.22:830][  0]LogMemory: Memory total: Physical=16.0GB (16GB approx)
[2017.06.17-16.40.22:830][  0]LogMemory: Platform Memory Stats for Windows
[2017.06.17-16.40.22:830][  0]LogMemory: Process Physical Memory: 263.71 MB used, 263.71 MB peak
[2017.06.17-16.40.22:830][  0]LogMemory: Process Virtual Memory: 262.19 MB used, 262.19 MB peak
[2017.06.17-16.40.22:830][  0]LogMemory: Physical Memory: 7391.30 MB used,  8945.13 MB free, 16336.43 MB total
[2017.06.17-16.40.22:830][  0]LogMemory: Virtual Memory: 644.24 MB used,  8945.13 MB free, 134217728.00 MB total
[2017.06.17-16.40.23:109][  0]LogTextLocalizationManager: No specific translations for ('en-GB') exist, so ('en') translations will be used.
[2017.06.17-16.40.23:980][  0]LogD3D11RHI: D3D11 adapters:
[2017.06.17-16.40.24:604][  0]LogD3D11RHI:    0. 'NVIDIA GeForce GTX 1050' (Feature Level 11_0)
[2017.06.17-16.40.24:604][  0]LogD3D11RHI:       2006/0/8168 MB DedicatedVideo/DedicatedSystem/SharedSystem, Outputs:2, VendorId:0x10de
[2017.06.17-16.40.24:606][  0]LogD3D11RHI:    1. 'Microsoft Basic Render Driver' (Feature Level 11_0)
[2017.06.17-16.40.24:606][  0]LogD3D11RHI:       0/0/8168 MB DedicatedVideo/DedicatedSystem/SharedSystem, Outputs:0, VendorId:0x1414
[2017.06.17-16.40.24:606][  0]LogD3D11RHI: Chosen D3D11 Adapter: 0
[2017.06.17-16.40.24:612][  0]LogD3D11RHI: Creating new Direct3DDevice
[2017.06.17-16.40.24:612][  0]LogD3D11RHI:     GPU DeviceId: 0x1c81 (for the marketing name, search the web for "GPU Device Id")
[2017.06.17-16.40.24:612][  0]LogWindows: EnumDisplayDevices:
[2017.06.17-16.40.24:612][  0]LogWindows:    0. 'NVIDIA GeForce GTX 1050' (P:1 D:1)
[2017.06.17-16.40.24:613][  0]LogWindows:    1. 'NVIDIA GeForce GTX 1050' (P:0 D:1)
[2017.06.17-16.40.24:613][  0]LogWindows:    2. 'NVIDIA GeForce GTX 1050' (P:0 D:0)
[2017.06.17-16.40.24:613][  0]LogWindows:    3. 'NVIDIA GeForce GTX 1050' (P:0 D:0)
[2017.06.17-16.40.24:613][  0]LogWindows: DebugString: FoundDriverCount:4 
[2017.06.17-16.40.24:613][  0]LogD3D11RHI:     Adapter Name: NVIDIA GeForce GTX 1050
[2017.06.17-16.40.24:613][  0]LogD3D11RHI:   Driver Version: 382.33 (internal:22.21.13.8233, unified:382.33)
[2017.06.17-16.40.24:613][  0]LogD3D11RHI:      Driver Date: 5-17-2017
[2017.06.17-16.40.24:613][  0]LogRHI: Texture pool is 1361 MB (70% of 1945 MB)
[2017.06.17-16.40.25:194][  0]LogD3D11RHI: Async texture creation enabled
[2017.06.17-16.40.25:237][  0]LogD3D11RHI: GPU Timing Frequency: 1000.000000 (Debug: 2 1)
[2017.06.17-16.40.25:239][  0]LogShaderCompilers: Guid format shader working directory is -16 characters bigger than the processId version (../../../../../../Users/Marcus/Desktop/GitHub/UE4-Zero/UE4_Zero/Intermediate/Shaders/WorkingDirectory/3284/).
[2017.06.17-16.40.25:239][  0]LogShaderCompilers: Cleaned the shader compiler working directory 'C:/Users/Marcus/AppData/Local/Temp/UnrealShaderWorkingDir/32C1E5B04313062205133A8B99D66C2D/'.
[2017.06.17-16.40.25:239][  0]LogShaderCompilers:Display: Using Local Shader Compiler.
[2017.06.17-16.40.26:681][  0]LogTemp:Display: Loaded TP AllDesktopTargetPlatform
[2017.06.17-16.40.26:848][  0]LogTemp:Display: Loaded TP MacClientTargetPlatform
[2017.06.17-16.40.27:016][  0]LogTemp:Display: Loaded TP MacNoEditorTargetPlatform
[2017.06.17-16.40.27:183][  0]LogTemp:Display: Loaded TP MacServerTargetPlatform
[2017.06.17-16.40.27:354][  0]LogTemp:Display: Loaded TP MacTargetPlatform
[2017.06.17-16.40.27:523][  0]LogTemp:Display: Loaded TP WindowsClientTargetPlatform
[2017.06.17-16.40.27:690][  0]LogTemp:Display: Loaded TP WindowsNoEditorTargetPlatform
[2017.06.17-16.40.27:860][  0]LogTemp:Display: Loaded TP WindowsServerTargetPlatform
[2017.06.17-16.40.28:021][  0]LogTemp:Display: Loaded TP WindowsTargetPlatform
[2017.06.17-16.40.28:189][  0]LogTemp:Display: Loaded TP AndroidTargetPlatform
[2017.06.17-16.40.28:358][  0]LogTemp:Display: Loaded TP Android_ASTCTargetPlatform
[2017.06.17-16.40.28:526][  0]LogTemp:Display: Loaded TP Android_ATCTargetPlatform
[2017.06.17-16.40.28:693][  0]LogTemp:Display: Loaded TP Android_DXTTargetPlatform
[2017.06.17-16.40.28:859][  0]LogTemp:Display: Loaded TP Android_ETC1TargetPlatform
[2017.06.17-16.40.29:025][  0]LogTemp:Display: Loaded TP Android_ETC2TargetPlatform
[2017.06.17-16.40.29:358][  0]LogTemp:Display: Loaded TP Android_MultiTargetPlatform
[2017.06.17-16.40.29:358][  0]LogTemp:Display: Loaded TP Android_PVRTCTargetPlatform
[2017.06.17-16.40.29:511][  0]LogTemp:Display: Loaded TP HTML5TargetPlatform
[2017.06.17-16.40.29:788][  0]LogTemp:Display: Loaded TP IOSTargetPlatform
[2017.06.17-16.40.29:894][  0]LogTemp:Display: Loaded TP TVOSTargetPlatform
[2017.06.17-16.40.30:065][  0]LogTemp:Display: Loaded TP LinuxClientTargetPlatform
[2017.06.17-16.40.30:237][  0]LogTemp:Display: Loaded TP LinuxNoEditorTargetPlatform
[2017.06.17-16.40.30:407][  0]LogTemp:Display: Loaded TP LinuxServerTargetPlatform
[2017.06.17-16.40.30:577][  0]LogTemp:Display: Loaded TP LinuxTargetPlatform
[2017.06.17-16.40.30:577][  0]LogTargetPlatformManager:Display: Building Assets For Windows
[2017.06.17-16.40.32:289][  0]LogDerivedDataCache:Display: Max Cache Size: 512 MB
[2017.06.17-16.40.32:338][  0]LogDerivedDataCache: Loaded boot cache 0.05s 50MB C:/Users/Marcus/AppData/Local/UnrealEngine/4.15/DerivedDataCache/Boot.ddc.
[2017.06.17-16.40.32:339][  0]LogDerivedDataCache:Display: Loaded Boot cache: C:/Users/Marcus/AppData/Local/UnrealEngine/4.15/DerivedDataCache/Boot.ddc
[2017.06.17-16.40.32:339][  0]LogDerivedDataCache: FDerivedDataBackendGraph:  Pak pak cache file ../../../../../../Users/Marcus/Desktop/GitHub/UE4-Zero/UE4_Zero/DerivedDataCache/DDC.ddp not found, will not use a pak cache.
[2017.06.17-16.40.32:339][  0]LogDerivedDataCache: Unable to find inner node Pak for hierarchical cache Hierarchy.
[2017.06.17-16.40.32:339][  0]LogDerivedDataCache: FDerivedDataBackendGraph:  CompressedPak pak cache file ../../../../../../Users/Marcus/Desktop/GitHub/UE4-Zero/UE4_Zero/DerivedDataCache/Compressed.ddp not found, will not use a pak cache.
[2017.06.17-16.40.32:339][  0]LogDerivedDataCache: Unable to find inner node CompressedPak for hierarchical cache Hierarchy.
[2017.06.17-16.40.32:355][  0]LogDerivedDataCache:Display: Pak cache opened for reading ../../../Engine/DerivedDataCache/Compressed.ddp.
[2017.06.17-16.40.32:368][  0]LogDerivedDataCache: Using Local data cache path C:/Users/Marcus/AppData/Local/UnrealEngine/Common/DerivedDataCache: Writable
[2017.06.17-16.40.32:377][  0]LogSlate: Using Freetype 2.6.0
[2017.06.17-16.40.32:378][  0]LogSlate: SlateFontCache - WITH_FREETYPE: 1, WITH_HARFBUZZ: 1
[2017.06.17-16.40.32:378][  0]LogSlate: SlateFontCache - WITH_FREETYPE: 1, WITH_HARFBUZZ: 1
[2017.06.17-16.40.32:691][  0]LogInit: Selected Device Profile: [Windows]
[2017.06.17-16.40.32:694][  0]LogContentStreaming: Texture pool size is 0.00 MB
[2017.06.17-16.40.33:227][  0]LogMeshUtilities: Using QuadricMeshReduction for automatic static mesh reduction
[2017.06.17-16.40.33:398][  0]LogSimplygon: Simplygon DLL not present - disabling.
[2017.06.17-16.40.33:569][  0]LogMeshUtilities: Using SimplygonSwarm for distributed automatic mesh merging
[2017.06.17-16.40.33:569][  0]LogMeshUtilities: No automatic skeletal mesh reduction module available
[2017.06.17-16.40.33:569][  0]LogMeshUtilities: No automatic mesh merging module available
[2017.06.17-16.40.34:618][  0]LogNetVersion: GetLocalNetworkVersion: CL: 3299760, ProjectName: ue4_zero, ProjectVersion: , EngineNetworkVersion: 2, GameNetworkVersion: 0, NetworkChecksum: 276590260
[2017.06.17-16.40.34:730][  0]LogAssetRegistry: FAssetRegistry took 0.0219 seconds to start up
[2017.06.17-16.40.34:855][  0]LogPackageLocalizationCache: Processed 3 localized package path(s) for 2 prioritized culture(s) in 0.036005 seconds
[2017.06.17-16.40.34:860][  0]LogUObjectArray: 32493 objects as part of root set at end of initial load.
[2017.06.17-16.40.34:860][  0]LogUObjectAllocator: 7077024 out of 0 bytes used by permanent object pool.
[2017.06.17-16.40.34:860][  0]LogUObjectArray: CloseDisregardForGC: 0/0 objects in disregard for GC pool
[2017.06.17-16.40.35:128][  0]LogInit: WinSock: version 1.1 (2.2), MaxSocks=32767, MaxUdp=65467
[2017.06.17-16.40.39:787][  0]LogTcpMessaging: Initializing TcpMessaging bridge
[2017.06.17-16.40.39:907][  0]LogUdpMessaging: Initializing bridge on interface 0.0.0.0:0 to multicast group 230.0.0.1:6666.
[2017.06.17-16.40.41:522][  0]LogMaterial: Uniform references updated for custom material expression Custom.
[2017.06.17-16.40.42:777][  0]SourceControl: Info Source control is disabled
[2017.06.17-16.40.42:779][  0]SourceControl: Info Source control is disabled
[2017.06.17-16.40.42:954][  0]SourceControl: Info Source control is disabled
[2017.06.17-16.40.43:126][  0]SourceControl: Info Source control is disabled
[2017.06.17-16.40.47:702][  0]LogEngine: Initializing Engine...
[2017.06.17-16.40.47:703][  0]LogHMD: Failed to initialize OpenVR with code 110
[2017.06.17-16.40.47:845][  0]LogStats: UGameplayTagsManager::ConstructGameplayTagTree: Construct from data asset -  0.000 s
[2017.06.17-16.40.47:845][  0]LogStats: UGameplayTagsManager::ConstructGameplayTagTree: GameplayTagTreeChangedEvent.Broadcast -  0.000 s
[2017.06.17-16.40.48:499][  0]LogAIModule: Creating AISystem for world Untitled
[2017.06.17-16.40.48:507][  0]LogInit: XAudio2 using 'Digital Audio (S/PDIF) (High Definition Audio Device)' : 2 channels at 44.1 kHz using 16 bits per sample (channel mask 0x3)
[2017.06.17-16.40.48:522][  0]LogInit: FAudioDevice initialized.
[2017.06.17-16.40.48:549][  0]LogDerivedDataCache: Saved boot cache 0.03s 50MB C:/Users/Marcus/AppData/Local/UnrealEngine/4.15/DerivedDataCache/Boot.ddc.
[2017.06.17-16.40.48:557][  0]LogInit: Texture streaming: Enabled
[2017.06.17-16.40.48:991][  0]LogEngineSessionManager: EngineSessionManager initialized
[2017.06.17-16.40.49:366][  0]LogInit: Transaction tracking system initialized
[2017.06.17-16.40.50:747][  0]BlueprintLog: New page: Editor Load
[2017.06.17-16.40.54:328][  0]LocalizationService: Info Localization service is disabled
[2017.06.17-16.40.56:929][  0]LogConsoleResponse:Display: 
[2017.06.17-16.40.57:149][  0]LogCook:Display: Max memory allowance for cook 16384mb min free memory 0mb
[2017.06.17-16.40.57:149][  0]LogCook:Display: Mobile HDR setting 1
[2017.06.17-16.40.57:681][  0]LogFileCache: Scanning file cache for directory 'C:/Users/Marcus/Desktop/GitHub/UE4-Zero/UE4_Zero/Content/' took 0.02s
[2017.06.17-16.41.01:122][  0]SourceControl: Info Source control is disabled
[2017.06.17-16.41.01:122][  0]Cmd: MAP LOAD FILE="../../../../../../Users/Marcus/Desktop/GitHub/UE4-Zero/UE4_Zero/Content/Maps/Start.umap" TEMPLATE=0 SHOWPROGRESS=1 FEATURELEVEL=3
[2017.06.17-16.41.01:123][  0]LightingResults: New page: Lighting Build
[2017.06.17-16.41.01:281][  0]MapCheck: New page: Map Check
[2017.06.17-16.41.01:281][  0]LightingResults: New page: Lighting Build
[2017.06.17-16.41.01:568][  0]LogAIModule: Creating AISystem for world Start
[2017.06.17-16.41.01:591][  0]LogEditorServer: Finished looking for orphan Actors (0.000 secs)
[2017.06.17-16.41.01:591][  0]Cmd: MAP CHECKDEP NOCLEARLOG
[2017.06.17-16.41.01:694][  0]MapCheck: Info Map check complete: 0 Error(s), 0 Warning(s), took 103.091ms to complete.
[2017.06.17-16.41.01:694][  0]LogFileHelpers: Loading map 'Start' took 0.572
[2017.06.17-16.41.01:791][  0]LogWindowsTextInputMethodSystem:Display: IME system now deactivated.
[2017.06.17-16.41.01:982][  0]LogCollectionManager: Loaded 0 collections in 0.002103 seconds
[2017.06.17-16.41.02:179][  0]LogFileCache: Scanning file cache for directory 'C:/Users/Marcus/Desktop/GitHub/UE4-Zero/UE4_Zero/Saved/Collections/' took 0.01s
[2017.06.17-16.41.02:179][  0]LogFileCache: Scanning file cache for directory 'C:/Users/Marcus/Desktop/GitHub/UE4-Zero/UE4_Zero/Content/Developers/Marcus/Collections/' took 0.01s
[2017.06.17-16.41.02:179][  0]LogFileCache: Scanning file cache for directory 'C:/Users/Marcus/Desktop/GitHub/UE4-Zero/UE4_Zero/Content/Collections/' took 0.01s
[2017.06.17-16.41.02:179][  0]LogCollectionManager: Rebuilt the GUID cache for 0 collections in 0.000001 seconds
[2017.06.17-16.41.02:189][  0]LogContentBrowser: Native class hierarchy populated in 0.0103 seconds. Added 2249 classes and 455 folders.
[2017.06.17-16.41.02:442][  0]LogContentBrowser: Native class hierarchy updated for 'WidgetCarousel' in 0.0027 seconds. Added 0 classes and 0 folders.
[2017.06.17-16.41.02:517][  0]LogContentBrowser: Native class hierarchy updated for 'AddContentDialog' in 0.0027 seconds. Added 0 classes and 0 folders.
[2017.06.17-16.41.02:680][  0]LogContentBrowser: Native class hierarchy updated for 'SceneOutliner' in 0.0028 seconds. Added 1 classes and 2 folders.
[2017.06.17-16.41.02:865][  0]LogCrashTracker: Crashtracker disabled due to settings.
[2017.06.17-16.41.02:871][  0]LogUObjectGlobals:Warning: Failed to find object 'Class None.'
[2017.06.17-16.41.03:054][  0]LogContentBrowser: Native class hierarchy updated for 'HierarchicalLODOutliner' in 0.0028 seconds. Added 1 classes and 2 folders.
[2017.06.17-16.41.03:054][  0]LogLoad: (Engine Initialization) Total time: 44.05 seconds
[2017.06.17-16.41.03:054][  0]LogLoad: (Engine Initialization) Total Blueprint compile time: 0.21 seconds
[2017.06.17-16.41.03:054][  0]LogExternalProfiler: Found external profiler: VSPerf
[2017.06.17-16.41.03:054][  0]LogExternalProfiler: Using external profiler: VSPerf
[2017.06.17-16.41.03:065][  0]LogOcInput: OculusInput pre-init called
[2017.06.17-16.41.03:086][  0]LogContentStreaming: Texture pool size now 1000 MB
[2017.06.17-16.41.03:088][  0]LogSlate: Took 0.000346 seconds to synchronously load lazily loaded font '../../../Engine/Content/Slate/Fonts/Roboto-Regular.ttf' (155K)
[2017.06.17-16.41.03:091][  0]LogSlate: Took 0.000332 seconds to synchronously load lazily loaded font '../../../Engine/Content/Slate/Fonts/Roboto-Bold.ttf' (160K)
[2017.06.17-16.41.03:096][  0]LogSlate: Took 0.000325 seconds to synchronously load lazily loaded font '../../../Engine/Content/Editor/Slate/Fonts/FontAwesome.ttf' (139K)
[2017.06.17-16.41.03:202][  0]LogSlate: Took 0.000310 seconds to synchronously load lazily loaded font '../../../Engine/Content/Slate/Fonts/Roboto-Light.ttf' (159K)
[2017.06.17-16.41.03:249][  1]LogRenderer: Reallocating scene render targets to support 872x432 NumSamples 1 (Frame:2).
[2017.06.17-16.41.03:417][  1]LogAssetRegistry: Asset discovery search completed in 28.7083 seconds
[2017.06.17-16.41.03:417][  1]LogCollectionManager: Rebuilt the object cache for 0 collections in 0.000003 seconds (found 0 objects)
[2017.06.17-16.41.03:417][  1]LogCollectionManager: Fixed up redirectors for 0 collections in 0.000020 seconds (updated 0 objects)
[2017.06.17-16.41.14:626][270]LogRenderer: Reallocating scene render targets to support 1208x576 NumSamples 1 (Frame:247).
[2017.06.17-16.41.16:225][459]LogTemp: Repeting last play command: Selected Viewport
[2017.06.17-16.41.16:235][459]LogPlayLevel: PlayLevel: No blueprints needed recompiling
[2017.06.17-16.41.16:235][459]PIE: New page: PIE session: Start (17 Jun 2017 18:41:16)
[2017.06.17-16.41.16:235][459]LogPlayLevel: Creating play world package: /Game/Maps/UEDPIE_0_Start
[2017.06.17-16.41.16:237][459]LogPlayLevel: PIE: StaticDuplicateObject took: (0.002031s)
[2017.06.17-16.41.16:238][459]LogAIModule: Creating AISystem for world Start
[2017.06.17-16.41.16:238][459]LogPlayLevel: PIE: World Init took: (0.000801s)
[2017.06.17-16.41.16:238][459]LogPlayLevel: PIE: Created PIE world by copying editor world from /Game/Maps/Start.Start to /Game/Maps/UEDPIE_0_Start.Start (0.003026s)
[2017.06.17-16.41.16:259][459]LogInit: XAudio2 using 'Digital Audio (S/PDIF) (High Definition Audio Device)' : 2 channels at 44.1 kHz using 16 bits per sample (channel mask 0x3)
[2017.06.17-16.41.16:267][459]LogInit: FAudioDevice initialized.
[2017.06.17-16.41.16:318][459]LogLoad: Game class is 'My_UE4_ZeroGameModeBase_C'
[2017.06.17-16.41.16:320][459]LogWorld: Bringing World /Game/Maps/UEDPIE_0_Start.Start up for play (max tick rate 0) at 2017.06.17-17.41.16
[2017.06.17-16.41.16:320][459]LogWorld: Bringing up level for play took: 0.001235
[2017.06.17-16.41.16:480][459]LogContentBrowser: Native class hierarchy updated for 'MovieSceneCapture' in 0.0027 seconds. Added 11 classes and 0 folders.
[2017.06.17-16.41.16:481][459]PIE: Info Play in editor start time for /Game/Maps/UEDPIE_0_Start 1.175
[2017.06.17-16.41.19:072][759]LogEditorViewport: Clicking on Actor (LMB): BP_PlayerZero_C (BP_PlayerZero)
[2017.06.17-16.41.24:296][366]LogSlate: Took 0.000248 seconds to synchronously load lazily loaded font '../../../Engine/Content/Slate/Fonts/Roboto-Light.ttf' (159K)
[2017.06.17-16.41.24:333][366]LogSlate: Took 0.000429 seconds to synchronously load lazily loaded font '../../../Engine/Content/Editor/Slate/Fonts/Roboto-BoldCondensed.ttf' (158K)
[2017.06.17-16.41.59:699][290]Running C:/Program Files/Epic Games/UE_4.15/Engine/Binaries/DotNET/UnrealBuildTool.exe  -projectfiles -project="C:/Users/Marcus/Desktop/GitHub/UE4-Zero/UE4_Zero/UE4_Zero.uproject" -game -rocket -progress
[2017.06.17-16.42.00:007][290]Discovering modules, targets and source code for project...
[2017.06.17-16.42.02:921][290]LogSlate: Took 0.000227 seconds to synchronously load lazily loaded font '../../../Engine/Content/Slate/Fonts/Roboto-Regular.ttf' (155K)
[2017.06.17-16.42.05:144][290]LogVSAccessor:Warning: Couldn't access Visual Studio
[2017.06.17-16.42.05:153][290]Recompiling UE4_Zero...
[2017.06.17-16.42.05:154][290]Launching UnrealBuildTool... [C:/Program Files/Epic Games/UE_4.15/Engine/Binaries/DotNET/UnrealBuildTool.exe UE4_Zero -ModuleWithSuffix UE4_Zero 3467 Win64 Development -editorrecompile -canskiplink "C:/Users/Marcus/Desktop/GitHub/UE4-Zero/UE4_Zero/UE4_Zero.uproject" ]
[2017.06.17-16.43.21:716][290]CompilerResultsLog: New page: Compilation - 17 Jun 2017 18:43:21
[2017.06.17-16.43.21:716][290]CompilerResultsLog: Info Performing full C++ include scan (hot reloading a new target)
[2017.06.17-16.43.21:716][290]CompilerResultsLog: Info Compiling game modules for hot reload
[2017.06.17-16.43.21:716][290]CompilerResultsLog: Info Parsing headers for UE4_ZeroEditor
[2017.06.17-16.43.21:716][290]CompilerResultsLog: Info   Running UnrealHeaderTool "C:\Users\Marcus\Desktop\GitHub\UE4-Zero\UE4_Zero\UE4_Zero.uproject" "C:\Users\Marcus\Desktop\GitHub\UE4-Zero\UE4_Zero\Intermediate\Build\Win64\UE4_ZeroEditor\Development\UE4_ZeroEditor.uhtmanifest" -LogCmds="loginit warning, logexit warning, logdatabase error" -Unattended -WarningsAsErrors -installed
[2017.06.17-16.43.21:716][290]CompilerResultsLog: Info Reflection code generated for UE4_ZeroEditor in 3.461831 seconds
[2017.06.17-16.43.21:716][290]CompilerResultsLog: Info Performing 5 actions (4 in parallel)
[2017.06.17-16.43.21:716][290]CompilerResultsLog: Info UE4_Zero.generated.cpp
[2017.06.17-16.43.21:716][290]CompilerResultsLog: Info PlayerZero.cpp
[2017.06.17-16.43.21:716][290]CompilerResultsLog: Info PlayerMovement.cpp
[2017.06.17-16.43.21:716][290]CompilerResultsLog:Error: Error C:\Users\Marcus\Desktop\GitHub\UE4-Zero\UE4_Zero\Source\UE4_Zero\PlayerZero.cpp(30) : error C2065: 'ObjectInitializer': undeclared identifier
[2017.06.17-16.43.21:716][290]CompilerResultsLog:Error: Error C:\Users\Marcus\Desktop\GitHub\UE4-Zero\UE4_Zero\Source\UE4_Zero\PlayerZero.cpp(36) : error C2065: 'ObjectInitializer': undeclared identifier
[2017.06.17-16.43.21:717][290]CompilerResultsLog: Info ERROR: UBT ERROR: Failed to produce item: C:\Users\Marcus\Desktop\GitHub\UE4-Zero\UE4_Zero\Binaries\Win64\UE4Editor-UE4_Zero-3467.dll
[2017.06.17-16.43.21:717][290]CompilerResultsLog: Info Total build time: 76.25 seconds (Local executor: 0.00 seconds)
[2017.06.17-16.43.21:717][290]LogMainFrame: MainFrame: Module compiling took 76.572 seconds
[2017.06.17-16.43.21:717][290]Warning: HotReload failed, recompile failed
[2017.06.17-16.43.21:724][290]Warning: RebindPackages failed because the compiler could not be started.
[2017.06.17-16.43.44:890][290]LogSlate: Took 0.000261 seconds to synchronously load lazily loaded font '../../../Engine/Content/Editor/Slate/Fonts/DroidSansMono.ttf' (77K)
[2017.06.17-16.43.47:552][584]LogVSAccessor:Warning: Couldn't access Visual Studio
[2017.06.17-16.43.47:558][584]Recompiling UE4_Zero...
[2017.06.17-16.43.47:559][584]Launching UnrealBuildTool... [C:/Program Files/Epic Games/UE_4.15/Engine/Binaries/DotNET/UnrealBuildTool.exe UE4_Zero -ModuleWithSuffix UE4_Zero 5920 Win64 Development -editorrecompile -canskiplink "C:/Users/Marcus/Desktop/GitHub/UE4-Zero/UE4_Zero/UE4_Zero.uproject" ]
[2017.06.17-16.43.47:564][584]Warning: Starting HotReload took  0.0s.
[2017.06.17-16.43.53:907][272]CompilerResultsLog: New page: Compilation - 17 Jun 2017 18:43:53
[2017.06.17-16.43.53:908][272]CompilerResultsLog: Info Compiling game modules for hot reload
[2017.06.17-16.43.53:908][272]CompilerResultsLog: Info Performing 3 actions (4 in parallel)
[2017.06.17-16.43.53:908][272]CompilerResultsLog: Info PlayerZero.cpp
[2017.06.17-16.43.53:908][272]CompilerResultsLog:Error: Error C:\Users\Marcus\Desktop\GitHub\UE4-Zero\UE4_Zero\Source\UE4_Zero\PlayerZero.cpp(30) : error C2065: 'ObjectInitializer': undeclared identifier
[2017.06.17-16.43.53:908][272]CompilerResultsLog:Error: Error C:\Users\Marcus\Desktop\GitHub\UE4-Zero\UE4_Zero\Source\UE4_Zero\PlayerZero.cpp(36) : error C2065: 'ObjectInitializer': undeclared identifier
[2017.06.17-16.43.53:908][272]CompilerResultsLog: Info ERROR: UBT ERROR: Failed to produce item: C:\Users\Marcus\Desktop\GitHub\UE4-Zero\UE4_Zero\Binaries\Win64\UE4Editor-UE4_Zero-5920.dll
[2017.06.17-16.43.53:909][272]CompilerResultsLog: Info Total build time: 5.90 seconds (Local executor: 0.00 seconds)
[2017.06.17-16.43.53:909][272]LogMainFrame: MainFrame: Module compiling took 6.357 seconds
[2017.06.17-16.43.53:909][272]Warning: HotReload failed, recompile failed
[2017.06.17-16.43.59:207][545]LogSlate: Took 0.000371 seconds to synchronously load lazily loaded font '../../../Engine/Content/Editor/Slate/Fonts/Roboto-Italic.ttf' (157K)
[2017.06.17-16.44.08:086][572]Recompiling UE4_Zero...
[2017.06.17-16.44.08:086][572]Launching UnrealBuildTool... [C:/Program Files/Epic Games/UE_4.15/Engine/Binaries/DotNET/UnrealBuildTool.exe UE4_Zero -ModuleWithSuffix UE4_Zero 730 Win64 Development -editorrecompile -canskiplink "C:/Users/Marcus/Desktop/GitHub/UE4-Zero/UE4_Zero/UE4_Zero.uproject" ]
[2017.06.17-16.44.08:100][572]Warning: Starting HotReload took  0.3s.
[2017.06.17-16.44.58:807][235]CompilerResultsLog: New page: Compilation - 17 Jun 2017 18:44:58
[2017.06.17-16.44.58:808][235]CompilerResultsLog: Info Compiling game modules for hot reload
[2017.06.17-16.44.58:808][235]CompilerResultsLog: Info Parsing headers for UE4_ZeroEditor
[2017.06.17-16.44.58:808][235]CompilerResultsLog: Info   Running UnrealHeaderTool "C:\Users\Marcus\Desktop\GitHub\UE4-Zero\UE4_Zero\UE4_Zero.uproject" "C:\Users\Marcus\Desktop\GitHub\UE4-Zero\UE4_Zero\Intermediate\Build\Win64\UE4_ZeroEditor\Development\UE4_ZeroEditor.uhtmanifest" -LogCmds="loginit warning, logexit warning, logdatabase error" -Unattended -WarningsAsErrors -installed
[2017.06.17-16.44.58:808][235]CompilerResultsLog: Info Reflection code generated for UE4_ZeroEditor in 6.5492407 seconds
[2017.06.17-16.44.58:808][235]CompilerResultsLog: Info Performing 3 actions (4 in parallel)
[2017.06.17-16.44.58:809][235]CompilerResultsLog: Info PlayerZero.cpp
[2017.06.17-16.44.58:809][235]CompilerResultsLog: Info [2/3] Link UE4Editor-UE4_Zero-730.dll
[2017.06.17-16.44.58:809][235]CompilerResultsLog: Info [3/3] Link UE4Editor-UE4_Zero-730.lib
[2017.06.17-16.44.58:809][235]CompilerResultsLog: Info    Creating library C:\Users\Marcus\Desktop\GitHub\UE4-Zero\UE4_Zero\Intermediate\Build\Win64\UE4Editor\Development\UE4Editor-UE4_Zero-730.lib and object C:\Users\Marcus\Desktop\GitHub\UE4-Zero\UE4_Zero\Intermediate\Build\Win64\UE4Editor\Development\UE4Editor-UE4_Zero-730.exp
[2017.06.17-16.44.58:809][235]CompilerResultsLog: Info    Creating library C:\Users\Marcus\Desktop\GitHub\UE4-Zero\UE4_Zero\Intermediate\Build\Win64\UE4Editor\Development\UE4Editor-UE4_Zero-730.suppressed.lib and object C:\Users\Marcus\Desktop\GitHub\UE4-Zero\UE4_Zero\Intermediate\Build\Win64\UE4Editor\Development\UE4Editor-UE4_Zero-730.suppressed.exp
[2017.06.17-16.44.58:809][235]CompilerResultsLog: Info Total build time: 50.10 seconds (Local executor: 38.23 seconds)
[2017.06.17-16.44.58:809][235]LogMainFrame: MainFrame: Module compiling took 50.730 seconds
[2017.06.17-16.44.58:975][235]LogClass: Could not find existing class PlayerMovement in package /Script/UE4_Zero for HotReload, assuming new class
[2017.06.17-16.44.58:975][235]LogClass: Could not find existing class PlayerZero in package /Script/UE4_Zero for HotReload, assuming new class
[2017.06.17-16.44.58:980][235]LogHotReload: Re-instancing PlayerZero after hot-reload.
[2017.06.17-16.44.59:056][235]LogUObjectGlobals:Warning: Guid referenced by CapsuleComponent /Game/Maps/Start.Start:PersistentLevel.BP_PlayerZero_192.CollisionCylinder is already used by CapsuleComponent /Game/Maps/Start.Start:PersistentLevel.REINST_BP_PlayerZero_C_0.CollisionCylinder, which should never happen in the editor but could happen at runtime with duplicate level loading or PIE
[2017.06.17-16.44.59:056][235]LogUObjectGlobals:Warning: Guid referenced by ArrowComponent /Game/Maps/Start.Start:PersistentLevel.BP_PlayerZero_192.Arrow is already used by ArrowComponent /Game/Maps/Start.Start:PersistentLevel.REINST_BP_PlayerZero_C_0.Arrow, which should never happen in the editor but could happen at runtime with duplicate level loading or PIE
[2017.06.17-16.44.59:057][235]LogUObjectGlobals:Warning: Guid referenced by CharacterMovementComponent /Game/Maps/Start.Start:PersistentLevel.BP_PlayerZero_192.CharMoveComp is already used by CharacterMovementComponent /Game/Maps/Start.Start:PersistentLevel.REINST_BP_PlayerZero_C_0.CharMoveComp, which should never happen in the editor but could happen at runtime with duplicate level loading or PIE
[2017.06.17-16.44.59:057][235]LogUObjectGlobals:Warning: Guid referenced by SkeletalMeshComponent /Game/Maps/Start.Start:PersistentLevel.BP_PlayerZero_192.CharacterMesh0 is already used by SkeletalMeshComponent /Game/Maps/Start.Start:PersistentLevel.REINST_BP_PlayerZero_C_0.CharacterMesh0, which should never happen in the editor but could happen at runtime with duplicate level loading or PIE
