Log file open, 06/19/17 12:35:01
LogInit:Display: Running engine for game: UE4_Zero
LogPlatformFile: Not using cached read wrapper
LogInit:Display: RandInit(-960557033) SRandInit(-960557033).
LogTaskGraph: Started task graph with 5 named threads and 8 total threads with 1 sets of task threads.
LogStats: Stats thread started at 0.096227
LogInit: Using libcurl 7.47.1
LogInit:  - built for x86_64-pc-win32
LogInit:  - supports SSL with OpenSSL/1.0.2g
LogInit:  - supports HTTP deflate (compression) using libz 1.2.8
LogInit:  - other features:
LogInit:      CURL_VERSION_SSL
LogInit:      CURL_VERSION_LIBZ
LogInit:      CURL_VERSION_IPV6
LogInit:      CURL_VERSION_ASYNCHDNS
LogInit:      CURL_VERSION_LARGEFILE
LogInit:      CURL_VERSION_IDN
LogInit:  CurlRequestOptions (configurable via config and command line):
LogInit:  - bVerifyPeer = false  - Libcurl will NOT verify peer certificate
LogInit:  - bUseHttpProxy = false  - Libcurl will NOT use HTTP proxy
LogInit:  - bDontReuseConnections = false  - Libcurl will reuse connections
LogInit:  - CertBundlePath = nullptr  - Libcurl will use whatever was configured at build time.
LogInit: Build: ++UE4+Release-4.15-CL-3450819
LogInit: Engine Version: 4.15.3-3450819+++UE4+Release-4.15
LogInit: Compatible Engine Version: 4.15.0-3299760+++UE4+Release-4.15
LogInit: Net CL: 3299760
LogDevObjectVersion: Number of dev versions registered: 14
LogDevObjectVersion:   Dev-Blueprints (B0D832E4-1F89-4F0D-ACCF-7EB736FD4AA2): 8
LogDevObjectVersion:   Dev-Build (E1C64328-A22C-4D53-A36C-8E866417BD8C): 0
LogDevObjectVersion:   Dev-Core (375EC13C-06E4-48FB-B500-84F0262A717E): 2
LogDevObjectVersion:   Dev-Editor (E4B068ED-F494-42E9-A231-DA0B2E46BB41): 14
LogDevObjectVersion:   Dev-Framework (CFFC743F-43B0-4480-9391-14DF171D2073): 22
LogDevObjectVersion:   Dev-Mobile (B02B49B5-BB20-44E9-A304-32B752E40360): 0
LogDevObjectVersion:   Dev-Networking (A4E4105C-59A1-49B5-A7C5-40C4547EDFEE): 0
LogDevObjectVersion:   Dev-Online (39C831C9-5AE6-47DC-9A44-9C173E1C8E7C): 0
LogDevObjectVersion:   Dev-Physics (78F01B33-EBEA-4F98-B9B4-84EACCB95AA2): 0
LogDevObjectVersion:   Dev-Platform (6631380F-2D4D-43E0-8009-CF276956A95A): 0
LogDevObjectVersion:   Dev-Rendering (12F88B9F-8875-4AFC-A67C-D90C383ABD29): 12
LogDevObjectVersion:   Dev-Sequencer (7B5AE74C-D270-4C10-A958-57980B212A5A): 3
LogDevObjectVersion:   Dev-VR (D7296918-1DD6-4BDD-9DE2-64A83CC13884): 0
LogDevObjectVersion:   Dev-LoadTimes (C2A15278-BFE7-4AFE-6C17-90FF531DF755): 1
LogInit: Compiled (64-bit): May 21 2017 11:02:34
LogInit: Compiled with Visual C++: 19.00.23026.00
LogInit: Build Configuration: Development
LogInit: Branch Name: ++UE4+Release-4.15
LogInit: Command line: -EpicPortal 
LogInit: Base directory: C:/Program Files/Epic Games/UE_4.15/Engine/Binaries/Win64/
LogInit: Installed Engine Build: 1
LogInit: Presizing for max 8388607 objects, including 0 objects not considered by GC, pre-allocating 0 bytes for permanent pool.
LogInit: Object subsystem initialized
[2017.06.19-11.35.03:570][  0]LogInit: Selected Device Profile: [Windows]
[2017.06.19-11.35.03:570][  0]LogInit: Applying CVar settings loaded from the selected device profile: [Windows]
[2017.06.19-11.35.03:583][  0]LogInit: Computer: DESKTOP-E3PDIQS
[2017.06.19-11.35.03:583][  0]LogInit: User: Marcus
[2017.06.19-11.35.03:583][  0]LogInit: CPU Page size=65536, Cores=4
[2017.06.19-11.35.03:584][  0]LogInit: High frequency timer resolution =2.929686 MHz
[2017.06.19-11.35.03:584][  0]LogMemory: Memory total: Physical=16.0GB (16GB approx)
[2017.06.19-11.35.03:584][  0]LogMemory: Platform Memory Stats for Windows
[2017.06.19-11.35.03:584][  0]LogMemory: Process Physical Memory: 263.30 MB used, 263.30 MB peak
[2017.06.19-11.35.03:584][  0]LogMemory: Process Virtual Memory: 262.32 MB used, 262.32 MB peak
[2017.06.19-11.35.03:584][  0]LogMemory: Physical Memory: 3550.22 MB used,  12786.21 MB free, 16336.43 MB total
[2017.06.19-11.35.03:584][  0]LogMemory: Virtual Memory: 644.24 MB used,  12786.21 MB free, 134217728.00 MB total
[2017.06.19-11.35.04:067][  0]LogTextLocalizationManager: No specific translations for ('en-GB') exist, so ('en') translations will be used.
[2017.06.19-11.35.05:360][  0]LogD3D11RHI: D3D11 adapters:
[2017.06.19-11.35.05:979][  0]LogD3D11RHI:    0. 'NVIDIA GeForce GTX 1050' (Feature Level 11_0)
[2017.06.19-11.35.05:979][  0]LogD3D11RHI:       2006/0/8168 MB DedicatedVideo/DedicatedSystem/SharedSystem, Outputs:2, VendorId:0x10de
[2017.06.19-11.35.05:980][  0]LogD3D11RHI:    1. 'Microsoft Basic Render Driver' (Feature Level 11_0)
[2017.06.19-11.35.05:980][  0]LogD3D11RHI:       0/0/8168 MB DedicatedVideo/DedicatedSystem/SharedSystem, Outputs:0, VendorId:0x1414
[2017.06.19-11.35.05:980][  0]LogD3D11RHI: Chosen D3D11 Adapter: 0
[2017.06.19-11.35.05:987][  0]LogD3D11RHI: Creating new Direct3DDevice
[2017.06.19-11.35.05:987][  0]LogD3D11RHI:     GPU DeviceId: 0x1c81 (for the marketing name, search the web for "GPU Device Id")
[2017.06.19-11.35.05:987][  0]LogWindows: EnumDisplayDevices:
[2017.06.19-11.35.05:987][  0]LogWindows:    0. 'NVIDIA GeForce GTX 1050' (P:1 D:1)
[2017.06.19-11.35.05:987][  0]LogWindows:    1. 'NVIDIA GeForce GTX 1050' (P:0 D:1)
[2017.06.19-11.35.05:987][  0]LogWindows:    2. 'NVIDIA GeForce GTX 1050' (P:0 D:0)
[2017.06.19-11.35.05:987][  0]LogWindows:    3. 'NVIDIA GeForce GTX 1050' (P:0 D:0)
[2017.06.19-11.35.05:987][  0]LogWindows: DebugString: FoundDriverCount:4 
[2017.06.19-11.35.05:987][  0]LogD3D11RHI:     Adapter Name: NVIDIA GeForce GTX 1050
[2017.06.19-11.35.05:987][  0]LogD3D11RHI:   Driver Version: 382.33 (internal:22.21.13.8233, unified:382.33)
[2017.06.19-11.35.05:987][  0]LogD3D11RHI:      Driver Date: 5-17-2017
[2017.06.19-11.35.05:987][  0]LogRHI: Texture pool is 1361 MB (70% of 1945 MB)
[2017.06.19-11.35.06:579][  0]LogD3D11RHI: Async texture creation enabled
[2017.06.19-11.35.06:615][  0]LogD3D11RHI: GPU Timing Frequency: 1000.000000 (Debug: 2 1)
[2017.06.19-11.35.06:619][  0]LogShaderCompilers: Guid format shader working directory is -16 characters bigger than the processId version (../../../../../../Users/Marcus/Desktop/GitHub/UE4-Zero/UE4_Zero/Intermediate/Shaders/WorkingDirectory/9348/).
[2017.06.19-11.35.06:619][  0]LogShaderCompilers: Cleaned the shader compiler working directory 'C:/Users/Marcus/AppData/Local/Temp/UnrealShaderWorkingDir/4AF3D32E45CB5621F3A9DAACEC309769/'.
[2017.06.19-11.35.06:619][  0]LogShaderCompilers:Display: Using Local Shader Compiler.
[2017.06.19-11.35.08:036][  0]LogTemp:Display: Loaded TP AllDesktopTargetPlatform
[2017.06.19-11.35.08:229][  0]LogTemp:Display: Loaded TP MacClientTargetPlatform
[2017.06.19-11.35.08:398][  0]LogTemp:Display: Loaded TP MacNoEditorTargetPlatform
[2017.06.19-11.35.08:574][  0]LogTemp:Display: Loaded TP MacServerTargetPlatform
[2017.06.19-11.35.08:745][  0]LogTemp:Display: Loaded TP MacTargetPlatform
[2017.06.19-11.35.08:920][  0]LogTemp:Display: Loaded TP WindowsClientTargetPlatform
[2017.06.19-11.35.09:115][  0]LogTemp:Display: Loaded TP WindowsNoEditorTargetPlatform
[2017.06.19-11.35.09:290][  0]LogTemp:Display: Loaded TP WindowsServerTargetPlatform
[2017.06.19-11.35.09:459][  0]LogTemp:Display: Loaded TP WindowsTargetPlatform
[2017.06.19-11.35.09:633][  0]LogTemp:Display: Loaded TP AndroidTargetPlatform
[2017.06.19-11.35.09:801][  0]LogTemp:Display: Loaded TP Android_ASTCTargetPlatform
[2017.06.19-11.35.09:984][  0]LogTemp:Display: Loaded TP Android_ATCTargetPlatform
[2017.06.19-11.35.10:200][  0]LogTemp:Display: Loaded TP Android_DXTTargetPlatform
[2017.06.19-11.35.10:376][  0]LogTemp:Display: Loaded TP Android_ETC1TargetPlatform
[2017.06.19-11.35.10:544][  0]LogTemp:Display: Loaded TP Android_ETC2TargetPlatform
[2017.06.19-11.35.10:885][  0]LogTemp:Display: Loaded TP Android_MultiTargetPlatform
[2017.06.19-11.35.10:885][  0]LogTemp:Display: Loaded TP Android_PVRTCTargetPlatform
[2017.06.19-11.35.11:034][  0]LogTemp:Display: Loaded TP HTML5TargetPlatform
[2017.06.19-11.35.11:310][  0]LogTemp:Display: Loaded TP IOSTargetPlatform
[2017.06.19-11.35.11:420][  0]LogTemp:Display: Loaded TP TVOSTargetPlatform
[2017.06.19-11.35.11:587][  0]LogTemp:Display: Loaded TP LinuxClientTargetPlatform
[2017.06.19-11.35.11:767][  0]LogTemp:Display: Loaded TP LinuxNoEditorTargetPlatform
[2017.06.19-11.35.11:936][  0]LogTemp:Display: Loaded TP LinuxServerTargetPlatform
[2017.06.19-11.35.12:106][  0]LogTemp:Display: Loaded TP LinuxTargetPlatform
[2017.06.19-11.35.12:106][  0]LogTargetPlatformManager:Display: Building Assets For Windows
[2017.06.19-11.35.13:903][  0]LogDerivedDataCache:Display: Max Cache Size: 512 MB
[2017.06.19-11.35.13:953][  0]LogDerivedDataCache: Loaded boot cache 0.05s 50MB C:/Users/Marcus/AppData/Local/UnrealEngine/4.15/DerivedDataCache/Boot.ddc.
[2017.06.19-11.35.13:953][  0]LogDerivedDataCache:Display: Loaded Boot cache: C:/Users/Marcus/AppData/Local/UnrealEngine/4.15/DerivedDataCache/Boot.ddc
[2017.06.19-11.35.13:953][  0]LogDerivedDataCache: FDerivedDataBackendGraph:  Pak pak cache file ../../../../../../Users/Marcus/Desktop/GitHub/UE4-Zero/UE4_Zero/DerivedDataCache/DDC.ddp not found, will not use a pak cache.
[2017.06.19-11.35.13:953][  0]LogDerivedDataCache: Unable to find inner node Pak for hierarchical cache Hierarchy.
[2017.06.19-11.35.13:953][  0]LogDerivedDataCache: FDerivedDataBackendGraph:  CompressedPak pak cache file ../../../../../../Users/Marcus/Desktop/GitHub/UE4-Zero/UE4_Zero/DerivedDataCache/Compressed.ddp not found, will not use a pak cache.
[2017.06.19-11.35.13:953][  0]LogDerivedDataCache: Unable to find inner node CompressedPak for hierarchical cache Hierarchy.
[2017.06.19-11.35.13:971][  0]LogDerivedDataCache:Display: Pak cache opened for reading ../../../Engine/DerivedDataCache/Compressed.ddp.
[2017.06.19-11.35.13:984][  0]LogDerivedDataCache: Using Local data cache path C:/Users/Marcus/AppData/Local/UnrealEngine/Common/DerivedDataCache: Writable
[2017.06.19-11.35.13:993][  0]LogSlate: Using Freetype 2.6.0
[2017.06.19-11.35.13:994][  0]LogSlate: SlateFontCache - WITH_FREETYPE: 1, WITH_HARFBUZZ: 1
[2017.06.19-11.35.13:994][  0]LogSlate: SlateFontCache - WITH_FREETYPE: 1, WITH_HARFBUZZ: 1
[2017.06.19-11.35.14:350][  0]LogInit: Selected Device Profile: [Windows]
[2017.06.19-11.35.14:353][  0]LogContentStreaming: Texture pool size is 0.00 MB
[2017.06.19-11.35.14:890][  0]LogMeshUtilities: Using QuadricMeshReduction for automatic static mesh reduction
[2017.06.19-11.35.15:060][  0]LogSimplygon: Simplygon DLL not present - disabling.
[2017.06.19-11.35.15:232][  0]LogMeshUtilities: Using SimplygonSwarm for distributed automatic mesh merging
[2017.06.19-11.35.15:232][  0]LogMeshUtilities: No automatic skeletal mesh reduction module available
[2017.06.19-11.35.15:232][  0]LogMeshUtilities: No automatic mesh merging module available
[2017.06.19-11.35.16:216][  0]LogNetVersion: GetLocalNetworkVersion: CL: 3299760, ProjectName: ue4_zero, ProjectVersion: , EngineNetworkVersion: 2, GameNetworkVersion: 0, NetworkChecksum: 276590260
[2017.06.19-11.35.16:328][  0]LogAssetRegistry: FAssetRegistry took 0.0222 seconds to start up
[2017.06.19-11.35.16:456][  0]LogPackageLocalizationCache: Processed 3 localized package path(s) for 2 prioritized culture(s) in 0.036450 seconds
[2017.06.19-11.35.16:461][  0]LogUObjectArray: 32493 objects as part of root set at end of initial load.
[2017.06.19-11.35.16:461][  0]LogUObjectAllocator: 7077024 out of 0 bytes used by permanent object pool.
[2017.06.19-11.35.16:461][  0]LogUObjectArray: CloseDisregardForGC: 0/0 objects in disregard for GC pool
[2017.06.19-11.35.16:738][  0]LogInit: WinSock: version 1.1 (2.2), MaxSocks=32767, MaxUdp=65467
[2017.06.19-11.35.21:551][  0]LogTcpMessaging: Initializing TcpMessaging bridge
[2017.06.19-11.35.21:690][  0]LogUdpMessaging: Initializing bridge on interface 0.0.0.0:0 to multicast group 230.0.0.1:6666.
[2017.06.19-11.35.23:627][  0]LogMaterial: Uniform references updated for custom material expression Custom.
[2017.06.19-11.35.24:871][  0]SourceControl: Info Source control is disabled
[2017.06.19-11.35.24:873][  0]SourceControl: Info Source control is disabled
[2017.06.19-11.35.25:048][  0]SourceControl: Info Source control is disabled
[2017.06.19-11.35.25:220][  0]SourceControl: Info Source control is disabled
[2017.06.19-11.35.29:694][  0]LogEngine: Initializing Engine...
[2017.06.19-11.35.29:695][  0]LogHMD: Failed to initialize OpenVR with code 110
[2017.06.19-11.35.29:813][  0]LogStats: UGameplayTagsManager::ConstructGameplayTagTree: Construct from data asset -  0.000 s
[2017.06.19-11.35.29:813][  0]LogStats: UGameplayTagsManager::ConstructGameplayTagTree: GameplayTagTreeChangedEvent.Broadcast -  0.000 s
[2017.06.19-11.35.30:277][  0]LogAIModule: Creating AISystem for world Untitled
[2017.06.19-11.35.30:283][  0]LogInit: XAudio2 using 'Digital Audio (S/PDIF) (High Definition Audio Device)' : 2 channels at 44.1 kHz using 16 bits per sample (channel mask 0x3)
[2017.06.19-11.35.30:304][  0]LogInit: FAudioDevice initialized.
[2017.06.19-11.35.30:328][  0]LogDerivedDataCache: Saved boot cache 0.02s 50MB C:/Users/Marcus/AppData/Local/UnrealEngine/4.15/DerivedDataCache/Boot.ddc.
[2017.06.19-11.35.30:334][  0]LogInit: Texture streaming: Enabled
[2017.06.19-11.35.30:723][  0]LogEngineSessionManager: EngineSessionManager initialized
[2017.06.19-11.35.31:044][  0]LogInit: Transaction tracking system initialized
[2017.06.19-11.35.32:397][  0]BlueprintLog: New page: Editor Load
[2017.06.19-11.35.35:871][  0]LocalizationService: Info Localization service is disabled
[2017.06.19-11.35.38:424][  0]LogConsoleResponse:Display: 
[2017.06.19-11.35.38:640][  0]LogCook:Display: Max memory allowance for cook 16384mb min free memory 0mb
[2017.06.19-11.35.38:640][  0]LogCook:Display: Mobile HDR setting 1
[2017.06.19-11.35.39:180][  0]LogFileCache: Scanning file cache for directory 'C:/Users/Marcus/Desktop/GitHub/UE4-Zero/UE4_Zero/Content/' took 0.02s
[2017.06.19-11.35.42:516][  0]SourceControl: Info Source control is disabled
[2017.06.19-11.35.42:517][  0]Cmd: MAP LOAD FILE="../../../../../../Users/Marcus/Desktop/GitHub/UE4-Zero/UE4_Zero/Content/Maps/Start.umap" TEMPLATE=0 SHOWPROGRESS=1 FEATURELEVEL=3
[2017.06.19-11.35.42:517][  0]LightingResults: New page: Lighting Build
[2017.06.19-11.35.42:673][  0]MapCheck: New page: Map Check
[2017.06.19-11.35.42:673][  0]LightingResults: New page: Lighting Build
[2017.06.19-11.35.42:873][  0]LogAIModule: Creating AISystem for world Start
[2017.06.19-11.35.42:894][  0]LogEditorServer: Finished looking for orphan Actors (0.000 secs)
[2017.06.19-11.35.42:895][  0]Cmd: MAP CHECKDEP NOCLEARLOG
[2017.06.19-11.35.42:989][  0]MapCheck: Info Map check complete: 0 Error(s), 0 Warning(s), took 95.007ms to complete.
[2017.06.19-11.35.42:989][  0]LogFileHelpers: Loading map 'Start' took 0.473
[2017.06.19-11.35.43:244][  0]LogCollectionManager: Loaded 0 collections in 0.001958 seconds
[2017.06.19-11.35.43:447][  0]LogFileCache: Scanning file cache for directory 'C:/Users/Marcus/Desktop/GitHub/UE4-Zero/UE4_Zero/Saved/Collections/' took 0.01s
[2017.06.19-11.35.43:447][  0]LogFileCache: Scanning file cache for directory 'C:/Users/Marcus/Desktop/GitHub/UE4-Zero/UE4_Zero/Content/Developers/Marcus/Collections/' took 0.01s
[2017.06.19-11.35.43:447][  0]LogFileCache: Scanning file cache for directory 'C:/Users/Marcus/Desktop/GitHub/UE4-Zero/UE4_Zero/Content/Collections/' took 0.01s
[2017.06.19-11.35.43:447][  0]LogCollectionManager: Rebuilt the GUID cache for 0 collections in 0.000001 seconds
[2017.06.19-11.35.43:458][  0]LogContentBrowser: Native class hierarchy populated in 0.0108 seconds. Added 2249 classes and 455 folders.
[2017.06.19-11.35.43:713][  0]LogContentBrowser: Native class hierarchy updated for 'WidgetCarousel' in 0.0034 seconds. Added 0 classes and 0 folders.
[2017.06.19-11.35.43:791][  0]LogContentBrowser: Native class hierarchy updated for 'AddContentDialog' in 0.0030 seconds. Added 0 classes and 0 folders.
[2017.06.19-11.35.43:958][  0]LogContentBrowser: Native class hierarchy updated for 'SceneOutliner' in 0.0029 seconds. Added 1 classes and 2 folders.
[2017.06.19-11.35.44:137][  0]LogCrashTracker: Crashtracker disabled due to settings.
[2017.06.19-11.35.44:147][  0]LogUObjectGlobals:Warning: Failed to find object 'Class None.'
[2017.06.19-11.35.44:340][  0]LogContentBrowser: Native class hierarchy updated for 'HierarchicalLODOutliner' in 0.0027 seconds. Added 1 classes and 2 folders.
[2017.06.19-11.35.44:341][  0]LogLoad: (Engine Initialization) Total time: 45.22 seconds
[2017.06.19-11.35.44:341][  0]LogLoad: (Engine Initialization) Total Blueprint compile time: 0.21 seconds
[2017.06.19-11.35.44:341][  0]LogExternalProfiler: Found external profiler: VSPerf
[2017.06.19-11.35.44:341][  0]LogExternalProfiler: Using external profiler: VSPerf
[2017.06.19-11.35.44:680][  0]LogOcInput: OculusInput pre-init called
[2017.06.19-11.35.44:701][  0]LogContentStreaming: Texture pool size now 1000 MB
[2017.06.19-11.35.44:702][  0]LogSlate: Took 0.000338 seconds to synchronously load lazily loaded font '../../../Engine/Content/Slate/Fonts/Roboto-Regular.ttf' (155K)
[2017.06.19-11.35.44:706][  0]LogSlate: Took 0.000384 seconds to synchronously load lazily loaded font '../../../Engine/Content/Slate/Fonts/Roboto-Bold.ttf' (160K)
[2017.06.19-11.35.44:873][  0]LogRenderer: Reallocating scene render targets to support 1208x580 NumSamples 1 (Frame:2).
[2017.06.19-11.35.45:017][  1]LogAssetRegistry: Asset discovery search completed in 28.7117 seconds
[2017.06.19-11.35.45:017][  1]LogCollectionManager: Rebuilt the object cache for 0 collections in 0.000004 seconds (found 0 objects)
[2017.06.19-11.35.45:017][  1]LogCollectionManager: Fixed up redirectors for 0 collections in 0.000021 seconds (updated 0 objects)
[2017.06.19-11.35.45:682][  3]LogSlate: Took 0.000333 seconds to synchronously load lazily loaded font '../../../Engine/Content/Slate/Fonts/Roboto-Light.ttf' (159K)
[2017.06.19-12.27.32:792][779]LogTemp: Repeting last play command: Selected Viewport
[2017.06.19-12.27.32:804][779]LogPlayLevel: PlayLevel: No blueprints needed recompiling
[2017.06.19-12.27.32:804][779]PIE: New page: PIE session: Start (19 Jun 2017 14:27:32)
[2017.06.19-12.27.32:804][779]LogPlayLevel: Creating play world package: /Game/Maps/UEDPIE_0_Start
[2017.06.19-12.27.32:807][779]LogPlayLevel: PIE: StaticDuplicateObject took: (0.002453s)
[2017.06.19-12.27.32:807][779]LogAIModule: Creating AISystem for world Start
[2017.06.19-12.27.32:808][779]LogPlayLevel: PIE: World Init took: (0.000890s)
[2017.06.19-12.27.32:808][779]LogPlayLevel: PIE: Created PIE world by copying editor world from /Game/Maps/Start.Start to /Game/Maps/UEDPIE_0_Start.Start (0.003621s)
[2017.06.19-12.27.32:821][779]LogInit: XAudio2 using 'Digital Audio (S/PDIF) (High Definition Audio Device)' : 2 channels at 44.1 kHz using 16 bits per sample (channel mask 0x3)
[2017.06.19-12.27.32:828][779]LogInit: FAudioDevice initialized.
[2017.06.19-12.27.32:904][779]LogLoad: Game class is 'My_UE4_ZeroGameModeBase_C'
[2017.06.19-12.27.32:906][779]LogWorld: Bringing World /Game/Maps/UEDPIE_0_Start.Start up for play (max tick rate 0) at 2017.06.19-13.27.32
[2017.06.19-12.27.32:906][779]LogWorld: Bringing up level for play took: 0.000881
[2017.06.19-12.27.33:068][779]LogContentBrowser: Native class hierarchy updated for 'MovieSceneCapture' in 0.0028 seconds. Added 11 classes and 0 folders.
[2017.06.19-12.27.33:070][779]PIE: Info Play in editor start time for /Game/Maps/UEDPIE_0_Start 0.87
[2017.06.19-13.16.17:134][367]LogHttp:Warning: 000001B31BF64100: request failed, libcurl error: 6 (Couldn't resolve host name)
[2017.06.19-13.16.17:134][367]LogHttp:Warning: 000001B31BF64100: libcurl info message cache 0 (Found bundle for host datarouter.ol.epicgames.com: 0x1b3229abd60 [can pipeline])
[2017.06.19-13.16.17:134][367]LogHttp:Warning: 000001B31BF64100: libcurl info message cache 1 (Re-using existing connection! (#10) with host datarouter.ol.epicgames.com)
[2017.06.19-13.16.17:134][367]LogHttp:Warning: 000001B31BF64100: libcurl info message cache 2 (Connected to datarouter.ol.epicgames.com (54.165.158.243) port 443 (#10))
[2017.06.19-13.16.17:134][367]LogHttp:Warning: 000001B31BF64100: libcurl info message cache 3 (upload completely sent off: 343 out of 343 bytes)
[2017.06.19-13.16.17:134][367]LogHttp:Warning: 000001B31BF64100: libcurl info message cache 4 (SSL read: error:00000000:lib(0):func(0):reason(0), errno 10054)
[2017.06.19-13.16.17:134][367]LogHttp:Warning: 000001B31BF64100: libcurl info message cache 5 (Connection died, retrying a fresh connect)
[2017.06.19-13.16.17:134][367]LogHttp:Warning: 000001B31BF64100: libcurl info message cache 6 (Closing connection 10)
[2017.06.19-13.16.17:134][367]LogHttp:Warning: 000001B31BF64100: libcurl info message cache 7 (Issue another request to this URL: 'https://datarouter.ol.epicgames.com/datarouter/api/v1/public/data?SessionID=%7BAFE376BB-423E-1EAA-BBEF-839E1DAEA4D7%7D&AppID=UEEditor.Rocket.Release&AppVersion=4.15.3-3450819%2B%2B%2BUE4%2BRelease-4.15&UserID=97d3f40d403ff4a258d6f980a741b4dc%7C969837ba78db4a5a8b4180254925176e%7C81706c51-5e4d-4c53-8181-bc8c50ced6a7&AppEnvironment=datacollector-binary&UploadType=eteventstream')
[2017.06.19-13.16.17:134][367]LogHttp:Warning: 000001B31BF64100: libcurl info message cache 8 (Could not resolve host: datarouter.ol.epicgames.com)
[2017.06.19-13.16.17:134][367]LogHttp:Warning: 000001B31BF64100: libcurl info message cache 9 (Closing connection 11)
[2017.06.19-13.16.55:803][483]LogHttp:Warning: 000001B31BF64280: request failed, libcurl error: 6 (Couldn't resolve host name)
[2017.06.19-13.16.55:803][483]LogHttp:Warning: 000001B31BF64280: libcurl info message cache 0 (Could not resolve host: datarouter.ol.epicgames.com)
[2017.06.19-13.16.55:803][483]LogHttp:Warning: 000001B31BF64280: libcurl info message cache 1 (Closing connection 12)
[2017.06.19-13.17.55:836][663]LogHttp:Warning: 000001B31BF65A80: request failed, libcurl error: 6 (Couldn't resolve host name)
[2017.06.19-13.17.55:836][663]LogHttp:Warning: 000001B31BF65A80: libcurl info message cache 0 (Could not resolve host: datarouter.ol.epicgames.com)
[2017.06.19-13.17.55:836][663]LogHttp:Warning: 000001B31BF65A80: libcurl info message cache 1 (Closing connection 13)
[2017.06.19-13.31.48:172][340]Recompiling UE4_Zero...
[2017.06.19-13.31.48:172][340]Launching UnrealBuildTool... [C:/Program Files/Epic Games/UE_4.15/Engine/Binaries/DotNET/UnrealBuildTool.exe UE4_Zero -ModuleWithSuffix UE4_Zero 814 Win64 Development -editorrecompile -canskiplink "C:/Users/Marcus/Desktop/GitHub/UE4-Zero/UE4_Zero/UE4_Zero.uproject" ]
[2017.06.19-13.31.48:178][340]Warning: Starting HotReload took  0.1s.
[2017.06.19-13.32.08:707][772]CompilerResultsLog: New page: Compilation - 19 Jun 2017 15:32:08
[2017.06.19-13.32.08:708][772]CompilerResultsLog: Info Compiling game modules for hot reload
[2017.06.19-13.32.08:708][772]CompilerResultsLog: Info Performing full C++ include scan (no include cache file)
[2017.06.19-13.32.08:708][772]CompilerResultsLog: Info Parsing headers for UE4_ZeroEditor
[2017.06.19-13.32.08:708][772]CompilerResultsLog: Info   Running UnrealHeaderTool "C:\Users\Marcus\Desktop\GitHub\UE4-Zero\UE4_Zero\UE4_Zero.uproject" "C:\Users\Marcus\Desktop\GitHub\UE4-Zero\UE4_Zero\Intermediate\Build\Win64\UE4_ZeroEditor\Development\UE4_ZeroEditor.uhtmanifest" -LogCmds="loginit warning, logexit warning, logdatabase error" -Unattended -WarningsAsErrors -installed
[2017.06.19-13.32.08:708][772]CompilerResultsLog: Info Reflection code generated for UE4_ZeroEditor in 8.5447774 seconds
[2017.06.19-13.32.08:708][772]CompilerResultsLog: Info Performing 5 actions (4 in parallel)
[2017.06.19-13.32.08:708][772]CompilerResultsLog: Info UE4_Zero.generated.cpp
[2017.06.19-13.32.08:708][772]CompilerResultsLog: Info PlayerZero.cpp
[2017.06.19-13.32.08:708][772]CompilerResultsLog: Info PlayerMovement.cpp
[2017.06.19-13.32.08:708][772]CompilerResultsLog:Error: Error C:\Users\Marcus\Desktop\GitHub\UE4-Zero\UE4_Zero\Source\UE4_Zero\PlayerMovement.cpp(39) : error C2227: left of '->GetComponentByClass' must point to class/struct/union/generic type
[2017.06.19-13.32.08:708][772]CompilerResultsLog: Info ERROR: UBT ERROR: Failed to produce item: C:\Users\Marcus\Desktop\GitHub\UE4-Zero\UE4_Zero\Binaries\Win64\UE4Editor-UE4_Zero-814.dll
[2017.06.19-13.32.08:708][772]CompilerResultsLog: Info Total build time: 20.13 seconds (Local executor: 0.00 seconds)
[2017.06.19-13.32.08:708][772]LogMainFrame: MainFrame: Module compiling took 20.543 seconds
[2017.06.19-13.32.08:708][772]Warning: HotReload failed, recompile failed
[2017.06.19-13.45.26:748][ 36]Recompiling UE4_Zero...
[2017.06.19-13.45.26:748][ 36]Launching UnrealBuildTool... [C:/Program Files/Epic Games/UE_4.15/Engine/Binaries/DotNET/UnrealBuildTool.exe UE4_Zero -ModuleWithSuffix UE4_Zero 9084 Win64 Development -editorrecompile -canskiplink "C:/Users/Marcus/Desktop/GitHub/UE4-Zero/UE4_Zero/UE4_Zero.uproject" ]
[2017.06.19-13.45.26:754][ 36]Warning: Starting HotReload took  0.0s.
[2017.06.19-13.45.45:972][297]CompilerResultsLog: New page: Compilation - 19 Jun 2017 15:45:45
[2017.06.19-13.45.45:972][297]CompilerResultsLog: Info Compiling game modules for hot reload
[2017.06.19-13.45.45:972][297]CompilerResultsLog: Info Parsing headers for UE4_ZeroEditor
[2017.06.19-13.45.45:972][297]CompilerResultsLog: Info   Running UnrealHeaderTool "C:\Users\Marcus\Desktop\GitHub\UE4-Zero\UE4_Zero\UE4_Zero.uproject" "C:\Users\Marcus\Desktop\GitHub\UE4-Zero\UE4_Zero\Intermediate\Build\Win64\UE4_ZeroEditor\Development\UE4_ZeroEditor.uhtmanifest" -LogCmds="loginit warning, logexit warning, logdatabase error" -Unattended -WarningsAsErrors -installed
[2017.06.19-13.45.45:972][297]CompilerResultsLog: Info Reflection code generated for UE4_ZeroEditor in 8.2675259 seconds
[2017.06.19-13.45.45:972][297]CompilerResultsLog: Info Performing 3 actions (4 in parallel)
[2017.06.19-13.45.45:972][297]CompilerResultsLog: Info PlayerMovement.cpp
[2017.06.19-13.45.45:972][297]CompilerResultsLog: Info [2/3] Link UE4Editor-UE4_Zero-9084.dll
[2017.06.19-13.45.45:972][297]CompilerResultsLog: Info [3/3] Link UE4Editor-UE4_Zero-9084.lib
[2017.06.19-13.45.45:972][297]CompilerResultsLog: Info    Creating library C:\Users\Marcus\Desktop\GitHub\UE4-Zero\UE4_Zero\Intermediate\Build\Win64\UE4Editor\Development\UE4Editor-UE4_Zero-9084.lib and object C:\Users\Marcus\Desktop\GitHub\UE4-Zero\UE4_Zero\Intermediate\Build\Win64\UE4Editor\Development\UE4Editor-UE4_Zero-9084.exp
[2017.06.19-13.45.45:972][297]CompilerResultsLog: Info    Creating library C:\Users\Marcus\Desktop\GitHub\UE4-Zero\UE4_Zero\Intermediate\Build\Win64\UE4Editor\Development\UE4Editor-UE4_Zero-9084.suppressed.lib and object C:\Users\Marcus\Desktop\GitHub\UE4-Zero\UE4_Zero\Intermediate\Build\Win64\UE4Editor\Development\UE4Editor-UE4_Zero-9084.suppressed.exp
[2017.06.19-13.45.45:972][297]CompilerResultsLog: Info Total build time: 18.84 seconds (Local executor: 2.77 seconds)
[2017.06.19-13.45.45:972][297]LogMainFrame: MainFrame: Module compiling took 19.231 seconds
[2017.06.19-13.45.46:176][297]LogContentBrowser: Native class hierarchy updated for 'UE4_Zero' in 0.0028 seconds. Added 4 classes and 2 folders.
[2017.06.19-13.45.46:177][297]Display: HotReload successful (0 functions remapped  0 scriptstructs remapped)
[2017.06.19-13.45.46:239][297]LogContentBrowser: Native class hierarchy populated in 0.0105 seconds. Added 2251 classes and 459 folders.
[2017.06.19-13.45.46:239][297]Display: HotReload took 19.5s.
[2017.06.19-13.45.51:914][977]LogTemp: Repeting last play command: Selected Viewport
[2017.06.19-13.45.51:925][977]LogPlayLevel: PlayLevel: No blueprints needed recompiling
[2017.06.19-13.45.51:926][977]PIE: New page: PIE session: Start (19 Jun 2017 15:45:51)
[2017.06.19-13.45.51:926][977]LogPlayLevel: Creating play world package: /Game/Maps/UEDPIE_0_Start
[2017.06.19-13.45.51:928][977]LogPlayLevel: PIE: StaticDuplicateObject took: (0.002310s)
[2017.06.19-13.45.51:929][977]LogAIModule: Creating AISystem for world Start
[2017.06.19-13.45.51:929][977]LogPlayLevel: PIE: World Init took: (0.000814s)
[2017.06.19-13.45.51:929][977]LogPlayLevel: PIE: Created PIE world by copying editor world from /Game/Maps/Start.Start to /Game/Maps/UEDPIE_0_Start.Start (0.003334s)
[2017.06.19-13.45.51:940][977]LogInit: XAudio2 using 'Digital Audio (S/PDIF) (High Definition Audio Device)' : 2 channels at 44.1 kHz using 16 bits per sample (channel mask 0x3)
[2017.06.19-13.45.51:948][977]LogInit: FAudioDevice initialized.
[2017.06.19-13.45.51:981][977]LogLoad: Game class is 'My_UE4_ZeroGameModeBase_C'
[2017.06.19-13.45.51:983][977]LogWorld: Bringing World /Game/Maps/UEDPIE_0_Start.Start up for play (max tick rate 0) at 2017.06.19-14.45.51
[2017.06.19-13.45.51:983][977]LogWorld: Bringing up level for play took: 0.001171
[2017.06.19-13.45.51:984][977]PIE: Info Play in editor start time for /Game/Maps/UEDPIE_0_Start -0.216
[2017.06.19-14.46.09:808][ 10]LogSlate: Took 0.001879 seconds to synchronously load lazily loaded font '../../../Engine/Content/Editor/Slate/Fonts/FontAwesome.ttf' (139K)
[2017.06.19-14.46.09:826][ 10]LogSlate: Took 0.001740 seconds to synchronously load lazily loaded font '../../../Engine/Content/Slate/Fonts/Roboto-Light.ttf' (159K)
[2017.06.19-14.46.15:024][630]LogSlate: Took 0.000187 seconds to synchronously load lazily loaded font '../../../Engine/Content/Slate/Fonts/Roboto-Light.ttf' (159K)
[2017.06.19-14.46.15:763][630]LogContentBrowser: Native class hierarchy updated for 'BlueprintGraph' in 0.0032 seconds. Added 112 classes and 0 folders.
[2017.06.19-14.46.16:381][630]LogSlate: Took 0.000283 seconds to synchronously load lazily loaded font '../../../Engine/Content/Slate/Fonts/Roboto-Regular.ttf' (155K)
[2017.06.19-14.46.16:461][630]LogSlate: Took 0.000337 seconds to synchronously load lazily loaded font '../../../Engine/Content/Editor/Slate/Fonts/Roboto-BoldCondensed.ttf' (158K)
[2017.06.19-14.46.19:618][935]LogRenderer: Reallocating scene render targets to support 1208x900 NumSamples 1 (Frame:237487).
[2017.06.19-14.46.21:783][192]LogSlate: Took 0.002147 seconds to synchronously load lazily loaded font '../../../Engine/Content/Editor/Slate/Fonts/Roboto-Italic.ttf' (157K)
[2017.06.19-14.52.53:726][662]Recompiling UE4_Zero...
[2017.06.19-14.52.53:726][662]Launching UnrealBuildTool... [C:/Program Files/Epic Games/UE_4.15/Engine/Binaries/DotNET/UnrealBuildTool.exe UE4_Zero -ModuleWithSuffix UE4_Zero 2329 Win64 Development -editorrecompile -canskiplink "C:/Users/Marcus/Desktop/GitHub/UE4-Zero/UE4_Zero/UE4_Zero.uproject" ]
[2017.06.19-14.52.53:790][662]Warning: Starting HotReload took  0.1s.
[2017.06.19-14.53.14:647][ 87]CompilerResultsLog: New page: Compilation - 19 Jun 2017 16:53:14
[2017.06.19-14.53.14:647][ 87]CompilerResultsLog: Info Compiling game modules for hot reload
[2017.06.19-14.53.14:647][ 87]CompilerResultsLog: Info Parsing headers for UE4_ZeroEditor
[2017.06.19-14.53.14:647][ 87]CompilerResultsLog: Info   Running UnrealHeaderTool "C:\Users\Marcus\Desktop\GitHub\UE4-Zero\UE4_Zero\UE4_Zero.uproject" "C:\Users\Marcus\Desktop\GitHub\UE4-Zero\UE4_Zero\Intermediate\Build\Win64\UE4_ZeroEditor\Development\UE4_ZeroEditor.uhtmanifest" -LogCmds="loginit warning, logexit warning, logdatabase error" -Unattended -WarningsAsErrors -installed
[2017.06.19-14.53.14:647][ 87]CompilerResultsLog: Info Reflection code generated for UE4_ZeroEditor in 8.4753055 seconds
[2017.06.19-14.53.14:647][ 87]CompilerResultsLog: Info Performing 6 actions (4 in parallel)
[2017.06.19-14.53.14:647][ 87]CompilerResultsLog: Info PlayerZero.cpp
[2017.06.19-14.53.14:647][ 87]CompilerResultsLog: Info UE4_Zero.generated.cpp
[2017.06.19-14.53.14:647][ 87]CompilerResultsLog: Info PlayerMovement.cpp
[2017.06.19-14.53.14:647][ 87]CompilerResultsLog: Info My_PlayerController.cpp
[2017.06.19-14.53.14:647][ 87]CompilerResultsLog: Info [5/6] Link UE4Editor-UE4_Zero-2329.dll
[2017.06.19-14.53.14:647][ 87]CompilerResultsLog: Info [6/6] Link UE4Editor-UE4_Zero-2329.lib
[2017.06.19-14.53.14:647][ 87]CompilerResultsLog: Info    Creating library C:\Users\Marcus\Desktop\GitHub\UE4-Zero\UE4_Zero\Intermediate\Build\Win64\UE4Editor\Development\UE4Editor-UE4_Zero-2329.lib and object C:\Users\Marcus\Desktop\GitHub\UE4-Zero\UE4_Zero\Intermediate\Build\Win64\UE4Editor\Development\UE4Editor-UE4_Zero-2329.exp
[2017.06.19-14.53.14:647][ 87]CompilerResultsLog: Info    Creating library C:\Users\Marcus\Desktop\GitHub\UE4-Zero\UE4_Zero\Intermediate\Build\Win64\UE4Editor\Development\UE4Editor-UE4_Zero-2329.suppressed.lib and object C:\Users\Marcus\Desktop\GitHub\UE4-Zero\UE4_Zero\Intermediate\Build\Win64\UE4Editor\Development\UE4Editor-UE4_Zero-2329.suppressed.exp
[2017.06.19-14.53.14:647][ 87]CompilerResultsLog: Info Total build time: 20.28 seconds (Local executor: 3.82 seconds)
[2017.06.19-14.53.14:647][ 87]LogMainFrame: MainFrame: Module compiling took 20.929 seconds
[2017.06.19-14.53.14:839][ 87]LogClass: Could not find existing class PlayerZero in package /Script/UE4_Zero for HotReload, assuming new class
[2017.06.19-14.53.14:845][ 87]LogHotReload: Re-instancing PlayerZero after hot-reload.
[2017.06.19-14.53.15:101][ 87]LogContentBrowser: Native class hierarchy updated for 'UE4_Zero' in 0.0028 seconds. Added 4 classes and 2 folders.
[2017.06.19-14.53.15:103][ 87]Display: HotReload successful (0 functions remapped  0 scriptstructs remapped)
[2017.06.19-14.53.15:350][ 87]LogContentBrowser: Native class hierarchy populated in 0.0109 seconds. Added 2251 classes and 459 folders.
[2017.06.19-14.53.15:350][ 87]Display: HotReload took 21.6s.
[2017.06.19-14.53.21:196][766]LogTemp: Repeting last play command: Selected Viewport
[2017.06.19-14.53.21:214][766]LogPlayLevel: PlayLevel: No blueprints needed recompiling
[2017.06.19-14.53.21:214][766]PIE: New page: PIE session: Start (19 Jun 2017 16:53:21)
[2017.06.19-14.53.21:214][766]LogPlayLevel: Creating play world package: /Game/Maps/UEDPIE_0_Start
[2017.06.19-14.53.21:217][766]LogPlayLevel: PIE: StaticDuplicateObject took: (0.002915s)
[2017.06.19-14.53.21:218][766]LogAIModule: Creating AISystem for world Start
[2017.06.19-14.53.21:218][766]LogPlayLevel: PIE: World Init took: (0.000997s)
[2017.06.19-14.53.21:218][766]LogPlayLevel: PIE: Created PIE world by copying editor world from /Game/Maps/Start.Start to /Game/Maps/UEDPIE_0_Start.Start (0.004121s)
[2017.06.19-14.53.21:250][766]LogInit: XAudio2 using 'Digital Audio (S/PDIF) (High Definition Audio Device)' : 2 channels at 44.1 kHz using 16 bits per sample (channel mask 0x3)
[2017.06.19-14.53.21:257][766]LogInit: FAudioDevice initialized.
[2017.06.19-14.53.21:290][766]LogLoad: Game class is 'My_UE4_ZeroGameModeBase_C'
[2017.06.19-14.53.21:292][766]LogWorld: Bringing World /Game/Maps/UEDPIE_0_Start.Start up for play (max tick rate 0) at 2017.06.19-15.53.21
[2017.06.19-14.53.21:292][766]LogWorld: Bringing up level for play took: 0.001004
[2017.06.19-14.53.21:294][766]PIE: Info Play in editor start time for /Game/Maps/UEDPIE_0_Start -0.906
[2017.06.19-14.54.16:875][426]LogTemp: Repeting last play command: Selected Viewport
[2017.06.19-14.54.16:889][426]LogPlayLevel: PlayLevel: No blueprints needed recompiling
[2017.06.19-14.54.16:889][426]PIE: New page: PIE session: Start (19 Jun 2017 16:54:16)
[2017.06.19-14.54.16:889][426]LogPlayLevel: Creating play world package: /Game/Maps/UEDPIE_0_Start
[2017.06.19-14.54.16:891][426]LogPlayLevel: PIE: StaticDuplicateObject took: (0.002398s)
[2017.06.19-14.54.16:892][426]LogAIModule: Creating AISystem for world Start
[2017.06.19-14.54.16:893][426]LogPlayLevel: PIE: World Init took: (0.001049s)
[2017.06.19-14.54.16:893][426]LogPlayLevel: PIE: Created PIE world by copying editor world from /Game/Maps/Start.Start to /Game/Maps/UEDPIE_0_Start.Start (0.004017s)
[2017.06.19-14.54.16:910][426]LogInit: XAudio2 using 'Digital Audio (S/PDIF) (High Definition Audio Device)' : 2 channels at 44.1 kHz using 16 bits per sample (channel mask 0x3)
[2017.06.19-14.54.16:918][426]LogInit: FAudioDevice initialized.
[2017.06.19-14.54.16:946][426]LogLoad: Game class is 'My_UE4_ZeroGameModeBase_C'
[2017.06.19-14.54.16:948][426]LogWorld: Bringing World /Game/Maps/UEDPIE_0_Start.Start up for play (max tick rate 0) at 2017.06.19-15.54.16
[2017.06.19-14.54.16:948][426]LogWorld: Bringing up level for play took: 0.001077
[2017.06.19-14.54.16:950][426]PIE: Info Play in editor start time for /Game/Maps/UEDPIE_0_Start 0.75
[2017.06.19-14.54.42:039][428]LogTemp: Repeting last play command: Selected Viewport
[2017.06.19-14.54.42:054][428]LogPlayLevel: PlayLevel: No blueprints needed recompiling
[2017.06.19-14.54.42:054][428]PIE: New page: PIE session: Start (19 Jun 2017 16:54:42)
[2017.06.19-14.54.42:054][428]LogPlayLevel: Creating play world package: /Game/Maps/UEDPIE_0_Start
[2017.06.19-14.54.42:056][428]LogPlayLevel: PIE: StaticDuplicateObject took: (0.001755s)
[2017.06.19-14.54.42:057][428]LogAIModule: Creating AISystem for world Start
[2017.06.19-14.54.42:057][428]LogPlayLevel: PIE: World Init took: (0.000974s)
[2017.06.19-14.54.42:057][428]LogPlayLevel: PIE: Created PIE world by copying editor world from /Game/Maps/Start.Start to /Game/Maps/UEDPIE_0_Start.Start (0.002961s)
[2017.06.19-14.54.42:074][428]LogInit: XAudio2 using 'Digital Audio (S/PDIF) (High Definition Audio Device)' : 2 channels at 44.1 kHz using 16 bits per sample (channel mask 0x3)
[2017.06.19-14.54.42:081][428]LogInit: FAudioDevice initialized.
[2017.06.19-14.54.42:113][428]LogLoad: Game class is 'My_UE4_ZeroGameModeBase_C'
[2017.06.19-14.54.42:115][428]LogWorld: Bringing World /Game/Maps/UEDPIE_0_Start.Start up for play (max tick rate 0) at 2017.06.19-15.54.42
[2017.06.19-14.54.42:115][428]LogWorld: Bringing up level for play took: 0.001013
[2017.06.19-14.54.42:116][428]PIE: Info Play in editor start time for /Game/Maps/UEDPIE_0_Start -0.084
[2017.06.19-14.56.34:292][623]LogTemp: Repeting last play command: Selected Viewport
[2017.06.19-14.56.34:308][623]LogPlayLevel: PlayLevel: No blueprints needed recompiling
[2017.06.19-14.56.34:308][623]PIE: New page: PIE session: Start (19 Jun 2017 16:56:34)
[2017.06.19-14.56.34:308][623]LogPlayLevel: Creating play world package: /Game/Maps/UEDPIE_0_Start
[2017.06.19-14.56.34:310][623]LogPlayLevel: PIE: StaticDuplicateObject took: (0.001915s)
[2017.06.19-14.56.34:311][623]LogAIModule: Creating AISystem for world Start
[2017.06.19-14.56.34:311][623]LogPlayLevel: PIE: World Init took: (0.000938s)
[2017.06.19-14.56.34:311][623]LogPlayLevel: PIE: Created PIE world by copying editor world from /Game/Maps/Start.Start to /Game/Maps/UEDPIE_0_Start.Start (0.003080s)
[2017.06.19-14.56.34:328][623]LogInit: XAudio2 using 'Digital Audio (S/PDIF) (High Definition Audio Device)' : 2 channels at 44.1 kHz using 16 bits per sample (channel mask 0x3)
[2017.06.19-14.56.34:335][623]LogInit: FAudioDevice initialized.
[2017.06.19-14.56.34:369][623]LogLoad: Game class is 'My_UE4_ZeroGameModeBase_C'
[2017.06.19-14.56.34:371][623]LogWorld: Bringing World /Game/Maps/UEDPIE_0_Start.Start up for play (max tick rate 0) at 2017.06.19-15.56.34
[2017.06.19-14.56.34:372][623]LogWorld: Bringing up level for play took: 0.001165
[2017.06.19-14.56.34:373][623]PIE: Info Play in editor start time for /Game/Maps/UEDPIE_0_Start 0.173
[2017.06.19-14.56.38:307][ 74]Recompiling UE4_Zero...
[2017.06.19-14.56.38:308][ 74]Launching UnrealBuildTool... [C:/Program Files/Epic Games/UE_4.15/Engine/Binaries/DotNET/UnrealBuildTool.exe UE4_Zero -ModuleWithSuffix UE4_Zero 5060 Win64 Development -editorrecompile -canskiplink "C:/Users/Marcus/Desktop/GitHub/UE4-Zero/UE4_Zero/UE4_Zero.uproject" ]
[2017.06.19-14.56.38:314][ 74]Warning: Starting HotReload took  0.0s.
[2017.06.19-14.56.57:681][340]CompilerResultsLog: New page: Compilation - 19 Jun 2017 16:56:57
[2017.06.19-14.56.57:681][340]CompilerResultsLog: Info Compiling game modules for hot reload
[2017.06.19-14.56.57:681][340]CompilerResultsLog: Info Parsing headers for UE4_ZeroEditor
[2017.06.19-14.56.57:681][340]CompilerResultsLog: Info   Running UnrealHeaderTool "C:\Users\Marcus\Desktop\GitHub\UE4-Zero\UE4_Zero\UE4_Zero.uproject" "C:\Users\Marcus\Desktop\GitHub\UE4-Zero\UE4_Zero\Intermediate\Build\Win64\UE4_ZeroEditor\Development\UE4_ZeroEditor.uhtmanifest" -LogCmds="loginit warning, logexit warning, logdatabase error" -Unattended -WarningsAsErrors -installed
[2017.06.19-14.56.57:681][340]CompilerResultsLog: Info Reflection code generated for UE4_ZeroEditor in 8.5950637 seconds
[2017.06.19-14.56.57:681][340]CompilerResultsLog: Info Performing 3 actions (4 in parallel)
[2017.06.19-14.56.57:681][340]CompilerResultsLog: Info PlayerZero.cpp
[2017.06.19-14.56.57:681][340]CompilerResultsLog: Info [2/3] Link UE4Editor-UE4_Zero-5060.dll
[2017.06.19-14.56.57:681][340]CompilerResultsLog: Info [3/3] Link UE4Editor-UE4_Zero-5060.lib
[2017.06.19-14.56.57:681][340]CompilerResultsLog: Info    Creating library C:\Users\Marcus\Desktop\GitHub\UE4-Zero\UE4_Zero\Intermediate\Build\Win64\UE4Editor\Development\UE4Editor-UE4_Zero-5060.lib and object C:\Users\Marcus\Desktop\GitHub\UE4-Zero\UE4_Zero\Intermediate\Build\Win64\UE4Editor\Development\UE4Editor-UE4_Zero-5060.exp
[2017.06.19-14.56.57:681][340]CompilerResultsLog: Info    Creating library C:\Users\Marcus\Desktop\GitHub\UE4-Zero\UE4_Zero\Intermediate\Build\Win64\UE4Editor\Development\UE4Editor-UE4_Zero-5060.suppressed.lib and object C:\Users\Marcus\Desktop\GitHub\UE4-Zero\UE4_Zero\Intermediate\Build\Win64\UE4Editor\Development\UE4Editor-UE4_Zero-5060.suppressed.exp
[2017.06.19-14.56.57:681][340]CompilerResultsLog: Info Total build time: 18.93 seconds (Local executor: 2.78 seconds)
[2017.06.19-14.56.57:681][340]LogMainFrame: MainFrame: Module compiling took 19.382 seconds
[2017.06.19-14.56.57:862][340]LogContentBrowser: Native class hierarchy updated for 'UE4_Zero' in 0.0028 seconds. Added 4 classes and 2 folders.
[2017.06.19-14.56.57:865][340]Display: HotReload successful (0 functions remapped  0 scriptstructs remapped)
[2017.06.19-14.56.58:121][340]LogContentBrowser: Native class hierarchy populated in 0.0114 seconds. Added 2251 classes and 459 folders.
[2017.06.19-14.56.58:121][340]Display: HotReload took 19.8s.
[2017.06.19-14.57.14:663][303]LogTemp: Repeting last play command: Selected Viewport
[2017.06.19-14.57.14:678][303]LogPlayLevel: PlayLevel: No blueprints needed recompiling
[2017.06.19-14.57.14:678][303]PIE: New page: PIE session: Start (19 Jun 2017 16:57:14)
[2017.06.19-14.57.14:678][303]LogPlayLevel: Creating play world package: /Game/Maps/UEDPIE_0_Start
[2017.06.19-14.57.14:680][303]LogPlayLevel: PIE: StaticDuplicateObject took: (0.001757s)
[2017.06.19-14.57.14:680][303]LogAIModule: Creating AISystem for world Start
[2017.06.19-14.57.14:681][303]LogPlayLevel: PIE: World Init took: (0.000895s)
[2017.06.19-14.57.14:681][303]LogPlayLevel: PIE: Created PIE world by copying editor world from /Game/Maps/Start.Start to /Game/Maps/UEDPIE_0_Start.Start (0.002858s)
[2017.06.19-14.57.14:727][303]LogInit: XAudio2 using 'Digital Audio (S/PDIF) (High Definition Audio Device)' : 2 channels at 44.1 kHz using 16 bits per sample (channel mask 0x3)
[2017.06.19-14.57.14:737][303]LogInit: FAudioDevice initialized.
[2017.06.19-14.57.14:767][303]LogLoad: Game class is 'My_UE4_ZeroGameModeBase_C'
[2017.06.19-14.57.14:768][303]LogWorld: Bringing World /Game/Maps/UEDPIE_0_Start.Start up for play (max tick rate 0) at 2017.06.19-15.57.14
[2017.06.19-14.57.14:769][303]LogWorld: Bringing up level for play took: 0.000980
[2017.06.19-14.57.14:770][303]PIE: Info Play in editor start time for /Game/Maps/UEDPIE_0_Start 0.57
[2017.06.19-14.57.37:278][316]LogTemp: Repeting last play command: Selected Viewport
[2017.06.19-14.57.37:292][316]LogPlayLevel: PlayLevel: No blueprints needed recompiling
[2017.06.19-14.57.37:292][316]PIE: New page: PIE session: Start (19 Jun 2017 16:57:37)
[2017.06.19-14.57.37:292][316]LogPlayLevel: Creating play world package: /Game/Maps/UEDPIE_0_Start
[2017.06.19-14.57.37:293][316]LogPlayLevel: PIE: StaticDuplicateObject took: (0.001602s)
[2017.06.19-14.57.37:294][316]LogAIModule: Creating AISystem for world Start
[2017.06.19-14.57.37:294][316]LogPlayLevel: PIE: World Init took: (0.000707s)
[2017.06.19-14.57.37:294][316]LogPlayLevel: PIE: Created PIE world by copying editor world from /Game/Maps/Start.Start to /Game/Maps/UEDPIE_0_Start.Start (0.002498s)
[2017.06.19-14.57.37:311][316]LogInit: XAudio2 using 'Digital Audio (S/PDIF) (High Definition Audio Device)' : 2 channels at 44.1 kHz using 16 bits per sample (channel mask 0x3)
[2017.06.19-14.57.37:318][316]LogInit: FAudioDevice initialized.
[2017.06.19-14.57.37:352][316]LogLoad: Game class is 'My_UE4_ZeroGameModeBase_C'
[2017.06.19-14.57.37:354][316]LogWorld: Bringing World /Game/Maps/UEDPIE_0_Start.Start up for play (max tick rate 0) at 2017.06.19-15.57.37
[2017.06.19-14.57.37:355][316]LogWorld: Bringing up level for play took: 0.001195
[2017.06.19-14.57.37:356][316]PIE: Info Play in editor start time for /Game/Maps/UEDPIE_0_Start -0.844
[2017.06.19-14.57.41:021][735]Cmd: POLY SELECT ADJACENT WALLS
[2017.06.19-14.57.42:011][852]Recompiling UE4_Zero...
[2017.06.19-14.57.42:012][852]Launching UnrealBuildTool... [C:/Program Files/Epic Games/UE_4.15/Engine/Binaries/DotNET/UnrealBuildTool.exe UE4_Zero -ModuleWithSuffix UE4_Zero 823 Win64 Development -editorrecompile -canskiplink "C:/Users/Marcus/Desktop/GitHub/UE4-Zero/UE4_Zero/UE4_Zero.uproject" ]
[2017.06.19-14.57.42:017][852]Warning: Starting HotReload took  0.0s.
[2017.06.19-14.58.02:356][202]CompilerResultsLog: New page: Compilation - 19 Jun 2017 16:58:02
[2017.06.19-14.58.02:356][202]CompilerResultsLog: Info Compiling game modules for hot reload
[2017.06.19-14.58.02:356][202]CompilerResultsLog: Info Parsing headers for UE4_ZeroEditor
[2017.06.19-14.58.02:356][202]CompilerResultsLog: Info   Running UnrealHeaderTool "C:\Users\Marcus\Desktop\GitHub\UE4-Zero\UE4_Zero\UE4_Zero.uproject" "C:\Users\Marcus\Desktop\GitHub\UE4-Zero\UE4_Zero\Intermediate\Build\Win64\UE4_ZeroEditor\Development\UE4_ZeroEditor.uhtmanifest" -LogCmds="loginit warning, logexit warning, logdatabase error" -Unattended -WarningsAsErrors -installed
[2017.06.19-14.58.02:356][202]CompilerResultsLog: Info Reflection code generated for UE4_ZeroEditor in 9.0802103 seconds
[2017.06.19-14.58.02:356][202]CompilerResultsLog: Info Performing 3 actions (4 in parallel)
[2017.06.19-14.58.02:356][202]CompilerResultsLog: Info PlayerZero.cpp
[2017.06.19-14.58.02:356][202]CompilerResultsLog: Info [2/3] Link UE4Editor-UE4_Zero-823.dll
[2017.06.19-14.58.02:356][202]CompilerResultsLog: Info [3/3] Link UE4Editor-UE4_Zero-823.lib
[2017.06.19-14.58.02:356][202]CompilerResultsLog: Info    Creating library C:\Users\Marcus\Desktop\GitHub\UE4-Zero\UE4_Zero\Intermediate\Build\Win64\UE4Editor\Development\UE4Editor-UE4_Zero-823.lib and object C:\Users\Marcus\Desktop\GitHub\UE4-Zero\UE4_Zero\Intermediate\Build\Win64\UE4Editor\Development\UE4Editor-UE4_Zero-823.exp
[2017.06.19-14.58.02:356][202]CompilerResultsLog: Info    Creating library C:\Users\Marcus\Desktop\GitHub\UE4-Zero\UE4_Zero\Intermediate\Build\Win64\UE4Editor\Development\UE4Editor-UE4_Zero-823.suppressed.lib and object C:\Users\Marcus\Desktop\GitHub\UE4-Zero\UE4_Zero\Intermediate\Build\Win64\UE4Editor\Development\UE4Editor-UE4_Zero-823.suppressed.exp
[2017.06.19-14.58.02:356][202]CompilerResultsLog: Info Total build time: 19.92 seconds (Local executor: 3.01 seconds)
[2017.06.19-14.58.02:356][202]LogMainFrame: MainFrame: Module compiling took 20.352 seconds
[2017.06.19-14.58.02:533][202]LogContentBrowser: Native class hierarchy updated for 'UE4_Zero' in 0.0027 seconds. Added 4 classes and 2 folders.
[2017.06.19-14.58.02:535][202]Display: HotReload successful (0 functions remapped  0 scriptstructs remapped)
[2017.06.19-14.58.02:801][202]LogContentBrowser: Native class hierarchy populated in 0.0107 seconds. Added 2251 classes and 459 folders.
[2017.06.19-14.58.02:801][202]Display: HotReload took 20.8s.
[2017.06.19-14.58.40:237][443]LogTemp: Repeting last play command: Selected Viewport
[2017.06.19-14.58.40:253][443]LogPlayLevel: PlayLevel: No blueprints needed recompiling
[2017.06.19-14.58.40:253][443]PIE: New page: PIE session: Start (19 Jun 2017 16:58:40)
[2017.06.19-14.58.40:253][443]LogPlayLevel: Creating play world package: /Game/Maps/UEDPIE_0_Start
[2017.06.19-14.58.40:255][443]LogPlayLevel: PIE: StaticDuplicateObject took: (0.001578s)
[2017.06.19-14.58.40:255][443]LogAIModule: Creating AISystem for world Start
[2017.06.19-14.58.40:255][443]LogPlayLevel: PIE: World Init took: (0.000721s)
[2017.06.19-14.58.40:255][443]LogPlayLevel: PIE: Created PIE world by copying editor world from /Game/Maps/Start.Start to /Game/Maps/UEDPIE_0_Start.Start (0.002536s)
[2017.06.19-14.58.40:301][443]LogInit: XAudio2 using 'Digital Audio (S/PDIF) (High Definition Audio Device)' : 2 channels at 44.1 kHz using 16 bits per sample (channel mask 0x3)
[2017.06.19-14.58.40:310][443]LogInit: FAudioDevice initialized.
[2017.06.19-14.58.40:343][443]LogLoad: Game class is 'My_UE4_ZeroGameModeBase_C'
[2017.06.19-14.58.40:344][443]LogWorld: Bringing World /Game/Maps/UEDPIE_0_Start.Start up for play (max tick rate 0) at 2017.06.19-15.58.40
[2017.06.19-14.58.40:345][443]LogWorld: Bringing up level for play took: 0.000947
[2017.06.19-14.58.40:346][443]PIE: Info Play in editor start time for /Game/Maps/UEDPIE_0_Start 0.146
[2017.06.19-14.58.52:914][354]Recompiling UE4_Zero...
[2017.06.19-14.58.52:914][354]Launching UnrealBuildTool... [C:/Program Files/Epic Games/UE_4.15/Engine/Binaries/DotNET/UnrealBuildTool.exe UE4_Zero -ModuleWithSuffix UE4_Zero 4916 Win64 Development -editorrecompile -canskiplink "C:/Users/Marcus/Desktop/GitHub/UE4-Zero/UE4_Zero/UE4_Zero.uproject" ]
[2017.06.19-14.58.52:921][354]Warning: Starting HotReload took  0.0s.
[2017.06.19-14.59.04:779][235]CompilerResultsLog: New page: Compilation - 19 Jun 2017 16:59:04
[2017.06.19-14.59.04:779][235]CompilerResultsLog: Info Compiling game modules for hot reload
[2017.06.19-14.59.04:779][235]CompilerResultsLog: Info Parsing headers for UE4_ZeroEditor
[2017.06.19-14.59.04:779][235]CompilerResultsLog: Info   Running UnrealHeaderTool "C:\Users\Marcus\Desktop\GitHub\UE4-Zero\UE4_Zero\UE4_Zero.uproject" "C:\Users\Marcus\Desktop\GitHub\UE4-Zero\UE4_Zero\Intermediate\Build\Win64\UE4_ZeroEditor\Development\UE4_ZeroEditor.uhtmanifest" -LogCmds="loginit warning, logexit warning, logdatabase error" -Unattended -WarningsAsErrors -installed
[2017.06.19-14.59.04:779][235]LogMainFrame: MainFrame: Module compiling took 11.872 seconds
[2017.06.19-14.59.04:779][235]Warning: HotReload failed, recompile failed
[2017.06.19-14.59.10:089][388]Recompiling UE4_Zero...
[2017.06.19-14.59.10:089][388]Launching UnrealBuildTool... [C:/Program Files/Epic Games/UE_4.15/Engine/Binaries/DotNET/UnrealBuildTool.exe UE4_Zero -ModuleWithSuffix UE4_Zero 5481 Win64 Development -editorrecompile -canskiplink "C:/Users/Marcus/Desktop/GitHub/UE4-Zero/UE4_Zero/UE4_Zero.uproject" ]
[2017.06.19-14.59.10:094][388]Warning: Starting HotReload took  0.0s.
[2017.06.19-14.59.35:707][977]CompilerResultsLog: New page: Compilation - 19 Jun 2017 16:59:35
[2017.06.19-14.59.35:707][977]CompilerResultsLog: Info Compiling game modules for hot reload
[2017.06.19-14.59.35:707][977]CompilerResultsLog: Info Performing full C++ include scan (no include cache file)
[2017.06.19-14.59.35:707][977]CompilerResultsLog: Info Parsing headers for UE4_ZeroEditor
[2017.06.19-14.59.35:707][977]CompilerResultsLog: Info   Running UnrealHeaderTool "C:\Users\Marcus\Desktop\GitHub\UE4-Zero\UE4_Zero\UE4_Zero.uproject" "C:\Users\Marcus\Desktop\GitHub\UE4-Zero\UE4_Zero\Intermediate\Build\Win64\UE4_ZeroEditor\Development\UE4_ZeroEditor.uhtmanifest" -LogCmds="loginit warning, logexit warning, logdatabase error" -Unattended -WarningsAsErrors -installed
[2017.06.19-14.59.35:707][977]CompilerResultsLog: Info Reflection code generated for UE4_ZeroEditor in 10.2266246 seconds
[2017.06.19-14.59.35:707][977]CompilerResultsLog: Info Performing 3 actions (4 in parallel)
[2017.06.19-14.59.35:707][977]CompilerResultsLog: Info PlayerZero.cpp
[2017.06.19-14.59.35:707][977]CompilerResultsLog: Info [2/3] Link UE4Editor-UE4_Zero-5481.dll
[2017.06.19-14.59.35:707][977]CompilerResultsLog: Info [3/3] Link UE4Editor-UE4_Zero-5481.lib
[2017.06.19-14.59.35:707][977]CompilerResultsLog: Info    Creating library C:\Users\Marcus\Desktop\GitHub\UE4-Zero\UE4_Zero\Intermediate\Build\Win64\UE4Editor\Development\UE4Editor-UE4_Zero-5481.lib and object C:\Users\Marcus\Desktop\GitHub\UE4-Zero\UE4_Zero\Intermediate\Build\Win64\UE4Editor\Development\UE4Editor-UE4_Zero-5481.exp
[2017.06.19-14.59.35:707][977]CompilerResultsLog: Info    Creating library C:\Users\Marcus\Desktop\GitHub\UE4-Zero\UE4_Zero\Intermediate\Build\Win64\UE4Editor\Development\UE4Editor-UE4_Zero-5481.suppressed.lib and object C:\Users\Marcus\Desktop\GitHub\UE4-Zero\UE4_Zero\Intermediate\Build\Win64\UE4Editor\Development\UE4Editor-UE4_Zero-5481.suppressed.exp
[2017.06.19-14.59.35:707][977]CompilerResultsLog: Info Total build time: 25.18 seconds (Local executor: 5.00 seconds)
[2017.06.19-14.59.35:707][977]LogMainFrame: MainFrame: Module compiling took 25.627 seconds
[2017.06.19-14.59.35:888][977]LogContentBrowser: Native class hierarchy updated for 'UE4_Zero' in 0.0027 seconds. Added 4 classes and 2 folders.
[2017.06.19-14.59.35:891][977]Display: HotReload successful (0 functions remapped  0 scriptstructs remapped)
[2017.06.19-14.59.36:154][977]LogContentBrowser: Native class hierarchy populated in 0.0108 seconds. Added 2251 classes and 459 folders.
[2017.06.19-14.59.36:154][977]Display: HotReload took 26.1s.
[2017.06.19-14.59.40:870][494]LogTemp: Repeting last play command: Selected Viewport
[2017.06.19-14.59.40:886][494]LogPlayLevel: PlayLevel: No blueprints needed recompiling
[2017.06.19-14.59.40:886][494]PIE: New page: PIE session: Start (19 Jun 2017 16:59:40)
[2017.06.19-14.59.40:886][494]LogPlayLevel: Creating play world package: /Game/Maps/UEDPIE_0_Start
[2017.06.19-14.59.40:888][494]LogPlayLevel: PIE: StaticDuplicateObject took: (0.001758s)
[2017.06.19-14.59.40:889][494]LogAIModule: Creating AISystem for world Start
[2017.06.19-14.59.40:889][494]LogPlayLevel: PIE: World Init took: (0.000935s)
[2017.06.19-14.59.40:889][494]LogPlayLevel: PIE: Created PIE world by copying editor world from /Game/Maps/Start.Start to /Game/Maps/UEDPIE_0_Start.Start (0.002901s)
[2017.06.19-14.59.40:931][494]LogInit: XAudio2 using 'Digital Audio (S/PDIF) (High Definition Audio Device)' : 2 channels at 44.1 kHz using 16 bits per sample (channel mask 0x3)
[2017.06.19-14.59.40:940][494]LogInit: FAudioDevice initialized.
[2017.06.19-14.59.40:974][494]LogLoad: Game class is 'My_UE4_ZeroGameModeBase_C'
[2017.06.19-14.59.40:976][494]LogWorld: Bringing World /Game/Maps/UEDPIE_0_Start.Start up for play (max tick rate 0) at 2017.06.19-15.59.40
[2017.06.19-14.59.40:976][494]LogWorld: Bringing up level for play took: 0.001066
[2017.06.19-14.59.40:977][494]PIE: Info Play in editor start time for /Game/Maps/UEDPIE_0_Start 0.777
[2017.06.19-14.59.49:937][915]Recompiling UE4_Zero...
[2017.06.19-14.59.49:938][915]Launching UnrealBuildTool... [C:/Program Files/Epic Games/UE_4.15/Engine/Binaries/DotNET/UnrealBuildTool.exe UE4_Zero -ModuleWithSuffix UE4_Zero 4133 Win64 Development -editorrecompile -canskiplink "C:/Users/Marcus/Desktop/GitHub/UE4-Zero/UE4_Zero/UE4_Zero.uproject" ]
[2017.06.19-14.59.49:945][915]Warning: Starting HotReload took  0.0s.
[2017.06.19-15.00.10:594][968]CompilerResultsLog: New page: Compilation - 19 Jun 2017 17:00:10
[2017.06.19-15.00.10:594][968]CompilerResultsLog: Info Compiling game modules for hot reload
[2017.06.19-15.00.10:594][968]CompilerResultsLog: Info Parsing headers for UE4_ZeroEditor
[2017.06.19-15.00.10:594][968]CompilerResultsLog: Info   Running UnrealHeaderTool "C:\Users\Marcus\Desktop\GitHub\UE4-Zero\UE4_Zero\UE4_Zero.uproject" "C:\Users\Marcus\Desktop\GitHub\UE4-Zero\UE4_Zero\Intermediate\Build\Win64\UE4_ZeroEditor\Development\UE4_ZeroEditor.uhtmanifest" -LogCmds="loginit warning, logexit warning, logdatabase error" -Unattended -WarningsAsErrors -installed
[2017.06.19-15.00.10:594][968]CompilerResultsLog: Info Reflection code generated for UE4_ZeroEditor in 8.8216129 seconds
[2017.06.19-15.00.10:594][968]CompilerResultsLog: Info Performing 3 actions (4 in parallel)
[2017.06.19-15.00.10:594][968]CompilerResultsLog: Info PlayerZero.cpp
[2017.06.19-15.00.10:594][968]CompilerResultsLog: Info [2/3] Link UE4Editor-UE4_Zero-4133.dll
[2017.06.19-15.00.10:594][968]CompilerResultsLog: Info [3/3] Link UE4Editor-UE4_Zero-4133.lib
[2017.06.19-15.00.10:594][968]CompilerResultsLog: Info    Creating library C:\Users\Marcus\Desktop\GitHub\UE4-Zero\UE4_Zero\Intermediate\Build\Win64\UE4Editor\Development\UE4Editor-UE4_Zero-4133.lib and object C:\Users\Marcus\Desktop\GitHub\UE4-Zero\UE4_Zero\Intermediate\Build\Win64\UE4Editor\Development\UE4Editor-UE4_Zero-4133.exp
[2017.06.19-15.00.10:595][968]CompilerResultsLog: Info    Creating library C:\Users\Marcus\Desktop\GitHub\UE4-Zero\UE4_Zero\Intermediate\Build\Win64\UE4Editor\Development\UE4Editor-UE4_Zero-4133.suppressed.lib and object C:\Users\Marcus\Desktop\GitHub\UE4-Zero\UE4_Zero\Intermediate\Build\Win64\UE4Editor\Development\UE4Editor-UE4_Zero-4133.suppressed.exp
[2017.06.19-15.00.10:595][968]CompilerResultsLog: Info Total build time: 20.11 seconds (Local executor: 3.11 seconds)
[2017.06.19-15.00.10:595][968]LogMainFrame: MainFrame: Module compiling took 20.664 seconds
[2017.06.19-15.00.10:772][968]LogContentBrowser: Native class hierarchy updated for 'UE4_Zero' in 0.0028 seconds. Added 4 classes and 2 folders.
[2017.06.19-15.00.10:775][968]Display: HotReload successful (0 functions remapped  0 scriptstructs remapped)
[2017.06.19-15.00.11:030][968]LogContentBrowser: Native class hierarchy populated in 0.0110 seconds. Added 2251 classes and 459 folders.
[2017.06.19-15.00.11:030][968]Display: HotReload took 21.1s.
[2017.06.19-15.00.12:184][104]LogTemp: Repeting last play command: Selected Viewport
[2017.06.19-15.00.12:197][104]LogPlayLevel: PlayLevel: No blueprints needed recompiling
[2017.06.19-15.00.12:197][104]PIE: New page: PIE session: Start (19 Jun 2017 17:00:12)
[2017.06.19-15.00.12:197][104]LogPlayLevel: Creating play world package: /Game/Maps/UEDPIE_0_Start
[2017.06.19-15.00.12:199][104]LogPlayLevel: PIE: StaticDuplicateObject took: (0.001640s)
[2017.06.19-15.00.12:199][104]LogAIModule: Creating AISystem for world Start
[2017.06.19-15.00.12:200][104]LogPlayLevel: PIE: World Init took: (0.000694s)
[2017.06.19-15.00.12:200][104]LogPlayLevel: PIE: Created PIE world by copying editor world from /Game/Maps/Start.Start to /Game/Maps/UEDPIE_0_Start.Start (0.002548s)
[2017.06.19-15.00.12:241][104]LogInit: XAudio2 using 'Digital Audio (S/PDIF) (High Definition Audio Device)' : 2 channels at 44.1 kHz using 16 bits per sample (channel mask 0x3)
[2017.06.19-15.00.12:248][104]LogInit: FAudioDevice initialized.
[2017.06.19-15.00.12:281][104]LogLoad: Game class is 'My_UE4_ZeroGameModeBase_C'
[2017.06.19-15.00.12:282][104]LogWorld: Bringing World /Game/Maps/UEDPIE_0_Start.Start up for play (max tick rate 0) at 2017.06.19-16.00.12
[2017.06.19-15.00.12:282][104]LogWorld: Bringing up level for play took: 0.000837
[2017.06.19-15.00.12:284][104]PIE: Info Play in editor start time for /Game/Maps/UEDPIE_0_Start 0.084
[2017.06.19-15.00.23:106][666]Recompiling UE4_Zero...
[2017.06.19-15.00.23:107][666]Launching UnrealBuildTool... [C:/Program Files/Epic Games/UE_4.15/Engine/Binaries/DotNET/UnrealBuildTool.exe UE4_Zero -ModuleWithSuffix UE4_Zero 350 Win64 Development -editorrecompile -canskiplink "C:/Users/Marcus/Desktop/GitHub/UE4-Zero/UE4_Zero/UE4_Zero.uproject" ]
[2017.06.19-15.00.23:113][666]Warning: Starting HotReload took  0.0s.
[2017.06.19-15.00.43:060][981]CompilerResultsLog: New page: Compilation - 19 Jun 2017 17:00:43
[2017.06.19-15.00.43:060][981]CompilerResultsLog: Info Compiling game modules for hot reload
[2017.06.19-15.00.43:060][981]CompilerResultsLog: Info Parsing headers for UE4_ZeroEditor
[2017.06.19-15.00.43:060][981]CompilerResultsLog: Info   Running UnrealHeaderTool "C:\Users\Marcus\Desktop\GitHub\UE4-Zero\UE4_Zero\UE4_Zero.uproject" "C:\Users\Marcus\Desktop\GitHub\UE4-Zero\UE4_Zero\Intermediate\Build\Win64\UE4_ZeroEditor\Development\UE4_ZeroEditor.uhtmanifest" -LogCmds="loginit warning, logexit warning, logdatabase error" -Unattended -WarningsAsErrors -installed
[2017.06.19-15.00.43:060][981]CompilerResultsLog: Info Reflection code generated for UE4_ZeroEditor in 8.7732644 seconds
[2017.06.19-15.00.43:060][981]CompilerResultsLog: Info Performing 3 actions (4 in parallel)
[2017.06.19-15.00.43:060][981]CompilerResultsLog: Info PlayerZero.cpp
[2017.06.19-15.00.43:060][981]CompilerResultsLog: Info [2/3] Link UE4Editor-UE4_Zero-350.dll
[2017.06.19-15.00.43:060][981]CompilerResultsLog: Info [3/3] Link UE4Editor-UE4_Zero-350.lib
[2017.06.19-15.00.43:060][981]CompilerResultsLog: Info    Creating library C:\Users\Marcus\Desktop\GitHub\UE4-Zero\UE4_Zero\Intermediate\Build\Win64\UE4Editor\Development\UE4Editor-UE4_Zero-350.lib and object C:\Users\Marcus\Desktop\GitHub\UE4-Zero\UE4_Zero\Intermediate\Build\Win64\UE4Editor\Development\UE4Editor-UE4_Zero-350.exp
[2017.06.19-15.00.43:060][981]CompilerResultsLog: Info    Creating library C:\Users\Marcus\Desktop\GitHub\UE4-Zero\UE4_Zero\Intermediate\Build\Win64\UE4Editor\Development\UE4Editor-UE4_Zero-350.suppressed.lib and object C:\Users\Marcus\Desktop\GitHub\UE4-Zero\UE4_Zero\Intermediate\Build\Win64\UE4Editor\Development\UE4Editor-UE4_Zero-350.suppressed.exp
[2017.06.19-15.00.43:060][981]CompilerResultsLog: Info Total build time: 19.54 seconds (Local executor: 3.02 seconds)
[2017.06.19-15.00.43:060][981]LogMainFrame: MainFrame: Module compiling took 19.962 seconds
[2017.06.19-15.00.43:237][981]LogContentBrowser: Native class hierarchy updated for 'UE4_Zero' in 0.0029 seconds. Added 4 classes and 2 folders.
[2017.06.19-15.00.43:240][981]Display: HotReload successful (0 functions remapped  0 scriptstructs remapped)
[2017.06.19-15.00.43:498][981]LogContentBrowser: Native class hierarchy populated in 0.0109 seconds. Added 2251 classes and 459 folders.
[2017.06.19-15.00.43:498][981]Display: HotReload took 20.4s.
[2017.06.19-15.00.44:928][150]LogTemp: Repeting last play command: Selected Viewport
[2017.06.19-15.00.44:942][150]LogPlayLevel: PlayLevel: No blueprints needed recompiling
[2017.06.19-15.00.44:942][150]PIE: New page: PIE session: Start (19 Jun 2017 17:00:44)
[2017.06.19-15.00.44:942][150]LogPlayLevel: Creating play world package: /Game/Maps/UEDPIE_0_Start
[2017.06.19-15.00.44:944][150]LogPlayLevel: PIE: StaticDuplicateObject took: (0.001593s)
[2017.06.19-15.00.44:945][150]LogAIModule: Creating AISystem for world Start
[2017.06.19-15.00.44:945][150]LogPlayLevel: PIE: World Init took: (0.000668s)
[2017.06.19-15.00.44:945][150]LogPlayLevel: PIE: Created PIE world by copying editor world from /Game/Maps/Start.Start to /Game/Maps/UEDPIE_0_Start.Start (0.002446s)
[2017.06.19-15.00.44:985][150]LogInit: XAudio2 using 'Digital Audio (S/PDIF) (High Definition Audio Device)' : 2 channels at 44.1 kHz using 16 bits per sample (channel mask 0x3)
[2017.06.19-15.00.45:004][150]LogInit: FAudioDevice initialized.
[2017.06.19-15.00.45:034][150]LogLoad: Game class is 'My_UE4_ZeroGameModeBase_C'
[2017.06.19-15.00.45:036][150]LogWorld: Bringing World /Game/Maps/UEDPIE_0_Start.Start up for play (max tick rate 0) at 2017.06.19-16.00.45
[2017.06.19-15.00.45:036][150]LogWorld: Bringing up level for play took: 0.001004
[2017.06.19-15.00.45:038][150]PIE: Info Play in editor start time for /Game/Maps/UEDPIE_0_Start 0.838
[2017.06.19-15.01.14:865][126]Recompiling UE4_Zero...
[2017.06.19-15.01.14:866][126]Launching UnrealBuildTool... [C:/Program Files/Epic Games/UE_4.15/Engine/Binaries/DotNET/UnrealBuildTool.exe UE4_Zero -ModuleWithSuffix UE4_Zero 7955 Win64 Development -editorrecompile -canskiplink "C:/Users/Marcus/Desktop/GitHub/UE4-Zero/UE4_Zero/UE4_Zero.uproject" ]
[2017.06.19-15.01.14:872][126]Warning: Starting HotReload took  0.0s.
[2017.06.19-15.01.34:610][413]CompilerResultsLog: New page: Compilation - 19 Jun 2017 17:01:34
[2017.06.19-15.01.34:610][413]CompilerResultsLog: Info Compiling game modules for hot reload
[2017.06.19-15.01.34:610][413]CompilerResultsLog: Info Parsing headers for UE4_ZeroEditor
[2017.06.19-15.01.34:610][413]CompilerResultsLog: Info   Running UnrealHeaderTool "C:\Users\Marcus\Desktop\GitHub\UE4-Zero\UE4_Zero\UE4_Zero.uproject" "C:\Users\Marcus\Desktop\GitHub\UE4-Zero\UE4_Zero\Intermediate\Build\Win64\UE4_ZeroEditor\Development\UE4_ZeroEditor.uhtmanifest" -LogCmds="loginit warning, logexit warning, logdatabase error" -Unattended -WarningsAsErrors -installed
[2017.06.19-15.01.34:610][413]CompilerResultsLog: Info Reflection code generated for UE4_ZeroEditor in 8.5186381 seconds
[2017.06.19-15.01.34:610][413]CompilerResultsLog: Info Performing 3 actions (4 in parallel)
[2017.06.19-15.01.34:610][413]CompilerResultsLog: Info PlayerZero.cpp
[2017.06.19-15.01.34:610][413]CompilerResultsLog: Info [2/3] Link UE4Editor-UE4_Zero-7955.dll
[2017.06.19-15.01.34:610][413]CompilerResultsLog: Info [3/3] Link UE4Editor-UE4_Zero-7955.lib
[2017.06.19-15.01.34:610][413]CompilerResultsLog: Info    Creating library C:\Users\Marcus\Desktop\GitHub\UE4-Zero\UE4_Zero\Intermediate\Build\Win64\UE4Editor\Development\UE4Editor-UE4_Zero-7955.lib and object C:\Users\Marcus\Desktop\GitHub\UE4-Zero\UE4_Zero\Intermediate\Build\Win64\UE4Editor\Development\UE4Editor-UE4_Zero-7955.exp
[2017.06.19-15.01.34:610][413]CompilerResultsLog: Info    Creating library C:\Users\Marcus\Desktop\GitHub\UE4-Zero\UE4_Zero\Intermediate\Build\Win64\UE4Editor\Development\UE4Editor-UE4_Zero-7955.suppressed.lib and object C:\Users\Marcus\Desktop\GitHub\UE4-Zero\UE4_Zero\Intermediate\Build\Win64\UE4Editor\Development\UE4Editor-UE4_Zero-7955.suppressed.exp
[2017.06.19-15.01.34:610][413]CompilerResultsLog: Info Total build time: 19.29 seconds (Local executor: 3.08 seconds)
[2017.06.19-15.01.34:610][413]LogMainFrame: MainFrame: Module compiling took 19.753 seconds
[2017.06.19-15.01.34:788][413]LogContentBrowser: Native class hierarchy updated for 'UE4_Zero' in 0.0029 seconds. Added 4 classes and 2 folders.
[2017.06.19-15.01.34:790][413]Display: HotReload successful (0 functions remapped  0 scriptstructs remapped)
[2017.06.19-15.01.35:048][413]LogContentBrowser: Native class hierarchy populated in 0.0110 seconds. Added 2251 classes and 459 folders.
[2017.06.19-15.01.35:049][413]Display: HotReload took 20.2s.
[2017.06.19-15.01.43:048][353]LogTemp: Repeting last play command: Selected Viewport
[2017.06.19-15.01.43:062][353]LogPlayLevel: PlayLevel: No blueprints needed recompiling
[2017.06.19-15.01.43:062][353]PIE: New page: PIE session: Start (19 Jun 2017 17:01:43)
[2017.06.19-15.01.43:062][353]LogPlayLevel: Creating play world package: /Game/Maps/UEDPIE_0_Start
[2017.06.19-15.01.43:064][353]LogPlayLevel: PIE: StaticDuplicateObject took: (0.001558s)
[2017.06.19-15.01.43:064][353]LogAIModule: Creating AISystem for world Start
[2017.06.19-15.01.43:065][353]LogPlayLevel: PIE: World Init took: (0.000746s)
[2017.06.19-15.01.43:065][353]LogPlayLevel: PIE: Created PIE world by copying editor world from /Game/Maps/Start.Start to /Game/Maps/UEDPIE_0_Start.Start (0.002510s)
[2017.06.19-15.01.43:105][353]LogInit: XAudio2 using 'Digital Audio (S/PDIF) (High Definition Audio Device)' : 2 channels at 44.1 kHz using 16 bits per sample (channel mask 0x3)
[2017.06.19-15.01.43:112][353]LogInit: FAudioDevice initialized.
[2017.06.19-15.01.43:144][353]LogLoad: Game class is 'My_UE4_ZeroGameModeBase_C'
[2017.06.19-15.01.43:146][353]LogWorld: Bringing World /Game/Maps/UEDPIE_0_Start.Start up for play (max tick rate 0) at 2017.06.19-16.01.43
[2017.06.19-15.01.43:146][353]LogWorld: Bringing up level for play took: 0.000961
[2017.06.19-15.01.43:148][353]PIE: Info Play in editor start time for /Game/Maps/UEDPIE_0_Start 0.948
[2017.06.19-15.01.48:586][994]Recompiling UE4_Zero...
[2017.06.19-15.01.48:586][994]Launching UnrealBuildTool... [C:/Program Files/Epic Games/UE_4.15/Engine/Binaries/DotNET/UnrealBuildTool.exe UE4_Zero -ModuleWithSuffix UE4_Zero 6909 Win64 Development -editorrecompile -canskiplink "C:/Users/Marcus/Desktop/GitHub/UE4-Zero/UE4_Zero/UE4_Zero.uproject" ]
[2017.06.19-15.01.48:593][994]Warning: Starting HotReload took  0.0s.
[2017.06.19-15.01.55:819][833]CompilerResultsLog: New page: Compilation - 19 Jun 2017 17:01:55
[2017.06.19-15.01.55:819][833]CompilerResultsLog: Info Compiling game modules for hot reload
[2017.06.19-15.01.55:819][833]CompilerResultsLog: Info Target is up to date
[2017.06.19-15.01.55:819][833]CompilerResultsLog: Info Total build time: 6.80 seconds (NoActionsToExecute executor: 0.00 seconds)
[2017.06.19-15.01.55:819][833]LogMainFrame: MainFrame: Module compiling took 7.239 seconds
[2017.06.19-15.01.56:055][833]LogContentBrowser: Native class hierarchy populated in 0.0113 seconds. Added 2251 classes and 459 folders.
[2017.06.19-15.01.56:055][833]Display: HotReload took  7.5s.
[2017.06.19-15.02.18:897][552]LogTemp: Repeting last play command: Selected Viewport
[2017.06.19-15.02.18:912][552]LogPlayLevel: PlayLevel: No blueprints needed recompiling
[2017.06.19-15.02.18:912][552]PIE: New page: PIE session: Start (19 Jun 2017 17:02:18)
[2017.06.19-15.02.18:912][552]LogPlayLevel: Creating play world package: /Game/Maps/UEDPIE_0_Start
[2017.06.19-15.02.18:914][552]LogPlayLevel: PIE: StaticDuplicateObject took: (0.001676s)
[2017.06.19-15.02.18:914][552]LogAIModule: Creating AISystem for world Start
[2017.06.19-15.02.18:914][552]LogPlayLevel: PIE: World Init took: (0.000724s)
[2017.06.19-15.02.18:914][552]LogPlayLevel: PIE: Created PIE world by copying editor world from /Game/Maps/Start.Start to /Game/Maps/UEDPIE_0_Start.Start (0.002595s)
[2017.06.19-15.02.18:963][552]LogInit: XAudio2 using 'Digital Audio (S/PDIF) (High Definition Audio Device)' : 2 channels at 44.1 kHz using 16 bits per sample (channel mask 0x3)
[2017.06.19-15.02.18:970][552]LogInit: FAudioDevice initialized.
[2017.06.19-15.02.19:002][552]LogLoad: Game class is 'My_UE4_ZeroGameModeBase_C'
[2017.06.19-15.02.19:004][552]LogWorld: Bringing World /Game/Maps/UEDPIE_0_Start.Start up for play (max tick rate 0) at 2017.06.19-16.02.19
[2017.06.19-15.02.19:004][552]LogWorld: Bringing up level for play took: 0.000859
[2017.06.19-15.02.19:005][552]PIE: Info Play in editor start time for /Game/Maps/UEDPIE_0_Start 0.805
[2017.06.19-15.21.20:001][  9]Recompiling UE4_Zero...
[2017.06.19-15.21.20:002][  9]Launching UnrealBuildTool... [C:/Program Files/Epic Games/UE_4.15/Engine/Binaries/DotNET/UnrealBuildTool.exe UE4_Zero -ModuleWithSuffix UE4_Zero 4215 Win64 Development -editorrecompile -canskiplink "C:/Users/Marcus/Desktop/GitHub/UE4-Zero/UE4_Zero/UE4_Zero.uproject" ]
[2017.06.19-15.21.20:007][  9]Warning: Starting HotReload took  0.0s.
[2017.06.19-15.21.40:401][370]CompilerResultsLog: New page: Compilation - 19 Jun 2017 17:21:40
[2017.06.19-15.21.40:401][370]CompilerResultsLog: Info Compiling game modules for hot reload
[2017.06.19-15.21.40:401][370]CompilerResultsLog: Info Parsing headers for UE4_ZeroEditor
[2017.06.19-15.21.40:401][370]CompilerResultsLog: Info   Running UnrealHeaderTool "C:\Users\Marcus\Desktop\GitHub\UE4-Zero\UE4_Zero\UE4_Zero.uproject" "C:\Users\Marcus\Desktop\GitHub\UE4-Zero\UE4_Zero\Intermediate\Build\Win64\UE4_ZeroEditor\Development\UE4_ZeroEditor.uhtmanifest" -LogCmds="loginit warning, logexit warning, logdatabase error" -Unattended -WarningsAsErrors -installed
[2017.06.19-15.21.40:401][370]CompilerResultsLog: Info Reflection code generated for UE4_ZeroEditor in 8.6590696 seconds
[2017.06.19-15.21.40:401][370]CompilerResultsLog: Info Performing 3 actions (4 in parallel)
[2017.06.19-15.21.40:401][370]CompilerResultsLog: Info PlayerZero.cpp
[2017.06.19-15.21.40:401][370]CompilerResultsLog: Info [2/3] Link UE4Editor-UE4_Zero-4215.dll
[2017.06.19-15.21.40:401][370]CompilerResultsLog: Info [3/3] Link UE4Editor-UE4_Zero-4215.lib
[2017.06.19-15.21.40:401][370]CompilerResultsLog: Info    Creating library C:\Users\Marcus\Desktop\GitHub\UE4-Zero\UE4_Zero\Intermediate\Build\Win64\UE4Editor\Development\UE4Editor-UE4_Zero-4215.lib and object C:\Users\Marcus\Desktop\GitHub\UE4-Zero\UE4_Zero\Intermediate\Build\Win64\UE4Editor\Development\UE4Editor-UE4_Zero-4215.exp
[2017.06.19-15.21.40:401][370]CompilerResultsLog: Info    Creating library C:\Users\Marcus\Desktop\GitHub\UE4-Zero\UE4_Zero\Intermediate\Build\Win64\UE4Editor\Development\UE4Editor-UE4_Zero-4215.suppressed.lib and object C:\Users\Marcus\Desktop\GitHub\UE4-Zero\UE4_Zero\Intermediate\Build\Win64\UE4Editor\Development\UE4Editor-UE4_Zero-4215.suppressed.exp
[2017.06.19-15.21.40:401][370]CompilerResultsLog: Info Total build time: 20.00 seconds (Local executor: 3.29 seconds)
[2017.06.19-15.21.40:401][370]LogMainFrame: MainFrame: Module compiling took 20.407 seconds
[2017.06.19-15.21.40:581][370]LogContentBrowser: Native class hierarchy updated for 'UE4_Zero' in 0.0028 seconds. Added 4 classes and 2 folders.
[2017.06.19-15.21.40:583][370]Display: HotReload successful (0 functions remapped  0 scriptstructs remapped)
[2017.06.19-15.21.40:842][370]LogContentBrowser: Native class hierarchy populated in 0.0108 seconds. Added 2251 classes and 459 folders.
[2017.06.19-15.21.40:842][370]Display: HotReload took 20.9s.
[2017.06.19-15.21.45:998][967]LogTemp: Repeting last play command: Selected Viewport
[2017.06.19-15.21.46:011][967]LogPlayLevel: PlayLevel: No blueprints needed recompiling
[2017.06.19-15.21.46:011][967]PIE: New page: PIE session: Start (19 Jun 2017 17:21:46)
[2017.06.19-15.21.46:011][967]LogPlayLevel: Creating play world package: /Game/Maps/UEDPIE_0_Start
[2017.06.19-15.21.46:013][967]LogPlayLevel: PIE: StaticDuplicateObject took: (0.001734s)
[2017.06.19-15.21.46:014][967]LogAIModule: Creating AISystem for world Start
[2017.06.19-15.21.46:014][967]LogPlayLevel: PIE: World Init took: (0.000963s)
[2017.06.19-15.21.46:014][967]LogPlayLevel: PIE: Created PIE world by copying editor world from /Game/Maps/Start.Start to /Game/Maps/UEDPIE_0_Start.Start (0.002919s)
[2017.06.19-15.21.46:057][967]LogInit: XAudio2 using 'Digital Audio (S/PDIF) (High Definition Audio Device)' : 2 channels at 44.1 kHz using 16 bits per sample (channel mask 0x3)
[2017.06.19-15.21.46:065][967]LogInit: FAudioDevice initialized.
[2017.06.19-15.21.46:097][967]LogLoad: Game class is 'My_UE4_ZeroGameModeBase_C'
[2017.06.19-15.21.46:099][967]LogWorld: Bringing World /Game/Maps/UEDPIE_0_Start.Start up for play (max tick rate 0) at 2017.06.19-16.21.46
[2017.06.19-15.21.46:100][967]LogWorld: Bringing up level for play took: 0.001086
[2017.06.19-15.21.46:101][967]PIE: Info Play in editor start time for /Game/Maps/UEDPIE_0_Start -0.099
[2017.06.19-15.21.56:788][239]Cmd: SELECT NONE
[2017.06.19-15.43.46:479][760]Recompiling UE4_Zero...
[2017.06.19-15.43.46:479][760]Launching UnrealBuildTool... [C:/Program Files/Epic Games/UE_4.15/Engine/Binaries/DotNET/UnrealBuildTool.exe UE4_Zero -ModuleWithSuffix UE4_Zero 8104 Win64 Development -editorrecompile -canskiplink "C:/Users/Marcus/Desktop/GitHub/UE4-Zero/UE4_Zero/UE4_Zero.uproject" ]
[2017.06.19-15.43.46:485][760]Warning: Starting HotReload took  0.0s.
[2017.06.19-15.44.06:907][111]CompilerResultsLog: New page: Compilation - 19 Jun 2017 17:44:06
[2017.06.19-15.44.06:907][111]CompilerResultsLog: Info Compiling game modules for hot reload
[2017.06.19-15.44.06:907][111]CompilerResultsLog: Info Parsing headers for UE4_ZeroEditor
[2017.06.19-15.44.06:907][111]CompilerResultsLog: Info   Running UnrealHeaderTool "C:\Users\Marcus\Desktop\GitHub\UE4-Zero\UE4_Zero\UE4_Zero.uproject" "C:\Users\Marcus\Desktop\GitHub\UE4-Zero\UE4_Zero\Intermediate\Build\Win64\UE4_ZeroEditor\Development\UE4_ZeroEditor.uhtmanifest" -LogCmds="loginit warning, logexit warning, logdatabase error" -Unattended -WarningsAsErrors -installed
[2017.06.19-15.44.06:908][111]CompilerResultsLog: Info Reflection code generated for UE4_ZeroEditor in 8.8122218 seconds
[2017.06.19-15.44.06:908][111]CompilerResultsLog: Info Performing 5 actions (4 in parallel)
[2017.06.19-15.44.06:908][111]CompilerResultsLog: Info My_PlayerController.cpp
[2017.06.19-15.44.06:908][111]CompilerResultsLog: Info UE4_Zero.generated.cpp
[2017.06.19-15.44.06:908][111]CompilerResultsLog: Info PlayerZero.cpp
[2017.06.19-15.44.06:908][111]CompilerResultsLog:Error: Error C:\Users\Marcus\Desktop\GitHub\UE4-Zero\UE4_Zero\Source\UE4_Zero\PlayerZero.h(41) : error C2079: 'APlayerZero::m_Sprite' uses undefined class 'UPaperSprite'
[2017.06.19-15.44.06:908][111]CompilerResultsLog:Error: Error c:\users\marcus\desktop\github\ue4-zero\ue4_zero\source\ue4_zero\PlayerZero.h(41) : error C2079: 'APlayerZero::m_Sprite' uses undefined class 'UPaperSprite'
[2017.06.19-15.44.06:908][111]CompilerResultsLog:Error: Error c:\users\marcus\desktop\github\ue4-zero\ue4_zero\source\ue4_zero\PlayerZero.h(41) : error C2079: 'APlayerZero::m_Sprite' uses undefined class 'UPaperSprite'
[2017.06.19-15.44.06:908][111]CompilerResultsLog:Error: Error C:\Users\Marcus\Desktop\GitHub\UE4-Zero\UE4_Zero\Source\UE4_Zero\PlayerZero.cpp(39) : error C2440: '=': cannot convert from 'UPaperSprite *' to 'int'
[2017.06.19-15.44.06:908][111]CompilerResultsLog:Error: Error C:\Users\Marcus\Desktop\GitHub\UE4-Zero\UE4_Zero\Source\UE4_Zero\PlayerZero.cpp(39) : note: There is no context in which this conversion is possible
[2017.06.19-15.44.06:908][111]CompilerResultsLog: Info ERROR: UBT ERROR: Failed to produce item: C:\Users\Marcus\Desktop\GitHub\UE4-Zero\UE4_Zero\Binaries\Win64\UE4Editor-UE4_Zero-8104.dll
[2017.06.19-15.44.06:908][111]CompilerResultsLog: Info Total build time: 20.03 seconds (Local executor: 0.00 seconds)
[2017.06.19-15.44.06:908][111]LogMainFrame: MainFrame: Module compiling took 20.436 seconds
[2017.06.19-15.44.06:908][111]Warning: HotReload failed, recompile failed
[2017.06.19-15.44.10:495][529]LogVSAccessor:Warning: Couldn't goto line number '41' in 'C:\Users\Marcus\Desktop\GitHub\UE4-Zero\UE4_Zero\Source\UE4_Zero\PlayerZero.h'
[2017.06.19-15.44.20:684][793]Recompiling UE4_Zero...
[2017.06.19-15.44.20:684][793]Launching UnrealBuildTool... [C:/Program Files/Epic Games/UE_4.15/Engine/Binaries/DotNET/UnrealBuildTool.exe UE4_Zero -ModuleWithSuffix UE4_Zero 5605 Win64 Development -editorrecompile -canskiplink "C:/Users/Marcus/Desktop/GitHub/UE4-Zero/UE4_Zero/UE4_Zero.uproject" ]
[2017.06.19-15.44.20:692][793]Warning: Starting HotReload took  0.0s.
[2017.06.19-15.44.50:517][529]CompilerResultsLog: New page: Compilation - 19 Jun 2017 17:44:50
[2017.06.19-15.44.50:517][529]CompilerResultsLog: Info Compiling game modules for hot reload
[2017.06.19-15.44.50:517][529]CompilerResultsLog: Info Parsing headers for UE4_ZeroEditor
[2017.06.19-15.44.50:517][529]CompilerResultsLog: Info   Running UnrealHeaderTool "C:\Users\Marcus\Desktop\GitHub\UE4-Zero\UE4_Zero\UE4_Zero.uproject" "C:\Users\Marcus\Desktop\GitHub\UE4-Zero\UE4_Zero\Intermediate\Build\Win64\UE4_ZeroEditor\Development\UE4_ZeroEditor.uhtmanifest" -LogCmds="loginit warning, logexit warning, logdatabase error" -Unattended -WarningsAsErrors -installed
[2017.06.19-15.44.50:517][529]CompilerResultsLog: Info Reflection code generated for UE4_ZeroEditor in 9.5978828 seconds
[2017.06.19-15.44.50:517][529]CompilerResultsLog: Info Performing 5 actions (4 in parallel)
[2017.06.19-15.44.50:517][529]CompilerResultsLog: Info My_PlayerController.cpp
[2017.06.19-15.44.50:517][529]CompilerResultsLog: Info PlayerZero.cpp
[2017.06.19-15.44.50:517][529]CompilerResultsLog: Info UE4_Zero.generated.cpp
[2017.06.19-15.44.50:517][529]CompilerResultsLog: Info [4/5] Link UE4Editor-UE4_Zero-5605.dll
[2017.06.19-15.44.50:517][529]CompilerResultsLog: Info [5/5] Link UE4Editor-UE4_Zero-5605.lib
[2017.06.19-15.44.50:517][529]CompilerResultsLog: Info    Creating library C:\Users\Marcus\Desktop\GitHub\UE4-Zero\UE4_Zero\Intermediate\Build\Win64\UE4Editor\Development\UE4Editor-UE4_Zero-5605.lib and object C:\Users\Marcus\Desktop\GitHub\UE4-Zero\UE4_Zero\Intermediate\Build\Win64\UE4Editor\Development\UE4Editor-UE4_Zero-5605.exp
[2017.06.19-15.44.50:517][529]CompilerResultsLog: Info    Creating library C:\Users\Marcus\Desktop\GitHub\UE4-Zero\UE4_Zero\Intermediate\Build\Win64\UE4Editor\Development\UE4Editor-UE4_Zero-5605.suppressed.lib and object C:\Users\Marcus\Desktop\GitHub\UE4-Zero\UE4_Zero\Intermediate\Build\Win64\UE4Editor\Development\UE4Editor-UE4_Zero-5605.suppressed.exp
[2017.06.19-15.44.50:517][529]CompilerResultsLog: Info Total build time: 29.24 seconds (Local executor: 11.06 seconds)
[2017.06.19-15.44.50:517][529]LogMainFrame: MainFrame: Module compiling took 29.841 seconds
