Log file open, 06/21/17 14:30:15
LogInit:Display: Running engine for game: UE4_Zero
LogPlatformFile: Not using cached read wrapper
LogInit:Display: RandInit(-1079581746) SRandInit(-1079581745).
LogTaskGraph: Started task graph with 5 named threads and 8 total threads with 1 sets of task threads.
LogStats: Stats thread started at 0.101964
LogInit: Using libcurl 7.47.1
LogInit:  - built for x86_64-pc-win32
LogInit:  - supports SSL with OpenSSL/1.0.2g
LogInit:  - supports HTTP deflate (compression) using libz 1.2.8
LogInit:  - other features:
LogInit:      CURL_VERSION_SSL
LogInit:      CURL_VERSION_LIBZ
LogInit:      CURL_VERSION_IPV6
LogInit:      CURL_VERSION_ASYNCHDNS
LogInit:      CURL_VERSION_LARGEFILE
LogInit:      CURL_VERSION_IDN
LogInit:  CurlRequestOptions (configurable via config and command line):
LogInit:  - bVerifyPeer = false  - Libcurl will NOT verify peer certificate
LogInit:  - bUseHttpProxy = false  - Libcurl will NOT use HTTP proxy
LogInit:  - bDontReuseConnections = false  - Libcurl will reuse connections
LogInit:  - CertBundlePath = nullptr  - Libcurl will use whatever was configured at build time.
LogInit: Build: ++UE4+Release-4.15-CL-3450819
LogInit: Engine Version: 4.15.3-3450819+++UE4+Release-4.15
LogInit: Compatible Engine Version: 4.15.0-3299760+++UE4+Release-4.15
LogInit: Net CL: 3299760
LogDevObjectVersion: Number of dev versions registered: 14
LogDevObjectVersion:   Dev-Blueprints (B0D832E4-1F89-4F0D-ACCF-7EB736FD4AA2): 8
LogDevObjectVersion:   Dev-Build (E1C64328-A22C-4D53-A36C-8E866417BD8C): 0
LogDevObjectVersion:   Dev-Core (375EC13C-06E4-48FB-B500-84F0262A717E): 2
LogDevObjectVersion:   Dev-Editor (E4B068ED-F494-42E9-A231-DA0B2E46BB41): 14
LogDevObjectVersion:   Dev-Framework (CFFC743F-43B0-4480-9391-14DF171D2073): 22
LogDevObjectVersion:   Dev-Mobile (B02B49B5-BB20-44E9-A304-32B752E40360): 0
LogDevObjectVersion:   Dev-Networking (A4E4105C-59A1-49B5-A7C5-40C4547EDFEE): 0
LogDevObjectVersion:   Dev-Online (39C831C9-5AE6-47DC-9A44-9C173E1C8E7C): 0
LogDevObjectVersion:   Dev-Physics (78F01B33-EBEA-4F98-B9B4-84EACCB95AA2): 0
LogDevObjectVersion:   Dev-Platform (6631380F-2D4D-43E0-8009-CF276956A95A): 0
LogDevObjectVersion:   Dev-Rendering (12F88B9F-8875-4AFC-A67C-D90C383ABD29): 12
LogDevObjectVersion:   Dev-Sequencer (7B5AE74C-D270-4C10-A958-57980B212A5A): 3
LogDevObjectVersion:   Dev-VR (D7296918-1DD6-4BDD-9DE2-64A83CC13884): 0
LogDevObjectVersion:   Dev-LoadTimes (C2A15278-BFE7-4AFE-6C17-90FF531DF755): 1
LogInit: Compiled (64-bit): May 21 2017 11:02:34
LogInit: Compiled with Visual C++: 19.00.23026.00
LogInit: Build Configuration: Development
LogInit: Branch Name: ++UE4+Release-4.15
LogInit: Command line: -EpicPortal 
LogInit: Base directory: C:/Program Files/Epic Games/UE_4.15/Engine/Binaries/Win64/
LogInit: Installed Engine Build: 1
LogInit: Presizing for max 8388607 objects, including 0 objects not considered by GC, pre-allocating 0 bytes for permanent pool.
LogInit: Object subsystem initialized
[2017.06.21-13.30.17:632][  0]LogInit: Selected Device Profile: [Windows]
[2017.06.21-13.30.17:632][  0]LogInit: Applying CVar settings loaded from the selected device profile: [Windows]
[2017.06.21-13.30.17:642][  0]LogInit: Computer: DESKTOP-E3PDIQS
[2017.06.21-13.30.17:642][  0]LogInit: User: Marcus
[2017.06.21-13.30.17:642][  0]LogInit: CPU Page size=65536, Cores=4
[2017.06.21-13.30.17:642][  0]LogInit: High frequency timer resolution =2.929691 MHz
[2017.06.21-13.30.17:642][  0]LogMemory: Memory total: Physical=16.0GB (16GB approx)
[2017.06.21-13.30.17:642][  0]LogMemory: Platform Memory Stats for Windows
[2017.06.21-13.30.17:642][  0]LogMemory: Process Physical Memory: 263.17 MB used, 263.17 MB peak
[2017.06.21-13.30.17:642][  0]LogMemory: Process Virtual Memory: 262.16 MB used, 262.16 MB peak
[2017.06.21-13.30.17:642][  0]LogMemory: Physical Memory: 5003.59 MB used,  11332.84 MB free, 16336.43 MB total
[2017.06.21-13.30.17:642][  0]LogMemory: Virtual Memory: 644.24 MB used,  11332.84 MB free, 134217728.00 MB total
[2017.06.21-13.30.17:914][  0]LogTextLocalizationManager: No specific translations for ('en-GB') exist, so ('en') translations will be used.
[2017.06.21-13.30.18:775][  0]LogD3D11RHI: D3D11 adapters:
[2017.06.21-13.30.19:368][  0]LogD3D11RHI:    0. 'NVIDIA GeForce GTX 1050' (Feature Level 11_0)
[2017.06.21-13.30.19:369][  0]LogD3D11RHI:       2006/0/8168 MB DedicatedVideo/DedicatedSystem/SharedSystem, Outputs:2, VendorId:0x10de
[2017.06.21-13.30.19:370][  0]LogD3D11RHI:    1. 'Microsoft Basic Render Driver' (Feature Level 11_0)
[2017.06.21-13.30.19:370][  0]LogD3D11RHI:       0/0/8168 MB DedicatedVideo/DedicatedSystem/SharedSystem, Outputs:0, VendorId:0x1414
[2017.06.21-13.30.19:370][  0]LogD3D11RHI: Chosen D3D11 Adapter: 0
[2017.06.21-13.30.19:376][  0]LogD3D11RHI: Creating new Direct3DDevice
[2017.06.21-13.30.19:376][  0]LogD3D11RHI:     GPU DeviceId: 0x1c81 (for the marketing name, search the web for "GPU Device Id")
[2017.06.21-13.30.19:376][  0]LogWindows: EnumDisplayDevices:
[2017.06.21-13.30.19:376][  0]LogWindows:    0. 'NVIDIA GeForce GTX 1050' (P:1 D:1)
[2017.06.21-13.30.19:376][  0]LogWindows:    1. 'NVIDIA GeForce GTX 1050' (P:0 D:1)
[2017.06.21-13.30.19:376][  0]LogWindows:    2. 'NVIDIA GeForce GTX 1050' (P:0 D:0)
[2017.06.21-13.30.19:377][  0]LogWindows:    3. 'NVIDIA GeForce GTX 1050' (P:0 D:0)
[2017.06.21-13.30.19:377][  0]LogWindows: DebugString: FoundDriverCount:4 
[2017.06.21-13.30.19:377][  0]LogD3D11RHI:     Adapter Name: NVIDIA GeForce GTX 1050
[2017.06.21-13.30.19:377][  0]LogD3D11RHI:   Driver Version: 382.33 (internal:22.21.13.8233, unified:382.33)
[2017.06.21-13.30.19:377][  0]LogD3D11RHI:      Driver Date: 5-17-2017
[2017.06.21-13.30.19:377][  0]LogRHI: Texture pool is 1361 MB (70% of 1945 MB)
[2017.06.21-13.30.19:938][  0]LogD3D11RHI: Async texture creation enabled
[2017.06.21-13.30.19:976][  0]LogD3D11RHI: GPU Timing Frequency: 1000.000000 (Debug: 2 1)
[2017.06.21-13.30.19:978][  0]LogShaderCompilers: Guid format shader working directory is -16 characters bigger than the processId version (../../../../../../Users/Marcus/Desktop/GitHub/UE4-Zero/UE4_Zero/Intermediate/Shaders/WorkingDirectory/9964/).
[2017.06.21-13.30.19:979][  0]LogShaderCompilers: Cleaned the shader compiler working directory 'C:/Users/Marcus/AppData/Local/Temp/UnrealShaderWorkingDir/A9F97F5E41229904CBF56D8BC5B1AF92/'.
[2017.06.21-13.30.19:979][  0]LogShaderCompilers:Display: Using Local Shader Compiler.
[2017.06.21-13.30.21:305][  0]LogTemp:Display: Loaded TP AllDesktopTargetPlatform
[2017.06.21-13.30.21:469][  0]LogTemp:Display: Loaded TP MacClientTargetPlatform
[2017.06.21-13.30.21:633][  0]LogTemp:Display: Loaded TP MacNoEditorTargetPlatform
[2017.06.21-13.30.21:798][  0]LogTemp:Display: Loaded TP MacServerTargetPlatform
[2017.06.21-13.30.21:965][  0]LogTemp:Display: Loaded TP MacTargetPlatform
[2017.06.21-13.30.22:130][  0]LogTemp:Display: Loaded TP WindowsClientTargetPlatform
[2017.06.21-13.30.22:295][  0]LogTemp:Display: Loaded TP WindowsNoEditorTargetPlatform
[2017.06.21-13.30.22:462][  0]LogTemp:Display: Loaded TP WindowsServerTargetPlatform
[2017.06.21-13.30.22:619][  0]LogTemp:Display: Loaded TP WindowsTargetPlatform
[2017.06.21-13.30.22:781][  0]LogTemp:Display: Loaded TP AndroidTargetPlatform
[2017.06.21-13.30.22:947][  0]LogTemp:Display: Loaded TP Android_ASTCTargetPlatform
[2017.06.21-13.30.23:111][  0]LogTemp:Display: Loaded TP Android_ATCTargetPlatform
[2017.06.21-13.30.23:302][  0]LogTemp:Display: Loaded TP Android_DXTTargetPlatform
[2017.06.21-13.30.23:734][  0]LogTemp:Display: Loaded TP Android_ETC1TargetPlatform
[2017.06.21-13.30.23:911][  0]LogTemp:Display: Loaded TP Android_ETC2TargetPlatform
[2017.06.21-13.30.24:247][  0]LogTemp:Display: Loaded TP Android_MultiTargetPlatform
[2017.06.21-13.30.24:247][  0]LogTemp:Display: Loaded TP Android_PVRTCTargetPlatform
[2017.06.21-13.30.24:397][  0]LogTemp:Display: Loaded TP HTML5TargetPlatform
[2017.06.21-13.30.24:666][  0]LogTemp:Display: Loaded TP IOSTargetPlatform
[2017.06.21-13.30.24:768][  0]LogTemp:Display: Loaded TP TVOSTargetPlatform
[2017.06.21-13.30.24:928][  0]LogTemp:Display: Loaded TP LinuxClientTargetPlatform
[2017.06.21-13.30.25:092][  0]LogTemp:Display: Loaded TP LinuxNoEditorTargetPlatform
[2017.06.21-13.30.25:257][  0]LogTemp:Display: Loaded TP LinuxServerTargetPlatform
[2017.06.21-13.30.25:419][  0]LogTemp:Display: Loaded TP LinuxTargetPlatform
[2017.06.21-13.30.25:419][  0]LogTargetPlatformManager:Display: Building Assets For Windows
[2017.06.21-13.30.27:114][  0]LogDerivedDataCache:Display: Max Cache Size: 512 MB
[2017.06.21-13.30.27:161][  0]LogDerivedDataCache: Loaded boot cache 0.05s 50MB C:/Users/Marcus/AppData/Local/UnrealEngine/4.15/DerivedDataCache/Boot.ddc.
[2017.06.21-13.30.27:161][  0]LogDerivedDataCache:Display: Loaded Boot cache: C:/Users/Marcus/AppData/Local/UnrealEngine/4.15/DerivedDataCache/Boot.ddc
[2017.06.21-13.30.27:161][  0]LogDerivedDataCache: FDerivedDataBackendGraph:  Pak pak cache file ../../../../../../Users/Marcus/Desktop/GitHub/UE4-Zero/UE4_Zero/DerivedDataCache/DDC.ddp not found, will not use a pak cache.
[2017.06.21-13.30.27:161][  0]LogDerivedDataCache: Unable to find inner node Pak for hierarchical cache Hierarchy.
[2017.06.21-13.30.27:161][  0]LogDerivedDataCache: FDerivedDataBackendGraph:  CompressedPak pak cache file ../../../../../../Users/Marcus/Desktop/GitHub/UE4-Zero/UE4_Zero/DerivedDataCache/Compressed.ddp not found, will not use a pak cache.
[2017.06.21-13.30.27:161][  0]LogDerivedDataCache: Unable to find inner node CompressedPak for hierarchical cache Hierarchy.
[2017.06.21-13.30.27:177][  0]LogDerivedDataCache:Display: Pak cache opened for reading ../../../Engine/DerivedDataCache/Compressed.ddp.
[2017.06.21-13.30.27:190][  0]LogDerivedDataCache: Using Local data cache path C:/Users/Marcus/AppData/Local/UnrealEngine/Common/DerivedDataCache: Writable
[2017.06.21-13.30.27:198][  0]LogSlate: Using Freetype 2.6.0
[2017.06.21-13.30.27:199][  0]LogSlate: SlateFontCache - WITH_FREETYPE: 1, WITH_HARFBUZZ: 1
[2017.06.21-13.30.27:199][  0]LogSlate: SlateFontCache - WITH_FREETYPE: 1, WITH_HARFBUZZ: 1
[2017.06.21-13.30.27:509][  0]LogInit: Selected Device Profile: [Windows]
[2017.06.21-13.30.27:511][  0]LogContentStreaming: Texture pool size is 0.00 MB
[2017.06.21-13.30.28:022][  0]LogMeshUtilities: Using QuadricMeshReduction for automatic static mesh reduction
[2017.06.21-13.30.28:190][  0]LogSimplygon: Simplygon DLL not present - disabling.
[2017.06.21-13.30.28:363][  0]LogMeshUtilities: Using SimplygonSwarm for distributed automatic mesh merging
[2017.06.21-13.30.28:363][  0]LogMeshUtilities: No automatic skeletal mesh reduction module available
[2017.06.21-13.30.28:363][  0]LogMeshUtilities: No automatic mesh merging module available
[2017.06.21-13.30.29:330][  0]LogNetVersion: GetLocalNetworkVersion: CL: 3299760, ProjectName: ue4_zero, ProjectVersion: , EngineNetworkVersion: 2, GameNetworkVersion: 0, NetworkChecksum: 276590260
[2017.06.21-13.30.29:445][  0]LogAssetRegistry: FAssetRegistry took 0.0222 seconds to start up
[2017.06.21-13.30.29:669][  0]LogPackageLocalizationCache: Processed 3 localized package path(s) for 2 prioritized culture(s) in 0.132114 seconds
[2017.06.21-13.30.29:674][  0]LogUObjectArray: 32493 objects as part of root set at end of initial load.
[2017.06.21-13.30.29:674][  0]LogUObjectAllocator: 7077024 out of 0 bytes used by permanent object pool.
[2017.06.21-13.30.29:674][  0]LogUObjectArray: CloseDisregardForGC: 0/0 objects in disregard for GC pool
[2017.06.21-13.30.29:945][  0]LogInit: WinSock: version 1.1 (2.2), MaxSocks=32767, MaxUdp=65467
[2017.06.21-13.30.34:640][  0]LogTcpMessaging: Initializing TcpMessaging bridge
[2017.06.21-13.30.34:760][  0]LogUdpMessaging: Initializing bridge on interface 0.0.0.0:0 to multicast group 230.0.0.1:6666.
